17:44:38 Depot - ***************init Depot**********.
17:44:38 initialized GithubPythonSourcer with rewinder_type: 20Commits email: investigationbot@gmail.com first: 5505024 stop:5767167
17:45:15 GiPyS - next repoID: 5505044
17:45:21 GiPyS - next repoID: 5505075
17:45:33 GiPyS - next repoID: 5505076
17:49:16 GiPyS - next repoID: 5505096
17:49:18 GiPyS - next repoID: 5505111
17:49:21 GiPyS - next repoID: 5505121
17:49:59 GiPyS - next repoID: 5505215
17:50:01 GiPyS - next repoID: 5505219
17:50:03 GiPyS - next repoID: 5505228
17:50:28 GiPyS - next repoID: 5505232
17:50:29 GiPyS - next repoID: 5505233
17:50:33 GiPyS - next repoID: 5505258
17:50:35 GiPyS - next repoID: 5505273
17:50:36 GiPyS - next repoID: 5505278
17:51:21 GiPyS - next repoID: 5505351
17:51:23 GiPyS - next repoID: 5505354
17:51:24 GiPyS - next repoID: 5505376
17:51:25 GiPyS - next repoID: 5505381
17:51:28 GiPyS - next repoID: 5505419
17:51:29 GiPyS - next repoID: 5505443
17:52:09 GiPyS - next repoID: 5505498
17:52:12 GiPyS - next repoID: 5505503
17:52:14 GiPyS - next repoID: 5505547
17:52:16 GiPyS - next repoID: 5505549
17:52:18 GiPyS - next repoID: 5505583
17:52:19 GiPyS - next repoID: 5505587
17:52:21 GiPyS - next repoID: 5505596
17:53:26 GiPyS - next repoID: 5505658
17:53:29 GiPyS - next repoID: 5505675
17:53:31 GiPyS - next repoID: 5505684
17:53:34 GiPyS - next repoID: 5505735
17:53:35 GiPyS - next repoID: 5505754
17:53:36 GiPyS - next repoID: 5505757
17:53:38 GiPyS - next repoID: 5505801
17:53:42 GiPyS - next repoID: 5505814
17:54:20 GiPyS - next repoID: 5505841
17:54:22 GiPyS - next repoID: 5505853
17:54:24 GiPyS - next repoID: 5505858
17:54:27 GiPyS - next repoID: 5505866
17:54:31 GiPyS - next repoID: 5505910
17:54:33 GiPyS - next repoID: 5505914
17:54:35 GiPyS - next repoID: 5505917
17:56:32 GiPyS - next repoID: 5505997
17:56:35 GiPyS - next repoID: 5506010
17:56:37 GiPyS - next repoID: 5506029
17:56:41 GiPyS - next repoID: 5506037
17:58:17 GiPyS - next repoID: 5506064
17:58:20 GiPyS - next repoID: 5506076
17:58:29 GiPyS - next repoID: 5506093
17:58:31 GiPyS - next repoID: 5506180
17:58:43 GiPyS - next repoID: 5506200
17:59:22 GiPyS - next repoID: 5506273
17:59:31 GiPyS - next repoID: 5506302
17:59:34 GiPyS - next repoID: 5506327
17:59:36 GiPyS - next repoID: 5506371
17:59:45 GiPyS - next repoID: 5506375
18:00:33 GiPyS - get_json, Giving up on url https://api.github.com/repos/djdon11/igobono_vj/languages after 5 attempts
18:00:48 GiPyS - next repoID: 5506444
18:00:52 GiPyS - next repoID: 5506452
18:00:55 GiPyS - next repoID: 5506478
18:01:06 GiPyS - next repoID: 5506484
18:01:11 GiPyS - next repoID: 5506532
18:01:13 GiPyS - next repoID: 5506538
18:01:57 GiPyS - next repoID: 5506558
18:02:02 GiPyS - next repoID: 5506600
18:02:09 GiPyS - next repoID: 5506604
18:02:15 GiPyS - next repoID: 5506637
18:02:19 GiPyS - next repoID: 5506653
18:02:23 GiPyS - next repoID: 5506656
18:02:28 GiPyS - next repoID: 5506672
18:02:33 GiPyS - next repoID: 5506681
18:02:43 GiPyS - next repoID: 5506729
18:03:25 GiPyS - next repoID: 5506743
18:05:13 GiPyS - next repoID: 5506757
18:09:01 GiPyS - next repoID: 5506794
18:09:06 GiPyS - next repoID: 5506821
18:09:11 GiPyS - next repoID: 5506843
18:09:12 GiPyS - next repoID: 5506861
18:09:20 GiPyS - next repoID: 5506868
18:09:25 GiPyS - next repoID: 5506891
18:10:18 GiPyS - next repoID: 5506947
18:10:25 GiPyS - next repoID: 5506959
18:10:30 GiPyS - next repoID: 5507021
18:11:51 GiPyS - next repoID: 5507070
18:12:01 GiPyS - next repoID: 5507073
18:13:46 GiPyS - next repoID: 5507088
18:14:54 GiPyS - next repoID: 5507092
18:15:03 GiPyS - next repoID: 5507129
18:15:37 GiPyS - next repoID: 5507136
18:16:21 GiPyS - next repoID: 5507243
18:18:27 GiPyS - next repoID: 5507251
18:18:32 GiPyS - next repoID: 5507258
18:18:43 GiPyS - next repoID: 5507273
18:18:53 GiPyS - next repoID: 5507305
18:19:40 GiPyS - next repoID: 5507344
18:19:49 GiPyS - next repoID: 5507394
18:19:54 GiPyS - next repoID: 5507407
18:20:04 GiPyS - next repoID: 5507427
18:20:10 GiPyS - next repoID: 5507436
18:20:26 GiPyS - next repoID: 5507466
18:21:31 GiPyS - next repoID: 5507538
18:21:44 GiPyS - next repoID: 5507623
18:21:58 GiPyS - next repoID: 5507632
18:22:02 GiPyS - next repoID: 5507671
18:22:12 GiPyS - next repoID: 5507674
18:22:22 GiPyS - next repoID: 5507682
18:26:07 GiPyS - next repoID: 5507693
18:26:50 GiPyS - next repoID: 5507725
18:26:53 GiPyS - next repoID: 5507729
18:26:58 GiPyS - next repoID: 5507733
18:27:05 GiPyS - next repoID: 5507750
18:27:53 GiPyS - next repoID: 5507770
18:27:57 GiPyS - next repoID: 5507779
18:29:00 GiPyS - next repoID: 5507792
18:32:21 GiPyS - next repoID: 5507819
18:32:26 GiPyS - next repoID: 5507827
18:32:32 GiPyS - next repoID: 5507837
18:32:35 GiPyS - next repoID: 5507862
18:32:38 GiPyS - next repoID: 5507865
18:33:40 GiPyS - next repoID: 5507919
18:33:44 GiPyS - next repoID: 5507942
18:33:51 GiPyS - next repoID: 5507967
18:33:58 GiPyS - next repoID: 5508005
18:34:15 GiPyS - next repoID: 5508021
18:34:26 GiPyS - next repoID: 5508036
18:35:09 GiPyS - next repoID: 5508112
18:35:12 GiPyS - next repoID: 5508118
18:35:15 GiPyS - next repoID: 5508125
18:35:24 GiPyS - next repoID: 5508146
18:36:20 Touri - tour, SCAN_a3cl9  has been cancelled by the host with EXCEPTION:KeyboardInterrupt
18:36:20 Touri - tour, SCAN_a3cl9 Tour Canceled: True
18:36:21 Touri - tour, SCAN_a3cl9 FINAL STATE: CANCELLED after scanning 128 sources containing Python out of 1900 total sources observed
