17:44:23 Depot - ***************init Depot**********.
17:44:23 initialized GithubPythonSourcer with rewinder_type: 20Commits email: investigationbot@gmail.com first: 4980736 stop:5242879
17:45:00 GiPyS - next repoID: 4980742
17:45:03 GiPyS - next repoID: 4980748
17:45:05 GiPyS - next repoID: 4980749
17:45:08 GiPyS - next repoID: 4980779
17:45:12 GiPyS - next repoID: 4980810
17:45:14 GiPyS - next repoID: 4980811
17:45:15 GiPyS - next repoID: 4980850
17:45:18 GiPyS - next repoID: 4980857
17:45:20 GiPyS - next repoID: 4980912
17:45:22 GiPyS - next repoID: 4980939
17:45:23 GiPyS - next repoID: 4980945
17:45:24 GiPyS - next repoID: 4980971
17:45:27 GiPyS - next repoID: 4980981
17:46:17 GiPyS - next repoID: 4980986
17:46:19 GiPyS - next repoID: 4981039
17:46:51 GiPyS - next repoID: 4981046
17:46:53 GiPyS - next repoID: 4981064
17:47:03 GiPyS - next repoID: 4981140
17:47:06 GiPyS - next repoID: 4981142
17:47:09 GiPyS - next repoID: 4981144
17:47:10 GiPyS - next repoID: 4981147
17:47:12 GiPyS - next repoID: 4981168
17:51:02 GiPyS - next repoID: 4981299
17:51:04 GiPyS - next repoID: 4981327
17:51:06 GiPyS - next repoID: 4981337
17:51:07 GiPyS - next repoID: 4981354
17:51:09 GiPyS - next repoID: 4981364
17:51:12 GiPyS - next repoID: 4981372
17:51:16 GiPyS - next repoID: 4981413
17:51:17 GiPyS - next repoID: 4981414
17:51:45 GiPyS - next repoID: 4981417
17:52:22 GiPyS - next repoID: 4981433
17:55:12 GiPyS - next repoID: 4981460
17:55:14 GiPyS - next repoID: 4981524
17:55:17 GiPyS - next repoID: 4981577
17:55:19 GiPyS - next repoID: 4981617
17:55:20 GiPyS - next repoID: 4981630
17:55:22 GiPyS - next repoID: 4981631
17:56:12 GiPyS - next repoID: 4981685
17:56:14 GiPyS - next repoID: 4981690
17:56:15 GiPyS - next repoID: 4981711
17:56:56 GiPyS - next repoID: 4981721
17:57:04 GiPyS - next repoID: 4981722
17:57:07 GiPyS - next repoID: 4981760
17:57:13 GiPyS - next repoID: 4981813
17:57:14 GiPyS - next repoID: 4981829
17:57:17 GiPyS - next repoID: 4981837
17:57:54 GiPyS - next repoID: 4981913
17:57:57 GiPyS - next repoID: 4981938
17:58:28 GiPyS - next repoID: 4982013
17:58:31 GiPyS - next repoID: 4982043
17:59:20 GiPyS - next repoID: 4982104
17:59:23 GiPyS - next repoID: 4982108
17:59:26 GiPyS - next repoID: 4982214
17:59:30 GiPyS - next repoID: 4982237
17:59:32 GiPyS - next repoID: 4982252
17:59:35 GiPyS - next repoID: 4982275
17:59:37 GiPyS - next repoID: 4982283
18:00:25 GiPyS - next repoID: 4982329
18:00:32 GiPyS - next repoID: 4982338
18:00:35 GiPyS - next repoID: 4982383
18:00:41 GiPyS - next repoID: 4982388
18:00:43 GiPyS - next repoID: 4982399
18:01:02 GiPyS - next repoID: 4982415
18:01:07 GiPyS - next repoID: 4982435
18:02:01 GiPyS - next repoID: 4982469
18:02:03 GiPyS - next repoID: 4982473
18:03:55 GiPyS - next repoID: 4982541
18:03:58 GiPyS - next repoID: 4982574
18:04:05 GiPyS - next repoID: 4982595
18:04:13 GiPyS - next repoID: 4982602
18:04:44 GiPyS - next repoID: 4982637
18:04:50 GiPyS - next repoID: 4982650
18:04:58 GiPyS - next repoID: 4982674
18:05:39 GiPyS - next repoID: 4982718
18:05:44 GiPyS - next repoID: 4982745
18:07:13 GiPyS - next repoID: 4982818
18:07:15 GiPyS - next repoID: 4982892
18:07:22 GiPyS - next repoID: 4982896
18:08:46 GiPyS - next repoID: 4983143
18:08:55 GiPyS - next repoID: 4983155
18:08:57 GiPyS - next repoID: 4983235
18:09:27 GiPyS - next repoID: 4983236
18:09:30 GiPyS - next repoID: 4983239
18:10:03 GiPyS - next repoID: 4983243
18:10:06 GiPyS - next repoID: 4983245
18:10:07 GiPyS - next repoID: 4983248
18:10:24 GiPyS - next repoID: 4983249
18:10:27 GiPyS - next repoID: 4983253
18:10:41 GiPyS - next repoID: 4983254
18:11:28 GiPyS - next repoID: 4983281
18:11:31 GiPyS - next repoID: 4983286
18:11:34 GiPyS - next repoID: 4983288
18:11:37 GiPyS - next repoID: 4983291
18:11:40 GiPyS - next repoID: 4983302
18:11:45 GiPyS - next repoID: 4983304
18:11:52 GiPyS - next repoID: 4983305
18:11:56 GiPyS - next repoID: 4983354
18:12:59 GiPyS - next repoID: 4983439
18:13:00 GiPyS - next repoID: 4983440
18:13:20 GiPyS - next repoID: 4983465
18:13:26 GiPyS - next repoID: 4983509
18:13:29 GiPyS - next repoID: 4983510
18:13:31 GiPyS - next repoID: 4983533
18:13:34 GiPyS - next repoID: 4983535
18:14:17 GiPyS - next repoID: 4983547
18:14:41 GiPyS - next repoID: 4983548
18:14:48 GiPyS - next repoID: 4983560
18:16:07 GiPyS - next repoID: 4983563
18:21:00 GiPyS - next repoID: 4983662
18:21:38 GiPyS - next repoID: 4983688
18:21:54 GiPyS - next repoID: 4983701
18:23:15 GiPyS - next repoID: 4983729
18:23:26 GiPyS - next repoID: 4983819
18:23:32 GiPyS - next repoID: 4983823
18:23:56 GiPyS - next repoID: 4983846
18:24:07 GiPyS - next repoID: 4983849
18:25:19 GiPyS - next repoID: 4983945
18:25:30 GiPyS - next repoID: 4983951
18:25:37 GiPyS - next repoID: 4983993
18:25:39 GiPyS - next repoID: 4984018
18:25:54 GiPyS - next repoID: 4984022
18:26:10 GiPyS - next repoID: 4984042
18:26:12 GiPyS - next repoID: 4984074
18:26:59 GiPyS - next repoID: 4984134
18:27:03 GiPyS - next repoID: 4984137
18:27:11 GiPyS - next repoID: 4984202
18:27:17 GiPyS - next repoID: 4984216
18:30:54 GiPyS - next repoID: 4984231
18:31:10 GiPyS - next repoID: 4984266
18:31:22 GiPyS - next repoID: 4984274
18:32:08 GiPyS - next repoID: 4984305
18:32:13 GiPyS - next repoID: 4984313
18:32:18 GiPyS - next repoID: 4984315
18:32:19 GiPyS - next repoID: 4984337
18:32:21 GiPyS - next repoID: 4984343
18:32:23 GiPyS - next repoID: 4984373
18:32:26 GiPyS - next repoID: 4984400
18:32:28 GiPyS - next repoID: 4984416
18:33:36 GiPyS - next repoID: 4984472
18:33:40 GiPyS - next repoID: 4984498
18:33:44 GiPyS - next repoID: 4984506
18:33:46 GiPyS - next repoID: 4984507
18:33:50 GiPyS - next repoID: 4984519
18:35:28 Touri - tour, SCAN_7mwoz  has been cancelled by the host with EXCEPTION:KeyboardInterrupt
18:35:28 Touri - tour, SCAN_7mwoz Tour Canceled: True
18:35:28 Touri - tour, SCAN_7mwoz FINAL STATE: CANCELLED after scanning 144 sources containing Python out of 1900 total sources observed
