16:26:35 Depot - ***************init Depot**********.
16:26:36 initialized GithubPythonSourcer with rewinder_type: 20Commits email: investigationbot@gmail.com first: 3932160 stop:4194303
16:27:22 GiPyS - next repoID: 3932196
16:27:24 GiPyS - next repoID: 3932246
16:27:26 GiPyS - next repoID: 3932263
16:27:28 GiPyS - next repoID: 3932264
16:27:30 GiPyS - next repoID: 3932307
16:27:31 GiPyS - next repoID: 3932317
16:27:33 GiPyS - next repoID: 3932346
16:27:43 GiPyS - next repoID: 3932353
16:29:40 GiPyS - next repoID: 3932404
16:29:43 GiPyS - next repoID: 3932405
16:29:44 GiPyS - next repoID: 3932434
16:29:54 GiPyS - next repoID: 3932447
16:36:42 GiPyS - next repoID: 3932452
16:36:51 GiPyS - next repoID: 3932472
16:37:16 GiPyS - next repoID: 3932497
16:37:19 GiPyS - next repoID: 3932498
16:37:30 GiPyS - next repoID: 3932538
16:37:33 GiPyS - next repoID: 3932540
16:38:00 GiPyS - next repoID: 3932555
16:38:04 GiPyS - next repoID: 3932570
16:38:10 GiPyS - next repoID: 3932576
16:38:50 GiPyS - next repoID: 3932637
16:40:06 GiPyS - next repoID: 3932644
16:40:13 GiPyS - next repoID: 3932650
16:40:18 GiPyS - next repoID: 3932666
16:40:20 GiPyS - next repoID: 3932674
16:42:00 GiPyS - next repoID: 3932681
16:42:15 GiPyS - next repoID: 3932690
16:42:19 GiPyS - next repoID: 3932701
16:42:40 GiPyS - next repoID: 3932722
16:42:45 GiPyS - next repoID: 3932723
16:42:52 GiPyS - next repoID: 3932734
16:43:15 GiPyS - next repoID: 3932738
16:43:27 GiPyS - next repoID: 3932776
16:43:34 GiPyS - next repoID: 3932779
16:45:49 GiPyS - next repoID: 3932782
16:45:53 GiPyS - next repoID: 3932854
16:46:35 GiPyS - next repoID: 3932869
16:46:49 GiPyS - next repoID: 3932893
16:47:17 GiPyS - next repoID: 3932897
16:47:20 GiPyS - next repoID: 3932898
16:47:28 GiPyS - next repoID: 3932920
16:47:29 GiPyS - next repoID: 3932927
16:47:35 GiPyS - next repoID: 3932947
16:47:39 GiPyS - next repoID: 3932981
16:47:52 GiPyS - next repoID: 3932991
16:47:57 GiPyS - next repoID: 3933001
16:48:36 GiPyS - next repoID: 3933011
16:48:52 GiPyS - next repoID: 3933028
16:49:40 GiPyS - next repoID: 3933087
16:49:46 GiPyS - next repoID: 3933100
16:49:50 GiPyS - next repoID: 3933163
16:49:51 GiPyS - next repoID: 3933183
16:50:00 GiPyS - next repoID: 3933184
16:50:06 GiPyS - next repoID: 3933189
16:50:12 GiPyS - next repoID: 3933203
16:50:40 GiPyS - next repoID: 3933208
16:50:47 GiPyS - next repoID: 3933239
16:50:54 GiPyS - next repoID: 3933253
16:50:59 GiPyS - next repoID: 3933261
16:51:39 GiPyS - next repoID: 3933318
16:51:45 GiPyS - next repoID: 3933319
16:51:55 GiPyS - next repoID: 3933356
16:51:59 GiPyS - next repoID: 3933361
16:52:05 GiPyS - next repoID: 3933395
16:52:11 GiPyS - next repoID: 3933422
16:52:25 GiPyS - next repoID: 3933423
16:52:38 GiPyS - next repoID: 3933487
16:52:47 GiPyS - next repoID: 3933577
16:53:31 GiPyS - next repoID: 3933588
16:53:36 GiPyS - next repoID: 3933606
16:53:38 GiPyS - next repoID: 3933620
16:53:43 GiPyS - next repoID: 3933733
16:53:47 GiPyS - next repoID: 3933760
16:53:48 GiPyS - next repoID: 3933761
16:53:59 GiPyS - next repoID: 3933818
16:54:50 GiPyS - next repoID: 3933847
16:54:57 GiPyS - next repoID: 3933898
16:55:06 GiPyS - next repoID: 3933928
16:55:12 GiPyS - next repoID: 3933942
16:55:16 GiPyS - next repoID: 3933997
16:55:24 GiPyS - next repoID: 3934006
16:55:28 GiPyS - next repoID: 3934024
16:56:10 GiPyS - next repoID: 3934091
16:56:14 GiPyS - next repoID: 3934109
16:56:20 GiPyS - next repoID: 3934126
16:56:26 GiPyS - next repoID: 3934149
16:57:23 GiPyS - next repoID: 3934182
16:57:26 GiPyS - next repoID: 3934198
16:57:34 GiPyS - next repoID: 3934208
16:57:37 GiPyS - next repoID: 3934215
16:57:40 GiPyS - next repoID: 3934221
16:57:43 GiPyS - next repoID: 3934236
16:57:52 GiPyS - next repoID: 3934244
16:58:03 GiPyS - next repoID: 3934250
16:58:23 GiPyS - next repoID: 3934257
16:59:02 GiPyS - next repoID: 3934280
16:59:11 GiPyS - next repoID: 3934283
16:59:16 GiPyS - next repoID: 3934293
16:59:26 GiPyS - next repoID: 3934309
16:59:33 GiPyS - next repoID: 3934323
16:59:41 GiPyS - next repoID: 3934330
16:59:47 GiPyS - next repoID: 3934345
16:59:54 GiPyS - next repoID: 3934352
17:00:00 GiPyS - next repoID: 3934373
17:00:04 GiPyS - next repoID: 3934446
17:00:07 GiPyS - next repoID: 3934459
17:00:54 GiPyS - next repoID: 3934498
17:01:01 GiPyS - next repoID: 3934504
17:01:07 GiPyS - next repoID: 3934530
17:01:20 GiPyS - next repoID: 3934575
17:01:28 GiPyS - next repoID: 3934610
17:01:35 GiPyS - next repoID: 3934636
17:01:38 GiPyS - next repoID: 3934639
17:03:00 GiPyS - next repoID: 3934707
17:04:45 GiPyS - next repoID: 3934739
17:05:00 GiPyS - next repoID: 3934782
17:05:05 GiPyS - next repoID: 3934800
17:05:10 GiPyS - next repoID: 3934810
17:05:38 GiPyS - next repoID: 3934824
17:05:44 GiPyS - next repoID: 3934830
17:05:55 GiPyS - next repoID: 3934865
17:06:45 GiPyS - next repoID: 3934906
17:06:49 GiPyS - next repoID: 3934975
17:07:25 GiPyS - next repoID: 3935012
17:07:36 GiPyS - next repoID: 3935028
17:07:46 GiPyS - next repoID: 3935069
17:07:51 GiPyS - next repoID: 3935078
17:08:36 GiPyS - next repoID: 3935170
17:08:39 GiPyS - next repoID: 3935183
17:09:05 GiPyS - next repoID: 3935209
17:09:56 GiPyS - next repoID: 3935243
17:10:01 GiPyS - next repoID: 3935292
17:10:48 GiPyS - next repoID: 3935312
17:11:16 GiPyS - next repoID: 3935348
17:11:21 GiPyS - next repoID: 3935358
17:11:37 GiPyS - next repoID: 3935382
17:11:46 GiPyS - next repoID: 3935386
17:11:55 GiPyS - next repoID: 3935388
17:12:06 GiPyS - next repoID: 3935392
17:12:18 GiPyS - next repoID: 3935396
17:12:24 GiPyS - next repoID: 3935415
17:12:39 GiPyS - next repoID: 3935418
17:12:47 GiPyS - next repoID: 3935434
17:12:57 GiPyS - next repoID: 3935438
17:13:09 GiPyS - next repoID: 3935448
17:13:17 GiPyS - next repoID: 3935453
17:13:35 GiPyS - next repoID: 3935494
17:14:00 GiPyS - next repoID: 3935513
17:14:42 GiPyS - next repoID: 3935551
17:16:01 GiPyS - next repoID: 3935552
17:16:09 GiPyS - next repoID: 3935553
17:16:15 GiPyS - next repoID: 3935556
17:16:27 GiPyS - next repoID: 3935560
17:16:41 GiPyS - next repoID: 3935621
17:19:14 GiPyS - next repoID: 3935622
17:19:59 GiPyS - next repoID: 3935654
17:20:05 GiPyS - next repoID: 3935655
17:20:11 GiPyS - next repoID: 3935671
17:20:23 GiPyS - next repoID: 3935700
17:20:35 GiPyS - next repoID: 3935710
17:21:24 GiPyS - next repoID: 3935716
17:21:31 GiPyS - next repoID: 3935720
17:22:03 GiPyS - next repoID: 3935727
17:22:14 GiPyS - next repoID: 3935748
17:24:34 GiPyS - next repoID: 3935773
17:24:53 GiPyS - next repoID: 3935790
17:25:06 GiPyS - next repoID: 3935792
17:25:42 GiPyS - next repoID: 3935849
17:26:36 GiPyS - next repoID: 3935906
17:26:48 GiPyS - next repoID: 3935915
17:26:52 GiPyS - next repoID: 3935930
17:27:04 GiPyS - next repoID: 3935960
17:27:09 GiPyS - next repoID: 3935974
17:29:27 GiPyS - next repoID: 3935989
17:29:40 GiPyS - next repoID: 3936039
17:29:49 GiPyS - next repoID: 3936041
17:31:04 GiPyS - next repoID: 3936064
17:31:28 GiPyS - next repoID: 3936075
17:31:39 GiPyS - next repoID: 3936130
17:31:44 GiPyS - next repoID: 3936158
17:32:15 GiPyS - next repoID: 3936178
17:32:22 GiPyS - next repoID: 3936202
17:32:25 GiPyS - next repoID: 3936209
17:32:29 GiPyS - next repoID: 3936217
17:32:39 GiPyS - next repoID: 3936220
17:43:10 GiPyS - next repoID: 3936273
17:43:24 GiPyS - next repoID: 3936304
17:43:36 GiPyS - next repoID: 3936315
17:43:47 GiPyS - next repoID: 3936382
17:43:59 GiPyS - next repoID: 3936388
17:45:30 GiPyS - next repoID: 3936407
17:47:08 GiPyS - next repoID: 3936418
17:47:21 GiPyS - next repoID: 3936424
17:47:25 GiPyS - next repoID: 3936431
17:48:15 GiPyS - next repoID: 3936447
17:48:33 GiPyS - next repoID: 3936459
17:48:39 GiPyS - next repoID: 3936490
17:49:00 GiPyS - next repoID: 3936499
17:49:07 GiPyS - next repoID: 3936500
17:49:20 GiPyS - next repoID: 3936501
17:49:25 GiPyS - next repoID: 3936537
17:49:38 GiPyS - next repoID: 3936539
17:49:53 GiPyS - next repoID: 3936548
17:49:58 GiPyS - next repoID: 3936556
17:50:19 GiPyS - next repoID: 3936575
17:50:24 GiPyS - next repoID: 3936602
17:50:32 GiPyS - next repoID: 3936642
17:51:31 GiPyS - next repoID: 3936648
17:51:36 GiPyS - next repoID: 3936666
17:51:49 GiPyS - next repoID: 3936687
17:51:56 GiPyS - next repoID: 3936704
17:57:20 GiPyS - next repoID: 3936709
17:57:46 GiPyS - next repoID: 3936720
17:59:44 GiPyS - next repoID: 3936758
18:00:46 GiPyS - next repoID: 3936771
18:01:47 GiPyS - next repoID: 3936826
18:03:30 GiPyS - next repoID: 3936840
18:04:31 GiPyS - next repoID: 3936865
18:04:58 GiPyS - next repoID: 3936888
18:05:20 GiPyS - next repoID: 3936897
18:06:03 GiPyS - next repoID: 3936901
18:06:15 GiPyS - next repoID: 3936919
18:06:35 GiPyS - next repoID: 3936953
18:06:56 GiPyS - next repoID: 3936989
18:07:46 GiPyS - next repoID: 3936997
18:08:41 GiPyS - next repoID: 3937006
18:08:51 GiPyS - next repoID: 3937014
18:09:10 GiPyS - next repoID: 3937041
18:09:54 GiPyS - next repoID: 3937050
18:10:26 GiPyS - next repoID: 3937075
18:10:34 GiPyS - next repoID: 3937083
18:10:36 GiPyS - next repoID: 3937137
18:10:39 GiPyS - next repoID: 3937195
18:10:40 GiPyS - next repoID: 3937215
18:10:49 GiPyS - next repoID: 3937228
18:11:32 GiPyS - next repoID: 3937302
18:11:36 GiPyS - next repoID: 3937348
18:12:04 GiPyS - next repoID: 3937366
18:12:07 GiPyS - next repoID: 3937425
18:12:14 GiPyS - next repoID: 3937428
18:14:57 GiPyS - next repoID: 3937476
18:15:04 GiPyS - next repoID: 3937477
18:16:26 GiPyS - next repoID: 3937513
18:16:35 GiPyS - next repoID: 3937516
18:16:50 GiPyS - next repoID: 3937539
18:17:04 GiPyS - next repoID: 3937549
18:17:12 GiPyS - next repoID: 3937595
18:17:22 GiPyS - next repoID: 3937631
18:25:10 GiPyS - next repoID: 3937637
18:25:21 GiPyS - next repoID: 3937640
18:25:43 GiPyS - next repoID: 3937647
18:26:03 GiPyS - next repoID: 3937683
18:26:18 GiPyS - next repoID: 3937713
18:26:21 GiPyS - next repoID: 3937738
18:32:06 GiPyS - next repoID: 3937739
18:33:11 GiPyS - next repoID: 3937756
18:33:36 GiPyS - next repoID: 3937772
18:33:52 GiPyS - next repoID: 3937783
18:34:00 GiPyS - next repoID: 3937815
18:34:05 GiPyS - next repoID: 3937884
18:34:28 GiPyS - next repoID: 3937888
18:35:02 GiPyS - next repoID: 3937908
18:35:39 GiPyS - next repoID: 3937930
18:35:56 GiPyS - next repoID: 3937932
18:36:17 GiPyS - next repoID: 3937937
18:37:22 GiPyS - next repoID: 3938005
18:37:48 GiPyS - next repoID: 3938065
18:37:58 GiPyS - next repoID: 3938066
18:38:41 GiPyS - next repoID: 3938070
18:38:55 GiPyS - next repoID: 3938089
18:47:26 GiPyS - next repoID: 3938093
18:48:03 GiPyS - next repoID: 3938096
18:48:33 GiPyS - next repoID: 3938116
18:49:02 GiPyS - next repoID: 3938127
18:49:07 GiPyS - next repoID: 3938153
18:49:17 GiPyS - next repoID: 3938162
18:50:09 GiPyS - next repoID: 3938166
18:50:31 GiPyS - next repoID: 3938211
18:50:56 GiPyS - next repoID: 3938219
18:51:16 GiPyS - next repoID: 3938237
18:51:40 GiPyS - next repoID: 3938265
18:51:43 GiPyS - next repoID: 3938274
18:51:54 GiPyS - next repoID: 3938305
18:52:17 GiPyS - next repoID: 3938346
18:53:17 GiPyS - next repoID: 3938395
18:53:37 GiPyS - next repoID: 3938412
18:54:08 GiPyS - next repoID: 3938414
18:54:33 GiPyS - next repoID: 3938416
18:56:20 GiPyS - next repoID: 3938434
18:56:42 GiPyS - next repoID: 3938445
18:56:47 GiPyS - next repoID: 3938451
18:57:03 GiPyS - next repoID: 3938492
18:57:33 GiPyS - next repoID: 3938532
18:57:53 GiPyS - next repoID: 3938544
18:58:17 GiPyS - next repoID: 3938550
18:58:37 GiPyS - next repoID: 3938573
18:58:46 GiPyS - next repoID: 3938587
18:59:06 GiPyS - next repoID: 3938589
19:00:19 GiPyS - next repoID: 3938592
19:00:35 GiPyS - next repoID: 3938644
19:01:04 GiPyS - next repoID: 3938647
19:01:32 GiPyS - next repoID: 3938650
19:02:08 GiPyS - next repoID: 3938653
19:02:30 GiPyS - next repoID: 3938661
19:02:53 GiPyS - next repoID: 3938684
19:03:32 GiPyS - next repoID: 3938704
19:03:39 GiPyS - next repoID: 3938726
19:04:19 GiPyS - next repoID: 3938730
19:04:57 GiPyS - next repoID: 3938774
19:05:29 GiPyS - next repoID: 3938775
19:12:11 GiPyS - next repoID: 3938791
19:15:54 GiPyS - next repoID: 3938823
19:16:02 GiPyS - next repoID: 3938905
19:16:17 GiPyS - next repoID: 3938954
19:16:31 GiPyS - next repoID: 3938959
19:17:28 GiPyS - next repoID: 3938984
19:17:47 GiPyS - next repoID: 3938986
19:18:46 GiPyS - next repoID: 3939004
19:29:22 Touri - tour, SCAN_5bfve EXCEPTION:[Errno 12] Cannot allocate memory
19:29:22 Touri - tour, consecutiveExceptionCounter: 1
19:29:22 GiPyS - next repoID: 3939016
19:29:22 GiPySo-getRewinder, Backing off for 0 seconds
19:29:22 GiPySo-getRewinder, Backing off for 1 seconds
19:29:24 GiPySo-getRewinder, Backing off for 3 seconds
19:29:27 GiPySo-getRewinder, Backing off for 6 seconds
19:29:33 GiPySo-getRewinder, Backing off for 4 seconds
19:29:38 GiPySo-getRewinder, Backing off for 22 seconds
19:30:00 GiPySo-getRewinder, Backing off for 36 seconds
19:30:37 GiPySo-getRewinder, Backing off for 10 seconds
19:30:47 GiPySo-getRewinder, Backing off for 23 seconds
19:31:10 GiPySo-getRewinder, Backing off for 21 seconds
19:31:31 GiPySo-getRewinder, Issue creating rewinder for repoID: 3939016, could not be resolved after 10 attempts.  Returning None.
19:31:31 Touri - tour, consecutiveExceptionCounter: 1
19:31:31 GiPyS - next repoID: 3939071
19:31:32 GiPySo-getRewinder, Backing off for 0 seconds
19:31:32 GiPySo-getRewinder, Backing off for 0 seconds
19:31:33 GiPySo-getRewinder, Backing off for 0 seconds
19:31:33 GiPySo-getRewinder, Backing off for 2 seconds
19:31:35 GiPySo-getRewinder, Backing off for 9 seconds
19:31:45 GiPySo-getRewinder, Backing off for 31 seconds
19:32:16 GiPySo-getRewinder, Backing off for 12 seconds
19:32:28 GiPySo-getRewinder, Backing off for 4 seconds
19:32:33 GiPySo-getRewinder, Backing off for 19 seconds
19:32:52 GiPySo-getRewinder, Backing off for 31 seconds
19:33:23 GiPySo-getRewinder, Issue creating rewinder for repoID: 3939071, could not be resolved after 10 attempts.  Returning None.
19:33:23 Touri - tour, consecutiveExceptionCounter: 1
19:33:23 GiPyS - next repoID: 3939111
19:33:24 GiPySo-getRewinder, Backing off for 0 seconds
19:33:24 GiPySo-getRewinder, Backing off for 1 seconds
19:33:25 GiPySo-getRewinder, Backing off for 1 seconds
19:33:27 GiPySo-getRewinder, Backing off for 0 seconds
19:33:27 GiPySo-getRewinder, Backing off for 14 seconds
19:33:42 GiPySo-getRewinder, Backing off for 27 seconds
19:34:09 GiPySo-getRewinder, Backing off for 37 seconds
19:34:47 GiPySo-getRewinder, Backing off for 26 seconds
19:35:13 GiPySo-getRewinder, Backing off for 8 seconds
19:35:22 GiPySo-getRewinder, Backing off for 34 seconds
19:35:56 GiPySo-getRewinder, Issue creating rewinder for repoID: 3939111, could not be resolved after 10 attempts.  Returning None.
19:35:56 Touri - tour, consecutiveExceptionCounter: 1
19:35:56 GiPyS - next repoID: 3939114
19:35:56 GiPySo-getRewinder, Backing off for 0 seconds
19:35:57 GiPySo-getRewinder, Backing off for 1 seconds
19:35:58 GiPySo-getRewinder, Backing off for 3 seconds
19:36:02 GiPySo-getRewinder, Backing off for 2 seconds
19:36:04 GiPySo-getRewinder, Backing off for 5 seconds
19:36:09 GiPySo-getRewinder, Backing off for 11 seconds
19:36:21 GiPySo-getRewinder, Backing off for 0 seconds
19:36:21 GiPySo-getRewinder, Backing off for 12 seconds
19:36:34 GiPySo-getRewinder, Backing off for 23 seconds
19:36:57 GiPySo-getRewinder, Backing off for 27 seconds
19:37:24 GiPySo-getRewinder, Issue creating rewinder for repoID: 3939114, could not be resolved after 10 attempts.  Returning None.
19:37:24 Touri - tour, consecutiveExceptionCounter: 1
19:37:24 GiPyS - next repoID: 3939124
19:37:25 GiPySo-getRewinder, Backing off for 0 seconds
19:37:25 GiPySo-getRewinder, Backing off for 1 seconds
19:37:26 GiPySo-getRewinder, Backing off for 2 seconds
19:37:29 GiPySo-getRewinder, Backing off for 5 seconds
19:37:34 GiPySo-getRewinder, Backing off for 13 seconds
19:37:47 GiPySo-getRewinder, Backing off for 1 seconds
19:37:49 GiPySo-getRewinder, Backing off for 5 seconds
19:37:54 GiPySo-getRewinder, Backing off for 17 seconds
19:38:12 GiPySo-getRewinder, Backing off for 11 seconds
19:38:23 GiPySo-getRewinder, Backing off for 25 seconds
19:38:48 GiPySo-getRewinder, Issue creating rewinder for repoID: 3939124, could not be resolved after 10 attempts.  Returning None.
19:38:48 Touri - tour, consecutiveExceptionCounter: 1
19:38:48 GiPyS - next repoID: 3939128
19:38:49 GiPySo-getRewinder, Backing off for 0 seconds
19:38:49 GiPySo-getRewinder, Backing off for 0 seconds
19:38:50 GiPySo-getRewinder, Backing off for 0 seconds
19:38:50 GiPySo-getRewinder, Backing off for 5 seconds
19:38:56 GiPySo-getRewinder, Backing off for 13 seconds
19:39:09 GiPySo-getRewinder, Backing off for 29 seconds
19:39:39 GiPySo-getRewinder, Backing off for 13 seconds
19:39:52 GiPySo-getRewinder, Backing off for 11 seconds
19:40:04 GiPySo-getRewinder, Backing off for 6 seconds
19:40:10 GiPySo-getRewinder, Backing off for 10 seconds
19:40:20 GiPySo-getRewinder, Issue creating rewinder for repoID: 3939128, could not be resolved after 10 attempts.  Returning None.
19:40:20 Touri - tour, consecutiveExceptionCounter: 1
19:40:20 GiPyS - next repoID: 3939129
19:40:21 GiPySo-getRewinder, Backing off for 0 seconds
19:40:22 GiPySo-getRewinder, Backing off for 0 seconds
19:40:22 GiPySo-getRewinder, Backing off for 3 seconds
19:40:26 GiPySo-getRewinder, Backing off for 6 seconds
19:40:33 GiPySo-getRewinder, Backing off for 3 seconds
19:40:37 GiPySo-getRewinder, Backing off for 10 seconds
19:40:47 GiPySo-getRewinder, Backing off for 2 seconds
19:40:50 GiPySo-getRewinder, Backing off for 21 seconds
19:41:12 GiPySo-getRewinder, Backing off for 24 seconds
19:41:36 GiPySo-getRewinder, Backing off for 31 seconds
19:42:08 GiPySo-getRewinder, Issue creating rewinder for repoID: 3939129, could not be resolved after 10 attempts.  Returning None.
19:42:08 Touri - tour, consecutiveExceptionCounter: 1
19:42:08 GiPyS - next repoID: 3939133
19:42:08 GiPySo-getRewinder, Backing off for 0 seconds
19:42:09 GiPySo-getRewinder, Backing off for 1 seconds
19:42:11 GiPySo-getRewinder, Backing off for 3 seconds
19:42:15 GiPySo-getRewinder, Backing off for 6 seconds
19:42:21 GiPySo-getRewinder, Backing off for 7 seconds
19:42:30 GiPySo-getRewinder, Backing off for 10 seconds
19:42:41 GiPySo-getRewinder, Backing off for 8 seconds
19:42:50 GiPySo-getRewinder, Backing off for 16 seconds
19:43:06 GiPySo-getRewinder, Backing off for 16 seconds
19:43:23 GiPySo-getRewinder, Backing off for 9 seconds
19:43:32 GiPySo-getRewinder, Issue creating rewinder for repoID: 3939133, could not be resolved after 10 attempts.  Returning None.
19:43:32 Touri - tour, consecutiveExceptionCounter: 1
19:43:32 GiPyS - next repoID: 3939140
19:43:33 GiPySo-getRewinder, Backing off for 0 seconds
19:43:34 GiPySo-getRewinder, Backing off for 0 seconds
19:43:35 GiPySo-getRewinder, Backing off for 2 seconds
19:43:38 GiPySo-getRewinder, Backing off for 4 seconds
19:43:43 GiPySo-getRewinder, Backing off for 3 seconds
19:43:46 GiPyS - get_json, Unexpected roblem with getting json: <urlopen error [Errno -2] Name or service not known>
19:43:46 GiPyS - get_json, Unexpected roblem with getting json: <urlopen error [Errno -2] Name or service not known>
19:43:46 GiPyS - get_json, Unexpected roblem with getting json: <urlopen error [Errno -2] Name or service not known>
19:43:48 GiPyS - get_json, Unexpected roblem with getting json: <urlopen error [Errno -2] Name or service not known>
19:43:58 GiPyS - get_json, Unexpected roblem with getting json: <urlopen error [Errno -2] Name or service not known>
19:43:58 GiPyS - get_json, Giving up on url https://api.github.com/repositories/3939140 after 5 attempts
19:43:58 GiPySo-getRewinder, Backing off for 17 seconds
19:44:15 GiPyS - get_json, Unexpected roblem with getting json: <urlopen error [Errno -2] Name or service not known>
19:44:16 GiPyS - get_json, Unexpected roblem with getting json: <urlopen error [Errno -2] Name or service not known>
19:44:18 GiPyS - get_json, Unexpected roblem with getting json: <urlopen error [Errno -2] Name or service not known>
19:44:19 GiPyS - get_json, Unexpected roblem with getting json: <urlopen error [Errno -2] Name or service not known>
19:44:21 GiPyS - get_json, Unexpected roblem with getting json: <urlopen error [Errno -2] Name or service not known>
19:44:21 GiPyS - get_json, Giving up on url https://api.github.com/repositories/3939140 after 5 attempts
19:44:21 GiPySo-getRewinder, Backing off for 37 seconds
19:44:58 GiPyS - get_json, Unexpected roblem with getting json: <urlopen error [Errno -2] Name or service not known>
19:44:58 GiPyS - get_json, Unexpected roblem with getting json: <urlopen error [Errno -2] Name or service not known>
19:44:59 GiPyS - get_json, Unexpected roblem with getting json: <urlopen error [Errno -2] Name or service not known>
19:45:04 GiPyS - get_json, Unexpected roblem with getting json: <urlopen error [Errno -2] Name or service not known>
19:45:12 GiPyS - get_json, Unexpected roblem with getting json: <urlopen error [Errno -2] Name or service not known>
19:45:12 GiPyS - get_json, Giving up on url https://api.github.com/repositories/3939140 after 5 attempts
19:45:12 GiPySo-getRewinder, Backing off for 21 seconds
19:45:33 GiPyS - get_json, Unexpected roblem with getting json: <urlopen error [Errno -2] Name or service not known>
19:45:34 GiPyS - get_json, Unexpected roblem with getting json: <urlopen error [Errno -2] Name or service not known>
19:45:37 GiPyS - get_json, Unexpected roblem with getting json: <urlopen error [Errno -2] Name or service not known>
19:45:40 GiPyS - get_json, Unexpected roblem with getting json: <urlopen error [Errno -2] Name or service not known>
19:45:48 GiPyS - get_json, Unexpected roblem with getting json: <urlopen error [Errno -2] Name or service not known>
19:45:48 GiPyS - get_json, Giving up on url https://api.github.com/repositories/3939140 after 5 attempts
19:45:48 GiPySo-getRewinder, Backing off for 25 seconds
19:46:13 GiPyS - get_json, Unexpected roblem with getting json: <urlopen error [Errno -2] Name or service not known>
19:46:14 GiPyS - get_json, Unexpected roblem with getting json: <urlopen error [Errno -2] Name or service not known>
19:46:17 GiPyS - get_json, Unexpected roblem with getting json: <urlopen error [Errno -2] Name or service not known>
19:46:18 GiPyS - get_json, Unexpected roblem with getting json: <urlopen error [Errno -2] Name or service not known>
19:46:25 GiPyS - get_json, Unexpected roblem with getting json: <urlopen error [Errno -2] Name or service not known>
19:46:25 GiPyS - get_json, Giving up on url https://api.github.com/repositories/3939140 after 5 attempts
19:46:25 GiPySo-getRewinder, Backing off for 27 seconds
19:46:52 GiPySo-getRewinder, Issue creating rewinder for repoID: 3939140, could not be resolved after 10 attempts.  Returning None.
19:46:52 Touri - tour, consecutiveExceptionCounter: 1
