16:34:40 Depot - ***************init Depot**********.
16:34:40 initialized GithubPythonSourcer with rewinder_type: 20Commits email: investigationbot@gmail.com first: 4194304 stop:4456447
16:35:17 GiPyS - next repoID: 4194349
16:35:19 GiPyS - next repoID: 4194368
16:36:09 GiPyS - next repoID: 4194373
16:36:11 GiPyS - next repoID: 4194377
16:36:15 GiPyS - next repoID: 4194386
16:36:18 GiPyS - next repoID: 4194401
16:36:19 GiPyS - next repoID: 4194410
16:36:21 GiPyS - next repoID: 4194430
16:36:23 GiPyS - next repoID: 4194449
16:36:26 GiPyS - next repoID: 4194452
16:37:08 GiPyS - next repoID: 4194531
16:37:09 GiPyS - next repoID: 4194532
16:37:10 GiPyS - next repoID: 4194536
16:39:29 GiPyS - next repoID: 4194551
16:39:34 GiPyS - next repoID: 4194582
16:39:36 GiPyS - next repoID: 4194652
16:39:41 GiPyS - next repoID: 4194694
16:39:42 GiPyS - next repoID: 4194709
16:40:21 GiPyS - next repoID: 4194751
16:40:23 GiPyS - next repoID: 4194765
16:40:54 GiPyS - next repoID: 4194828
16:40:57 GiPyS - next repoID: 4194878
16:40:59 GiPyS - next repoID: 4194880
16:41:07 GiPyS - next repoID: 4194885
16:41:12 GiPyS - next repoID: 4194896
16:41:15 GiPyS - next repoID: 4194923
16:41:18 GiPyS - next repoID: 4194939
16:41:22 GiPyS - next repoID: 4194947
16:42:07 GiPyS - next repoID: 4194949
16:42:15 GiPyS - next repoID: 4194965
16:42:17 GiPyS - next repoID: 4194985
16:42:20 GiPyS - next repoID: 4194993
16:42:21 GiPyS - next repoID: 4194999
16:42:24 GiPyS - next repoID: 4195008
16:42:25 GiPyS - next repoID: 4195014
16:42:36 GiPyS - next repoID: 4195020
16:42:38 GiPyS - next repoID: 4195044
16:42:39 GiPyS - next repoID: 4195050
16:42:41 GiPyS - next repoID: 4195051
16:42:48 GiPyS - next repoID: 4195064
16:42:50 GiPyS - next repoID: 4195086
16:42:58 GiPyS - next repoID: 4195090
16:42:59 GiPyS - next repoID: 4195106
16:43:02 GiPyS - next repoID: 4195107
16:43:04 GiPyS - next repoID: 4195120
16:43:06 GiPyS - next repoID: 4195142
16:43:08 GiPyS - next repoID: 4195150
16:43:12 GiPyS - next repoID: 4195151
16:43:54 GiPyS - next repoID: 4195176
16:43:55 GiPyS - next repoID: 4195188
16:43:57 GiPyS - next repoID: 4195265
16:44:16 GiPyS - next repoID: 4195273
16:44:23 GiPyS - next repoID: 4195274
16:46:40 GiPyS - next repoID: 4195276
16:46:42 GiPyS - next repoID: 4195278
16:46:44 GiPyS - next repoID: 4195280
16:46:46 GiPyS - next repoID: 4195293
16:46:48 GiPyS - next repoID: 4195304
16:46:54 GiPyS - next repoID: 4195342
16:46:56 GiPyS - next repoID: 4195353
16:47:01 GiPyS - next repoID: 4195357
16:47:05 GiPyS - next repoID: 4195431
16:47:44 GiPyS - next repoID: 4195488
16:47:51 GiPyS - next repoID: 4195510
16:48:45 GiPyS - next repoID: 4195565
16:48:53 GiPyS - next repoID: 4195597
16:48:55 GiPyS - next repoID: 4195598
16:49:05 GiPyS - next repoID: 4195625
16:49:09 GiPyS - next repoID: 4195628
16:49:12 GiPyS - next repoID: 4195630
16:49:14 GiPyS - next repoID: 4195633
16:49:18 GiPyS - next repoID: 4195646
16:58:46 GiPyS - next repoID: 4195701
16:58:53 GiPyS - next repoID: 4195709
16:58:57 GiPyS - next repoID: 4195713
16:59:05 GiPyS - next repoID: 4195731
17:00:45 GiPyS - next repoID: 4195735
17:00:48 GiPyS - next repoID: 4195779
17:00:52 GiPyS - next repoID: 4195783
17:01:32 GiPyS - next repoID: 4195889
17:01:36 GiPyS - next repoID: 4195932
17:01:42 GiPyS - next repoID: 4195935
17:01:44 GiPyS - next repoID: 4195964
17:01:52 GiPyS - next repoID: 4195970
17:01:56 GiPyS - next repoID: 4195980
17:03:39 GiPyS - next repoID: 4196026
17:03:42 GiPyS - next repoID: 4196038
17:04:11 GiPyS - next repoID: 4196047
17:04:12 GiPyS - next repoID: 4196061
17:05:02 GiPyS - next repoID: 4196136
17:05:17 GiPyS - next repoID: 4196153
17:05:19 GiPyS - next repoID: 4196176
17:05:24 GiPyS - next repoID: 4196183
17:05:28 GiPyS - next repoID: 4196185
17:05:30 GiPyS - next repoID: 4196188
17:05:59 GiPyS - next repoID: 4196231
17:06:06 GiPyS - next repoID: 4196235
17:06:14 GiPyS - next repoID: 4196251
17:07:05 GiPyS - next repoID: 4196255
17:09:01 GiPyS - next repoID: 4196264
17:09:06 GiPyS - next repoID: 4196272
17:09:52 GiPyS - next repoID: 4196278
17:10:02 GiPyS - next repoID: 4196292
17:10:12 GiPyS - next repoID: 4196301
17:10:15 GiPyS - next repoID: 4196327
17:10:28 GiPyS - next repoID: 4196332
17:10:45 GiPyS - next repoID: 4196346
17:10:48 GiPyS - next repoID: 4196374
17:11:08 GiPyS - next repoID: 4196406
17:11:14 GiPyS - next repoID: 4196420
17:11:37 GiPyS - next repoID: 4196431
17:11:51 GiPyS - next repoID: 4196470
17:12:03 GiPyS - next repoID: 4196482
17:12:49 GiPyS - next repoID: 4196485
17:12:55 GiPyS - next repoID: 4196501
17:13:01 GiPyS - next repoID: 4196560
17:13:09 GiPyS - next repoID: 4196564
17:13:13 GiPyS - next repoID: 4196576
17:13:29 GiPyS - next repoID: 4196584
17:19:21 GiPyS - next repoID: 4196594
17:19:33 GiPyS - next repoID: 4196602
17:19:51 GiPyS - next repoID: 4196617
17:19:52 GiPyS - next repoID: 4196671
17:20:24 GiPyS - next repoID: 4196679
17:20:35 GiPyS - next repoID: 4196688
17:20:39 GiPyS - next repoID: 4196696
17:21:36 GiPyS - next repoID: 4196730
17:21:40 GiPyS - next repoID: 4196731
17:21:45 GiPyS - next repoID: 4196753
17:21:51 GiPyS - next repoID: 4196800
17:21:57 GiPyS - next repoID: 4196852
17:22:07 GiPyS - next repoID: 4196871
17:22:13 GiPyS - next repoID: 4196881
17:22:20 GiPyS - next repoID: 4196911
17:22:24 GiPyS - next repoID: 4196926
17:23:05 GiPyS - next repoID: 4196934
17:23:10 GiPyS - next repoID: 4196935
17:23:15 GiPyS - next repoID: 4196962
17:23:21 GiPyS - next repoID: 4196993
17:23:41 GiPyS - next repoID: 4197000
17:23:46 GiPyS - next repoID: 4197004
17:23:52 GiPyS - next repoID: 4197016
17:28:07 GiPyS - next repoID: 4197027
17:28:21 GiPyS - next repoID: 4197062
17:28:28 GiPyS - next repoID: 4197087
17:28:38 GiPyS - next repoID: 4197124
17:28:47 GiPyS - next repoID: 4197136
17:29:26 GiPyS - next repoID: 4197184
17:29:33 GiPyS - next repoID: 4197200
17:29:36 GiPyS - next repoID: 4197228
17:29:40 GiPyS - next repoID: 4197237
17:29:42 GiPyS - next repoID: 4197273
17:29:53 GiPyS - next repoID: 4197283
17:29:57 GiPyS - next repoID: 4197305
17:30:36 GiPyS - next repoID: 4197313
17:30:39 GiPyS - next repoID: 4197314
17:30:41 GiPyS - next repoID: 4197324
17:30:43 GiPyS - next repoID: 4197340
17:30:47 GiPyS - next repoID: 4197341
17:30:53 GiPyS - next repoID: 4197354
17:30:55 GiPyS - next repoID: 4197418
17:30:56 GiPyS - next repoID: 4197444
17:30:58 GiPyS - next repoID: 4197457
17:31:01 GiPyS - next repoID: 4197474
17:31:05 GiPyS - next repoID: 4197477
17:31:47 GiPyS - next repoID: 4197509
17:31:52 GiPyS - next repoID: 4197560
17:31:56 GiPyS - next repoID: 4197605
17:32:05 GiPyS - next repoID: 4197620
17:32:12 GiPyS - next repoID: 4197657
17:32:14 GiPyS - next repoID: 4197680
17:32:17 GiPyS - next repoID: 4197692
17:32:28 GiPyS - next repoID: 4197695
17:32:31 GiPyS - next repoID: 4197702
17:33:15 GiPyS - next repoID: 4197739
17:33:20 GiPyS - next repoID: 4197799
17:33:22 GiPyS - next repoID: 4197803
17:33:40 GiPyS - next repoID: 4197820
17:33:43 GiPyS - next repoID: 4197833
17:33:47 GiPyS - next repoID: 4197843
17:34:19 Touri - tour, SCAN_cib5b EXCEPTION:[Errno 12] Cannot allocate memory
17:34:19 Touri - tour, consecutiveExceptionCounter: 1
17:34:19 GiPyS - next repoID: 4197851
17:34:19 GiPySo-getRewinder, Backing off for 0 seconds
17:34:20 GiPySo-getRewinder, Backing off for 0 seconds
17:34:20 GiPySo-getRewinder, Backing off for 0 seconds
17:34:20 GiPySo-getRewinder, Backing off for 6 seconds
17:34:27 GiPySo-getRewinder, Backing off for 6 seconds
17:34:33 GiPySo-getRewinder, Backing off for 3 seconds
17:34:37 GiPySo-getRewinder, Backing off for 22 seconds
17:34:59 GiPySo-getRewinder, Backing off for 20 seconds
17:35:19 GiPySo-getRewinder, Backing off for 28 seconds
17:35:48 GiPySo-getRewinder, Backing off for 30 seconds
17:36:18 GiPySo-getRewinder, Issue creating rewinder for repoID: 4197851, could not be resolved after 10 attempts.  Returning None.
17:36:18 Touri - tour, consecutiveExceptionCounter: 1
17:36:18 GiPyS - next repoID: 4197876
17:36:18 GiPySo-getRewinder, Backing off for 0 seconds
17:36:19 GiPySo-getRewinder, Backing off for 1 seconds
17:36:20 GiPySo-getRewinder, Backing off for 1 seconds
17:36:21 GiPySo-getRewinder, Backing off for 7 seconds
17:36:29 GiPySo-getRewinder, Backing off for 12 seconds
17:36:41 GiPySo-getRewinder, Backing off for 17 seconds
17:36:59 GiPySo-getRewinder, Backing off for 32 seconds
17:37:31 GiPySo-getRewinder, Backing off for 24 seconds
17:37:55 GiPySo-getRewinder, Backing off for 15 seconds
17:38:11 GiPySo-getRewinder, Backing off for 8 seconds
17:38:19 GiPySo-getRewinder, Issue creating rewinder for repoID: 4197876, could not be resolved after 10 attempts.  Returning None.
17:38:19 Touri - tour, consecutiveExceptionCounter: 1
17:38:19 GiPyS - next repoID: 4197885
17:38:19 GiPySo-getRewinder, Backing off for 0 seconds
17:38:19 GiPySo-getRewinder, Backing off for 1 seconds
17:38:21 GiPySo-getRewinder, Backing off for 1 seconds
17:38:23 GiPySo-getRewinder, Backing off for 2 seconds
17:38:25 GiPySo-getRewinder, Backing off for 2 seconds
17:38:28 GiPySo-getRewinder, Backing off for 22 seconds
17:38:50 GiPySo-getRewinder, Backing off for 24 seconds
17:39:14 GiPySo-getRewinder, Backing off for 1 seconds
17:39:16 GiPySo-getRewinder, Backing off for 0 seconds
17:39:16 GiPySo-getRewinder, Backing off for 11 seconds
17:39:27 GiPySo-getRewinder, Issue creating rewinder for repoID: 4197885, could not be resolved after 10 attempts.  Returning None.
17:39:27 Touri - tour, consecutiveExceptionCounter: 1
17:39:27 GiPyS - next repoID: 4197895
17:39:28 GiPySo-getRewinder, Backing off for 0 seconds
17:39:28 GiPySo-getRewinder, Backing off for 1 seconds
17:39:29 GiPySo-getRewinder, Backing off for 0 seconds
17:39:30 GiPySo-getRewinder, Backing off for 5 seconds
17:39:35 GiPySo-getRewinder, Backing off for 5 seconds
17:39:40 GiPySo-getRewinder, Backing off for 19 seconds
17:40:00 GiPySo-getRewinder, Backing off for 0 seconds
17:40:00 GiPySo-getRewinder, Backing off for 18 seconds
17:40:19 GiPySo-getRewinder, Backing off for 26 seconds
17:40:45 GiPySo-getRewinder, Backing off for 24 seconds
17:41:09 GiPySo-getRewinder, Issue creating rewinder for repoID: 4197895, could not be resolved after 10 attempts.  Returning None.
17:41:09 Touri - tour, consecutiveExceptionCounter: 1
17:41:09 GiPyS - next repoID: 4197904
17:41:09 GiPySo-getRewinder, Backing off for 0 seconds
17:41:10 GiPySo-getRewinder, Backing off for 0 seconds
17:41:10 GiPySo-getRewinder, Backing off for 3 seconds
17:41:14 GiPySo-getRewinder, Backing off for 2 seconds
17:41:16 GiPySo-getRewinder, Backing off for 2 seconds
17:41:18 GiPySo-getRewinder, Backing off for 4 seconds
17:41:23 GiPySo-getRewinder, Backing off for 0 seconds
17:41:23 GiPySo-getRewinder, Backing off for 26 seconds
17:41:53 GiPyS - next repoID: 4197932
17:42:37 GiPyS - next repoID: 4197970
17:42:39 GiPyS - next repoID: 4197973
17:42:42 GiPyS - next repoID: 4197982
17:42:47 GiPyS - next repoID: 4197983
17:42:55 GiPyS - next repoID: 4198018
17:42:59 GiPyS - next repoID: 4198042
17:43:02 GiPyS - next repoID: 4198043
17:43:12 GiPyS - next repoID: 4198048
17:43:16 GiPySo-getRewinder, Backing off for 0 seconds
17:43:16 GiPySo-getRewinder, Backing off for 0 seconds
17:43:17 GiPySo-getRewinder, Backing off for 0 seconds
17:43:18 GiPySo-getRewinder, Backing off for 1 seconds
17:43:20 GiPySo-getRewinder, Backing off for 10 seconds
17:43:30 GiPySo-getRewinder, Backing off for 8 seconds
17:43:39 GiPySo-getRewinder, Backing off for 10 seconds
17:43:50 GiPySo-getRewinder, Backing off for 30 seconds
17:44:21 GiPySo-getRewinder, Backing off for 1 seconds
17:44:22 GiPySo-getRewinder, Backing off for 6 seconds
17:44:28 GiPySo-getRewinder, Issue creating rewinder for repoID: 4198048, could not be resolved after 10 attempts.  Returning None.
17:44:28 GiPyS - next repoID: 4198064
17:45:25 GiPyS - next repoID: 4198066
17:46:20 GiPyS - next repoID: 4198074
17:47:19 GiPyS - next repoID: 4198124
17:48:17 GiPyS - next repoID: 4198184
17:49:20 GiPyS - next repoID: 4198194
17:51:48 GiPyS - next repoID: 4198200
17:53:19 GiPyS - next repoID: 4198229
17:53:50 GiPyS - next repoID: 4198236
17:54:29 GiPyS - next repoID: 4198243
17:55:30 GiPyS - next repoID: 4198252
17:56:28 GiPyS - next repoID: 4198276
17:57:08 GiPyS - next repoID: 4198297
18:03:31 GiPyS - next repoID: 4198303
18:04:17 GiPyS - next repoID: 4198339
18:05:12 GiPyS - next repoID: 4198370
18:06:09 GiPyS - next repoID: 4198393
18:07:14 GiPyS - next repoID: 4198396
18:08:11 GiPyS - next repoID: 4198437
18:08:20 GiPyS - next repoID: 4198438
18:09:05 GiPyS - next repoID: 4198443
18:10:02 GiPyS - next repoID: 4198482
18:10:53 GiPyS - next repoID: 4198501
18:11:49 GiPyS - next repoID: 4198552
18:12:48 GiPyS - next repoID: 4198564
18:13:42 GiPyS - next repoID: 4198603
18:14:43 GiPyS - next repoID: 4198627
18:15:39 GiPyS - next repoID: 4198648
18:16:07 GiPyS - next repoID: 4198656
18:17:02 GiPyS - next repoID: 4198691
18:17:09 GiPyS - next repoID: 4198693
18:18:12 GiPyS - next repoID: 4198710
18:19:08 GiPyS - next repoID: 4198715
18:20:32 GiPyS - next repoID: 4198727
18:21:34 GiPyS - next repoID: 4198738
18:22:37 GiPyS - next repoID: 4198775
18:22:57 GiPyS - next repoID: 4198777
18:24:05 GiPyS - next repoID: 4198788
18:25:07 GiPyS - next repoID: 4198795
18:26:49 GiPyS - next repoID: 4198872
18:27:10 GiPyS - next repoID: 4198881
18:28:12 GiPyS - next repoID: 4198901
18:28:23 GiPyS - next repoID: 4198921
18:34:03 GiPyS - next repoID: 4198941
18:34:10 GiPyS - next repoID: 4198950
18:35:03 GiPyS - next repoID: 4198968
18:35:22 GiPyS - next repoID: 4199019
18:35:28 GiPyS - next repoID: 4199023
18:36:58 GiPyS - next repoID: 4199062
18:37:24 GiPyS - next repoID: 4199077
18:37:36 Touri - tour, SCAN_cib5b EXCEPTION:[Errno 12] Cannot allocate memory
18:37:36 Touri - tour, consecutiveExceptionCounter: 1
18:37:36 GiPyS - next repoID: 4199082
18:37:36 GiPySo-getRewinder, Backing off for 0 seconds
18:37:36 GiPySo-getRewinder, Backing off for 1 seconds
18:37:38 GiPySo-getRewinder, Backing off for 2 seconds
18:37:40 GiPySo-getRewinder, Backing off for 7 seconds
18:37:48 GiPySo-getRewinder, Backing off for 3 seconds
18:37:51 GiPySo-getRewinder, Backing off for 1 seconds
18:37:52 GiPySo-getRewinder, Backing off for 25 seconds
18:38:18 GiPySo-getRewinder, Backing off for 32 seconds
18:38:51 GiPySo-getRewinder, Backing off for 32 seconds
18:39:23 GiPySo-getRewinder, Backing off for 29 seconds
18:39:52 GiPySo-getRewinder, Issue creating rewinder for repoID: 4199082, could not be resolved after 10 attempts.  Returning None.
18:39:52 Touri - tour, consecutiveExceptionCounter: 1
18:39:52 GiPyS - next repoID: 4199116
18:39:52 GiPySo-getRewinder, Backing off for 0 seconds
18:39:53 GiPySo-getRewinder, Backing off for 1 seconds
18:39:54 GiPySo-getRewinder, Backing off for 0 seconds
18:39:55 GiPySo-getRewinder, Backing off for 1 seconds
18:39:56 GiPySo-getRewinder, Backing off for 14 seconds
18:40:11 GiPySo-getRewinder, Backing off for 21 seconds
18:40:32 GiPySo-getRewinder, Backing off for 1 seconds
18:40:34 GiPySo-getRewinder, Backing off for 1 seconds
18:40:35 GiPySo-getRewinder, Backing off for 33 seconds
18:41:09 GiPySo-getRewinder, Backing off for 35 seconds
18:41:44 GiPySo-getRewinder, Issue creating rewinder for repoID: 4199116, could not be resolved after 10 attempts.  Returning None.
18:41:44 Touri - tour, consecutiveExceptionCounter: 1
18:41:44 GiPyS - next repoID: 4199125
18:41:44 GiPySo-getRewinder, Backing off for 0 seconds
18:41:45 GiPySo-getRewinder, Backing off for 0 seconds
18:41:45 GiPySo-getRewinder, Backing off for 2 seconds
18:41:48 GiPySo-getRewinder, Backing off for 6 seconds
18:41:55 GiPySo-getRewinder, Backing off for 2 seconds
18:41:57 GiPySo-getRewinder, Backing off for 17 seconds
18:42:15 GiPySo-getRewinder, Backing off for 2 seconds
18:42:17 GiPySo-getRewinder, Backing off for 29 seconds
18:42:47 GiPySo-getRewinder, Backing off for 26 seconds
18:43:13 GiPySo-getRewinder, Backing off for 39 seconds
18:43:52 GiPySo-getRewinder, Issue creating rewinder for repoID: 4199125, could not be resolved after 10 attempts.  Returning None.
18:43:52 Touri - tour, consecutiveExceptionCounter: 1
18:43:52 GiPyS - next repoID: 4199129
18:44:40 GiPyS - next repoID: 4199164
18:44:45 GiPyS - next repoID: 4199166
18:47:57 GiPyS - next repoID: 4199233
18:48:43 GiPyS - next repoID: 4199260
18:49:15 GiPyS - next repoID: 4199279
18:50:06 GiPyS - next repoID: 4199289
18:50:40 GiPyS - next repoID: 4199312
18:50:58 GiPyS - next repoID: 4199334
18:51:51 GiPyS - next repoID: 4199350
18:52:46 GiPyS - next repoID: 4199360
18:53:38 GiPyS - next repoID: 4199361
18:54:36 GiPyS - next repoID: 4199367
18:55:47 GiPyS - next repoID: 4199373
18:55:56 GiPyS - next repoID: 4199393
18:56:05 GiPyS - next repoID: 4199411
18:57:36 GiPyS - next repoID: 4199438
18:58:31 GiPyS - next repoID: 4199469
18:58:52 GiPyS - next repoID: 4199473
19:00:39 GiPyS - next repoID: 4199506
19:02:15 GiPyS - next repoID: 4199519
19:03:09 GiPyS - next repoID: 4199525
19:04:01 GiPyS - next repoID: 4199543
19:04:54 GiPyS - next repoID: 4199545
19:05:01 GiPyS - next repoID: 4199559
19:05:19 GiPyS - next repoID: 4199561
19:06:17 GiPyS - next repoID: 4199597
19:07:21 GiPyS - next repoID: 4199626
19:08:20 GiPyS - next repoID: 4199679
19:09:35 GiPyS - next repoID: 4199707
19:10:29 GiPyS - next repoID: 4199725
19:11:20 GiPyS - next repoID: 4199740
19:12:13 GiPyS - next repoID: 4199779
19:13:08 GiPyS - next repoID: 4199784
19:14:02 GiPyS - next repoID: 4199817
19:15:01 GiPyS - next repoID: 4199818
19:16:34 GiPyS - next repoID: 4199890
19:17:31 GiPyS - next repoID: 4199906
19:18:24 GiPyS - next repoID: 4199917
19:18:58 GiPyS - next repoID: 4199939
19:19:53 GiPyS - next repoID: 4199942
19:20:08 GiPyS - next repoID: 4199981
19:21:06 GiPyS - next repoID: 4200023
19:21:53 GiPyS - next repoID: 4200083
19:22:46 GiPyS - next repoID: 4200088
19:23:00 GiPyS - next repoID: 4200133
19:23:24 GiPyS - next repoID: 4200166
19:24:17 GiPyS - next repoID: 4200206
19:25:52 GiPyS - next repoID: 4200264
19:26:04 GiPyS - next repoID: 4200269
19:26:33 GiPyS - next repoID: 4200275
19:27:25 GiPyS - next repoID: 4200283
19:28:18 GiPyS - next repoID: 4200291
19:29:10 GiPyS - next repoID: 4200315
19:30:08 GiPyS - next repoID: 4200332
19:31:14 GiPyS - next repoID: 4200336
19:31:51 GiPyS - next repoID: 4200351
19:32:43 GiPyS - next repoID: 4200387
19:33:41 GiPyS - next repoID: 4200399
19:33:58 GiPyS - next repoID: 4200402
19:34:53 GiPyS - next repoID: 4200421
19:35:01 GiPyS - next repoID: 4200426
19:36:04 GiPyS - next repoID: 4200433
19:36:58 GiPyS - next repoID: 4200434
19:41:11 GiPyS - next repoID: 4200460
19:42:06 GiPyS - next repoID: 4200468
19:43:00 GiPyS - next repoID: 4200491
19:43:23 GiPyS - next repoID: 4200526
19:44:17 GiPyS - next repoID: 4200545
19:46:30 GiPyS - next repoID: 4200555
19:46:51 GiPyS - next repoID: 4200588
19:47:37 GiPyS - next repoID: 4200709
19:48:31 GiPyS - next repoID: 4200723
19:49:25 GiPyS - next repoID: 4200730
19:50:17 GiPyS - next repoID: 4200829
19:50:57 GiPyS - next repoID: 4200862
19:51:16 GiPyS - next repoID: 4200875
19:51:42 GiPyS - next repoID: 4200929
19:51:51 GiPyS - next repoID: 4200941
19:52:45 GiPyS - next repoID: 4200943
19:54:19 GiPyS - next repoID: 4200981
19:54:47 GiPyS - next repoID: 4200995
19:54:54 GiPyS - next repoID: 4201031
19:56:30 GiPyS - next repoID: 4201069
19:58:46 GiPyS - next repoID: 4201099
19:58:56 GiPyS - next repoID: 4201179
19:59:49 GiPyS - next repoID: 4201199
20:00:03 GiPyS - next repoID: 4201228
20:00:43 GiPyS - next repoID: 4201238
20:02:12 GiPyS - next repoID: 4201273
20:03:06 GiPyS - next repoID: 4201286
20:04:01 GiPyS - next repoID: 4201309
20:05:00 GiPyS - next repoID: 4201329
20:05:57 GiPyS - next repoID: 4201354
20:06:53 GiPyS - next repoID: 4201405
20:07:54 GiPyS - next repoID: 4201410
20:08:48 GiPyS - next repoID: 4201414
20:09:04 GiPyS - next repoID: 4201418
20:10:00 GiPyS - next repoID: 4201439
20:11:31 GiPyS - next repoID: 4201538
20:11:57 GiPyS - next repoID: 4201547
20:12:48 GiPyS - next repoID: 4201548
20:13:41 GiPyS - next repoID: 4201587
20:14:12 GiPyS - next repoID: 4201599
20:14:19 GiPyS - next repoID: 4201613
20:15:12 GiPyS - next repoID: 4201616
20:16:45 GiPyS - next repoID: 4201658
20:17:37 GiPyS - next repoID: 4201671
20:17:43 GiPyS - next repoID: 4201715
20:18:37 GiPyS - next repoID: 4201716
20:19:29 GiPyS - next repoID: 4201721
20:19:58 GiPyS - next repoID: 4201730
20:20:09 GiPyS - next repoID: 4201835
20:21:00 GiPyS - next repoID: 4201843
20:21:45 GiPyS - next repoID: 4201846
20:23:13 GiPyS - next repoID: 4201896
20:23:21 GiPyS - next repoID: 4201963
20:24:13 GiPyS - next repoID: 4201982
20:25:04 GiPyS - next repoID: 4202005
20:25:56 GiPyS - next repoID: 4202032
20:27:05 GiPyS - next repoID: 4202037
20:27:12 GiPyS - next repoID: 4202059
20:28:22 GiPyS - next repoID: 4202094
20:29:14 GiPyS - next repoID: 4202096
20:29:34 GiPyS - next repoID: 4202099
20:30:27 GiPyS - next repoID: 4202107
20:31:24 GiPyS - next repoID: 4202144
20:31:47 GiPyS - next repoID: 4202146
20:32:44 GiPyS - next repoID: 4202150
20:33:08 GiPyS - next repoID: 4202187
20:34:00 GiPyS - next repoID: 4202190
20:34:17 GiPyS - next repoID: 4202209
20:35:09 GiPyS - next repoID: 4202223
20:36:02 GiPyS - next repoID: 4202232
20:36:44 GiPyS - next repoID: 4202247
20:38:11 GiPyS - next repoID: 4202266
20:38:51 GiPyS - next repoID: 4202269
20:39:43 GiPyS - next repoID: 4202319
20:40:33 GiPyS - next repoID: 4202360
20:40:59 GiPyS - next repoID: 4202393
20:41:07 GiPyS - next repoID: 4202399
20:42:44 GiPyS - next repoID: 4202405
20:43:30 GiPyS - next repoID: 4202436
20:44:22 GiPyS - next repoID: 4202452
20:46:38 GiPyS - next repoID: 4202486
20:47:30 GiPyS - next repoID: 4202531
20:47:44 GiPyS - next repoID: 4202548
20:48:37 GiPyS - next repoID: 4202578
20:48:46 GiPyS - next repoID: 4202620
20:49:29 GiPyS - next repoID: 4202627
20:51:01 GiPyS - next repoID: 4202688
20:51:52 GiPyS - next repoID: 4202699
20:52:44 GiPyS - next repoID: 4202737
20:53:35 GiPyS - next repoID: 4202755
20:54:35 GiPyS - next repoID: 4202775
20:55:27 GiPyS - next repoID: 4202777
20:56:28 GiPyS - next repoID: 4202788
20:57:20 GiPyS - next repoID: 4202790
20:58:05 GiPyS - next repoID: 4202793
20:58:56 GiPyS - next repoID: 4202811
20:59:03 GiPyS - next repoID: 4202870
20:59:53 GiPyS - next repoID: 4202876
21:01:35 GiPyS - next repoID: 4202883
21:02:17 GiPyS - next repoID: 4202939
21:03:10 GiPyS - next repoID: 4202948
21:04:01 GiPyS - next repoID: 4203025
21:04:52 GiPyS - next repoID: 4203026
21:05:03 GiPyS - next repoID: 4203052
21:06:01 GiPyS - next repoID: 4203094
21:07:29 GiPyS - next repoID: 4203129
21:07:58 GiPyS - next repoID: 4203138
21:09:01 GiPyS - next repoID: 4203152
21:09:53 GiPyS - next repoID: 4203160
21:10:47 GiPyS - next repoID: 4203163
21:11:04 GiPyS - next repoID: 4203171
21:11:12 GiPyS - next repoID: 4203184
21:12:09 GiPyS - next repoID: 4203188
21:13:01 GiPyS - next repoID: 4203190
21:13:52 GiPyS - next repoID: 4203227
21:14:50 GiPyS - next repoID: 4203240
21:15:44 GiPyS - next repoID: 4203248
21:16:35 GiPyS - next repoID: 4203252
21:17:25 GiPyS - next repoID: 4203258
21:18:18 GiPyS - next repoID: 4203269
21:19:18 GiPyS - next repoID: 4203275
21:20:36 GiPyS - next repoID: 4203304
21:20:45 GiPyS - next repoID: 4203306
21:22:13 GiPyS - next repoID: 4203331
21:22:17 GiPyS - next repoID: 4203381
21:23:20 GiPyS - next repoID: 4203391
21:23:37 GiPyS - next repoID: 4203396
21:23:56 GiPyS - next repoID: 4203431
21:24:51 GiPyS - next repoID: 4203436
21:25:22 GiPyS - next repoID: 4203438
21:26:22 GiPyS - next repoID: 4203453
21:27:15 GiPyS - next repoID: 4203474
21:28:00 GiPyS - next repoID: 4203487
21:29:02 GiPyS - next repoID: 4203490
21:29:59 GiPyS - next repoID: 4203503
21:30:35 GiPyS - next repoID: 4203527
21:32:04 GiPyS - next repoID: 4203553
21:35:07 GiPyS - next repoID: 4203557
21:36:10 GiPyS - next repoID: 4203558
21:37:02 GiPyS - next repoID: 4203565
21:37:57 GiPyS - next repoID: 4203628
21:38:28 GiPyS - next repoID: 4203647
21:39:22 GiPyS - next repoID: 4203654
21:40:14 GiPyS - next repoID: 4203664
21:40:25 GiPyS - next repoID: 4203719
21:41:17 GiPyS - next repoID: 4203742
21:42:50 GiPyS - next repoID: 4203777
21:43:41 GiPyS - next repoID: 4203780
21:44:44 GiPyS - next repoID: 4203818
21:45:16 GiPyS - next repoID: 4203836
21:46:18 GiPyS - next repoID: 4203839
21:46:24 GiPyS - next repoID: 4203884
21:47:08 GiPyS - next repoID: 4203900
21:47:59 GiPyS - next repoID: 4203905
21:48:22 GiPyS - next repoID: 4203922
21:49:15 GiPyS - next repoID: 4203925
21:49:19 GiPyS - next repoID: 4203927
21:49:23 GiPyS - next repoID: 4203936
21:50:02 GiPyS - next repoID: 4203957
21:50:49 GiPyS - next repoID: 4204030
21:51:10 GiPyS - next repoID: 4204067
21:51:24 GiPyS - next repoID: 4204115
21:52:17 GiPyS - next repoID: 4204116
21:52:44 GiPyS - next repoID: 4204118
21:53:00 GiPyS - next repoID: 4204120
21:53:13 GiPyS - next repoID: 4204153
21:54:05 GiPyS - next repoID: 4204186
21:54:16 GiPyS - next repoID: 4204192
21:55:12 GiPyS - get_json, Giving up on url https://api.github.com/repos/winters419/OHA-Android-2.3.4_r1.0/languages after 5 attempts
21:55:18 GiPyS - next repoID: 4204252
21:55:56 GiPyS - next repoID: 4204255
21:56:26 GiPyS - next repoID: 4204285
21:57:19 GiPyS - next repoID: 4204323
21:58:11 GiPyS - next repoID: 4204369
21:59:40 GiPyS - next repoID: 4204406
22:00:34 GiPyS - next repoID: 4204442
22:01:23 GiPyS - next repoID: 4204452
22:03:33 GiPyS - next repoID: 4204476
22:03:45 GiPyS - next repoID: 4204499
22:04:21 GiPyS - next repoID: 4204548
22:05:13 GiPyS - next repoID: 4204551
22:05:28 GiPyS - next repoID: 4204562
22:05:39 GiPyS - next repoID: 4204571
22:06:07 GiPyS - next repoID: 4204572
22:06:54 GiPyS - next repoID: 4204574
22:07:05 GiPyS - next repoID: 4204591
22:07:27 GiPyS - next repoID: 4204629
22:07:50 GiPyS - next repoID: 4204642
22:09:05 GiPyS - next repoID: 4204663
22:09:23 GiPyS - next repoID: 4204676
22:10:18 GiPyS - next repoID: 4204679
22:11:13 GiPyS - next repoID: 4204689
22:12:03 GiPyS - next repoID: 4204694
22:12:49 GiPyS - next repoID: 4204710
22:13:49 GiPyS - next repoID: 4204765
22:14:40 GiPyS - next repoID: 4204777
22:15:31 GiPyS - next repoID: 4204778
22:16:36 GiPyS - next repoID: 4204800
22:17:17 GiPyS - next repoID: 4204810
22:17:51 GiPyS - next repoID: 4204838
22:18:10 GiPyS - next repoID: 4204842
22:20:26 GiPyS - next repoID: 4204846
22:21:20 GiPyS - next repoID: 4204857
22:21:32 GiPyS - next repoID: 4204874
22:21:59 GiPyS - next repoID: 4204881
22:23:00 GiPyS - next repoID: 4204946
22:24:36 GiPyS - next repoID: 4205015
22:25:31 GiPyS - next repoID: 4205075
22:26:24 GiPyS - next repoID: 4205076
22:28:01 GiPyS - next repoID: 4205176
22:28:11 GiPyS - next repoID: 4205192
22:29:40 GiPyS - next repoID: 4205222
22:30:05 GiPyS - next repoID: 4205223
22:30:58 GiPyS - next repoID: 4205235
22:31:17 GiPyS - next repoID: 4205240
22:32:00 GiPyS - next repoID: 4205285
22:33:07 GiPyS - next repoID: 4205309
22:34:06 GiPyS - next repoID: 4205330
22:34:23 GiPyS - next repoID: 4205342
22:36:33 GiPyS - next repoID: 4205347
22:37:32 GiPyS - next repoID: 4205366
22:38:15 GiPyS - next repoID: 4205382
22:39:10 GiPyS - next repoID: 4205397
22:40:05 GiPyS - next repoID: 4205468
22:41:02 GiPyS - next repoID: 4205562
22:41:45 GiPyS - next repoID: 4205608
22:42:39 GiPyS - next repoID: 4205631
22:43:10 GiPyS - next repoID: 4205652
22:44:02 GiPyS - next repoID: 4205656
22:44:27 GiPyS - next repoID: 4205665
22:45:17 GiPyS - next repoID: 4205685
22:45:26 GiPyS - next repoID: 4205687
22:46:24 GiPyS - next repoID: 4205711
22:46:54 GiPyS - next repoID: 4205732
22:47:44 GiPyS - next repoID: 4205751
22:48:00 GiPyS - next repoID: 4205752
22:49:00 GiPyS - next repoID: 4205776
22:49:50 GiPyS - next repoID: 4205798
22:49:54 GiPyS - next repoID: 4205839
22:52:54 GiPyS - next repoID: 4205860
22:59:10 GiPyS - next repoID: 4205862
23:00:15 GiPyS - next repoID: 4205871
23:01:11 GiPyS - next repoID: 4205873
23:02:02 GiPyS - next repoID: 4205879
23:02:56 GiPyS - next repoID: 4205907
23:03:18 GiPyS - next repoID: 4205924
23:04:15 GiPyS - next repoID: 4205927
23:05:48 GiPyS - next repoID: 4205962
23:06:40 GiPyS - next repoID: 4205970
23:06:57 GiPyS - next repoID: 4205974
23:07:48 GiPyS - next repoID: 4205987
23:08:40 GiPyS - next repoID: 4205993
23:10:44 GiPyS - next repoID: 4206015
23:10:58 GiPyS - next repoID: 4206019
23:11:50 GiPyS - next repoID: 4206028
23:12:22 GiPyS - next repoID: 4206030
23:13:12 GiPyS - next repoID: 4206039
23:14:03 GiPyS - next repoID: 4206064
23:14:27 GiPyS - next repoID: 4206088
23:14:38 GiPyS - next repoID: 4206109
23:15:30 GiPyS - next repoID: 4206134
23:16:20 GiPyS - next repoID: 4206144
23:17:10 GiPyS - next repoID: 4206164
23:17:17 GiPyS - next repoID: 4206180
23:17:51 GiPyS - next repoID: 4206181
23:18:48 GiPyS - next repoID: 4206192
23:18:57 GiPyS - next repoID: 4206211
23:19:29 GiPyS - next repoID: 4206218
23:20:27 GiPyS - next repoID: 4206259
23:21:31 GiPyS - next repoID: 4206285
23:21:45 GiPyS - next repoID: 4206300
23:22:39 GiPyS - next repoID: 4206357
23:23:35 GiPyS - next repoID: 4206358
23:24:27 GiPyS - next repoID: 4206400
23:25:53 GiPyS - next repoID: 4206469
23:26:44 GiPyS - next repoID: 4206491
23:27:37 GiPyS - next repoID: 4206512
23:27:53 GiPyS - next repoID: 4206534
23:28:43 GiPyS - next repoID: 4206568
23:29:35 GiPyS - next repoID: 4206575
23:30:33 GiPyS - next repoID: 4206587
23:31:26 GiPyS - next repoID: 4206592
23:32:20 GiPyS - next repoID: 4206597
23:33:10 GiPyS - next repoID: 4206611
23:35:09 GiPyS - next repoID: 4206656
23:36:03 GiPyS - next repoID: 4206661
23:36:56 GiPyS - next repoID: 4206673
23:37:05 GiPyS - next repoID: 4206684
23:37:56 GiPyS - next repoID: 4206690
23:38:47 GiPyS - next repoID: 4206702
23:39:38 GiPyS - next repoID: 4206747
23:42:49 GiPyS - next repoID: 4206786
23:43:13 GiPyS - next repoID: 4206855
23:44:04 GiPyS - next repoID: 4206856
23:44:53 GiPyS - next repoID: 4206863
23:45:12 GiPyS - next repoID: 4206885
23:46:09 GiPyS - next repoID: 4206905
23:46:45 GiPyS - next repoID: 4206912
23:47:44 GiPyS - next repoID: 4206914
23:48:34 GiPyS - next repoID: 4206923
23:49:03 GiPyS - next repoID: 4206938
23:49:46 GiPyS - next repoID: 4206949
23:50:42 GiPyS - next repoID: 4206961
23:51:34 GiPyS - next repoID: 4206982
23:52:25 GiPyS - next repoID: 4207076
23:53:16 GiPyS - next repoID: 4207090
23:54:07 GiPyS - next repoID: 4207119
23:54:58 GiPyS - next repoID: 4207123
23:55:50 GiPyS - next repoID: 4207126
23:56:41 GiPyS - next repoID: 4207149
23:56:50 GiPyS - next repoID: 4207154
23:57:12 GiPyS - next repoID: 4207190
23:57:22 GiPyS - next repoID: 4207218
23:58:47 GiPyS - next repoID: 4207243
23:59:38 GiPyS - next repoID: 4207266
00:00:38 GiPyS - next repoID: 4207269
00:02:50 GiPyS - next repoID: 4207312
00:03:22 GiPyS - next repoID: 4207343
00:04:08 GiPyS - next repoID: 4207359
00:04:56 GiPyS - next repoID: 4207376
00:05:48 GiPyS - next repoID: 4207380
00:06:12 GiPyS - next repoID: 4207383
00:07:03 GiPyS - next repoID: 4207399
00:07:17 GiPyS - next repoID: 4207400
00:08:56 GiPyS - next repoID: 4207418
00:09:03 GiPyS - next repoID: 4207451
00:09:54 GiPyS - next repoID: 4207454
00:10:45 GiPyS - next repoID: 4207468
00:11:37 GiPyS - next repoID: 4207479
00:12:31 GiPyS - next repoID: 4207502
00:13:21 GiPyS - next repoID: 4207544
00:14:15 GiPyS - next repoID: 4207556
00:15:07 GiPyS - next repoID: 4207566
00:16:01 GiPyS - next repoID: 4207576
00:16:35 GiPyS - next repoID: 4207578
00:17:32 GiPyS - next repoID: 4207581
00:18:28 GiPyS - next repoID: 4207585
00:19:19 GiPyS - next repoID: 4207600
00:20:12 GiPyS - next repoID: 4207603
00:20:18 GiPyS - next repoID: 4207632
00:20:32 GiPyS - next repoID: 4207645
00:22:00 GiPyS - next repoID: 4207716
00:22:53 GiPyS - next repoID: 4207745
00:23:31 GiPyS - next repoID: 4207759
00:23:43 GiPyS - next repoID: 4207760
00:24:34 GiPyS - next repoID: 4207810
00:25:25 GiPyS - next repoID: 4207811
00:26:21 GiPyS - next repoID: 4207826
00:26:54 GiPyS - next repoID: 4207870
00:27:36 GiPyS - next repoID: 4207873
00:28:28 GiPyS - next repoID: 4207883
00:28:37 GiPyS - next repoID: 4207885
00:32:20 GiPyS - next repoID: 4207894
00:33:21 GiPyS - next repoID: 4207958
00:34:13 GiPyS - next repoID: 4207963
00:34:24 GiPyS - next repoID: 4207971
00:34:43 GiPyS - next repoID: 4207994
00:35:42 GiPyS - next repoID: 4208028
00:36:33 GiPyS - next repoID: 4208069
00:37:21 GiPyS - next repoID: 4208159
