17:45:42 Depot - ***************init Depot**********.
17:45:42 initialized GithubPythonSourcer with rewinder_type: 20Commits email: investigationbot@gmail.com first: 6553600 stop:6815743
17:46:18 GiPyS - next repoID: 6553629
17:46:25 GiPyS - next repoID: 6553678
17:46:27 GiPyS - next repoID: 6553707
17:46:29 GiPyS - next repoID: 6553714
17:46:31 GiPyS - next repoID: 6553716
17:47:15 GiPyS - next repoID: 6553819
17:47:24 GiPyS - next repoID: 6553874
17:49:14 GiPyS - next repoID: 6553897
17:51:31 GiPyS - next repoID: 6554001
17:51:33 GiPyS - next repoID: 6554044
17:51:35 GiPyS - next repoID: 6554048
17:51:36 GiPyS - next repoID: 6554084
17:51:39 GiPyS - next repoID: 6554103
17:52:45 GiPyS - next repoID: 6554136
17:52:48 GiPyS - next repoID: 6554169
17:53:22 GiPyS - next repoID: 6554180
17:53:29 GiPyS - next repoID: 6554193
17:53:33 GiPyS - next repoID: 6554214
17:53:41 GiPyS - next repoID: 6554230
17:53:43 GiPyS - next repoID: 6554245
17:53:44 GiPyS - next repoID: 6554258
17:56:09 GiPyS - next repoID: 6554317
17:56:12 GiPyS - next repoID: 6554318
17:56:28 GiPyS - next repoID: 6554327
17:56:32 GiPyS - next repoID: 6554402
17:56:35 GiPyS - next repoID: 6554422
17:56:37 GiPyS - next repoID: 6554439
17:56:38 GiPyS - next repoID: 6554440
17:56:40 GiPyS - next repoID: 6554459
17:56:42 GiPyS - next repoID: 6554466
17:57:21 GiPyS - next repoID: 6554496
17:57:28 GiPyS - next repoID: 6554508
17:57:31 GiPyS - next repoID: 6554514
17:57:34 GiPyS - next repoID: 6554541
17:57:56 GiPyS - next repoID: 6554546
17:58:01 GiPyS - next repoID: 6554588
17:58:26 GiPyS - next repoID: 6554598
17:58:29 GiPyS - next repoID: 6554603
17:58:35 GiPyS - next repoID: 6554611
17:58:42 GiPyS - next repoID: 6554614
17:58:46 GiPyS - next repoID: 6554650
17:58:47 GiPyS - next repoID: 6554691
18:02:23 GiPyS - next repoID: 6554745
18:02:25 GiPyS - next repoID: 6554748
18:02:28 GiPyS - next repoID: 6554782
18:02:31 GiPyS - next repoID: 6554792
18:02:34 GiPyS - next repoID: 6554808
18:02:35 GiPySo-getRewinder, Backing off for 0 seconds
18:02:36 GiPySo-getRewinder, Backing off for 0 seconds
18:02:36 GiPySo-getRewinder, Backing off for 0 seconds
18:02:37 GiPySo-getRewinder, Backing off for 5 seconds
18:02:42 GiPySo-getRewinder, Backing off for 0 seconds
18:02:43 GiPySo-getRewinder, Backing off for 3 seconds
18:02:46 GiPySo-getRewinder, Backing off for 39 seconds
18:03:26 GiPySo-getRewinder, Backing off for 20 seconds
18:03:47 GiPySo-getRewinder, Backing off for 14 seconds
18:04:01 GiPySo-getRewinder, Backing off for 23 seconds
18:04:25 GiPySo-getRewinder, Issue creating rewinder for repoID: 6554808, could not be resolved after 10 attempts.  Returning None.
18:04:25 GiPyS - next repoID: 6554828
18:04:25 GiPySo-getRewinder, Backing off for 0 seconds
18:04:26 GiPySo-getRewinder, Backing off for 0 seconds
18:04:27 GiPySo-getRewinder, Backing off for 1 seconds
18:04:28 GiPySo-getRewinder, Backing off for 6 seconds
18:04:35 GiPySo-getRewinder, Backing off for 7 seconds
18:04:42 GiPySo-getRewinder, Backing off for 25 seconds
18:05:08 GiPySo-getRewinder, Backing off for 25 seconds
18:05:33 GiPySo-getRewinder, Backing off for 21 seconds
18:05:55 GiPySo-getRewinder, Backing off for 30 seconds
18:06:26 GiPySo-getRewinder, Backing off for 31 seconds
18:06:57 GiPySo-getRewinder, Issue creating rewinder for repoID: 6554828, could not be resolved after 10 attempts.  Returning None.
18:06:57 GiPyS - next repoID: 6554849
18:06:57 GiPySo-getRewinder, Backing off for 0 seconds
18:06:58 GiPySo-getRewinder, Backing off for 0 seconds
18:06:58 GiPySo-getRewinder, Backing off for 1 seconds
18:07:00 GiPySo-getRewinder, Backing off for 2 seconds
18:07:03 GiPySo-getRewinder, Backing off for 4 seconds
18:07:07 GiPySo-getRewinder, Backing off for 11 seconds
18:07:19 GiPySo-getRewinder, Backing off for 10 seconds
18:07:30 GiPySo-getRewinder, Backing off for 10 seconds
18:07:40 GiPySo-getRewinder, Backing off for 23 seconds
18:08:04 GiPySo-getRewinder, Backing off for 22 seconds
18:08:26 GiPySo-getRewinder, Issue creating rewinder for repoID: 6554849, could not be resolved after 10 attempts.  Returning None.
18:09:09 GiPyS - next repoID: 6554876
18:09:10 GiPySo-getRewinder, Backing off for 0 seconds
18:09:10 GiPySo-getRewinder, Backing off for 0 seconds
18:09:11 GiPySo-getRewinder, Backing off for 1 seconds
18:09:12 GiPySo-getRewinder, Backing off for 7 seconds
18:09:20 GiPySo-getRewinder, Backing off for 6 seconds
18:09:26 GiPySo-getRewinder, Backing off for 6 seconds
18:09:33 GiPySo-getRewinder, Backing off for 10 seconds
18:09:44 GiPySo-getRewinder, Backing off for 39 seconds
18:10:23 GiPySo-getRewinder, Backing off for 34 seconds
18:10:58 GiPySo-getRewinder, Backing off for 25 seconds
18:11:23 GiPySo-getRewinder, Issue creating rewinder for repoID: 6554876, could not be resolved after 10 attempts.  Returning None.
18:11:23 GiPyS - next repoID: 6554889
18:11:29 GiPySo-getRewinder, Backing off for 0 seconds
18:11:30 GiPySo-getRewinder, Backing off for 1 seconds
18:11:32 GiPySo-getRewinder, Backing off for 2 seconds
18:11:35 GiPySo-getRewinder, Backing off for 6 seconds
18:11:41 GiPySo-getRewinder, Backing off for 3 seconds
18:11:45 GiPySo-getRewinder, Backing off for 29 seconds
18:12:15 GiPySo-getRewinder, Backing off for 32 seconds
18:12:47 GiPySo-getRewinder, Backing off for 12 seconds
18:13:00 GiPySo-getRewinder, Backing off for 5 seconds
18:13:06 GiPySo-getRewinder, Backing off for 38 seconds
18:13:44 GiPySo-getRewinder, Issue creating rewinder for repoID: 6554889, could not be resolved after 10 attempts.  Returning None.
18:13:44 GiPyS - next repoID: 6554901
18:13:44 GiPySo-getRewinder, Backing off for 0 seconds
18:13:45 GiPySo-getRewinder, Backing off for 0 seconds
18:13:46 GiPySo-getRewinder, Backing off for 3 seconds
18:13:49 GiPySo-getRewinder, Backing off for 3 seconds
18:13:53 GiPySo-getRewinder, Backing off for 11 seconds
18:14:04 GiPySo-getRewinder, Backing off for 11 seconds
18:14:16 GiPySo-getRewinder, Backing off for 31 seconds
18:14:47 GiPySo-getRewinder, Backing off for 35 seconds
18:15:23 GiPySo-getRewinder, Backing off for 17 seconds
18:15:41 GiPySo-getRewinder, Backing off for 39 seconds
18:16:20 GiPySo-getRewinder, Issue creating rewinder for repoID: 6554901, could not be resolved after 10 attempts.  Returning None.
18:16:20 GiPyS - next repoID: 6555001
18:16:20 GiPySo-getRewinder, Backing off for 0 seconds
18:16:21 GiPySo-getRewinder, Backing off for 1 seconds
18:16:23 GiPySo-getRewinder, Backing off for 2 seconds
18:16:26 GiPySo-getRewinder, Backing off for 1 seconds
18:16:28 GiPySo-getRewinder, Backing off for 13 seconds
18:16:42 GiPySo-getRewinder, Backing off for 0 seconds
18:16:42 GiPySo-getRewinder, Backing off for 23 seconds
18:17:06 GiPySo-getRewinder, Backing off for 21 seconds
18:17:27 GiPySo-getRewinder, Backing off for 15 seconds
18:17:43 GiPySo-getRewinder, Backing off for 5 seconds
18:17:48 GiPySo-getRewinder, Issue creating rewinder for repoID: 6555001, could not be resolved after 10 attempts.  Returning None.
18:17:48 GiPyS - next repoID: 6555013
18:17:48 GiPySo-getRewinder, Backing off for 0 seconds
18:17:49 GiPySo-getRewinder, Backing off for 0 seconds
18:17:49 GiPySo-getRewinder, Backing off for 1 seconds
18:17:51 GiPySo-getRewinder, Backing off for 7 seconds
18:17:58 GiPySo-getRewinder, Backing off for 10 seconds
18:18:09 GiPySo-getRewinder, Backing off for 4 seconds
18:18:14 GiPySo-getRewinder, Backing off for 10 seconds
18:18:24 GiPySo-getRewinder, Backing off for 5 seconds
18:18:30 GiPySo-getRewinder, Backing off for 37 seconds
18:19:08 GiPySo-getRewinder, Backing off for 20 seconds
18:19:28 GiPySo-getRewinder, Issue creating rewinder for repoID: 6555013, could not be resolved after 10 attempts.  Returning None.
18:20:09 GiPyS - next repoID: 6555103
18:20:09 GiPySo-getRewinder, Backing off for 0 seconds
18:20:10 GiPySo-getRewinder, Backing off for 0 seconds
18:20:10 GiPySo-getRewinder, Backing off for 1 seconds
18:20:12 GiPySo-getRewinder, Backing off for 6 seconds
18:20:18 GiPySo-getRewinder, Backing off for 0 seconds
18:20:19 GiPySo-getRewinder, Backing off for 20 seconds
18:20:40 GiPySo-getRewinder, Backing off for 30 seconds
18:21:11 GiPySo-getRewinder, Backing off for 36 seconds
18:21:48 GiPySo-getRewinder, Backing off for 14 seconds
18:22:02 GiPySo-getRewinder, Backing off for 19 seconds
18:22:21 GiPySo-getRewinder, Issue creating rewinder for repoID: 6555103, could not be resolved after 10 attempts.  Returning None.
18:22:22 GiPyS - next repoID: 6555132
18:22:22 GiPySo-getRewinder, Backing off for 0 seconds
18:22:23 GiPySo-getRewinder, Backing off for 1 seconds
18:22:24 GiPySo-getRewinder, Backing off for 2 seconds
18:22:27 GiPySo-getRewinder, Backing off for 7 seconds
18:22:34 GiPySo-getRewinder, Backing off for 2 seconds
18:22:37 GiPySo-getRewinder, Backing off for 2 seconds
18:22:39 GiPySo-getRewinder, Backing off for 27 seconds
18:23:07 GiPySo-getRewinder, Backing off for 0 seconds
18:23:07 GiPySo-getRewinder, Backing off for 15 seconds
18:23:23 GiPySo-getRewinder, Backing off for 9 seconds
18:23:32 GiPySo-getRewinder, Issue creating rewinder for repoID: 6555132, could not be resolved after 10 attempts.  Returning None.
18:23:32 GiPyS - next repoID: 6555137
18:23:32 GiPySo-getRewinder, Backing off for 0 seconds
18:23:33 GiPySo-getRewinder, Backing off for 0 seconds
18:23:33 GiPySo-getRewinder, Backing off for 0 seconds
18:23:34 GiPySo-getRewinder, Backing off for 3 seconds
18:23:38 GiPySo-getRewinder, Backing off for 3 seconds
18:23:41 GiPySo-getRewinder, Backing off for 27 seconds
18:24:09 GiPySo-getRewinder, Backing off for 5 seconds
18:24:15 GiPySo-getRewinder, Backing off for 36 seconds
18:24:52 GiPySo-getRewinder, Backing off for 30 seconds
18:25:22 GiPySo-getRewinder, Backing off for 26 seconds
18:25:48 GiPySo-getRewinder, Issue creating rewinder for repoID: 6555137, could not be resolved after 10 attempts.  Returning None.
18:25:48 GiPyS - next repoID: 6555168
18:25:49 GiPySo-getRewinder, Backing off for 0 seconds
18:25:50 GiPySo-getRewinder, Backing off for 0 seconds
18:25:50 GiPySo-getRewinder, Backing off for 1 seconds
18:25:52 GiPySo-getRewinder, Backing off for 3 seconds
18:25:56 GiPySo-getRewinder, Backing off for 11 seconds
18:26:09 GiPySo-getRewinder, Backing off for 15 seconds
18:26:24 GiPySo-getRewinder, Backing off for 17 seconds
18:26:42 GiPySo-getRewinder, Backing off for 27 seconds
18:27:10 GiPySo-getRewinder, Backing off for 34 seconds
18:27:44 GiPySo-getRewinder, Backing off for 10 seconds
18:27:54 GiPySo-getRewinder, Issue creating rewinder for repoID: 6555168, could not be resolved after 10 attempts.  Returning None.
18:27:54 GiPyS - next repoID: 6555171
18:27:55 GiPySo-getRewinder, Backing off for 0 seconds
18:27:56 GiPySo-getRewinder, Backing off for 0 seconds
18:27:57 GiPySo-getRewinder, Backing off for 2 seconds
18:28:00 GiPySo-getRewinder, Backing off for 4 seconds
18:28:04 GiPySo-getRewinder, Backing off for 13 seconds
18:28:18 GiPySo-getRewinder, Backing off for 27 seconds
18:28:45 GiPySo-getRewinder, Backing off for 1 seconds
18:28:47 GiPySo-getRewinder, Backing off for 34 seconds
18:29:22 GiPySo-getRewinder, Backing off for 5 seconds
18:29:28 GiPySo-getRewinder, Backing off for 11 seconds
18:29:39 GiPySo-getRewinder, Issue creating rewinder for repoID: 6555171, could not be resolved after 10 attempts.  Returning None.
18:29:39 GiPyS - next repoID: 6555192
18:29:40 GiPySo-getRewinder, Backing off for 0 seconds
18:29:40 GiPySo-getRewinder, Backing off for 1 seconds
18:29:42 GiPySo-getRewinder, Backing off for 0 seconds
18:29:43 GiPySo-getRewinder, Backing off for 1 seconds
18:29:44 GiPySo-getRewinder, Backing off for 0 seconds
18:29:45 GiPySo-getRewinder, Backing off for 4 seconds
18:29:49 GiPySo-getRewinder, Backing off for 26 seconds
18:30:16 GiPySo-getRewinder, Backing off for 12 seconds
18:30:28 GiPySo-getRewinder, Backing off for 25 seconds
18:30:54 GiPySo-getRewinder, Backing off for 20 seconds
18:31:14 GiPySo-getRewinder, Issue creating rewinder for repoID: 6555192, could not be resolved after 10 attempts.  Returning None.
18:31:14 GiPyS - next repoID: 6555195
18:31:16 GiPySo-getRewinder, Backing off for 0 seconds
18:31:18 GiPySo-getRewinder, Backing off for 1 seconds
18:31:21 GiPySo-getRewinder, Backing off for 1 seconds
18:31:23 GiPySo-getRewinder, Backing off for 6 seconds
18:31:31 GiPySo-getRewinder, Backing off for 11 seconds
18:31:44 GiPySo-getRewinder, Backing off for 22 seconds
18:32:07 GiPySo-getRewinder, Backing off for 32 seconds
18:32:40 GiPySo-getRewinder, Backing off for 25 seconds
18:33:06 GiPySo-getRewinder, Backing off for 8 seconds
18:33:14 GiPySo-getRewinder, Backing off for 28 seconds
18:33:42 GiPySo-getRewinder, Issue creating rewinder for repoID: 6555195, could not be resolved after 10 attempts.  Returning None.
18:33:42 GiPyS - next repoID: 6555206
18:33:44 GiPySo-getRewinder, Backing off for 0 seconds
18:33:44 GiPySo-getRewinder, Backing off for 1 seconds
18:33:46 GiPySo-getRewinder, Backing off for 3 seconds
18:33:49 GiPySo-getRewinder, Backing off for 5 seconds
18:33:56 GiPySo-getRewinder, Backing off for 6 seconds
18:34:03 GiPySo-getRewinder, Backing off for 4 seconds
18:34:08 GiPySo-getRewinder, Backing off for 18 seconds
18:34:28 GiPySo-getRewinder, Backing off for 31 seconds
18:35:04 GiPySo-getRewinder, Backing off for 9 seconds
18:35:16 GiPySo-getRewinder, Backing off for 34 seconds
18:35:50 GiPySo-getRewinder, Issue creating rewinder for repoID: 6555206, could not be resolved after 10 attempts.  Returning None.
18:36:36 Touri - tour, SCAN_mgk0x  has been cancelled by the host with EXCEPTION:KeyboardInterrupt
18:36:36 Touri - tour, SCAN_mgk0x Tour Canceled: True
18:36:37 Touri - tour, SCAN_mgk0x FINAL STATE: CANCELLED after scanning 46 sources containing Python out of 994 total sources observed
