17:44:11 Depot - ***************init Depot**********.
17:44:11 initialized GithubPythonSourcer with rewinder_type: 20Commits email: investigationbot@gmail.com first: 4456448 stop:4718591
17:44:48 GiPyS - next repoID: 4456469
17:44:51 GiPyS - next repoID: 4456473
17:44:52 GiPyS - next repoID: 4456486
17:44:54 GiPyS - next repoID: 4456505
17:44:56 GiPyS - next repoID: 4456552
17:45:38 GiPyS - next repoID: 4456556
17:45:40 GiPyS - next repoID: 4456578
17:45:41 GiPyS - next repoID: 4456588
17:45:51 GiPyS - next repoID: 4456617
17:45:57 GiPyS - next repoID: 4456622
17:45:58 GiPyS - next repoID: 4456660
17:46:36 GiPyS - next repoID: 4456676
17:46:38 GiPyS - next repoID: 4456692
17:46:40 GiPyS - next repoID: 4456711
17:46:43 GiPyS - next repoID: 4456736
17:46:46 GiPyS - next repoID: 4456740
17:46:53 GiPyS - next repoID: 4456779
17:47:06 GiPyS - next repoID: 4456795
17:47:09 GiPyS - next repoID: 4456806
17:47:13 GiPyS - next repoID: 4456821
17:47:14 GiPyS - next repoID: 4456865
17:47:55 GiPyS - next repoID: 4456900
17:48:03 GiPyS - next repoID: 4456920
17:48:05 GiPyS - next repoID: 4456926
17:48:06 GiPyS - next repoID: 4456933
17:48:09 GiPyS - next repoID: 4456953
17:48:10 GiPyS - next repoID: 4457001
17:48:11 GiPyS - next repoID: 4457019
17:48:13 GiPyS - next repoID: 4457040
17:48:14 GiPyS - next repoID: 4457044
17:48:15 GiPyS - next repoID: 4457062
17:48:53 GiPyS - next repoID: 4457112
17:48:55 GiPyS - next repoID: 4457117
17:48:56 GiPyS - next repoID: 4457128
17:49:02 GiPyS - next repoID: 4457139
17:49:04 GiPyS - next repoID: 4457146
17:49:05 GiPyS - next repoID: 4457153
17:49:07 GiPyS - next repoID: 4457156
17:49:18 GiPyS - next repoID: 4457166
17:49:19 GiPyS - next repoID: 4457173
17:49:54 GiPyS - next repoID: 4457181
17:49:55 GiPyS - next repoID: 4457198
17:49:56 GiPyS - next repoID: 4457208
17:49:58 GiPyS - next repoID: 4457215
17:49:59 GiPyS - next repoID: 4457232
17:50:52 GiPyS - next repoID: 4457266
17:51:05 GiPyS - next repoID: 4457270
17:51:07 GiPyS - next repoID: 4457314
17:51:09 GiPyS - next repoID: 4457352
17:51:11 GiPyS - next repoID: 4457370
17:51:13 GiPyS - next repoID: 4457372
17:51:16 GiPyS - next repoID: 4457405
17:51:18 GiPyS - next repoID: 4457414
17:51:56 GiPyS - next repoID: 4457446
17:51:58 GiPyS - next repoID: 4457456
17:51:59 GiPyS - next repoID: 4457462
17:52:01 GiPyS - next repoID: 4457482
17:52:03 GiPyS - next repoID: 4457483
17:52:05 GiPyS - next repoID: 4457512
17:52:07 GiPyS - next repoID: 4457520
17:52:13 GiPyS - next repoID: 4457525
17:52:15 GiPyS - next repoID: 4457553
17:52:16 GiPyS - next repoID: 4457576
17:52:23 GiPyS - next repoID: 4457587
17:52:25 GiPyS - next repoID: 4457630
17:52:27 GiPyS - next repoID: 4457640
17:53:05 GiPyS - next repoID: 4457662
17:53:07 GiPyS - next repoID: 4457679
17:53:24 GiPyS - next repoID: 4457681
17:53:28 GiPyS - next repoID: 4457699
17:53:32 GiPyS - next repoID: 4457708
17:55:30 GiPyS - next repoID: 4457709
17:55:37 GiPyS - next repoID: 4457742
17:55:38 GiPyS - next repoID: 4457770
17:56:12 GiPyS - next repoID: 4457783
17:56:14 GiPyS - next repoID: 4457790
17:56:16 GiPyS - next repoID: 4457799
17:56:24 GiPyS - next repoID: 4457801
17:57:01 GiPyS - next repoID: 4457858
17:57:04 GiPyS - next repoID: 4457882
17:57:05 GiPyS - next repoID: 4457943
17:57:07 GiPyS - next repoID: 4457957
17:57:09 GiPyS - next repoID: 4457987
17:57:10 GiPyS - next repoID: 4457994
17:57:14 GiPyS - next repoID: 4458018
17:57:16 GiPyS - next repoID: 4458025
17:57:18 GiPyS - next repoID: 4458028
17:57:55 GiPyS - next repoID: 4458039
17:57:57 GiPyS - next repoID: 4458043
17:58:01 GiPyS - next repoID: 4458109
17:58:03 GiPyS - next repoID: 4458114
17:58:05 GiPyS - next repoID: 4458159
17:58:14 GiPyS - next repoID: 4458164
17:58:17 GiPyS - next repoID: 4458175
17:58:20 GiPyS - next repoID: 4458232
17:59:15 GiPyS - next repoID: 4458262
18:00:08 GiPyS - next repoID: 4458362
18:00:10 GiPyS - next repoID: 4458434
18:00:13 GiPyS - next repoID: 4458442
18:00:15 GiPyS - next repoID: 4458451
18:00:16 GiPyS - next repoID: 4458468
18:00:58 GiPyS - next repoID: 4458502
18:01:02 GiPyS - next repoID: 4458593
18:01:09 GiPyS - next repoID: 4458601
18:01:10 GiPyS - next repoID: 4458647
18:01:12 GiPyS - next repoID: 4458656
18:01:39 GiPyS - next repoID: 4458661
18:01:41 GiPyS - next repoID: 4458671
18:02:20 GiPyS - next repoID: 4458699
18:02:22 GiPyS - next repoID: 4458712
18:02:28 GiPyS - next repoID: 4458752
18:02:35 GiPyS - next repoID: 4458761
18:02:45 GiPyS - next repoID: 4458772
18:02:46 GiPyS - next repoID: 4458803
18:02:49 GiPyS - next repoID: 4458809
18:02:51 GiPyS - next repoID: 4458812
18:02:53 GiPyS - next repoID: 4458813
18:02:54 GiPyS - next repoID: 4458822
18:02:55 GiPyS - next repoID: 4458835
18:02:57 GiPyS - next repoID: 4458846
18:03:12 GiPyS - next repoID: 4458861
18:04:47 GiPyS - next repoID: 4458976
18:04:51 GiPyS - next repoID: 4458992
18:04:57 GiPyS - next repoID: 4459004
18:09:16 GiPyS - next repoID: 4459058
18:09:19 GiPyS - next repoID: 4459062
18:10:09 GiPyS - next repoID: 4459086
18:10:16 GiPyS - next repoID: 4459097
18:10:24 GiPyS - next repoID: 4459129
18:10:29 GiPyS - next repoID: 4459134
18:10:32 GiPyS - next repoID: 4459188
18:10:38 GiPyS - next repoID: 4459215
18:10:44 GiPyS - next repoID: 4459232
18:11:26 GiPyS - next repoID: 4459289
18:11:31 GiPyS - next repoID: 4459314
18:11:33 GiPyS - next repoID: 4459415
18:12:44 GiPyS - next repoID: 4459441
18:12:49 GiPyS - next repoID: 4459444
18:12:54 GiPyS - next repoID: 4459447
18:13:49 GiPyS - next repoID: 4459467
18:13:55 GiPyS - next repoID: 4459522
18:13:58 GiPyS - next repoID: 4459550
18:14:04 GiPyS - next repoID: 4459561
18:14:29 GiPyS - next repoID: 4459586
18:14:38 GiPyS - next repoID: 4459589
18:15:25 GiPyS - next repoID: 4459660
18:17:55 GiPyS - next repoID: 4459666
18:18:02 GiPyS - next repoID: 4459699
18:18:08 GiPyS - next repoID: 4459742
18:18:58 GiPyS - next repoID: 4459814
18:19:05 GiPyS - next repoID: 4459840
18:19:08 GiPyS - next repoID: 4459882
18:19:10 GiPyS - next repoID: 4459916
18:19:15 GiPyS - next repoID: 4459923
18:19:20 GiPyS - next repoID: 4459924
18:19:22 GiPyS - next repoID: 4459936
18:22:42 GiPyS - next repoID: 4459975
18:22:49 GiPyS - next repoID: 4459984
18:22:57 GiPyS - next repoID: 4459992
18:23:13 GiPyS - next repoID: 4460010
18:23:17 GiPyS - next repoID: 4460026
18:23:27 GiPyS - next repoID: 4460042
18:24:23 GiPyS - next repoID: 4460045
18:24:35 GiPyS - next repoID: 4460051
18:24:43 GiPyS - next repoID: 4460054
18:24:47 GiPyS - next repoID: 4460068
18:24:51 GiPyS - next repoID: 4460074
18:25:01 GiPyS - next repoID: 4460077
18:25:04 GiPyS - next repoID: 4460105
18:25:58 GiPyS - next repoID: 4460121
18:26:01 GiPyS - next repoID: 4460130
18:26:05 GiPyS - next repoID: 4460149
18:26:12 GiPyS - next repoID: 4460167
18:26:19 GiPyS - next repoID: 4460189
18:26:34 GiPyS - next repoID: 4460190
18:26:38 GiPyS - next repoID: 4460193
18:26:42 GiPyS - next repoID: 4460196
18:26:44 GiPyS - next repoID: 4460210
18:26:49 GiPyS - next repoID: 4460215
18:26:55 GiPyS - next repoID: 4460239
18:26:58 GiPyS - next repoID: 4460266
18:27:04 GiPyS - next repoID: 4460284
18:27:53 GiPyS - next repoID: 4460409
18:32:52 GiPyS - next repoID: 4460438
18:32:54 GiPyS - next repoID: 4460450
18:33:03 GiPyS - next repoID: 4460463
18:33:47 GiPyS - next repoID: 4460486
18:33:54 GiPyS - next repoID: 4460537
18:33:56 GiPyS - next repoID: 4460550
18:34:14 GiPyS - next repoID: 4460561
18:34:17 GiPyS - next repoID: 4460575
18:34:32 GiPyS - next repoID: 4460595
18:34:37 GiPyS - next repoID: 4460610
18:34:43 GiPyS - next repoID: 4460621
18:34:56 GiPyS - next repoID: 4460670
18:35:23 Touri - tour, SCAN_dllax  has been cancelled by the host with EXCEPTION:KeyboardInterrupt
18:35:23 Touri - tour, SCAN_dllax Tour Canceled: True
18:35:23 Touri - tour, SCAN_dllax FINAL STATE: CANCELLED after scanning 195 sources containing Python out of 2242 total sources observed
