17:45:30 Depot - ***************init Depot**********.
17:45:30 initialized GithubPythonSourcer with rewinder_type: 20Commits email: investigationbot@gmail.com first: 7077888 stop:7340031
17:46:06 GiPyS - next repoID: 7077904
17:46:08 GiPyS - next repoID: 7077971
17:46:09 GiPyS - next repoID: 7077986
17:46:15 GiPyS - next repoID: 7077989
17:46:16 GiPyS - next repoID: 7077990
17:46:18 GiPyS - next repoID: 7077995
17:46:22 GiPyS - next repoID: 7078008
17:46:28 GiPyS - next repoID: 7078020
17:46:29 GiPyS - next repoID: 7078046
17:47:09 GiPyS - next repoID: 7078069
17:47:11 GiPyS - next repoID: 7078126
17:47:13 GiPyS - next repoID: 7078136
17:47:14 GiPyS - next repoID: 7078139
17:47:16 GiPyS - next repoID: 7078151
17:47:18 GiPyS - next repoID: 7078164
17:47:19 GiPyS - next repoID: 7078168
17:47:21 GiPyS - next repoID: 7078175
17:47:59 GiPyS - next repoID: 7078226
17:48:01 GiPyS - next repoID: 7078233
17:48:04 GiPyS - next repoID: 7078278
17:48:06 GiPyS - next repoID: 7078297
17:48:08 GiPyS - next repoID: 7078310
17:48:10 GiPyS - next repoID: 7078321
17:48:49 GiPyS - next repoID: 7078374
17:48:51 GiPyS - next repoID: 7078379
17:48:53 GiPyS - next repoID: 7078416
17:49:02 GiPyS - next repoID: 7078418
17:49:04 GiPyS - next repoID: 7078432
17:49:08 GiPyS - next repoID: 7078454
17:49:11 GiPyS - next repoID: 7078460
17:50:01 GiPyS - next repoID: 7078524
17:50:05 GiPyS - next repoID: 7078533
17:50:20 GiPyS - next repoID: 7078538
17:50:23 GiPyS - next repoID: 7078605
17:50:39 GiPyS - next repoID: 7078631
17:51:21 GiPyS - next repoID: 7078642
17:51:22 GiPyS - next repoID: 7078647
17:51:25 GiPyS - next repoID: 7078695
17:51:26 GiPyS - next repoID: 7078699
17:51:29 GiPyS - next repoID: 7078713
17:51:49 GiPyS - next repoID: 7078723
17:51:57 GiPyS - next repoID: 7078728
17:52:01 GiPyS - next repoID: 7078739
17:52:03 GiPyS - next repoID: 7078767
17:52:43 GiPyS - next repoID: 7078926
17:52:52 GiPyS - next repoID: 7078935
17:53:18 GiPyS - next repoID: 7078939
17:54:04 GiPyS - get_json, Giving up on url https://api.github.com/repos/kyurijuice/CraftBukkit/languages after 5 attempts
17:54:09 GiPyS - next repoID: 7078962
17:54:11 GiPyS - next repoID: 7079041
17:54:13 GiPyS - next repoID: 7079062
17:54:15 GiPyS - next repoID: 7079074
17:54:16 GiPyS - next repoID: 7079094
17:54:18 GiPyS - next repoID: 7079101
17:54:19 GiPyS - next repoID: 7079122
17:54:58 GiPyS - next repoID: 7079130
17:55:21 GiPyS - next repoID: 7079161
17:55:23 GiPyS - next repoID: 7079162
17:55:34 GiPyS - next repoID: 7079174
17:55:37 GiPyS - next repoID: 7079244
17:55:39 GiPyS - next repoID: 7079275
17:56:19 GiPyS - next repoID: 7079327
17:58:31 GiPyS - next repoID: 7079372
17:58:35 GiPyS - next repoID: 7079405
17:58:45 GiPyS - next repoID: 7079439
17:59:29 GiPyS - next repoID: 7079525
17:59:41 GiPyS - next repoID: 7079526
17:59:58 GiPyS - next repoID: 7079565
18:00:25 GiPyS - next repoID: 7079591
18:01:12 GiPyS - next repoID: 7079639
18:01:20 GiPyS - next repoID: 7079641
18:01:27 GiPyS - next repoID: 7079691
18:01:32 GiPyS - next repoID: 7079726
18:02:00 GiPyS - next repoID: 7079738
18:02:07 GiPyS - next repoID: 7079745
18:02:13 GiPyS - next repoID: 7079749
18:02:53 GiPyS - next repoID: 7079773
18:02:58 GiPyS - next repoID: 7079779
18:04:18 GiPyS - next repoID: 7079786
18:05:24 GiPyS - next repoID: 7079812
18:05:37 GiPyS - next repoID: 7079875
18:05:40 GiPyS - next repoID: 7079877
18:05:48 GiPyS - next repoID: 7079878
18:07:22 GiPyS - next repoID: 7079899
18:07:55 GiPyS - next repoID: 7079908
18:08:46 GiPyS - next repoID: 7080017
18:08:51 GiPyS - next repoID: 7080022
18:09:05 GiPyS - next repoID: 7080029
18:09:08 GiPyS - next repoID: 7080034
18:09:13 GiPyS - next repoID: 7080071
18:09:53 GiPyS - next repoID: 7080125
18:10:01 GiPyS - next repoID: 7080148
18:10:37 GiPyS - next repoID: 7080176
18:10:41 GiPyS - next repoID: 7080193
18:10:52 GiPyS - next repoID: 7080226
18:11:00 GiPyS - next repoID: 7080257
18:11:26 GiPyS - next repoID: 7080270
18:12:22 GiPyS - next repoID: 7080277
18:12:24 GiPyS - next repoID: 7080315
18:12:30 GiPyS - next repoID: 7080356
18:12:34 GiPyS - next repoID: 7080357
18:12:41 GiPyS - next repoID: 7080363
18:12:45 GiPyS - next repoID: 7080368
18:12:53 GiPyS - next repoID: 7080384
18:12:57 GiPyS - next repoID: 7080407
18:13:01 GiPyS - next repoID: 7080414
18:13:51 GiPyS - next repoID: 7080474
18:14:08 GiPyS - next repoID: 7080491
18:15:13 GiPyS - next repoID: 7080529
18:15:19 GiPyS - next repoID: 7080558
18:15:25 GiPyS - next repoID: 7080562
18:16:10 GiPyS - next repoID: 7080606
18:16:14 GiPyS - next repoID: 7080608
18:16:17 GiPyS - next repoID: 7080629
18:16:28 GiPyS - next repoID: 7080646
18:16:36 GiPyS - next repoID: 7080649
18:16:38 GiPyS - next repoID: 7080652
18:16:40 GiPyS - next repoID: 7080653
18:16:43 GiPyS - next repoID: 7080654
18:16:50 GiPyS - next repoID: 7080656
18:16:54 GiPyS - next repoID: 7080670
18:16:57 GiPyS - next repoID: 7080712
18:17:02 GiPyS - next repoID: 7080719
18:17:08 GiPyS - next repoID: 7080741
18:17:15 GiPyS - next repoID: 7080744
18:17:59 GiPyS - next repoID: 7080815
18:18:06 GiPyS - next repoID: 7080868
18:18:11 GiPyS - next repoID: 7080892
18:18:19 GiPyS - next repoID: 7080910
18:18:22 GiPyS - next repoID: 7080914
18:18:27 GiPyS - next repoID: 7080915
18:19:07 GiPyS - next repoID: 7080924
18:21:51 GiPyS - next repoID: 7080927
18:21:57 GiPyS - next repoID: 7080937
18:22:45 GiPyS - next repoID: 7080953
18:22:50 GiPyS - next repoID: 7080978
18:22:59 GiPyS - next repoID: 7080998
18:25:51 GiPyS - next repoID: 7081014
18:26:19 GiPyS - next repoID: 7081018
18:26:28 GiPyS - next repoID: 7081044
18:26:32 GiPyS - next repoID: 7081063
18:26:40 GiPyS - next repoID: 7081069
18:26:43 GiPyS - next repoID: 7081086
18:27:36 GiPyS - next repoID: 7081109
18:29:18 GiPyS - next repoID: 7081114
18:29:21 GiPyS - next repoID: 7081159
18:29:32 GiPyS - next repoID: 7081209
18:29:39 GiPyS - next repoID: 7081210
18:29:42 GiPyS - next repoID: 7081246
18:30:35 GiPyS - next repoID: 7081302
18:30:57 GiPyS - next repoID: 7081304
18:31:48 GiPyS - next repoID: 7081320
18:32:00 GiPyS - next repoID: 7081323
18:32:21 GiPyS - next repoID: 7081356
18:32:31 GiPyS - next repoID: 7081362
18:32:47 GiPyS - next repoID: 7081372
18:32:56 GiPyS - next repoID: 7081383
18:33:07 GiPyS - next repoID: 7081390
18:33:13 GiPyS - next repoID: 7081416
18:35:46 GiPyS - next repoID: 7081448
18:36:03 GiPyS - next repoID: 7081476
18:36:19 GiPyS - next repoID: 7081477
18:36:24 GiPyS - next repoID: 7081517
18:36:31 GiPyS - next repoID: 7081538
18:36:37 GiPyS - next repoID: 7081556
18:36:39 Touri - tour, SCAN_cskc0  has been cancelled by the host with EXCEPTION:KeyboardInterrupt
18:36:39 Touri - tour, SCAN_cskc0 Tour Canceled: True
18:36:39 Touri - tour, SCAN_cskc0 FINAL STATE: CANCELLED after scanning 163 sources containing Python out of 2300 total sources observed
