17:47:13 Depot - ***************init Depot**********.
17:47:13 initialized GithubPythonSourcer with rewinder_type: 20Commits email: investigationbot@gmail.com first: 2883584 stop:3145727
17:47:49 GiPyS - next repoID: 2883603
17:47:51 GiPyS - next repoID: 2883609
17:47:54 GiPyS - next repoID: 2883622
17:47:55 GiPyS - next repoID: 2883653
17:48:18 GiPyS - next repoID: 2883677
17:50:33 GiPyS - next repoID: 2883716
17:50:35 GiPyS - next repoID: 2883725
17:50:36 GiPyS - next repoID: 2883746
17:50:40 GiPyS - next repoID: 2883750
17:50:49 GiPyS - next repoID: 2883804
17:50:52 GiPyS - next repoID: 2883805
17:51:45 GiPyS - next repoID: 2883815
17:51:48 GiPyS - next repoID: 2883844
17:51:52 GiPyS - next repoID: 2883845
17:51:54 GiPyS - next repoID: 2883893
17:51:55 GiPyS - next repoID: 2883922
17:51:57 GiPyS - next repoID: 2883949
17:52:00 GiPyS - next repoID: 2883955
17:52:03 GiPyS - next repoID: 2883975
17:52:04 GiPyS - next repoID: 2883988
17:52:53 GiPyS - next repoID: 2884025
17:53:22 GiPyS - next repoID: 2884030
17:53:34 GiPyS - next repoID: 2884122
17:53:37 GiPyS - next repoID: 2884132
17:53:39 GiPyS - next repoID: 2884191
17:54:47 GiPyS - next repoID: 2884193
17:54:52 GiPyS - next repoID: 2884204
17:55:00 GiPyS - next repoID: 2884218
17:55:02 GiPyS - next repoID: 2884225
17:55:43 GiPyS - next repoID: 2884250
17:55:46 GiPyS - next repoID: 2884276
17:55:47 GiPyS - next repoID: 2884291
17:55:50 GiPyS - next repoID: 2884296
17:55:54 GiPyS - next repoID: 2884311
17:55:57 GiPyS - next repoID: 2884317
17:55:58 GiPyS - next repoID: 2884332
17:56:06 GiPyS - next repoID: 2884392
17:56:46 GiPyS - next repoID: 2884500
17:56:48 GiPyS - next repoID: 2884581
17:56:55 GiPyS - next repoID: 2884598
17:56:57 GiPyS - next repoID: 2884603
17:58:36 GiPyS - next repoID: 2884649
17:58:41 GiPyS - next repoID: 2884763
17:58:50 GiPyS - next repoID: 2884770
17:58:52 GiPyS - next repoID: 2884800
17:58:55 GiPyS - next repoID: 2884811
17:58:57 GiPyS - next repoID: 2884831
17:59:48 GiPyS - get_json, Giving up on url https://api.github.com/repos/SteMo/Smartphone-Security/languages after 5 attempts
17:59:55 GiPyS - next repoID: 2884851
17:59:58 GiPyS - next repoID: 2884858
18:00:08 GiPyS - next repoID: 2884865
18:00:10 GiPyS - next repoID: 2884879
18:00:14 GiPyS - next repoID: 2884883
18:00:15 GiPyS - next repoID: 2884889
18:00:21 GiPyS - next repoID: 2884935
18:00:24 GiPyS - next repoID: 2884983
18:00:32 GiPyS - next repoID: 2884988
18:00:44 GiPyS - next repoID: 2885001
18:00:45 GiPyS - next repoID: 2885009
18:00:50 GiPyS - next repoID: 2885014
18:00:55 GiPyS - next repoID: 2885034
18:01:03 GiPyS - next repoID: 2885042
18:01:06 GiPyS - next repoID: 2885047
18:01:08 GiPyS - next repoID: 2885054
18:01:55 GiPyS - next repoID: 2885058
18:01:57 GiPyS - next repoID: 2885061
18:03:08 GiPyS - next repoID: 2885076
18:04:05 GiPyS - next repoID: 2885103
18:04:07 GiPyS - next repoID: 2885163
18:04:22 GiPyS - next repoID: 2885173
18:04:25 GiPyS - next repoID: 2885234
18:04:26 GiPyS - next repoID: 2885251
18:04:30 GiPyS - next repoID: 2885258
18:05:53 GiPyS - next repoID: 2885277
18:06:02 GiPyS - next repoID: 2885285
18:06:04 GiPyS - next repoID: 2885287
18:06:49 GiPyS - next repoID: 2885300
18:07:01 GiPyS - next repoID: 2885302
18:07:04 GiPyS - next repoID: 2885348
18:07:07 GiPyS - next repoID: 2885349
18:07:10 GiPyS - next repoID: 2885352
18:07:13 GiPyS - next repoID: 2885353
18:07:17 GiPyS - next repoID: 2885370
18:07:40 GiPyS - next repoID: 2885376
18:08:04 GiPyS - next repoID: 2885420
18:08:08 GiPyS - next repoID: 2885436
18:08:38 GiPyS - next repoID: 2885487
18:08:43 GiPyS - next repoID: 2885488
18:09:22 GiPyS - next repoID: 2885500
18:09:25 GiPyS - next repoID: 2885503
18:10:21 GiPyS - next repoID: 2885522
18:12:10 GiPyS - next repoID: 2885545
18:12:18 GiPyS - next repoID: 2885565
18:12:20 GiPyS - next repoID: 2885671
18:13:02 GiPyS - next repoID: 2885672
18:13:17 GiPyS - next repoID: 2885679
18:13:21 GiPyS - next repoID: 2885715
18:13:30 GiPyS - next repoID: 2885758
18:13:38 GiPyS - next repoID: 2885801
18:13:40 GiPyS - next repoID: 2885802
18:13:48 GiPyS - next repoID: 2885844
18:14:58 GiPyS - next repoID: 2885882
18:15:08 GiPyS - next repoID: 2885919
18:15:10 GiPyS - next repoID: 2885923
18:15:25 GiPyS - next repoID: 2885951
18:15:35 GiPyS - next repoID: 2885952
18:16:08 GiPyS - next repoID: 2885973
18:16:16 GiPyS - next repoID: 2886004
18:16:21 GiPyS - next repoID: 2886012
18:16:26 GiPyS - next repoID: 2886034
18:18:11 GiPyS - next repoID: 2886093
18:19:02 GiPyS - next repoID: 2886097
18:19:10 GiPyS - next repoID: 2886100
18:19:14 GiPyS - next repoID: 2886104
18:19:22 GiPyS - next repoID: 2886129
18:19:34 GiPyS - next repoID: 2886162
18:19:41 GiPyS - next repoID: 2886180
18:19:49 GiPyS - next repoID: 2886189
18:19:57 GiPyS - next repoID: 2886214
18:20:08 GiPyS - next repoID: 2886225
18:20:20 GiPyS - next repoID: 2886233
18:20:31 GiPyS - next repoID: 2886246
18:20:36 GiPyS - next repoID: 2886249
18:20:40 GiPyS - next repoID: 2886256
18:20:49 GiPyS - next repoID: 2886262
18:20:54 GiPyS - next repoID: 2886302
18:26:27 GiPyS - next repoID: 2886319
18:26:31 GiPyS - next repoID: 2886331
18:26:37 GiPyS - next repoID: 2886345
18:26:39 GiPyS - next repoID: 2886384
18:26:46 GiPyS - next repoID: 2886400
18:26:51 GiPyS - next repoID: 2886408
18:26:54 GiPyS - next repoID: 2886419
18:27:00 GiPyS - next repoID: 2886445
18:27:28 GiPyS - next repoID: 2886447
18:27:32 GiPyS - next repoID: 2886449
18:27:35 GiPyS - next repoID: 2886462
18:28:59 GiPyS - next repoID: 2886524
18:29:48 GiPyS - next repoID: 2886530
18:33:40 GiPyS - next repoID: 2886532
18:34:38 GiPyS - next repoID: 2886545
18:34:39 Touri - tour, SCAN_9mcp3  has been cancelled by the host with EXCEPTION:KeyboardInterrupt
18:34:39 Touri - tour, SCAN_9mcp3 Tour Canceled: True
18:34:39 Touri - tour, SCAN_9mcp3 FINAL STATE: CANCELLED after scanning 139 sources containing Python out of 1500 total sources observed
