Thu, 19 Mar 18:33:13 DEBUG-filePathSet content: ['little_surprise/public/javascripts/fckeditor/fckeditor.py', 'little_surprise/public/javascripts/fckeditor/_samples/py/sampleposteddata.py', 'little_surprise/public/javascripts/fckeditor/_samples/py/sample01.py', 'little_surprise/public/javascripts/fckeditor/editor/filemanager/connectors/py/upload.py', 'little_surprise/public/javascripts/fckeditor/editor/filemanager/connectors/py/fckoutput.py', 'little_surprise/public/javascripts/fckeditor/editor/filemanager/connectors/py/fckcommands.py', 'little_surprise/public/javascripts/fckeditor/editor/filemanager/connectors/py/zope.py', 'little_surprise/public/javascripts/fckeditor/editor/filemanager/connectors/py/fckutil.py', 'little_surprise/public/javascripts/fckeditor/editor/filemanager/connectors/py/connector.py', 'little_surprise/public/javascripts/fckeditor/editor/filemanager/connectors/py/fckconnector.py', 'little_surprise/public/javascripts/fckeditor/editor/filemanager/connectors/py/config.py', 'little_surprise/public/javascripts/fckeditor/editor/filemanager/connectors/py/wsgi.py']
Thu, 19 Mar 18:33:13 INFO-Touri - done w/ID 63 nFiles: 12 nCites: 4
Thu, 19 Mar 18:33:13 DEBUG-PyReS - incrementing filesPerProject: 12
Thu, 19 Mar 18:33:13 DEBUG-GiPyS - next since: 525668 len(repos): 9
Thu, 19 Mar 18:33:13 CRITICAL-GiPyS - next repoID: 525684
Thu, 19 Mar 18:33:13 DEBUG-GiPyS - get_json Success, url: https://api.github.com/repositories/525684 limit_remaining: 4125
Thu, 19 Mar 18:33:13 DEBUG-GiPyS - nCoGiRe - default branch name: master since: 525684 len(repos): 8
Thu, 19 Mar 18:33:13 INFO-<Command '/bin/rm -r ./little_...(8 more)' call_args {'bg': False, 'timeo...(575 more)>: starting process
Thu, 19 Mar 18:33:13 DEBUG-<Command '/bin/rm -r ./little_...(8 more)' call_args {'bg': False, 'timeo...(575 more)>.<Process 1308 ['/bin/rm', '-r', './little_surprise']>: started process
Thu, 19 Mar 18:33:13 DEBUG-<Command '/bin/rm -r ./little_...(8 more)' call_args {'bg': False, 'timeo...(575 more)>.<Process 1308 ['/bin/rm', '-r', './little_surprise']>.stdin: parsed stdin as a queue
Thu, 19 Mar 18:33:13 DEBUG-<Command '/bin/rm -r ./little_...(8 more)' call_args {'bg': False, 'timeo...(575 more)>.<Process 1308 ['/bin/rm', '-r', './little_surprise']>: <sh.StreamWriter object at 0x8c807a50> ready for more input
Thu, 19 Mar 18:33:13 DEBUG-<Command '/bin/rm -r ./little_...(8 more)' call_args {'bg': False, 'timeo...(575 more)>.<Process 1308 ['/bin/rm', '-r', './little_surprise']>: acquiring wait lock to wait for completion
Thu, 19 Mar 18:33:13 DEBUG-<Command '/bin/rm -r ./little_...(8 more)' call_args {'bg': False, 'timeo...(575 more)>.<Process 1308 ['/bin/rm', '-r', './little_surprise']>: got wait lock
Thu, 19 Mar 18:33:13 DEBUG-<Command '/bin/rm -r ./little_...(8 more)' call_args {'bg': False, 'timeo...(575 more)>.<Process 1308 ['/bin/rm', '-r', './little_surprise']>: exit code not set, waiting on pid
Thu, 19 Mar 18:33:13 DEBUG-<Command '/bin/rm -r ./little_...(8 more)' call_args {'bg': False, 'timeo...(575 more)>.<Process 1308 ['/bin/rm', '-r', './little_surprise']>.stdin: received no data
Thu, 19 Mar 18:33:13 DEBUG-<Command '/bin/rm -r ./little_...(8 more)' call_args {'bg': False, 'timeo...(575 more)>.<Process 1308 ['/bin/rm', '-r', './little_surprise']>: <sh.StreamWriter object at 0x8c807a50> ready for more input
Thu, 19 Mar 18:33:13 DEBUG-<Command '/bin/rm -r ./little_...(8 more)' call_args {'bg': False, 'timeo...(575 more)>.<Process 1308 ['/bin/rm', '-r', './little_surprise']>.stdin: received no data
Thu, 19 Mar 18:33:13 DEBUG-<Command '/bin/rm -r ./little_...(8 more)' call_args {'bg': False, 'timeo...(575 more)>.<Process 1308 ['/bin/rm', '-r', './little_surprise']>: <sh.StreamWriter object at 0x8c807a50> ready for more input
Thu, 19 Mar 18:33:13 DEBUG-<Command '/bin/rm -r ./little_...(8 more)' call_args {'bg': False, 'timeo...(575 more)>.<Process 1308 ['/bin/rm', '-r', './little_surprise']>.stdin: received no data
Thu, 19 Mar 18:33:13 DEBUG-<Command '/bin/rm -r ./little_...(8 more)' call_args {'bg': False, 'timeo...(575 more)>.<Process 1308 ['/bin/rm', '-r', './little_surprise']>: <sh.StreamWriter object at 0x8c807a50> ready for more input
Thu, 19 Mar 18:33:13 DEBUG-<Command '/bin/rm -r ./little_...(8 more)' call_args {'bg': False, 'timeo...(575 more)>.<Process 1308 ['/bin/rm', '-r', './little_surprise']>.stdin: received no data
Thu, 19 Mar 18:33:13 DEBUG-<Command '/bin/rm -r ./little_...(8 more)' call_args {'bg': False, 'timeo...(575 more)>.<Process 1308 ['/bin/rm', '-r', './little_surprise']>: <sh.StreamWriter object at 0x8c807a50> ready for more input
Thu, 19 Mar 18:33:13 DEBUG-<Command '/bin/rm -r ./little_...(8 more)' call_args {'bg': False, 'timeo...(575 more)>.<Process 1308 ['/bin/rm', '-r', './little_surprise']>.stdin: received no data
Thu, 19 Mar 18:33:13 DEBUG-<Command '/bin/rm -r ./little_...(8 more)' call_args {'bg': False, 'timeo...(575 more)>.<Process 1308 ['/bin/rm', '-r', './little_surprise']>: <sh.StreamWriter object at 0x8c807a50> ready for more input
Thu, 19 Mar 18:33:13 DEBUG-<Command '/bin/rm -r ./little_...(8 more)' call_args {'bg': False, 'timeo...(575 more)>.<Process 1308 ['/bin/rm', '-r', './little_surprise']>.stdin: received no data
Thu, 19 Mar 18:33:13 DEBUG-<Command '/bin/rm -r ./little_...(8 more)' call_args {'bg': False, 'timeo...(575 more)>.<Process 1308 ['/bin/rm', '-r', './little_surprise']>: <sh.StreamWriter object at 0x8c807a50> ready for more input
Thu, 19 Mar 18:33:13 DEBUG-<Command '/bin/rm -r ./little_...(8 more)' call_args {'bg': False, 'timeo...(575 more)>.<Process 1308 ['/bin/rm', '-r', './little_surprise']>.stdin: received no data
Thu, 19 Mar 18:33:13 DEBUG-<Command '/bin/rm -r ./little_...(8 more)' call_args {'bg': False, 'timeo...(575 more)>.<Process 1308 ['/bin/rm', '-r', './little_surprise']>: <sh.StreamWriter object at 0x8c807a50> ready for more input
Thu, 19 Mar 18:33:13 DEBUG-<Command '/bin/rm -r ./little_...(8 more)' call_args {'bg': False, 'timeo...(575 more)>.<Process 1308 ['/bin/rm', '-r', './little_surprise']>.stdin: received no data
Thu, 19 Mar 18:33:13 DEBUG-<Command '/bin/rm -r ./little_...(8 more)' call_args {'bg': False, 'timeo...(575 more)>.<Process 1308 ['/bin/rm', '-r', './little_surprise']>: <sh.StreamWriter object at 0x8c807a50> ready for more input
Thu, 19 Mar 18:33:13 DEBUG-<Command '/bin/rm -r ./little_...(8 more)' call_args {'bg': False, 'timeo...(575 more)>.<Process 1308 ['/bin/rm', '-r', './little_surprise']>.stdin: received no data
Thu, 19 Mar 18:33:13 DEBUG-<Command '/bin/rm -r ./little_...(8 more)' call_args {'bg': False, 'timeo...(575 more)>.<Process 1308 ['/bin/rm', '-r', './little_surprise']>: <sh.StreamWriter object at 0x8c807a50> ready for more input
Thu, 19 Mar 18:33:13 DEBUG-<Command '/bin/rm -r ./little_...(8 more)' call_args {'bg': False, 'timeo...(575 more)>.<Process 1308 ['/bin/rm', '-r', './little_surprise']>.stdin: received no data
Thu, 19 Mar 18:33:13 DEBUG-<Command '/bin/rm -r ./little_...(8 more)' call_args {'bg': False, 'timeo...(575 more)>.<Process 1308 ['/bin/rm', '-r', './little_surprise']>: <sh.StreamWriter object at 0x8c807a50> ready for more input
Thu, 19 Mar 18:33:13 DEBUG-<Command '/bin/rm -r ./little_...(8 more)' call_args {'bg': False, 'timeo...(575 more)>.<Process 1308 ['/bin/rm', '-r', './little_surprise']>.stdin: received no data
Thu, 19 Mar 18:33:13 DEBUG-<Command '/bin/rm -r ./little_...(8 more)' call_args {'bg': False, 'timeo...(575 more)>.<Process 1308 ['/bin/rm', '-r', './little_surprise']>: <sh.StreamWriter object at 0x8c807a50> ready for more input
Thu, 19 Mar 18:33:13 DEBUG-<Command '/bin/rm -r ./little_...(8 more)' call_args {'bg': False, 'timeo...(575 more)>.<Process 1308 ['/bin/rm', '-r', './little_surprise']>: <sh.StreamReader object at 0x8c807710> ready to be read from
Thu, 19 Mar 18:33:13 DEBUG-<Command '/bin/rm -r ./little_...(8 more)' call_args {'bg': False, 'timeo...(575 more)>.<Process 1308 ['/bin/rm', '-r', './little_surprise']>.stdout: got errno 5, done reading
Thu, 19 Mar 18:33:13 DEBUG-<Command '/bin/rm -r ./little_...(8 more)' call_args {'bg': False, 'timeo...(575 more)>.<Process 1308 ['/bin/rm', '-r', './little_surprise']>: <sh.StreamReader object at 0x8c807c10> ready to be read from
Thu, 19 Mar 18:33:13 DEBUG-got no chunk, done reading
Thu, 19 Mar 18:33:13 DEBUG-acquiring buffering lock for flushing buffer
Thu, 19 Mar 18:33:13 DEBUG-got buffering lock for flushing buffer
Thu, 19 Mar 18:33:13 DEBUG-released buffering lock for flushing buffer
Thu, 19 Mar 18:33:13 DEBUG-<Command '/bin/rm -r ./little_...(8 more)' call_args {'bg': False, 'timeo...(575 more)>.<Process 1308 ['/bin/rm', '-r', './little_surprise']>.stdout: got chunk size 0 to flush: ''
Thu, 19 Mar 18:33:13 DEBUG-acquiring buffering lock for flushing buffer
Thu, 19 Mar 18:33:13 DEBUG-got buffering lock for flushing buffer
Thu, 19 Mar 18:33:13 DEBUG-released buffering lock for flushing buffer
Thu, 19 Mar 18:33:13 DEBUG-got chunk size 0 to flush: ''
Thu, 19 Mar 18:33:13 DEBUG-<Command '/bin/rm -r ./little_...(8 more)' call_args {'bg': False, 'timeo...(575 more)>.<Process 1308 ['/bin/rm', '-r', './little_surprise']>.stdin: received no data
Thu, 19 Mar 18:33:13 DEBUG-<Command '/bin/rm -r ./little_...(8 more)' call_args {'bg': False, 'timeo...(575 more)>.<Process 1308 ['/bin/rm', '-r', './little_surprise']>.stdin: closing, but flushing first
Thu, 19 Mar 18:33:13 DEBUG-acquiring buffering lock for flushing buffer
Thu, 19 Mar 18:33:13 DEBUG-got buffering lock for flushing buffer
Thu, 19 Mar 18:33:13 DEBUG-released buffering lock for flushing buffer
Thu, 19 Mar 18:33:13 DEBUG-<Command '/bin/rm -r ./little_...(8 more)' call_args {'bg': False, 'timeo...(575 more)>.<Process 1308 ['/bin/rm', '-r', './little_surprise']>.stdin: got chunk size 0 to flush: ''
Thu, 19 Mar 18:33:13 DEBUG-<Command '/bin/rm -r ./little_...(8 more)' call_args {'bg': False, 'timeo...(575 more)>.<Process 1308 ['/bin/rm', '-r', './little_surprise']>.stdin: we used a TTY, so closing the stream
Thu, 19 Mar 18:33:13 WARNING-GiPyS - nCoGiRe, cloning repository with url: https://github.com/simogeo/Filemanager.git into path: /home/carl/Documents/SoftwareProjects/tour_de_source/clones/bib/tour_de_source3/repo/ this may take some time...
Thu, 19 Mar 18:33:17 INFO-Touri - tour, SCAN_10fpc now has rewinder: GitRe - log, type: 20Commits ID: ci9r44heg uniqueSourceID: 63 sha: initialized
Thu, 19 Mar 18:33:18 DEBUG-PyReS - scanDirectory, path: /home/carl/Documents/SoftwareProjects/tour_de_source/clones/bib/tour_de_source3/repo/ uniqueSourceID: 63 scanBeginS: 1426807998 report_db: /home/carl/Documents/SoftwareProjects/tour_de_source/clones/bib/tour_de_source3/data/R1426805189_10fpc.db sourceJSON: {"data": {"sha": "53bcae957adb00977044058d2fd94cbba969a32e", "commitS": "1426106391"}, "meta": {"clone_url": "https://github.com/simogeo/Filemanager.git", "default_branch": "master", "repoID": "525684", "name": "Filemanager"}, "type": "Github"}
Thu, 19 Mar 18:33:19 INFO-PyReS - finished scanning project.  nDuplicates: 0 uniqueSourceID: 63 sourceJSON: {"data": {"sha": "53bcae957adb00977044058d2fd94cbba969a32e", "commitS": "1426106391"}, "meta": {"clone_url": "https://github.com/simogeo/Filemanager.git", "default_branch": "master", "repoID": "525684", "name": "Filemanager"}, "type": "Github"}
Thu, 19 Mar 18:33:19 DEBUG-PyReS - scanDirectory, path: /home/carl/Documents/SoftwareProjects/tour_de_source/clones/bib/tour_de_source3/repo/ uniqueSourceID: 63 scanBeginS: 1426807999 report_db: /home/carl/Documents/SoftwareProjects/tour_de_source/clones/bib/tour_de_source3/data/R1426805189_10fpc.db sourceJSON: {"data": {"sha": "2d49d37dd5edb5c373d44ee4bd09fcfae15c52bc", "commitS": "1418214535"}, "meta": {"clone_url": "https://github.com/simogeo/Filemanager.git", "default_branch": "master", "repoID": "525684", "name": "Filemanager"}, "type": "Github"}
Thu, 19 Mar 18:33:19 INFO-PyReS - finished scanning project.  nDuplicates: 3 uniqueSourceID: 63 sourceJSON: {"data": {"sha": "2d49d37dd5edb5c373d44ee4bd09fcfae15c52bc", "commitS": "1418214535"}, "meta": {"clone_url": "https://github.com/simogeo/Filemanager.git", "default_branch": "master", "repoID": "525684", "name": "Filemanager"}, "type": "Github"}
Thu, 19 Mar 18:33:20 DEBUG-PyReS - scanDirectory, path: /home/carl/Documents/SoftwareProjects/tour_de_source/clones/bib/tour_de_source3/repo/ uniqueSourceID: 63 scanBeginS: 1426808000 report_db: /home/carl/Documents/SoftwareProjects/tour_de_source/clones/bib/tour_de_source3/data/R1426805189_10fpc.db sourceJSON: {"data": {"sha": "6d8072a26697fa5152792fc39923c17df9211517", "commitS": "1416503222"}, "meta": {"clone_url": "https://github.com/simogeo/Filemanager.git", "default_branch": "master", "repoID": "525684", "name": "Filemanager"}, "type": "Github"}
Thu, 19 Mar 18:33:20 INFO-PyReS - finished scanning project.  nDuplicates: 3 uniqueSourceID: 63 sourceJSON: {"data": {"sha": "6d8072a26697fa5152792fc39923c17df9211517", "commitS": "1416503222"}, "meta": {"clone_url": "https://github.com/simogeo/Filemanager.git", "default_branch": "master", "repoID": "525684", "name": "Filemanager"}, "type": "Github"}
Thu, 19 Mar 18:33:20 DEBUG-PyReS - scanDirectory, path: /home/carl/Documents/SoftwareProjects/tour_de_source/clones/bib/tour_de_source3/repo/ uniqueSourceID: 63 scanBeginS: 1426808000 report_db: /home/carl/Documents/SoftwareProjects/tour_de_source/clones/bib/tour_de_source3/data/R1426805189_10fpc.db sourceJSON: {"data": {"sha": "b7aeca655a75eb7cfc598c1d6b55fd1351babbf6", "commitS": "1399492077"}, "meta": {"clone_url": "https://github.com/simogeo/Filemanager.git", "default_branch": "master", "repoID": "525684", "name": "Filemanager"}, "type": "Github"}
Thu, 19 Mar 18:33:20 INFO-PyReS - finished scanning project.  nDuplicates: 3 uniqueSourceID: 63 sourceJSON: {"data": {"sha": "b7aeca655a75eb7cfc598c1d6b55fd1351babbf6", "commitS": "1399492077"}, "meta": {"clone_url": "https://github.com/simogeo/Filemanager.git", "default_branch": "master", "repoID": "525684", "name": "Filemanager"}, "type": "Github"}
Thu, 19 Mar 18:33:20 DEBUG-PyReS - scanDirectory, path: /home/carl/Documents/SoftwareProjects/tour_de_source/clones/bib/tour_de_source3/repo/ uniqueSourceID: 63 scanBeginS: 1426808000 report_db: /home/carl/Documents/SoftwareProjects/tour_de_source/clones/bib/tour_de_source3/data/R1426805189_10fpc.db sourceJSON: {"data": {"sha": "e93df8ab0eabbdd6b4e549d5c28d9f40397db400", "commitS": "1395936377"}, "meta": {"clone_url": "https://github.com/simogeo/Filemanager.git", "default_branch": "master", "repoID": "525684", "name": "Filemanager"}, "type": "Github"}
Thu, 19 Mar 18:33:21 INFO-PyReS - finished scanning project.  nDuplicates: 3 uniqueSourceID: 63 sourceJSON: {"data": {"sha": "e93df8ab0eabbdd6b4e549d5c28d9f40397db400", "commitS": "1395936377"}, "meta": {"clone_url": "https://github.com/simogeo/Filemanager.git", "default_branch": "master", "repoID": "525684", "name": "Filemanager"}, "type": "Github"}
Thu, 19 Mar 18:33:21 DEBUG-PyReS - scanDirectory, path: /home/carl/Documents/SoftwareProjects/tour_de_source/clones/bib/tour_de_source3/repo/ uniqueSourceID: 63 scanBeginS: 1426808001 report_db: /home/carl/Documents/SoftwareProjects/tour_de_source/clones/bib/tour_de_source3/data/R1426805189_10fpc.db sourceJSON: {"data": {"sha": "aa5fad78550dca3d2c6ad464329106de60d937cb", "commitS": "1392289379"}, "meta": {"clone_url": "https://github.com/simogeo/Filemanager.git", "default_branch": "master", "repoID": "525684", "name": "Filemanager"}, "type": "Github"}
Thu, 19 Mar 18:33:21 INFO-PyReS - finished scanning project.  nDuplicates: 3 uniqueSourceID: 63 sourceJSON: {"data": {"sha": "aa5fad78550dca3d2c6ad464329106de60d937cb", "commitS": "1392289379"}, "meta": {"clone_url": "https://github.com/simogeo/Filemanager.git", "default_branch": "master", "repoID": "525684", "name": "Filemanager"}, "type": "Github"}
Thu, 19 Mar 18:33:21 DEBUG-PyReS - scanDirectory, path: /home/carl/Documents/SoftwareProjects/tour_de_source/clones/bib/tour_de_source3/repo/ uniqueSourceID: 63 scanBeginS: 1426808001 report_db: /home/carl/Documents/SoftwareProjects/tour_de_source/clones/bib/tour_de_source3/data/R1426805189_10fpc.db sourceJSON: {"data": {"sha": "1e5faeeb8754ba99473bf804a0b6cb38affabc81", "commitS": "1385975838"}, "meta": {"clone_url": "https://github.com/simogeo/Filemanager.git", "default_branch": "master", "repoID": "525684", "name": "Filemanager"}, "type": "Github"}
Thu, 19 Mar 18:33:21 INFO-PyReS - finished scanning project.  nDuplicates: 3 uniqueSourceID: 63 sourceJSON: {"data": {"sha": "1e5faeeb8754ba99473bf804a0b6cb38affabc81", "commitS": "1385975838"}, "meta": {"clone_url": "https://github.com/simogeo/Filemanager.git", "default_branch": "master", "repoID": "525684", "name": "Filemanager"}, "type": "Github"}
Thu, 19 Mar 18:33:22 DEBUG-PyReS - scanDirectory, path: /home/carl/Documents/SoftwareProjects/tour_de_source/clones/bib/tour_de_source3/repo/ uniqueSourceID: 63 scanBeginS: 1426808002 report_db: /home/carl/Documents/SoftwareProjects/tour_de_source/clones/bib/tour_de_source3/data/R1426805189_10fpc.db sourceJSON: {"data": {"sha": "911bb3f59a658567ead3fec8b0505b39606e7f1c", "commitS": "1376655335"}, "meta": {"clone_url": "https://github.com/simogeo/Filemanager.git", "default_branch": "master", "repoID": "525684", "name": "Filemanager"}, "type": "Github"}
Thu, 19 Mar 18:33:22 INFO-PyReS - finished scanning project.  nDuplicates: 1 uniqueSourceID: 63 sourceJSON: {"data": {"sha": "911bb3f59a658567ead3fec8b0505b39606e7f1c", "commitS": "1376655335"}, "meta": {"clone_url": "https://github.com/simogeo/Filemanager.git", "default_branch": "master", "repoID": "525684", "name": "Filemanager"}, "type": "Github"}
Thu, 19 Mar 18:33:22 DEBUG-PyReS - scanDirectory, path: /home/carl/Documents/SoftwareProjects/tour_de_source/clones/bib/tour_de_source3/repo/ uniqueSourceID: 63 scanBeginS: 1426808002 report_db: /home/carl/Documents/SoftwareProjects/tour_de_source/clones/bib/tour_de_source3/data/R1426805189_10fpc.db sourceJSON: {"data": {"sha": "50d5a3f60380f84c69107f18d7c1c30a2e09169d", "commitS": "1369060577"}, "meta": {"clone_url": "https://github.com/simogeo/Filemanager.git", "default_branch": "master", "repoID": "525684", "name": "Filemanager"}, "type": "Github"}
Thu, 19 Mar 18:33:22 INFO-PyReS - finished scanning project.  nDuplicates: 1 uniqueSourceID: 63 sourceJSON: {"data": {"sha": "50d5a3f60380f84c69107f18d7c1c30a2e09169d", "commitS": "1369060577"}, "meta": {"clone_url": "https://github.com/simogeo/Filemanager.git", "default_branch": "master", "repoID": "525684", "name": "Filemanager"}, "type": "Github"}
Thu, 19 Mar 18:33:22 DEBUG-PyReS - scanDirectory, path: /home/carl/Documents/SoftwareProjects/tour_de_source/clones/bib/tour_de_source3/repo/ uniqueSourceID: 63 scanBeginS: 1426808002 report_db: /home/carl/Documents/SoftwareProjects/tour_de_source/clones/bib/tour_de_source3/data/R1426805189_10fpc.db sourceJSON: {"data": {"sha": "386ffe10c8bdd2afa74421d54e1ab142ec1bfaa5", "commitS": "1360856139"}, "meta": {"clone_url": "https://github.com/simogeo/Filemanager.git", "default_branch": "master", "repoID": "525684", "name": "Filemanager"}, "type": "Github"}
Thu, 19 Mar 18:33:22 INFO-PyReS - finished scanning project.  nDuplicates: 1 uniqueSourceID: 63 sourceJSON: {"data": {"sha": "386ffe10c8bdd2afa74421d54e1ab142ec1bfaa5", "commitS": "1360856139"}, "meta": {"clone_url": "https://github.com/simogeo/Filemanager.git", "default_branch": "master", "repoID": "525684", "name": "Filemanager"}, "type": "Github"}
Thu, 19 Mar 18:33:22 DEBUG-PyReS - scanDirectory, path: /home/carl/Documents/SoftwareProjects/tour_de_source/clones/bib/tour_de_source3/repo/ uniqueSourceID: 63 scanBeginS: 1426808002 report_db: /home/carl/Documents/SoftwareProjects/tour_de_source/clones/bib/tour_de_source3/data/R1426805189_10fpc.db sourceJSON: {"data": {"sha": "61750f104b1a779d9c9065bf568a8fe396469012", "commitS": "1360191913"}, "meta": {"clone_url": "https://github.com/simogeo/Filemanager.git", "default_branch": "master", "repoID": "525684", "name": "Filemanager"}, "type": "Github"}
Thu, 19 Mar 18:33:22 INFO-PyReS - finished scanning project.  nDuplicates: 1 uniqueSourceID: 63 sourceJSON: {"data": {"sha": "61750f104b1a779d9c9065bf568a8fe396469012", "commitS": "1360191913"}, "meta": {"clone_url": "https://github.com/simogeo/Filemanager.git", "default_branch": "master", "repoID": "525684", "name": "Filemanager"}, "type": "Github"}
Thu, 19 Mar 18:33:23 DEBUG-PyReS - scanDirectory, path: /home/carl/Documents/SoftwareProjects/tour_de_source/clones/bib/tour_de_source3/repo/ uniqueSourceID: 63 scanBeginS: 1426808003 report_db: /home/carl/Documents/SoftwareProjects/tour_de_source/clones/bib/tour_de_source3/data/R1426805189_10fpc.db sourceJSON: {"data": {"sha": "c8628e77ca84b9cc5a18bd0161cd856696b128a5", "commitS": "1352922815"}, "meta": {"clone_url": "https://github.com/simogeo/Filemanager.git", "default_branch": "master", "repoID": "525684", "name": "Filemanager"}, "type": "Github"}
Thu, 19 Mar 18:33:23 INFO-PyReS - finished scanning project.  nDuplicates: 1 uniqueSourceID: 63 sourceJSON: {"data": {"sha": "c8628e77ca84b9cc5a18bd0161cd856696b128a5", "commitS": "1352922815"}, "meta": {"clone_url": "https://github.com/simogeo/Filemanager.git", "default_branch": "master", "repoID": "525684", "name": "Filemanager"}, "type": "Github"}
Thu, 19 Mar 18:33:23 DEBUG-PyReS - scanDirectory, path: /home/carl/Documents/SoftwareProjects/tour_de_source/clones/bib/tour_de_source3/repo/ uniqueSourceID: 63 scanBeginS: 1426808003 report_db: /home/carl/Documents/SoftwareProjects/tour_de_source/clones/bib/tour_de_source3/data/R1426805189_10fpc.db sourceJSON: {"data": {"sha": "897785b7f5488309bedf8099a385f2597c9fa767", "commitS": "1338733269"}, "meta": {"clone_url": "https://github.com/simogeo/Filemanager.git", "default_branch": "master", "repoID": "525684", "name": "Filemanager"}, "type": "Github"}
Thu, 19 Mar 18:33:23 INFO-PyReS - finished scanning project.  nDuplicates: 1 uniqueSourceID: 63 sourceJSON: {"data": {"sha": "897785b7f5488309bedf8099a385f2597c9fa767", "commitS": "1338733269"}, "meta": {"clone_url": "https://github.com/simogeo/Filemanager.git", "default_branch": "master", "repoID": "525684", "name": "Filemanager"}, "type": "Github"}
Thu, 19 Mar 18:33:23 DEBUG-PyReS - scanDirectory, path: /home/carl/Documents/SoftwareProjects/tour_de_source/clones/bib/tour_de_source3/repo/ uniqueSourceID: 63 scanBeginS: 1426808003 report_db: /home/carl/Documents/SoftwareProjects/tour_de_source/clones/bib/tour_de_source3/data/R1426805189_10fpc.db sourceJSON: {"data": {"sha": "46819e5782a3838b982111565da975d5a9113c16", "commitS": "1320612226"}, "meta": {"clone_url": "https://github.com/simogeo/Filemanager.git", "default_branch": "master", "repoID": "525684", "name": "Filemanager"}, "type": "Github"}
Thu, 19 Mar 18:33:23 INFO-PyReS - finished scanning project.  nDuplicates: 1 uniqueSourceID: 63 sourceJSON: {"data": {"sha": "46819e5782a3838b982111565da975d5a9113c16", "commitS": "1320612226"}, "meta": {"clone_url": "https://github.com/simogeo/Filemanager.git", "default_branch": "master", "repoID": "525684", "name": "Filemanager"}, "type": "Github"}
Thu, 19 Mar 18:33:23 DEBUG-PyReS - scanDirectory, path: /home/carl/Documents/SoftwareProjects/tour_de_source/clones/bib/tour_de_source3/repo/ uniqueSourceID: 63 scanBeginS: 1426808003 report_db: /home/carl/Documents/SoftwareProjects/tour_de_source/clones/bib/tour_de_source3/data/R1426805189_10fpc.db sourceJSON: {"data": {"sha": "a0f29efdf4b765014798f0da4cf7b6c2e7a7dcfd", "commitS": "1305984140"}, "meta": {"clone_url": "https://github.com/simogeo/Filemanager.git", "default_branch": "master", "repoID": "525684", "name": "Filemanager"}, "type": "Github"}
Thu, 19 Mar 18:33:23 INFO-PyReS - finished scanning project.  nDuplicates: 1 uniqueSourceID: 63 sourceJSON: {"data": {"sha": "a0f29efdf4b765014798f0da4cf7b6c2e7a7dcfd", "commitS": "1305984140"}, "meta": {"clone_url": "https://github.com/simogeo/Filemanager.git", "default_branch": "master", "repoID": "525684", "name": "Filemanager"}, "type": "Github"}
Thu, 19 Mar 18:33:24 DEBUG-PyReS - scanDirectory, path: /home/carl/Documents/SoftwareProjects/tour_de_source/clones/bib/tour_de_source3/repo/ uniqueSourceID: 63 scanBeginS: 1426808004 report_db: /home/carl/Documents/SoftwareProjects/tour_de_source/clones/bib/tour_de_source3/data/R1426805189_10fpc.db sourceJSON: {"data": {"sha": "9e5b20ccc3a69d3891d319dd1fd60466e746c9b7", "commitS": "1297447959"}, "meta": {"clone_url": "https://github.com/simogeo/Filemanager.git", "default_branch": "master", "repoID": "525684", "name": "Filemanager"}, "type": "Github"}
Thu, 19 Mar 18:33:24 INFO-PyReS - finished scanning project.  nDuplicates: 1 uniqueSourceID: 63 sourceJSON: {"data": {"sha": "9e5b20ccc3a69d3891d319dd1fd60466e746c9b7", "commitS": "1297447959"}, "meta": {"clone_url": "https://github.com/simogeo/Filemanager.git", "default_branch": "master", "repoID": "525684", "name": "Filemanager"}, "type": "Github"}
Thu, 19 Mar 18:33:24 DEBUG-PyReS - scanDirectory, path: /home/carl/Documents/SoftwareProjects/tour_de_source/clones/bib/tour_de_source3/repo/ uniqueSourceID: 63 scanBeginS: 1426808004 report_db: /home/carl/Documents/SoftwareProjects/tour_de_source/clones/bib/tour_de_source3/data/R1426805189_10fpc.db sourceJSON: {"data": {"sha": "e4921f02a0e8d45563c169ed832d2e6b9780fe5c", "commitS": "1292270267"}, "meta": {"clone_url": "https://github.com/simogeo/Filemanager.git", "default_branch": "master", "repoID": "525684", "name": "Filemanager"}, "type": "Github"}
Thu, 19 Mar 18:33:24 INFO-PyReS - finished scanning project.  nDuplicates: 1 uniqueSourceID: 63 sourceJSON: {"data": {"sha": "e4921f02a0e8d45563c169ed832d2e6b9780fe5c", "commitS": "1292270267"}, "meta": {"clone_url": "https://github.com/simogeo/Filemanager.git", "default_branch": "master", "repoID": "525684", "name": "Filemanager"}, "type": "Github"}
Thu, 19 Mar 18:33:24 DEBUG-PyReS - scanDirectory, path: /home/carl/Documents/SoftwareProjects/tour_de_source/clones/bib/tour_de_source3/repo/ uniqueSourceID: 63 scanBeginS: 1426808004 report_db: /home/carl/Documents/SoftwareProjects/tour_de_source/clones/bib/tour_de_source3/data/R1426805189_10fpc.db sourceJSON: {"data": {"sha": "368b49aac5af6f8bfbdeda80e5589917ff78c5a2", "commitS": "1284746628"}, "meta": {"clone_url": "https://github.com/simogeo/Filemanager.git", "default_branch": "master", "repoID": "525684", "name": "Filemanager"}, "type": "Github"}
Thu, 19 Mar 18:33:24 INFO-PyReS - finished scanning project.  nDuplicates: 2 uniqueSourceID: 63 sourceJSON: {"data": {"sha": "368b49aac5af6f8bfbdeda80e5589917ff78c5a2", "commitS": "1284746628"}, "meta": {"clone_url": "https://github.com/simogeo/Filemanager.git", "default_branch": "master", "repoID": "525684", "name": "Filemanager"}, "type": "Github"}
Thu, 19 Mar 18:33:24 DEBUG-PyReS - scanDirectory, path: /home/carl/Documents/SoftwareProjects/tour_de_source/clones/bib/tour_de_source3/repo/ uniqueSourceID: 63 scanBeginS: 1426808004 report_db: /home/carl/Documents/SoftwareProjects/tour_de_source/clones/bib/tour_de_source3/data/R1426805189_10fpc.db sourceJSON: {"data": {"sha": "ed60385ada118240e86ae5241b6a777f57c38334", "commitS": "1272573468"}, "meta": {"clone_url": "https://github.com/simogeo/Filemanager.git", "default_branch": "master", "repoID": "525684", "name": "Filemanager"}, "type": "Github"}
Thu, 19 Mar 18:33:24 INFO-PyReS - finished scanning project.  nDuplicates: 1 uniqueSourceID: 63 sourceJSON: {"data": {"sha": "ed60385ada118240e86ae5241b6a777f57c38334", "commitS": "1272573468"}, "meta": {"clone_url": "https://github.com/simogeo/Filemanager.git", "default_branch": "master", "repoID": "525684", "name": "Filemanager"}, "type": "Github"}
Thu, 19 Mar 18:33:25 DEBUG-PyReS - scanDirectory, path: /home/carl/Documents/SoftwareProjects/tour_de_source/clones/bib/tour_de_source3/repo/ uniqueSourceID: 63 scanBeginS: 1426808005 report_db: /home/carl/Documents/SoftwareProjects/tour_de_source/clones/bib/tour_de_source3/data/R1426805189_10fpc.db sourceJSON: {"data": {"sha": "5e6b713fa7390b08e1757748e3fd47545fa6b792", "commitS": "1266567944"}, "meta": {"clone_url": "https://github.com/simogeo/Filemanager.git", "default_branch": "master", "repoID": "525684", "name": "Filemanager"}, "type": "Github"}
Thu, 19 Mar 18:33:25 INFO-PyReS - finished scanning project.  nDuplicates: 0 uniqueSourceID: 63 sourceJSON: {"data": {"sha": "5e6b713fa7390b08e1757748e3fd47545fa6b792", "commitS": "1266567944"}, "meta": {"clone_url": "https://github.com/simogeo/Filemanager.git", "default_branch": "master", "repoID": "525684", "name": "Filemanager"}, "type": "Github"}
Thu, 19 Mar 18:33:25 DEBUG-filePathSet content: ['Filemanager/utils/generate-lang.py', 'Filemanager/utils/minify.py', 'Filemanager/connectors/python/filemanager.py', 'Filemanager/scripts/jquery.filetree/connectors/jqueryFileTree.py']
Thu, 19 Mar 18:33:25 INFO-Touri - done w/ID 64 nFiles: 4 nCites: 0
Thu, 19 Mar 18:33:25 DEBUG-PyReS - incrementing filesPerProject: 4
Thu, 19 Mar 18:33:25 DEBUG-GiPyS - next since: 525684 len(repos): 8
Thu, 19 Mar 18:33:25 CRITICAL-GiPyS - next repoID: 525778
Thu, 19 Mar 18:33:25 DEBUG-GiPyS - get_json Success, url: https://api.github.com/repositories/525778 limit_remaining: 4124
Thu, 19 Mar 18:33:25 DEBUG-GiPyS - nCoGiRe - default branch name: 0.99 since: 525778 len(repos): 7
Thu, 19 Mar 18:33:25 INFO-<Command '/bin/rm -r ./Fileman...(4 more)' call_args {'bg': False, 'timeo...(575 more)>: starting process
Thu, 19 Mar 18:33:25 DEBUG-<Command '/bin/rm -r ./Fileman...(4 more)' call_args {'bg': False, 'timeo...(575 more)>.<Process 1562 ['/bin/rm', '-r', './Filemanager']>: started process
Thu, 19 Mar 18:33:25 DEBUG-<Command '/bin/rm -r ./Fileman...(4 more)' call_args {'bg': False, 'timeo...(575 more)>.<Process 1562 ['/bin/rm', '-r', './Filemanager']>.stdin: parsed stdin as a queue
Thu, 19 Mar 18:33:25 DEBUG-<Command '/bin/rm -r ./Fileman...(4 more)' call_args {'bg': False, 'timeo...(575 more)>.<Process 1562 ['/bin/rm', '-r', './Filemanager']>: <sh.StreamWriter object at 0x8d2fca90> ready for more input
Thu, 19 Mar 18:33:25 DEBUG-<Command '/bin/rm -r ./Fileman...(4 more)' call_args {'bg': False, 'timeo...(575 more)>.<Process 1562 ['/bin/rm', '-r', './Filemanager']>: acquiring wait lock to wait for completion
Thu, 19 Mar 18:33:25 DEBUG-<Command '/bin/rm -r ./Fileman...(4 more)' call_args {'bg': False, 'timeo...(575 more)>.<Process 1562 ['/bin/rm', '-r', './Filemanager']>: got wait lock
Thu, 19 Mar 18:33:25 DEBUG-<Command '/bin/rm -r ./Fileman...(4 more)' call_args {'bg': False, 'timeo...(575 more)>.<Process 1562 ['/bin/rm', '-r', './Filemanager']>: exit code not set, waiting on pid
Thu, 19 Mar 18:33:25 DEBUG-<Command '/bin/rm -r ./Fileman...(4 more)' call_args {'bg': False, 'timeo...(575 more)>.<Process 1562 ['/bin/rm', '-r', './Filemanager']>.stdin: received no data
Thu, 19 Mar 18:33:25 DEBUG-<Command '/bin/rm -r ./Fileman...(4 more)' call_args {'bg': False, 'timeo...(575 more)>.<Process 1562 ['/bin/rm', '-r', './Filemanager']>: <sh.StreamWriter object at 0x8d2fca90> ready for more input
Thu, 19 Mar 18:33:25 DEBUG-<Command '/bin/rm -r ./Fileman...(4 more)' call_args {'bg': False, 'timeo...(575 more)>.<Process 1562 ['/bin/rm', '-r', './Filemanager']>.stdin: received no data
Thu, 19 Mar 18:33:25 DEBUG-<Command '/bin/rm -r ./Fileman...(4 more)' call_args {'bg': False, 'timeo...(575 more)>.<Process 1562 ['/bin/rm', '-r', './Filemanager']>: <sh.StreamWriter object at 0x8d2fca90> ready for more input
Thu, 19 Mar 18:33:25 DEBUG-<Command '/bin/rm -r ./Fileman...(4 more)' call_args {'bg': False, 'timeo...(575 more)>.<Process 1562 ['/bin/rm', '-r', './Filemanager']>.stdin: received no data
Thu, 19 Mar 18:33:25 DEBUG-<Command '/bin/rm -r ./Fileman...(4 more)' call_args {'bg': False, 'timeo...(575 more)>.<Process 1562 ['/bin/rm', '-r', './Filemanager']>: <sh.StreamWriter object at 0x8d2fca90> ready for more input
Thu, 19 Mar 18:33:25 DEBUG-<Command '/bin/rm -r ./Fileman...(4 more)' call_args {'bg': False, 'timeo...(575 more)>.<Process 1562 ['/bin/rm', '-r', './Filemanager']>.stdin: received no data
Thu, 19 Mar 18:33:25 DEBUG-<Command '/bin/rm -r ./Fileman...(4 more)' call_args {'bg': False, 'timeo...(575 more)>.<Process 1562 ['/bin/rm', '-r', './Filemanager']>: <sh.StreamWriter object at 0x8d2fca90> ready for more input
Thu, 19 Mar 18:33:25 DEBUG-<Command '/bin/rm -r ./Fileman...(4 more)' call_args {'bg': False, 'timeo...(575 more)>.<Process 1562 ['/bin/rm', '-r', './Filemanager']>.stdin: received no data
Thu, 19 Mar 18:33:25 DEBUG-<Command '/bin/rm -r ./Fileman...(4 more)' call_args {'bg': False, 'timeo...(575 more)>.<Process 1562 ['/bin/rm', '-r', './Filemanager']>: <sh.StreamWriter object at 0x8d2fca90> ready for more input
Thu, 19 Mar 18:33:25 DEBUG-<Command '/bin/rm -r ./Fileman...(4 more)' call_args {'bg': False, 'timeo...(575 more)>.<Process 1562 ['/bin/rm', '-r', './Filemanager']>.stdin: received no data
Thu, 19 Mar 18:33:25 DEBUG-<Command '/bin/rm -r ./Fileman...(4 more)' call_args {'bg': False, 'timeo...(575 more)>.<Process 1562 ['/bin/rm', '-r', './Filemanager']>: <sh.StreamWriter object at 0x8d2fca90> ready for more input
Thu, 19 Mar 18:33:25 DEBUG-<Command '/bin/rm -r ./Fileman...(4 more)' call_args {'bg': False, 'timeo...(575 more)>.<Process 1562 ['/bin/rm', '-r', './Filemanager']>.stdin: received no data
Thu, 19 Mar 18:33:25 DEBUG-<Command '/bin/rm -r ./Fileman...(4 more)' call_args {'bg': False, 'timeo...(575 more)>.<Process 1562 ['/bin/rm', '-r', './Filemanager']>: <sh.StreamWriter object at 0x8d2fca90> ready for more input
Thu, 19 Mar 18:33:25 DEBUG-<Command '/bin/rm -r ./Fileman...(4 more)' call_args {'bg': False, 'timeo...(575 more)>.<Process 1562 ['/bin/rm', '-r', './Filemanager']>.stdin: received no data
Thu, 19 Mar 18:33:25 DEBUG-<Command '/bin/rm -r ./Fileman...(4 more)' call_args {'bg': False, 'timeo...(575 more)>.<Process 1562 ['/bin/rm', '-r', './Filemanager']>: <sh.StreamWriter object at 0x8d2fca90> ready for more input
Thu, 19 Mar 18:33:25 DEBUG-<Command '/bin/rm -r ./Fileman...(4 more)' call_args {'bg': False, 'timeo...(575 more)>.<Process 1562 ['/bin/rm', '-r', './Filemanager']>.stdin: received no data
Thu, 19 Mar 18:33:25 DEBUG-<Command '/bin/rm -r ./Fileman...(4 more)' call_args {'bg': False, 'timeo...(575 more)>.<Process 1562 ['/bin/rm', '-r', './Filemanager']>: <sh.StreamWriter object at 0x8d2fca90> ready for more input
Thu, 19 Mar 18:33:25 DEBUG-<Command '/bin/rm -r ./Fileman...(4 more)' call_args {'bg': False, 'timeo...(575 more)>.<Process 1562 ['/bin/rm', '-r', './Filemanager']>.stdin: received no data
Thu, 19 Mar 18:33:25 DEBUG-<Command '/bin/rm -r ./Fileman...(4 more)' call_args {'bg': False, 'timeo...(575 more)>.<Process 1562 ['/bin/rm', '-r', './Filemanager']>: <sh.StreamWriter object at 0x8d2fca90> ready for more input
Thu, 19 Mar 18:33:25 DEBUG-<Command '/bin/rm -r ./Fileman...(4 more)' call_args {'bg': False, 'timeo...(575 more)>.<Process 1562 ['/bin/rm', '-r', './Filemanager']>.stdin: received no data
Thu, 19 Mar 18:33:25 DEBUG-<Command '/bin/rm -r ./Fileman...(4 more)' call_args {'bg': False, 'timeo...(575 more)>.<Process 1562 ['/bin/rm', '-r', './Filemanager']>: <sh.StreamWriter object at 0x8d2fca90> ready for more input
Thu, 19 Mar 18:33:25 DEBUG-<Command '/bin/rm -r ./Fileman...(4 more)' call_args {'bg': False, 'timeo...(575 more)>.<Process 1562 ['/bin/rm', '-r', './Filemanager']>: <sh.StreamReader object at 0x8d2fc990> ready to be read from
Thu, 19 Mar 18:33:25 DEBUG-<Command '/bin/rm -r ./Fileman...(4 more)' call_args {'bg': False, 'timeo...(575 more)>.<Process 1562 ['/bin/rm', '-r', './Filemanager']>.stdout: got errno 5, done reading
Thu, 19 Mar 18:33:25 DEBUG-<Command '/bin/rm -r ./Fileman...(4 more)' call_args {'bg': False, 'timeo...(575 more)>.<Process 1562 ['/bin/rm', '-r', './Filemanager']>: <sh.StreamReader object at 0x8d2fcb10> ready to be read from
Thu, 19 Mar 18:33:25 DEBUG-got no chunk, done reading
Thu, 19 Mar 18:33:25 DEBUG-acquiring buffering lock for flushing buffer
Thu, 19 Mar 18:33:25 DEBUG-got buffering lock for flushing buffer
Thu, 19 Mar 18:33:25 DEBUG-released buffering lock for flushing buffer
Thu, 19 Mar 18:33:25 DEBUG-<Command '/bin/rm -r ./Fileman...(4 more)' call_args {'bg': False, 'timeo...(575 more)>.<Process 1562 ['/bin/rm', '-r', './Filemanager']>.stdout: got chunk size 0 to flush: ''
Thu, 19 Mar 18:33:25 DEBUG-acquiring buffering lock for flushing buffer
Thu, 19 Mar 18:33:25 DEBUG-got buffering lock for flushing buffer
Thu, 19 Mar 18:33:25 DEBUG-released buffering lock for flushing buffer
Thu, 19 Mar 18:33:25 DEBUG-got chunk size 0 to flush: ''
Thu, 19 Mar 18:33:25 DEBUG-<Command '/bin/rm -r ./Fileman...(4 more)' call_args {'bg': False, 'timeo...(575 more)>.<Process 1562 ['/bin/rm', '-r', './Filemanager']>.stdin: received no data
Thu, 19 Mar 18:33:25 DEBUG-<Command '/bin/rm -r ./Fileman...(4 more)' call_args {'bg': False, 'timeo...(575 more)>.<Process 1562 ['/bin/rm', '-r', './Filemanager']>.stdin: closing, but flushing first
Thu, 19 Mar 18:33:25 DEBUG-acquiring buffering lock for flushing buffer
Thu, 19 Mar 18:33:25 DEBUG-got buffering lock for flushing buffer
Thu, 19 Mar 18:33:25 DEBUG-released buffering lock for flushing buffer
Thu, 19 Mar 18:33:25 DEBUG-<Command '/bin/rm -r ./Fileman...(4 more)' call_args {'bg': False, 'timeo...(575 more)>.<Process 1562 ['/bin/rm', '-r', './Filemanager']>.stdin: got chunk size 0 to flush: ''
Thu, 19 Mar 18:33:25 DEBUG-<Command '/bin/rm -r ./Fileman...(4 more)' call_args {'bg': False, 'timeo...(575 more)>.<Process 1562 ['/bin/rm', '-r', './Filemanager']>.stdin: we used a TTY, so closing the stream
Thu, 19 Mar 18:33:25 WARNING-GiPyS - nCoGiRe, cloning repository with url: https://github.com/AJenbo/isbg.git into path: /home/carl/Documents/SoftwareProjects/tour_de_source/clones/bib/tour_de_source3/repo/ this may take some time...
Thu, 19 Mar 18:33:27 INFO-Touri - tour, SCAN_10fpc now has rewinder: GitRe - log, type: 20Commits ID: 2ytv55pgd uniqueSourceID: 64 sha: initialized
Thu, 19 Mar 18:33:28 DEBUG-PyReS - scanDirectory, path: /home/carl/Documents/SoftwareProjects/tour_de_source/clones/bib/tour_de_source3/repo/ uniqueSourceID: 64 scanBeginS: 1426808008 report_db: /home/carl/Documents/SoftwareProjects/tour_de_source/clones/bib/tour_de_source3/data/R1426805189_10fpc.db sourceJSON: {"data": {"sha": "e8328491d58740f2022e3b3bc51df9c71bce101c", "commitS": "1267610408"}, "meta": {"clone_url": "https://github.com/AJenbo/isbg.git", "default_branch": "0.99", "repoID": "525778", "name": "isbg"}, "type": "Github"}
Thu, 19 Mar 18:33:28 DEBUG-PyReS - record_regex, uniqueSourceID: 64 sourceJSON: {"data": {"sha": "e8328491d58740f2022e3b3bc51df9c71bce101c", "commitS": "1267610408"}, "meta": {"clone_url": "https://github.com/AJenbo/isbg.git", "default_branch": "0.99", "repoID": "525778", "name": "isbg"}, "type": "Github"} fileHash: 2khlenb865notjm7rd616l7b9renwue35rso3xe1bhxc filePath: isbg/isbg.py pattern: '([^\r])\n' flags: 16 regexFunction: 0
Thu, 19 Mar 18:33:28 WARNING-PyReS - extractRegexR, unexpected class found: CallFunc
Thu, 19 Mar 18:33:28 DEBUG-PyReS - record_regex, uniqueSourceID: 64 sourceJSON: {"data": {"sha": "e8328491d58740f2022e3b3bc51df9c71bce101c", "commitS": "1267610408"}, "meta": {"clone_url": "https://github.com/AJenbo/isbg.git", "default_branch": "0.99", "repoID": "525778", "name": "isbg"}, "type": "Github"} fileHash: 2khlenb865notjm7rd616l7b9renwue35rso3xe1bhxc filePath: isbg/isbg.py pattern: YES flags: arg5 regexFunction: 6
Thu, 19 Mar 18:33:28 WARNING-PyReS - problem extracting from file: /home/carl/Documents/SoftwareProjects/tour_de_source/clones/bib/tour_de_source3/repo/isbg/isbg.py exception: Error binding parameter 4 - probably unsupported type. progressCounter: 2
Thu, 19 Mar 18:33:28 INFO-PyReS - finished scanning project.  nDuplicates: 0 uniqueSourceID: 64 sourceJSON: {"data": {"sha": "e8328491d58740f2022e3b3bc51df9c71bce101c", "commitS": "1267610408"}, "meta": {"clone_url": "https://github.com/AJenbo/isbg.git", "default_branch": "0.99", "repoID": "525778", "name": "isbg"}, "type": "Github"}
Thu, 19 Mar 18:33:30 DEBUG-PyReS - scanDirectory, path: /home/carl/Documents/SoftwareProjects/tour_de_source/clones/bib/tour_de_source3/repo/ uniqueSourceID: 64 scanBeginS: 1426808010 report_db: /home/carl/Documents/SoftwareProjects/tour_de_source/clones/bib/tour_de_source3/data/R1426805189_10fpc.db sourceJSON: {"data": {"sha": "a726196990e54cb2c1cdac1d28555fc618f6465b", "commitS": "1267606237"}, "meta": {"clone_url": "https://github.com/AJenbo/isbg.git", "default_branch": "0.99", "repoID": "525778", "name": "isbg"}, "type": "Github"}
Thu, 19 Mar 18:33:30 WARNING-PyReS - extractRegexR, unexpected class found: CallFunc
Thu, 19 Mar 18:33:30 DEBUG-PyReS - record_regex, uniqueSourceID: 64 sourceJSON: {"data": {"sha": "a726196990e54cb2c1cdac1d28555fc618f6465b", "commitS": "1267606237"}, "meta": {"clone_url": "https://github.com/AJenbo/isbg.git", "default_branch": "0.99", "repoID": "525778", "name": "isbg"}, "type": "Github"} fileHash: 17f4wn2p69ilg53zgjo8i3wieibahum14aeeee9hc9kr filePath: isbg/isbg.py pattern: 'score=(-?\\d+(?:\\.\\d+)?) required=(\\d+(?:\\.\\d+)?)' flags: arg3 regexFunction: 1
Thu, 19 Mar 18:33:30 INFO-PyReS - finished scanning project.  nDuplicates: 1 uniqueSourceID: 64 sourceJSON: {"data": {"sha": "a726196990e54cb2c1cdac1d28555fc618f6465b", "commitS": "1267606237"}, "meta": {"clone_url": "https://github.com/AJenbo/isbg.git", "default_branch": "0.99", "repoID": "525778", "name": "isbg"}, "type": "Github"}
Thu, 19 Mar 18:33:31 DEBUG-PyReS - scanDirectory, path: /home/carl/Documents/SoftwareProjects/tour_de_source/clones/bib/tour_de_source3/repo/ uniqueSourceID: 64 scanBeginS: 1426808011 report_db: /home/carl/Documents/SoftwareProjects/tour_de_source/clones/bib/tour_de_source3/data/R1426805189_10fpc.db sourceJSON: {"data": {"sha": "1b14afb5eb2fafb02a5acc9dc1c14c528d7646fe", "commitS": "1267463257"}, "meta": {"clone_url": "https://github.com/AJenbo/isbg.git", "default_branch": "0.99", "repoID": "525778", "name": "isbg"}, "type": "Github"}
Thu, 19 Mar 18:33:31 WARNING-PyReS - extractRegexR, unexpected class found: CallFunc
Thu, 19 Mar 18:33:31 INFO-PyReS - finished scanning project.  nDuplicates: 1 uniqueSourceID: 64 sourceJSON: {"data": {"sha": "1b14afb5eb2fafb02a5acc9dc1c14c528d7646fe", "commitS": "1267463257"}, "meta": {"clone_url": "https://github.com/AJenbo/isbg.git", "default_branch": "0.99", "repoID": "525778", "name": "isbg"}, "type": "Github"}
Thu, 19 Mar 18:33:31 DEBUG-PyReS - scanDirectory, path: /home/carl/Documents/SoftwareProjects/tour_de_source/clones/bib/tour_de_source3/repo/ uniqueSourceID: 64 scanBeginS: 1426808011 report_db: /home/carl/Documents/SoftwareProjects/tour_de_source/clones/bib/tour_de_source3/data/R1426805189_10fpc.db sourceJSON: {"data": {"sha": "f4e04ba64c64675b4bb3e715eac8e4b9748e9faa", "commitS": "1267446242"}, "meta": {"clone_url": "https://github.com/AJenbo/isbg.git", "default_branch": "0.99", "repoID": "525778", "name": "isbg"}, "type": "Github"}
Thu, 19 Mar 18:33:31 WARNING-PyReS - extractRegexR, unexpected class found: CallFunc
Thu, 19 Mar 18:33:31 INFO-PyReS - finished scanning project.  nDuplicates: 1 uniqueSourceID: 64 sourceJSON: {"data": {"sha": "f4e04ba64c64675b4bb3e715eac8e4b9748e9faa", "commitS": "1267446242"}, "meta": {"clone_url": "https://github.com/AJenbo/isbg.git", "default_branch": "0.99", "repoID": "525778", "name": "isbg"}, "type": "Github"}
Thu, 19 Mar 18:33:31 DEBUG-PyReS - scanDirectory, path: /home/carl/Documents/SoftwareProjects/tour_de_source/clones/bib/tour_de_source3/repo/ uniqueSourceID: 64 scanBeginS: 1426808011 report_db: /home/carl/Documents/SoftwareProjects/tour_de_source/clones/bib/tour_de_source3/data/R1426805189_10fpc.db sourceJSON: {"data": {"sha": "22dadc5835a312072c1be86a97d939add1139be6", "commitS": "1267108572"}, "meta": {"clone_url": "https://github.com/AJenbo/isbg.git", "default_branch": "0.99", "repoID": "525778", "name": "isbg"}, "type": "Github"}
Thu, 19 Mar 18:33:31 WARNING-PyReS - extractRegexR, unexpected class found: CallFunc
Thu, 19 Mar 18:33:31 INFO-PyReS - finished scanning project.  nDuplicates: 1 uniqueSourceID: 64 sourceJSON: {"data": {"sha": "22dadc5835a312072c1be86a97d939add1139be6", "commitS": "1267108572"}, "meta": {"clone_url": "https://github.com/AJenbo/isbg.git", "default_branch": "0.99", "repoID": "525778", "name": "isbg"}, "type": "Github"}
Thu, 19 Mar 18:33:32 DEBUG-PyReS - scanDirectory, path: /home/carl/Documents/SoftwareProjects/tour_de_source/clones/bib/tour_de_source3/repo/ uniqueSourceID: 64 scanBeginS: 1426808012 report_db: /home/carl/Documents/SoftwareProjects/tour_de_source/clones/bib/tour_de_source3/data/R1426805189_10fpc.db sourceJSON: {"data": {"sha": "aa6db5ffd9abe45d210ca9bd2a0f5865ec42e5ed", "commitS": "1267097441"}, "meta": {"clone_url": "https://github.com/AJenbo/isbg.git", "default_branch": "0.99", "repoID": "525778", "name": "isbg"}, "type": "Github"}
Thu, 19 Mar 18:33:32 WARNING-PyReS - extractRegexR, unexpected class found: CallFunc
Thu, 19 Mar 18:33:32 INFO-PyReS - finished scanning project.  nDuplicates: 1 uniqueSourceID: 64 sourceJSON: {"data": {"sha": "aa6db5ffd9abe45d210ca9bd2a0f5865ec42e5ed", "commitS": "1267097441"}, "meta": {"clone_url": "https://github.com/AJenbo/isbg.git", "default_branch": "0.99", "repoID": "525778", "name": "isbg"}, "type": "Github"}
Thu, 19 Mar 18:33:32 DEBUG-PyReS - scanDirectory, path: /home/carl/Documents/SoftwareProjects/tour_de_source/clones/bib/tour_de_source3/repo/ uniqueSourceID: 64 scanBeginS: 1426808012 report_db: /home/carl/Documents/SoftwareProjects/tour_de_source/clones/bib/tour_de_source3/data/R1426805189_10fpc.db sourceJSON: {"data": {"sha": "179b89a9885f22de51566568a11f7e5c48187ca9", "commitS": "1266930391"}, "meta": {"clone_url": "https://github.com/AJenbo/isbg.git", "default_branch": "0.99", "repoID": "525778", "name": "isbg"}, "type": "Github"}
Thu, 19 Mar 18:33:32 WARNING-PyReS - extractRegexR, unexpected class found: CallFunc
Thu, 19 Mar 18:33:32 INFO-PyReS - finished scanning project.  nDuplicates: 1 uniqueSourceID: 64 sourceJSON: {"data": {"sha": "179b89a9885f22de51566568a11f7e5c48187ca9", "commitS": "1266930391"}, "meta": {"clone_url": "https://github.com/AJenbo/isbg.git", "default_branch": "0.99", "repoID": "525778", "name": "isbg"}, "type": "Github"}
Thu, 19 Mar 18:33:32 DEBUG-PyReS - scanDirectory, path: /home/carl/Documents/SoftwareProjects/tour_de_source/clones/bib/tour_de_source3/repo/ uniqueSourceID: 64 scanBeginS: 1426808012 report_db: /home/carl/Documents/SoftwareProjects/tour_de_source/clones/bib/tour_de_source3/data/R1426805189_10fpc.db sourceJSON: {"data": {"sha": "38dd383471aedb0255eb41c6f490bfb89c9b26a0", "commitS": "1266923459"}, "meta": {"clone_url": "https://github.com/AJenbo/isbg.git", "default_branch": "0.99", "repoID": "525778", "name": "isbg"}, "type": "Github"}
Thu, 19 Mar 18:33:32 WARNING-PyReS - extractRegexR, unexpected class found: CallFunc
Thu, 19 Mar 18:33:32 INFO-PyReS - finished scanning project.  nDuplicates: 1 uniqueSourceID: 64 sourceJSON: {"data": {"sha": "38dd383471aedb0255eb41c6f490bfb89c9b26a0", "commitS": "1266923459"}, "meta": {"clone_url": "https://github.com/AJenbo/isbg.git", "default_branch": "0.99", "repoID": "525778", "name": "isbg"}, "type": "Github"}
Thu, 19 Mar 18:33:32 DEBUG-PyReS - scanDirectory, path: /home/carl/Documents/SoftwareProjects/tour_de_source/clones/bib/tour_de_source3/repo/ uniqueSourceID: 64 scanBeginS: 1426808012 report_db: /home/carl/Documents/SoftwareProjects/tour_de_source/clones/bib/tour_de_source3/data/R1426805189_10fpc.db sourceJSON: {"data": {"sha": "c01be387fae1865dd0f2e854f96a8011c425fbd5", "commitS": "1266910849"}, "meta": {"clone_url": "https://github.com/AJenbo/isbg.git", "default_branch": "0.99", "repoID": "525778", "name": "isbg"}, "type": "Github"}
Thu, 19 Mar 18:33:32 WARNING-PyReS - extractRegexR, unexpected class found: CallFunc
Thu, 19 Mar 18:33:32 INFO-PyReS - finished scanning project.  nDuplicates: 1 uniqueSourceID: 64 sourceJSON: {"data": {"sha": "c01be387fae1865dd0f2e854f96a8011c425fbd5", "commitS": "1266910849"}, "meta": {"clone_url": "https://github.com/AJenbo/isbg.git", "default_branch": "0.99", "repoID": "525778", "name": "isbg"}, "type": "Github"}
Thu, 19 Mar 18:33:33 DEBUG-PyReS - scanDirectory, path: /home/carl/Documents/SoftwareProjects/tour_de_source/clones/bib/tour_de_source3/repo/ uniqueSourceID: 64 scanBeginS: 1426808013 report_db: /home/carl/Documents/SoftwareProjects/tour_de_source/clones/bib/tour_de_source3/data/R1426805189_10fpc.db sourceJSON: {"data": {"sha": "49c2fdac0586b22f145aa299d71467c5fb9681e8", "commitS": "1266600968"}, "meta": {"clone_url": "https://github.com/AJenbo/isbg.git", "default_branch": "0.99", "repoID": "525778", "name": "isbg"}, "type": "Github"}
Thu, 19 Mar 18:33:33 WARNING-PyReS - extractRegexR, unexpected class found: CallFunc
Thu, 19 Mar 18:33:33 INFO-PyReS - finished scanning project.  nDuplicates: 1 uniqueSourceID: 64 sourceJSON: {"data": {"sha": "49c2fdac0586b22f145aa299d71467c5fb9681e8", "commitS": "1266600968"}, "meta": {"clone_url": "https://github.com/AJenbo/isbg.git", "default_branch": "0.99", "repoID": "525778", "name": "isbg"}, "type": "Github"}
Thu, 19 Mar 18:33:33 DEBUG-PyReS - scanDirectory, path: /home/carl/Documents/SoftwareProjects/tour_de_source/clones/bib/tour_de_source3/repo/ uniqueSourceID: 64 scanBeginS: 1426808013 report_db: /home/carl/Documents/SoftwareProjects/tour_de_source/clones/bib/tour_de_source3/data/R1426805189_10fpc.db sourceJSON: {"data": {"sha": "519ffbbc911eafc63e68d364506889f830680027", "commitS": "1266569996"}, "meta": {"clone_url": "https://github.com/AJenbo/isbg.git", "default_branch": "0.99", "repoID": "525778", "name": "isbg"}, "type": "Github"}
Thu, 19 Mar 18:33:33 WARNING-PyReS - extractRegexR, unexpected class found: CallFunc
Thu, 19 Mar 18:33:33 INFO-PyReS - finished scanning project.  nDuplicates: 1 uniqueSourceID: 64 sourceJSON: {"data": {"sha": "519ffbbc911eafc63e68d364506889f830680027", "commitS": "1266569996"}, "meta": {"clone_url": "https://github.com/AJenbo/isbg.git", "default_branch": "0.99", "repoID": "525778", "name": "isbg"}, "type": "Github"}
Thu, 19 Mar 18:33:33 DEBUG-PyReS - scanDirectory, path: /home/carl/Documents/SoftwareProjects/tour_de_source/clones/bib/tour_de_source3/repo/ uniqueSourceID: 64 scanBeginS: 1426808013 report_db: /home/carl/Documents/SoftwareProjects/tour_de_source/clones/bib/tour_de_source3/data/R1426805189_10fpc.db sourceJSON: {"data": {"sha": "304a2f90ce53c67bb408493f733b16b4bf4579eb", "commitS": "1266444059"}, "meta": {"clone_url": "https://github.com/AJenbo/isbg.git", "default_branch": "0.99", "repoID": "525778", "name": "isbg"}, "type": "Github"}
Thu, 19 Mar 18:33:33 WARNING-PyReS - extractRegexR, unexpected class found: CallFunc
Thu, 19 Mar 18:33:33 INFO-PyReS - finished scanning project.  nDuplicates: 0 uniqueSourceID: 64 sourceJSON: {"data": {"sha": "304a2f90ce53c67bb408493f733b16b4bf4579eb", "commitS": "1266444059"}, "meta": {"clone_url": "https://github.com/AJenbo/isbg.git", "default_branch": "0.99", "repoID": "525778", "name": "isbg"}, "type": "Github"}
Thu, 19 Mar 18:33:34 DEBUG-PyReS - scanDirectory, path: /home/carl/Documents/SoftwareProjects/tour_de_source/clones/bib/tour_de_source3/repo/ uniqueSourceID: 64 scanBeginS: 1426808014 report_db: /home/carl/Documents/SoftwareProjects/tour_de_source/clones/bib/tour_de_source3/data/R1426805189_10fpc.db sourceJSON: {"data": {"sha": "624a6fd4ab1a9a17481fe8a6586d4a5e95a1b104", "commitS": "1266352513"}, "meta": {"clone_url": "https://github.com/AJenbo/isbg.git", "default_branch": "0.99", "repoID": "525778", "name": "isbg"}, "type": "Github"}
Thu, 19 Mar 18:33:34 WARNING-PyReS - extractRegexR, unexpected class found: CallFunc
Thu, 19 Mar 18:33:34 INFO-PyReS - finished scanning project.  nDuplicates: 1 uniqueSourceID: 64 sourceJSON: {"data": {"sha": "624a6fd4ab1a9a17481fe8a6586d4a5e95a1b104", "commitS": "1266352513"}, "meta": {"clone_url": "https://github.com/AJenbo/isbg.git", "default_branch": "0.99", "repoID": "525778", "name": "isbg"}, "type": "Github"}
Thu, 19 Mar 18:33:34 DEBUG-PyReS - scanDirectory, path: /home/carl/Documents/SoftwareProjects/tour_de_source/clones/bib/tour_de_source3/repo/ uniqueSourceID: 64 scanBeginS: 1426808014 report_db: /home/carl/Documents/SoftwareProjects/tour_de_source/clones/bib/tour_de_source3/data/R1426805189_10fpc.db sourceJSON: {"data": {"sha": "df0f2dd673a476fbb88122e01d8c0a6fb7787c3a", "commitS": "1260968879"}, "meta": {"clone_url": "https://github.com/AJenbo/isbg.git", "default_branch": "0.99", "repoID": "525778", "name": "isbg"}, "type": "Github"}
Thu, 19 Mar 18:33:34 WARNING-PyReS - extractRegexR, unexpected class found: CallFunc
Thu, 19 Mar 18:33:34 INFO-PyReS - finished scanning project.  nDuplicates: 1 uniqueSourceID: 64 sourceJSON: {"data": {"sha": "df0f2dd673a476fbb88122e01d8c0a6fb7787c3a", "commitS": "1260968879"}, "meta": {"clone_url": "https://github.com/AJenbo/isbg.git", "default_branch": "0.99", "repoID": "525778", "name": "isbg"}, "type": "Github"}
Thu, 19 Mar 18:33:34 DEBUG-PyReS - scanDirectory, path: /home/carl/Documents/SoftwareProjects/tour_de_source/clones/bib/tour_de_source3/repo/ uniqueSourceID: 64 scanBeginS: 1426808014 report_db: /home/carl/Documents/SoftwareProjects/tour_de_source/clones/bib/tour_de_source3/data/R1426805189_10fpc.db sourceJSON: {"data": {"sha": "92f2b75bd3d8de90d34390dc32862f0134a7bd04", "commitS": "1260952326"}, "meta": {"clone_url": "https://github.com/AJenbo/isbg.git", "default_branch": "0.99", "repoID": "525778", "name": "isbg"}, "type": "Github"}
Thu, 19 Mar 18:33:34 WARNING-PyReS - extractRegexR, unexpected class found: CallFunc
Thu, 19 Mar 18:33:34 INFO-PyReS - finished scanning project.  nDuplicates: 1 uniqueSourceID: 64 sourceJSON: {"data": {"sha": "92f2b75bd3d8de90d34390dc32862f0134a7bd04", "commitS": "1260952326"}, "meta": {"clone_url": "https://github.com/AJenbo/isbg.git", "default_branch": "0.99", "repoID": "525778", "name": "isbg"}, "type": "Github"}
Thu, 19 Mar 18:33:34 DEBUG-PyReS - scanDirectory, path: /home/carl/Documents/SoftwareProjects/tour_de_source/clones/bib/tour_de_source3/repo/ uniqueSourceID: 64 scanBeginS: 1426808014 report_db: /home/carl/Documents/SoftwareProjects/tour_de_source/clones/bib/tour_de_source3/data/R1426805189_10fpc.db sourceJSON: {"data": {"sha": "8ef8a13a6fe35818862e447da76616e4cccf1d1e", "commitS": "1259759007"}, "meta": {"clone_url": "https://github.com/AJenbo/isbg.git", "default_branch": "0.99", "repoID": "525778", "name": "isbg"}, "type": "Github"}
Thu, 19 Mar 18:33:34 WARNING-PyReS - extractRegexR, unexpected class found: CallFunc
Thu, 19 Mar 18:33:34 INFO-PyReS - finished scanning project.  nDuplicates: 1 uniqueSourceID: 64 sourceJSON: {"data": {"sha": "8ef8a13a6fe35818862e447da76616e4cccf1d1e", "commitS": "1259759007"}, "meta": {"clone_url": "https://github.com/AJenbo/isbg.git", "default_branch": "0.99", "repoID": "525778", "name": "isbg"}, "type": "Github"}
Thu, 19 Mar 18:33:34 DEBUG-PyReS - scanDirectory, path: /home/carl/Documents/SoftwareProjects/tour_de_source/clones/bib/tour_de_source3/repo/ uniqueSourceID: 64 scanBeginS: 1426808014 report_db: /home/carl/Documents/SoftwareProjects/tour_de_source/clones/bib/tour_de_source3/data/R1426805189_10fpc.db sourceJSON: {"data": {"sha": "e4bdd3ed2e755f6f7c656a1691d2e35a3869faa3", "commitS": "1259568252"}, "meta": {"clone_url": "https://github.com/AJenbo/isbg.git", "default_branch": "0.99", "repoID": "525778", "name": "isbg"}, "type": "Github"}
Thu, 19 Mar 18:33:34 WARNING-PyReS - extractRegexR, unexpected class found: CallFunc
Thu, 19 Mar 18:33:34 INFO-PyReS - finished scanning project.  nDuplicates: 0 uniqueSourceID: 64 sourceJSON: {"data": {"sha": "e4bdd3ed2e755f6f7c656a1691d2e35a3869faa3", "commitS": "1259568252"}, "meta": {"clone_url": "https://github.com/AJenbo/isbg.git", "default_branch": "0.99", "repoID": "525778", "name": "isbg"}, "type": "Github"}
Thu, 19 Mar 18:33:35 DEBUG-PyReS - scanDirectory, path: /home/carl/Documents/SoftwareProjects/tour_de_source/clones/bib/tour_de_source3/repo/ uniqueSourceID: 64 scanBeginS: 1426808015 report_db: /home/carl/Documents/SoftwareProjects/tour_de_source/clones/bib/tour_de_source3/data/R1426805189_10fpc.db sourceJSON: {"data": {"sha": "e66d8c831c126abfa945bde8dfd67e4b038d9857", "commitS": "1259315421"}, "meta": {"clone_url": "https://github.com/AJenbo/isbg.git", "default_branch": "0.99", "repoID": "525778", "name": "isbg"}, "type": "Github"}
Thu, 19 Mar 18:33:35 WARNING-PyReS - extractRegexR, unexpected class found: CallFunc
Thu, 19 Mar 18:33:35 INFO-PyReS - finished scanning project.  nDuplicates: 0 uniqueSourceID: 64 sourceJSON: {"data": {"sha": "e66d8c831c126abfa945bde8dfd67e4b038d9857", "commitS": "1259315421"}, "meta": {"clone_url": "https://github.com/AJenbo/isbg.git", "default_branch": "0.99", "repoID": "525778", "name": "isbg"}, "type": "Github"}
Thu, 19 Mar 18:33:35 DEBUG-PyReS - scanDirectory, path: /home/carl/Documents/SoftwareProjects/tour_de_source/clones/bib/tour_de_source3/repo/ uniqueSourceID: 64 scanBeginS: 1426808015 report_db: /home/carl/Documents/SoftwareProjects/tour_de_source/clones/bib/tour_de_source3/data/R1426805189_10fpc.db sourceJSON: {"data": {"sha": "fa398b8cbca39a35f055ab34a18167d265c5f90d", "commitS": "1257893785"}, "meta": {"clone_url": "https://github.com/AJenbo/isbg.git", "default_branch": "0.99", "repoID": "525778", "name": "isbg"}, "type": "Github"}
Thu, 19 Mar 18:33:35 WARNING-PyReS - extractRegexR, unexpected class found: CallFunc
Thu, 19 Mar 18:33:35 INFO-PyReS - finished scanning project.  nDuplicates: 0 uniqueSourceID: 64 sourceJSON: {"data": {"sha": "fa398b8cbca39a35f055ab34a18167d265c5f90d", "commitS": "1257893785"}, "meta": {"clone_url": "https://github.com/AJenbo/isbg.git", "default_branch": "0.99", "repoID": "525778", "name": "isbg"}, "type": "Github"}
Thu, 19 Mar 18:33:35 DEBUG-PyReS - scanDirectory, path: /home/carl/Documents/SoftwareProjects/tour_de_source/clones/bib/tour_de_source3/repo/ uniqueSourceID: 64 scanBeginS: 1426808015 report_db: /home/carl/Documents/SoftwareProjects/tour_de_source/clones/bib/tour_de_source3/data/R1426805189_10fpc.db sourceJSON: {"data": {"sha": "73b5f493bdf4dafa92c3505f7ac7eafcf68ff4aa", "commitS": "1257411177"}, "meta": {"clone_url": "https://github.com/AJenbo/isbg.git", "default_branch": "0.99", "repoID": "525778", "name": "isbg"}, "type": "Github"}
Thu, 19 Mar 18:33:35 WARNING-PyReS - extractRegexR, unexpected class found: CallFunc
Thu, 19 Mar 18:33:35 INFO-PyReS - finished scanning project.  nDuplicates: 0 uniqueSourceID: 64 sourceJSON: {"data": {"sha": "73b5f493bdf4dafa92c3505f7ac7eafcf68ff4aa", "commitS": "1257411177"}, "meta": {"clone_url": "https://github.com/AJenbo/isbg.git", "default_branch": "0.99", "repoID": "525778", "name": "isbg"}, "type": "Github"}
Thu, 19 Mar 18:33:35 DEBUG-filePathSet content: ['isbg/setup.py', 'isbg/isbg.py']
Thu, 19 Mar 18:33:35 INFO-Touri - done w/ID 65 nFiles: 2 nCites: 3
Thu, 19 Mar 18:33:35 DEBUG-PyReS - incrementing filesPerProject: 2
Thu, 19 Mar 18:33:35 DEBUG-GiPyS - next since: 525778 len(repos): 7
Thu, 19 Mar 18:33:35 CRITICAL-GiPyS - next repoID: 525781
Thu, 19 Mar 18:33:36 DEBUG-GiPyS - get_json Success, url: https://api.github.com/repositories/525781 limit_remaining: 4123
Thu, 19 Mar 18:33:36 DEBUG-GiPyS - nCoGiRe - default branch name: master since: 525781 len(repos): 6
Thu, 19 Mar 18:33:36 INFO-<Command '/bin/rm -r ./isbg' call_args {'bg': False, 'timeo...(575 more)>: starting process
Thu, 19 Mar 18:33:36 DEBUG-<Command '/bin/rm -r ./isbg' call_args {'bg': False, 'timeo...(575 more)>.<Process 1743 ['/bin/rm', '-r', './isbg']>: started process
Thu, 19 Mar 18:33:36 DEBUG-<Command '/bin/rm -r ./isbg' call_args {'bg': False, 'timeo...(575 more)>.<Process 1743 ['/bin/rm', '-r', './isbg']>.stdin: parsed stdin as a queue
Thu, 19 Mar 18:33:36 DEBUG-<Command '/bin/rm -r ./isbg' call_args {'bg': False, 'timeo...(575 more)>.<Process 1743 ['/bin/rm', '-r', './isbg']>: <sh.StreamWriter object at 0x8c733e50> ready for more input
Thu, 19 Mar 18:33:36 DEBUG-<Command '/bin/rm -r ./isbg' call_args {'bg': False, 'timeo...(575 more)>.<Process 1743 ['/bin/rm', '-r', './isbg']>: acquiring wait lock to wait for completion
Thu, 19 Mar 18:33:36 DEBUG-<Command '/bin/rm -r ./isbg' call_args {'bg': False, 'timeo...(575 more)>.<Process 1743 ['/bin/rm', '-r', './isbg']>: got wait lock
Thu, 19 Mar 18:33:36 DEBUG-<Command '/bin/rm -r ./isbg' call_args {'bg': False, 'timeo...(575 more)>.<Process 1743 ['/bin/rm', '-r', './isbg']>: exit code not set, waiting on pid
Thu, 19 Mar 18:33:36 DEBUG-<Command '/bin/rm -r ./isbg' call_args {'bg': False, 'timeo...(575 more)>.<Process 1743 ['/bin/rm', '-r', './isbg']>.stdin: received no data
Thu, 19 Mar 18:33:36 DEBUG-<Command '/bin/rm -r ./isbg' call_args {'bg': False, 'timeo...(575 more)>.<Process 1743 ['/bin/rm', '-r', './isbg']>: <sh.StreamWriter object at 0x8c733e50> ready for more input
Thu, 19 Mar 18:33:36 DEBUG-<Command '/bin/rm -r ./isbg' call_args {'bg': False, 'timeo...(575 more)>.<Process 1743 ['/bin/rm', '-r', './isbg']>.stdin: received no data
Thu, 19 Mar 18:33:36 DEBUG-<Command '/bin/rm -r ./isbg' call_args {'bg': False, 'timeo...(575 more)>.<Process 1743 ['/bin/rm', '-r', './isbg']>: <sh.StreamWriter object at 0x8c733e50> ready for more input
Thu, 19 Mar 18:33:36 DEBUG-<Command '/bin/rm -r ./isbg' call_args {'bg': False, 'timeo...(575 more)>.<Process 1743 ['/bin/rm', '-r', './isbg']>.stdin: received no data
Thu, 19 Mar 18:33:36 DEBUG-<Command '/bin/rm -r ./isbg' call_args {'bg': False, 'timeo...(575 more)>.<Process 1743 ['/bin/rm', '-r', './isbg']>: <sh.StreamWriter object at 0x8c733e50> ready for more input
Thu, 19 Mar 18:33:36 DEBUG-<Command '/bin/rm -r ./isbg' call_args {'bg': False, 'timeo...(575 more)>.<Process 1743 ['/bin/rm', '-r', './isbg']>.stdin: received no data
Thu, 19 Mar 18:33:36 DEBUG-<Command '/bin/rm -r ./isbg' call_args {'bg': False, 'timeo...(575 more)>.<Process 1743 ['/bin/rm', '-r', './isbg']>: <sh.StreamWriter object at 0x8c733e50> ready for more input
Thu, 19 Mar 18:33:36 DEBUG-<Command '/bin/rm -r ./isbg' call_args {'bg': False, 'timeo...(575 more)>.<Process 1743 ['/bin/rm', '-r', './isbg']>.stdin: received no data
Thu, 19 Mar 18:33:36 DEBUG-<Command '/bin/rm -r ./isbg' call_args {'bg': False, 'timeo...(575 more)>.<Process 1743 ['/bin/rm', '-r', './isbg']>: <sh.StreamWriter object at 0x8c733e50> ready for more input
Thu, 19 Mar 18:33:36 DEBUG-<Command '/bin/rm -r ./isbg' call_args {'bg': False, 'timeo...(575 more)>.<Process 1743 ['/bin/rm', '-r', './isbg']>.stdin: received no data
Thu, 19 Mar 18:33:36 DEBUG-<Command '/bin/rm -r ./isbg' call_args {'bg': False, 'timeo...(575 more)>.<Process 1743 ['/bin/rm', '-r', './isbg']>: <sh.StreamWriter object at 0x8c733e50> ready for more input
Thu, 19 Mar 18:33:36 DEBUG-<Command '/bin/rm -r ./isbg' call_args {'bg': False, 'timeo...(575 more)>.<Process 1743 ['/bin/rm', '-r', './isbg']>.stdin: received no data
Thu, 19 Mar 18:33:36 DEBUG-<Command '/bin/rm -r ./isbg' call_args {'bg': False, 'timeo...(575 more)>.<Process 1743 ['/bin/rm', '-r', './isbg']>: <sh.StreamWriter object at 0x8c733e50> ready for more input
Thu, 19 Mar 18:33:36 DEBUG-<Command '/bin/rm -r ./isbg' call_args {'bg': False, 'timeo...(575 more)>.<Process 1743 ['/bin/rm', '-r', './isbg']>.stdin: received no data
Thu, 19 Mar 18:33:36 DEBUG-<Command '/bin/rm -r ./isbg' call_args {'bg': False, 'timeo...(575 more)>.<Process 1743 ['/bin/rm', '-r', './isbg']>: <sh.StreamWriter object at 0x8c733e50> ready for more input
Thu, 19 Mar 18:33:36 DEBUG-<Command '/bin/rm -r ./isbg' call_args {'bg': False, 'timeo...(575 more)>.<Process 1743 ['/bin/rm', '-r', './isbg']>: <sh.StreamReader object at 0x8c733a10> ready to be read from
Thu, 19 Mar 18:33:36 DEBUG-<Command '/bin/rm -r ./isbg' call_args {'bg': False, 'timeo...(575 more)>.<Process 1743 ['/bin/rm', '-r', './isbg']>.stdout: got errno 5, done reading
Thu, 19 Mar 18:33:36 DEBUG-<Command '/bin/rm -r ./isbg' call_args {'bg': False, 'timeo...(575 more)>.<Process 1743 ['/bin/rm', '-r', './isbg']>: <sh.StreamReader object at 0x8c733910> ready to be read from
Thu, 19 Mar 18:33:36 DEBUG-got no chunk, done reading
Thu, 19 Mar 18:33:36 DEBUG-acquiring buffering lock for flushing buffer
Thu, 19 Mar 18:33:36 DEBUG-got buffering lock for flushing buffer
Thu, 19 Mar 18:33:36 DEBUG-released buffering lock for flushing buffer
Thu, 19 Mar 18:33:36 DEBUG-<Command '/bin/rm -r ./isbg' call_args {'bg': False, 'timeo...(575 more)>.<Process 1743 ['/bin/rm', '-r', './isbg']>.stdout: got chunk size 0 to flush: ''
Thu, 19 Mar 18:33:36 DEBUG-acquiring buffering lock for flushing buffer
Thu, 19 Mar 18:33:36 DEBUG-got buffering lock for flushing buffer
Thu, 19 Mar 18:33:36 DEBUG-released buffering lock for flushing buffer
Thu, 19 Mar 18:33:36 DEBUG-got chunk size 0 to flush: ''
Thu, 19 Mar 18:33:36 DEBUG-<Command '/bin/rm -r ./isbg' call_args {'bg': False, 'timeo...(575 more)>.<Process 1743 ['/bin/rm', '-r', './isbg']>.stdin: received no data
Thu, 19 Mar 18:33:36 DEBUG-<Command '/bin/rm -r ./isbg' call_args {'bg': False, 'timeo...(575 more)>.<Process 1743 ['/bin/rm', '-r', './isbg']>.stdin: closing, but flushing first
Thu, 19 Mar 18:33:36 DEBUG-acquiring buffering lock for flushing buffer
Thu, 19 Mar 18:33:36 DEBUG-got buffering lock for flushing buffer
Thu, 19 Mar 18:33:36 DEBUG-released buffering lock for flushing buffer
Thu, 19 Mar 18:33:36 DEBUG-<Command '/bin/rm -r ./isbg' call_args {'bg': False, 'timeo...(575 more)>.<Process 1743 ['/bin/rm', '-r', './isbg']>.stdin: got chunk size 0 to flush: ''
Thu, 19 Mar 18:33:36 DEBUG-<Command '/bin/rm -r ./isbg' call_args {'bg': False, 'timeo...(575 more)>.<Process 1743 ['/bin/rm', '-r', './isbg']>.stdin: we used a TTY, so closing the stream
Thu, 19 Mar 18:33:36 WARNING-GiPyS - nCoGiRe, cloning repository with url: https://github.com/mcraveiro/cunene.git into path: /home/carl/Documents/SoftwareProjects/tour_de_source/clones/bib/tour_de_source3/repo/ this may take some time...
Thu, 19 Mar 18:33:40 INFO-Touri - tour, SCAN_10fpc now has rewinder: GitRe - log, type: 20Commits ID: 7ewrbpitk uniqueSourceID: 65 sha: initialized
Thu, 19 Mar 18:33:46 DEBUG-PyReS - scanDirectory, path: /home/carl/Documents/SoftwareProjects/tour_de_source/clones/bib/tour_de_source3/repo/ uniqueSourceID: 65 scanBeginS: 1426808026 report_db: /home/carl/Documents/SoftwareProjects/tour_de_source/clones/bib/tour_de_source3/data/R1426805189_10fpc.db sourceJSON: {"data": {"sha": "79335eae004b4d978ecd04511a23e2cc7923fb25", "commitS": "1409989528"}, "meta": {"clone_url": "https://github.com/mcraveiro/cunene.git", "default_branch": "master", "repoID": "525781", "name": "cunene"}, "type": "Github"}
Thu, 19 Mar 18:33:47 DEBUG-PyReS - record_regex, uniqueSourceID: 65 sourceJSON: {"data": {"sha": "79335eae004b4d978ecd04511a23e2cc7923fb25", "commitS": "1409989528"}, "meta": {"clone_url": "https://github.com/mcraveiro/cunene.git", "default_branch": "master", "repoID": "525781", "name": "cunene"}, "type": "Github"} fileHash: 1wjlayceynlhll7m93omu2g83x0nypzvu4nq0g8ckexb filePath: cunene/lisp/other/muse-el/contrib/pyblosxom/getstamps.py pattern: '^#date\\s+(.+)$' flags: arg2 regexFunction: 0
Thu, 19 Mar 18:33:47 DEBUG-PyReS - record_regex, uniqueSourceID: 65 sourceJSON: {"data": {"sha": "79335eae004b4d978ecd04511a23e2cc7923fb25", "commitS": "1409989528"}, "meta": {"clone_url": "https://github.com/mcraveiro/cunene.git", "default_branch": "master", "repoID": "525781", "name": "cunene"}, "type": "Github"} fileHash: 1wjlayceynlhll7m93omu2g83x0nypzvu4nq0g8ckexb filePath: cunene/lisp/other/muse-el/contrib/pyblosxom/getstamps.py pattern: '^(.+?)(\\.muse)?$' flags: arg2 regexFunction: 0
Thu, 19 Mar 18:33:47 DEBUG-PyReS - record_regex, uniqueSourceID: 65 sourceJSON: {"data": {"sha": "79335eae004b4d978ecd04511a23e2cc7923fb25", "commitS": "1409989528"}, "meta": {"clone_url": "https://github.com/mcraveiro/cunene.git", "default_branch": "master", "repoID": "525781", "name": "cunene"}, "type": "Github"} fileHash: en6xs5lsxjdb8x6qtd2aqvo1lwf5p9gxd4dzrwtrjj4 filePath: cunene/lisp/other/muse-el/contrib/pyblosxom/hardcodedates.py pattern: '^([0-9]{4})-([0-1][0-9])-([0-3][0-9])(-([0-2][0-9])-([0-5][0-9]))? +(.*)$' flags: arg2 regexFunction: 0
Thu, 19 Mar 18:33:48 DEBUG-PyReS - record_regex, uniqueSourceID: 65 sourceJSON: {"data": {"sha": "79335eae004b4d978ecd04511a23e2cc7923fb25", "commitS": "1409989528"}, "meta": {"clone_url": "https://github.com/mcraveiro/cunene.git", "default_branch": "master", "repoID": "525781", "name": "cunene"}, "type": "Github"} fileHash: 1wpycogztln8ndxj1b8y9yydj6nxqvkfpfferwcbnmiv filePath: cunene/lisp/other/muse-el/contrib/pyblosxom/metadate.py pattern: '([0-9]{4})-([0-1][0-9])-([0-3][0-9]) ([0-2][0-9]):([0-5][0-9])' flags: arg2 regexFunction: 0
Thu, 19 Mar 18:33:48 WARNING-PyReS - extractRegexR, unexpected class found: Subscript
Thu, 19 Mar 18:33:48 DEBUG-PyReS - record_regex, uniqueSourceID: 65 sourceJSON: {"data": {"sha": "79335eae004b4d978ecd04511a23e2cc7923fb25", "commitS": "1409989528"}, "meta": {"clone_url": "https://github.com/mcraveiro/cunene.git", "default_branch": "master", "repoID": "525781", "name": "cunene"}, "type": "Github"} fileHash: 1wpycogztln8ndxj1b8y9yydj6nxqvkfpfferwcbnmiv filePath: cunene/lisp/other/muse-el/contrib/pyblosxom/metadate.py pattern: '#(\\w+)\\s+(.*)' flags: arg3 regexFunction: 2
Thu, 19 Mar 18:33:48 INFO-PyReS - finished scanning project.  nDuplicates: 0 uniqueSourceID: 65 sourceJSON: {"data": {"sha": "79335eae004b4d978ecd04511a23e2cc7923fb25", "commitS": "1409989528"}, "meta": {"clone_url": "https://github.com/mcraveiro/cunene.git", "default_branch": "master", "repoID": "525781", "name": "cunene"}, "type": "Github"}
Thu, 19 Mar 18:33:48 DEBUG-PyReS - scanDirectory, path: /home/carl/Documents/SoftwareProjects/tour_de_source/clones/bib/tour_de_source3/repo/ uniqueSourceID: 65 scanBeginS: 1426808028 report_db: /home/carl/Documents/SoftwareProjects/tour_de_source/clones/bib/tour_de_source3/data/R1426805189_10fpc.db sourceJSON: {"data": {"sha": "7fee733072289a302551c7ee33794f74d6c4decf", "commitS": "1353411904"}, "meta": {"clone_url": "https://github.com/mcraveiro/cunene.git", "default_branch": "master", "repoID": "525781", "name": "cunene"}, "type": "Github"}
Thu, 19 Mar 18:33:50 CRITICAL-Touri - tour, SCAN_10fpc  has been cancelled by the host with EXCEPTION:KeyboardInterrupt
Thu, 19 Mar 18:33:50 CRITICAL-Touri - tour, SCAN_10fpc Tour Canceled: True
Thu, 19 Mar 18:33:50 CRITICAL-Touri - tour, SCAN_10fpc FINAL STATE: CANCELLED after scanning 66 sources containing Python out of 800 total sources observed
