17:47:19 Depot - ***************init Depot**********.
17:47:19 initialized GithubPythonSourcer with rewinder_type: 20Commits email: investigationbot@gmail.com first: 2359296 stop:2621439
17:48:01 GiPyS - next repoID: 2359353
17:48:04 GiPyS - next repoID: 2359359
17:48:06 GiPyS - next repoID: 2359367
17:48:08 GiPyS - next repoID: 2359370
17:48:10 GiPyS - next repoID: 2359383
17:48:11 GiPyS - next repoID: 2359489
17:48:13 GiPyS - next repoID: 2359504
17:48:15 GiPyS - next repoID: 2359506
17:48:55 GiPyS - next repoID: 2359565
17:48:57 GiPyS - next repoID: 2359569
17:48:58 GiPyS - next repoID: 2359594
17:48:59 GiPyS - next repoID: 2359628
17:49:11 GiPyS - next repoID: 2359639
17:49:18 GiPyS - next repoID: 2359642
17:49:20 GiPyS - next repoID: 2359649
17:49:43 GiPyS - next repoID: 2359666
17:49:44 GiPyS - next repoID: 2359724
17:49:46 GiPyS - next repoID: 2359727
17:50:36 GiPyS - next repoID: 2359745
17:50:49 GiPyS - next repoID: 2359761
17:51:00 GiPyS - next repoID: 2359762
17:51:28 GiPyS - next repoID: 2359781
17:51:31 GiPyS - next repoID: 2359814
17:51:34 GiPyS - next repoID: 2359862
17:51:36 GiPyS - next repoID: 2359865
17:51:38 GiPyS - next repoID: 2359869
17:52:14 GiPyS - next repoID: 2359898
17:53:50 GiPyS - next repoID: 2359974
17:53:52 GiPyS - next repoID: 2360005
17:53:54 GiPyS - next repoID: 2360014
17:53:55 GiPyS - next repoID: 2360031
17:53:58 GiPyS - next repoID: 2360050
17:54:04 GiPyS - next repoID: 2360061
17:54:08 GiPyS - next repoID: 2360078
17:54:10 GiPyS - next repoID: 2360095
17:54:13 GiPyS - next repoID: 2360107
17:54:17 GiPyS - next repoID: 2360110
17:55:07 GiPyS - next repoID: 2360144
17:55:12 GiPyS - next repoID: 2360146
17:55:14 GiPyS - next repoID: 2360156
17:55:37 GiPyS - next repoID: 2360168
17:56:13 GiPyS - next repoID: 2360172
17:56:16 GiPyS - next repoID: 2360177
17:56:18 GiPyS - next repoID: 2360181
17:56:28 GiPyS - next repoID: 2360196
17:56:30 GiPyS - next repoID: 2360207
17:56:34 GiPyS - next repoID: 2360215
17:56:37 GiPyS - next repoID: 2360223
17:56:40 GiPyS - next repoID: 2360227
17:56:43 GiPyS - next repoID: 2360238
17:56:48 GiPyS - next repoID: 2360248
17:56:51 GiPyS - next repoID: 2360275
17:56:53 GiPyS - next repoID: 2360308
17:56:56 GiPyS - next repoID: 2360340
17:57:56 GiPyS - next repoID: 2360390
17:58:03 GiPyS - next repoID: 2360393
17:58:05 GiPyS - next repoID: 2360408
17:58:26 GiPyS - next repoID: 2360409
17:58:29 GiPyS - next repoID: 2360422
17:58:36 GiPyS - next repoID: 2360449
17:58:45 GiPyS - next repoID: 2360480
17:58:47 GiPyS - next repoID: 2360483
17:58:54 GiPyS - next repoID: 2360509
17:59:03 GiPyS - next repoID: 2360524
17:59:06 GiPyS - next repoID: 2360528
17:59:12 GiPyS - next repoID: 2360535
17:59:58 GiPyS - next repoID: 2360561
18:00:03 GiPyS - next repoID: 2360599
18:00:07 GiPyS - next repoID: 2360641
18:00:44 GiPyS - next repoID: 2360658
18:00:45 GiPyS - next repoID: 2360676
18:02:12 GiPyS - next repoID: 2360696
18:02:22 GiPyS - next repoID: 2360700
18:02:27 GiPyS - next repoID: 2360709
18:02:32 GiPyS - next repoID: 2360737
18:02:35 GiPyS - next repoID: 2360744
18:02:44 GiPyS - next repoID: 2360763
18:04:07 GiPyS - next repoID: 2360821
18:04:31 GiPyS - next repoID: 2360854
18:04:35 GiPyS - next repoID: 2360867
18:04:39 GiPyS - next repoID: 2360908
18:04:51 GiPyS - next repoID: 2360919
18:04:53 GiPyS - next repoID: 2360960
18:05:40 GiPyS - next repoID: 2360985
18:05:43 GiPyS - next repoID: 2361045
18:06:01 GiPyS - next repoID: 2361048
18:06:06 GiPyS - next repoID: 2361067
18:06:08 GiPyS - next repoID: 2361110
18:06:13 GiPyS - next repoID: 2361114
18:06:19 GiPyS - next repoID: 2361182
18:07:18 GiPyS - get_json, Giving up on url https://api.github.com/repos/Strikeskids/RenatusBot/languages after 5 attempts
18:07:19 GiPyS - next repoID: 2361214
18:07:25 GiPyS - next repoID: 2361216
18:07:31 GiPyS - next repoID: 2361223
18:07:38 GiPyS - next repoID: 2361226
18:07:54 GiPyS - next repoID: 2361228
18:08:01 GiPyS - next repoID: 2361237
18:08:06 GiPyS - next repoID: 2361256
18:08:34 GiPyS - next repoID: 2361257
18:08:42 GiPyS - next repoID: 2361262
18:08:46 GiPyS - next repoID: 2361264
18:08:50 GiPyS - next repoID: 2361271
18:08:57 GiPyS - next repoID: 2361279
18:08:59 GiPyS - next repoID: 2361282
18:09:03 GiPyS - next repoID: 2361294
18:09:07 GiPyS - next repoID: 2361295
18:09:10 GiPyS - next repoID: 2361297
18:09:14 GiPyS - next repoID: 2361300
18:09:16 GiPyS - next repoID: 2361302
18:09:20 GiPyS - next repoID: 2361304
18:09:25 GiPyS - next repoID: 2361336
18:09:32 GiPyS - next repoID: 2361386
18:09:45 GiPyS - get_json, Giving up on url https://api.github.com/repos/Strikeskids/RenatusBot/languages after 5 attempts
18:10:21 GiPyS - next repoID: 2361434
18:11:00 GiPyS - next repoID: 2361453
18:11:09 GiPyS - next repoID: 2361533
18:11:23 GiPyS - next repoID: 2361558
18:11:45 GiPyS - next repoID: 2361592
18:11:54 GiPyS - next repoID: 2361596
18:13:53 GiPyS - next repoID: 2361597
18:15:12 GiPyS - next repoID: 2361603
18:15:18 GiPyS - next repoID: 2361622
18:15:22 GiPyS - next repoID: 2361629
18:15:25 GiPyS - next repoID: 2361646
18:15:27 GiPyS - next repoID: 2361647
18:15:30 GiPyS - next repoID: 2361660
18:15:35 GiPyS - next repoID: 2361672
18:15:41 GiPyS - next repoID: 2361675
18:21:02 GiPyS - next repoID: 2361694
18:21:09 GiPyS - next repoID: 2361699
18:21:13 GiPyS - next repoID: 2361704
18:21:20 GiPyS - next repoID: 2361705
18:21:26 GiPyS - next repoID: 2361708
18:21:30 GiPyS - next repoID: 2361710
18:21:35 GiPyS - next repoID: 2361717
18:21:43 GiPyS - next repoID: 2361720
18:21:46 GiPyS - next repoID: 2361721
18:21:48 GiPyS - next repoID: 2361724
18:21:54 GiPyS - next repoID: 2361729
18:22:16 GiPyS - next repoID: 2361736
18:22:56 GiPyS - next repoID: 2361752
18:23:38 GiPyS - next repoID: 2361766
18:23:42 GiPyS - next repoID: 2361768
18:23:49 GiPyS - next repoID: 2361772
18:23:55 GiPyS - next repoID: 2361773
18:24:02 GiPyS - next repoID: 2361780
18:24:08 GiPyS - next repoID: 2361781
18:24:14 GiPyS - next repoID: 2361782
18:24:19 GiPyS - next repoID: 2361785
18:24:26 GiPyS - next repoID: 2361793
18:24:31 GiPyS - next repoID: 2361794
18:24:35 GiPyS - next repoID: 2361795
18:24:38 GiPyS - next repoID: 2361796
18:24:40 GiPyS - next repoID: 2361811
18:24:48 GiPyS - next repoID: 2361818
18:24:53 GiPyS - next repoID: 2361819
18:25:07 GiPyS - next repoID: 2361840
18:25:12 GiPyS - next repoID: 2361851
18:25:13 GiPyS - next repoID: 2361852
18:25:16 GiPyS - next repoID: 2361856
18:25:39 GiPyS - next repoID: 2361867
18:25:44 GiPyS - next repoID: 2361905
18:25:49 GiPyS - next repoID: 2361906
18:25:54 GiPyS - next repoID: 2361943
18:25:59 GiPyS - next repoID: 2361951
18:27:27 GiPyS - next repoID: 2361975
18:27:34 GiPyS - next repoID: 2361983
18:27:38 GiPyS - next repoID: 2361989
18:27:39 GiPyS - next repoID: 2362035
18:27:45 GiPyS - next repoID: 2362046
18:27:55 GiPyS - next repoID: 2362056
18:28:23 GiPyS - next repoID: 2362062
18:28:31 GiPyS - next repoID: 2362066
18:28:36 GiPyS - next repoID: 2362074
18:28:42 GiPyS - next repoID: 2362084
18:28:47 GiPyS - next repoID: 2362090
18:28:53 GiPyS - next repoID: 2362104
18:28:57 GiPyS - next repoID: 2362129
18:29:04 GiPyS - next repoID: 2362147
18:29:08 GiPyS - next repoID: 2362165
18:29:58 GiPyS - next repoID: 2362182
18:30:00 GiPyS - next repoID: 2362192
18:30:06 GiPyS - next repoID: 2362196
18:30:16 GiPyS - next repoID: 2362242
18:30:19 GiPyS - next repoID: 2362254
18:34:32 GiPyS - next repoID: 2362258
18:34:38 GiPyS - next repoID: 2362268
18:34:46 GiPyS - next repoID: 2362286
18:34:48 Touri - tour, SCAN_d6bkl  has been cancelled by the host with EXCEPTION:KeyboardInterrupt
18:34:48 Touri - tour, SCAN_d6bkl Tour Canceled: True
18:34:48 Touri - tour, SCAN_d6bkl FINAL STATE: CANCELLED after scanning 186 sources containing Python out of 1500 total sources observed
