Thu, 19 Mar 01:50:58 CRITICAL-Depot - ***************init Depot**********.
Thu, 19 Mar 01:50:58 ERROR-Depot - failure trying to renew.
Thu, 19 Mar 01:50:58 INFO-Depot - __init__, new Tour table created in path: /Users/carlchapman/Documents/SoftwareProjects/tour_de_source/clones/bib/tour_de_source3/data/tour.db
Thu, 19 Mar 01:50:58 CRITICAL-initialized GithubPythonSourcer with rewinder_type: 20Commits email: investigationbot@gmail.com first: 524288 stop:786431
Thu, 19 Mar 01:50:58 INFO-Touri - register, registering tourist in tour table with statement: INSERT INTO Tour VALUES ("95616", 1426747858, 1426747858, 0, "INITIAL", "python regex scanner", "investigationbot@gmail.com", "R1426747858_95616.db")
Thu, 19 Mar 01:50:58 INFO-PyReS - initialize_report, report_db: /Users/carlchapman/Documents/SoftwareProjects/tour_de_source/clones/bib/tour_de_source3/data/R1426747858_95616.db
Thu, 19 Mar 01:50:58 INFO-Touri - tour, SCAN_95616 RUNNING
Thu, 19 Mar 01:50:58 DEBUG-GiPyS - next since: 524287 len(repos): 0
Thu, 19 Mar 01:50:58 DEBUG-GiPyS - refresh_repos, lastRepo: 524287 since: 524287 len(repos): 0
Thu, 19 Mar 01:50:58 INFO-GiPyS - limit_remaining: 5000
Thu, 19 Mar 01:51:02 DEBUG-GiPyS - get_json Success, url: https://api.github.com/repositories?since=524287 limit_remaining: 5000
Thu, 19 Mar 01:51:03 DEBUG-GiPyS - get_json Success, url: https://api.github.com/repos/skorfmann/static-map/languages limit_remaining: 4999
Thu, 19 Mar 01:51:03 INFO-GiPyS - refresh_repos, repoID:524288 hasPython: False name: static-map
Thu, 19 Mar 01:51:03 DEBUG-GiPyS - refresh_repos, since:524287 len(repos): 0 languagesJSON: {}
Thu, 19 Mar 01:51:04 DEBUG-GiPyS - get_json Success, url: https://api.github.com/repos/hitode909/codepaste-plugin/languages limit_remaining: 4998
Thu, 19 Mar 01:51:04 INFO-GiPyS - refresh_repos, repoID:524291 hasPython: False name: codepaste-plugin
Thu, 19 Mar 01:51:04 DEBUG-GiPyS - refresh_repos, since:524287 len(repos): 0 languagesJSON: {u'Java': 9209}
Thu, 19 Mar 01:51:05 DEBUG-GiPyS - get_json Success, url: https://api.github.com/repos/ianshward/abauto/languages limit_remaining: 4997
Thu, 19 Mar 01:51:05 INFO-GiPyS - refresh_repos, repoID:524292 hasPython: False name: abauto
Thu, 19 Mar 01:51:05 DEBUG-GiPyS - refresh_repos, since:524287 len(repos): 0 languagesJSON: {}
Thu, 19 Mar 01:51:06 DEBUG-GiPyS - get_json Success, url: https://api.github.com/repos/pledbrook/grails-build-x/languages limit_remaining: 4996
Thu, 19 Mar 01:51:06 INFO-GiPyS - refresh_repos, repoID:524293 hasPython: False name: grails-build-x
Thu, 19 Mar 01:51:06 DEBUG-GiPyS - refresh_repos, since:524287 len(repos): 0 languagesJSON: {u'Groovy': 81008, u'Java': 14818}
Thu, 19 Mar 01:51:07 DEBUG-GiPyS - get_json Success, url: https://api.github.com/repos/aussiegeek/sparkle-rails/languages limit_remaining: 4995
Thu, 19 Mar 01:51:07 INFO-GiPyS - refresh_repos, repoID:524295 hasPython: False name: sparkle-rails
Thu, 19 Mar 01:51:07 DEBUG-GiPyS - refresh_repos, since:524287 len(repos): 0 languagesJSON: {u'JavaScript': 148, u'Ruby': 41865}
Thu, 19 Mar 01:51:08 DEBUG-GiPyS - get_json Success, url: https://api.github.com/repos/seewah/Dim-My-Chrome/languages limit_remaining: 4994
Thu, 19 Mar 01:51:08 INFO-GiPyS - refresh_repos, repoID:524297 hasPython: False name: Dim-My-Chrome
Thu, 19 Mar 01:51:08 DEBUG-GiPyS - refresh_repos, since:524287 len(repos): 0 languagesJSON: {u'JavaScript': 71958}
Thu, 19 Mar 01:51:09 DEBUG-GiPyS - get_json Success, url: https://api.github.com/repos/aleneum/idac/languages limit_remaining: 4993
Thu, 19 Mar 01:51:09 INFO-GiPyS - refresh_repos, repoID:524298 hasPython: False name: idac
Thu, 19 Mar 01:51:09 DEBUG-GiPyS - refresh_repos, since:524287 len(repos): 0 languagesJSON: {u'Shell': 442, u'Java': 1645743, u'C++': 77361}
Thu, 19 Mar 01:51:10 DEBUG-GiPyS - get_json Success, url: https://api.github.com/repos/Zariel/java-farm/languages limit_remaining: 4992
Thu, 19 Mar 01:51:10 INFO-GiPyS - refresh_repos, repoID:524301 hasPython: False name: java-farm
Thu, 19 Mar 01:51:10 DEBUG-GiPyS - refresh_repos, since:524287 len(repos): 0 languagesJSON: {u'Java': 2875}
Thu, 19 Mar 01:51:11 DEBUG-GiPyS - get_json Success, url: https://api.github.com/repos/brainedia/clara-online/languages limit_remaining: 4991
Thu, 19 Mar 01:51:11 INFO-GiPyS - refresh_repos, repoID:524304 hasPython: False name: clara-online
Thu, 19 Mar 01:51:11 DEBUG-GiPyS - refresh_repos, since:524287 len(repos): 0 languagesJSON: {u'JavaScript': 3654, u'PHP': 181772}
Thu, 19 Mar 01:51:12 INFO-GiPyS - limit_remaining: 4990
Thu, 19 Mar 01:51:12 DEBUG-GiPyS - get_json Success, url: https://api.github.com/repos/mattn/emmet-vim/languages limit_remaining: 4990
Thu, 19 Mar 01:51:12 INFO-GiPyS - refresh_repos, repoID:524305 hasPython: False name: emmet-vim
Thu, 19 Mar 01:51:12 DEBUG-GiPyS - refresh_repos, since:524287 len(repos): 0 languagesJSON: {u'VimL': 202701, u'Makefile': 190}
Thu, 19 Mar 01:51:13 DEBUG-GiPyS - get_json Success, url: https://api.github.com/repos/ceverest/gitscm/languages limit_remaining: 4989
Thu, 19 Mar 01:51:13 INFO-GiPyS - refresh_repos, repoID:524307 hasPython: False name: gitscm
Thu, 19 Mar 01:51:13 DEBUG-GiPyS - refresh_repos, since:524287 len(repos): 0 languagesJSON: {u'Shell': 192, u'Ruby': 17726, u'JavaScript': 74648}
Thu, 19 Mar 01:51:14 DEBUG-GiPyS - get_json Success, url: https://api.github.com/repos/jefft/mergejiras/languages limit_remaining: 4988
Thu, 19 Mar 01:51:14 INFO-GiPyS - refresh_repos, repoID:524308 hasPython: False name: mergejiras
Thu, 19 Mar 01:51:14 DEBUG-GiPyS - refresh_repos, since:524287 len(repos): 0 languagesJSON: {}
Thu, 19 Mar 01:51:15 DEBUG-GiPyS - get_json Success, url: https://api.github.com/repos/artur79/platnosci.pl/languages limit_remaining: 4987
Thu, 19 Mar 01:51:15 INFO-GiPyS - refresh_repos, repoID:524309 hasPython: False name: platnosci.pl
Thu, 19 Mar 01:51:15 DEBUG-GiPyS - refresh_repos, since:524287 len(repos): 0 languagesJSON: {u'Ruby': 24308}
Thu, 19 Mar 01:51:16 DEBUG-GiPyS - get_json Success, url: https://api.github.com/repos/danio/gmail-notifier/languages limit_remaining: 4986
Thu, 19 Mar 01:51:16 INFO-GiPyS - refresh_repos, repoID:524310 hasPython: True name: gmail-notifier
Thu, 19 Mar 01:51:16 DEBUG-GiPyS - refresh_repos, since:524287 len(repos): 0 languagesJSON: {u'Python': 4788}
Thu, 19 Mar 01:51:17 DEBUG-GiPyS - get_json Success, url: https://api.github.com/repos/joelpittet/auth/languages limit_remaining: 4985
Thu, 19 Mar 01:51:17 INFO-GiPyS - refresh_repos, repoID:524312 hasPython: False name: auth
Thu, 19 Mar 01:51:17 DEBUG-GiPyS - refresh_repos, since:524287 len(repos): 1 languagesJSON: {u'PHP': 20854}
Thu, 19 Mar 01:51:19 DEBUG-GiPyS - get_json Success, url: https://api.github.com/repos/diegom/MyTest/languages limit_remaining: 4984
Thu, 19 Mar 01:51:19 INFO-GiPyS - refresh_repos, repoID:524314 hasPython: False name: MyTest
Thu, 19 Mar 01:51:19 DEBUG-GiPyS - refresh_repos, since:524287 len(repos): 1 languagesJSON: {}
Thu, 19 Mar 01:51:20 DEBUG-GiPyS - get_json Success, url: https://api.github.com/repos/dingproject/ding/languages limit_remaining: 4983
Thu, 19 Mar 01:51:20 INFO-GiPyS - refresh_repos, repoID:524316 hasPython: False name: ding
Thu, 19 Mar 01:51:20 DEBUG-GiPyS - refresh_repos, since:524287 len(repos): 1 languagesJSON: {u'PHP': 165738, u'JavaScript': 32638}
Thu, 19 Mar 01:51:21 DEBUG-GiPyS - get_json Success, url: https://api.github.com/repos/kuchipatchikun/My-Personal-Website/languages limit_remaining: 4982
Thu, 19 Mar 01:51:21 INFO-GiPyS - refresh_repos, repoID:524317 hasPython: False name: My-Personal-Website
Thu, 19 Mar 01:51:21 DEBUG-GiPyS - refresh_repos, since:524287 len(repos): 1 languagesJSON: {}
Thu, 19 Mar 01:51:22 DEBUG-GiPyS - get_json Success, url: https://api.github.com/repos/mgrad/llvm-mirror/languages limit_remaining: 4981
Thu, 19 Mar 01:51:22 INFO-GiPyS - refresh_repos, repoID:524318 hasPython: True name: llvm-mirror
Thu, 19 Mar 01:51:22 DEBUG-GiPyS - refresh_repos, since:524287 len(repos): 1 languagesJSON: {u'C': 6730469, u'Shell': 216424, u'Assembly': 1609, u'Python': 111774, u'Emacs Lisp': 11377, u'VimL': 5530, u'OCaml': 353206, u'C++': 15765698, u'Perl': 174369, u'FORTRAN': 1302, u'Objective-C': 10352}
Thu, 19 Mar 01:51:24 INFO-GiPyS - limit_remaining: 4980
Thu, 19 Mar 01:51:25 DEBUG-GiPyS - get_json Success, url: https://api.github.com/repos/LeipeLeon/nifty-generators/languages limit_remaining: 4980
Thu, 19 Mar 01:51:25 INFO-GiPyS - refresh_repos, repoID:524322 hasPython: False name: nifty-generators
Thu, 19 Mar 01:51:25 DEBUG-GiPyS - refresh_repos, since:524287 len(repos): 2 languagesJSON: {u'Ruby': 86408}
Thu, 19 Mar 01:51:26 DEBUG-GiPyS - get_json Success, url: https://api.github.com/repos/cygni/riot/languages limit_remaining: 4979
Thu, 19 Mar 01:51:26 INFO-GiPyS - refresh_repos, repoID:524324 hasPython: False name: riot
Thu, 19 Mar 01:51:26 DEBUG-GiPyS - refresh_repos, since:524287 len(repos): 2 languagesJSON: {u'Groovy': 9386, u'Shell': 9117, u'Java': 2229670, u'JavaScript': 223569}
Thu, 19 Mar 01:51:27 DEBUG-GiPyS - get_json Success, url: https://api.github.com/repos/gtarnovan/cubus-activemerchant-ro/languages limit_remaining: 4978
Thu, 19 Mar 01:51:27 INFO-GiPyS - refresh_repos, repoID:524325 hasPython: False name: cubus-activemerchant-ro
Thu, 19 Mar 01:51:27 DEBUG-GiPyS - refresh_repos, since:524287 len(repos): 2 languagesJSON: {u'Ruby': 471}
Thu, 19 Mar 01:51:28 DEBUG-GiPyS - get_json Success, url: https://api.github.com/repos/mirblu/maps/languages limit_remaining: 4977
Thu, 19 Mar 01:51:28 INFO-GiPyS - refresh_repos, repoID:524327 hasPython: False name: maps
Thu, 19 Mar 01:51:28 DEBUG-GiPyS - refresh_repos, since:524287 len(repos): 2 languagesJSON: {u'Shell': 40, u'Java': 871698}
Thu, 19 Mar 01:51:29 DEBUG-GiPyS - get_json Success, url: https://api.github.com/repos/robots/Beagleboard-OSy2010/languages limit_remaining: 4976
Thu, 19 Mar 01:51:29 INFO-GiPyS - refresh_repos, repoID:524329 hasPython: True name: Beagleboard-OSy2010
Thu, 19 Mar 01:51:29 DEBUG-GiPyS - refresh_repos, since:524287 len(repos): 2 languagesJSON: {u'C': 330497659, u'Shell': 177543, u'Assembly': 9609441, u'Python': 30672, u'C++': 51136, u'Perl': 279711, u'SuperCollider': 12158, u'Objective-C': 28257, u'ASP': 4526, u'PHP': 54088}
Thu, 19 Mar 01:51:30 DEBUG-GiPyS - get_json Success, url: https://api.github.com/repos/sauloarruda/bdd-mastermind/languages limit_remaining: 4975
Thu, 19 Mar 01:51:30 INFO-GiPyS - refresh_repos, repoID:524337 hasPython: False name: bdd-mastermind
Thu, 19 Mar 01:51:30 DEBUG-GiPyS - refresh_repos, since:524287 len(repos): 3 languagesJSON: {u'Shell': 212, u'Ruby': 2827}
Thu, 19 Mar 01:51:31 DEBUG-GiPyS - get_json Success, url: https://api.github.com/repos/liferealized/cfwheels-clone-model/languages limit_remaining: 4974
Thu, 19 Mar 01:51:31 INFO-GiPyS - refresh_repos, repoID:524340 hasPython: False name: cfwheels-clone-model
Thu, 19 Mar 01:51:31 DEBUG-GiPyS - refresh_repos, since:524287 len(repos): 3 languagesJSON: {}
Thu, 19 Mar 01:51:32 DEBUG-GiPyS - get_json Success, url: https://api.github.com/repos/edbond/enlive-tutorial/languages limit_remaining: 4973
Thu, 19 Mar 01:51:32 INFO-GiPyS - refresh_repos, repoID:524344 hasPython: False name: enlive-tutorial
Thu, 19 Mar 01:51:32 DEBUG-GiPyS - refresh_repos, since:524287 len(repos): 3 languagesJSON: {u'Clojure': 10853}
Thu, 19 Mar 01:51:33 DEBUG-GiPyS - get_json Success, url: https://api.github.com/repos/emencia/emencia-django-french_zones/languages limit_remaining: 4972
Thu, 19 Mar 01:51:33 INFO-GiPyS - refresh_repos, repoID:524345 hasPython: True name: emencia-django-french_zones
Thu, 19 Mar 01:51:33 DEBUG-GiPyS - refresh_repos, since:524287 len(repos): 3 languagesJSON: {u'Python': 15493}
Thu, 19 Mar 01:51:33 DEBUG-GiPyS - get_json Success, url: https://api.github.com/repos/Lipsiasoft/lightbox/languages limit_remaining: 4971
Thu, 19 Mar 01:51:33 INFO-GiPyS - refresh_repos, repoID:524347 hasPython: False name: lightbox
Thu, 19 Mar 01:51:33 DEBUG-GiPyS - refresh_repos, since:524287 len(repos): 4 languagesJSON: {}
Thu, 19 Mar 01:51:34 INFO-GiPyS - limit_remaining: 4970
Thu, 19 Mar 01:51:34 DEBUG-GiPyS - get_json Success, url: https://api.github.com/repos/Lipsiasoft/lipsiadmin/languages limit_remaining: 4970
Thu, 19 Mar 01:51:34 INFO-GiPyS - refresh_repos, repoID:524348 hasPython: False name: lipsiadmin
Thu, 19 Mar 01:51:34 DEBUG-GiPyS - refresh_repos, since:524287 len(repos): 4 languagesJSON: {}
Thu, 19 Mar 01:51:35 DEBUG-GiPyS - get_json Success, url: https://api.github.com/repos/Lipsiasoft/lipsiadmin-I18n/languages limit_remaining: 4969
Thu, 19 Mar 01:51:35 INFO-GiPyS - refresh_repos, repoID:524349 hasPython: False name: lipsiadmin-I18n
Thu, 19 Mar 01:51:35 DEBUG-GiPyS - refresh_repos, since:524287 len(repos): 4 languagesJSON: {}
Thu, 19 Mar 01:51:36 DEBUG-GiPyS - get_json Success, url: https://api.github.com/repos/Lipsiasoft/lipsiablog/languages limit_remaining: 4968
Thu, 19 Mar 01:51:36 INFO-GiPyS - refresh_repos, repoID:524350 hasPython: False name: lipsiablog
Thu, 19 Mar 01:51:36 DEBUG-GiPyS - refresh_repos, since:524287 len(repos): 4 languagesJSON: {}
Thu, 19 Mar 01:51:37 DEBUG-GiPyS - get_json Success, url: https://api.github.com/repos/saxaathlete/test/languages limit_remaining: 4967
Thu, 19 Mar 01:51:37 INFO-GiPyS - refresh_repos, repoID:524352 hasPython: False name: test
Thu, 19 Mar 01:51:37 DEBUG-GiPyS - refresh_repos, since:524287 len(repos): 4 languagesJSON: {}
Thu, 19 Mar 01:51:38 DEBUG-GiPyS - get_json Success, url: https://api.github.com/repos/s0wk/symphony-2/languages limit_remaining: 4966
Thu, 19 Mar 01:51:38 INFO-GiPyS - refresh_repos, repoID:524354 hasPython: False name: symphony-2
Thu, 19 Mar 01:51:38 DEBUG-GiPyS - refresh_repos, since:524287 len(repos): 4 languagesJSON: {}
Thu, 19 Mar 01:51:39 DEBUG-GiPyS - get_json Success, url: https://api.github.com/repos/fmuzaffer/vlc4iphone/languages limit_remaining: 4965
Thu, 19 Mar 01:51:39 INFO-GiPyS - refresh_repos, repoID:524356 hasPython: False name: vlc4iphone
Thu, 19 Mar 01:51:39 DEBUG-GiPyS - refresh_repos, since:524287 len(repos): 4 languagesJSON: {}
Thu, 19 Mar 01:51:40 DEBUG-GiPyS - get_json Success, url: https://api.github.com/repos/BLC/delayed_job/languages limit_remaining: 4964
Thu, 19 Mar 01:51:40 INFO-GiPyS - refresh_repos, repoID:524359 hasPython: False name: delayed_job
Thu, 19 Mar 01:51:40 DEBUG-GiPyS - refresh_repos, since:524287 len(repos): 4 languagesJSON: {u'Ruby': 68036}
Thu, 19 Mar 01:51:41 DEBUG-GiPyS - get_json Success, url: https://api.github.com/repos/e-tobi/rake-dotnet/languages limit_remaining: 4963
Thu, 19 Mar 01:51:41 INFO-GiPyS - refresh_repos, repoID:524364 hasPython: False name: rake-dotnet
Thu, 19 Mar 01:51:41 DEBUG-GiPyS - refresh_repos, since:524287 len(repos): 4 languagesJSON: {}
Thu, 19 Mar 01:51:42 DEBUG-GiPyS - get_json Success, url: https://api.github.com/repos/nene/filter-row/languages limit_remaining: 4962
Thu, 19 Mar 01:51:42 INFO-GiPyS - refresh_repos, repoID:524365 hasPython: False name: filter-row
Thu, 19 Mar 01:51:42 DEBUG-GiPyS - refresh_repos, since:524287 len(repos): 4 languagesJSON: {u'JavaScript': 18704, u'PHP': 8384, u'CSS': 319}
Thu, 19 Mar 01:51:42 DEBUG-GiPyS - get_json Success, url: https://api.github.com/repos/macterry/AIMGames/languages limit_remaining: 4961
Thu, 19 Mar 01:51:42 INFO-GiPyS - refresh_repos, repoID:524374 hasPython: False name: AIMGames
Thu, 19 Mar 01:51:42 DEBUG-GiPyS - refresh_repos, since:524287 len(repos): 4 languagesJSON: {}
Thu, 19 Mar 01:51:43 INFO-GiPyS - limit_remaining: 4960
Thu, 19 Mar 01:51:43 CRITICAL-Touri - tour, SCAN_95616  has been cancelled by the host with EXCEPTION:KeyboardInterrupt
Thu, 19 Mar 01:51:43 CRITICAL-Touri - tour, SCAN_95616 Tour Canceled: True
Thu, 19 Mar 01:51:43 CRITICAL-Touri - tour, SCAN_95616 FINAL STATE: CANCELLED after scanning 0 sources containing Python out of 39 total sources observed
