16:35:00 Depot - ***************init Depot**********.
16:35:00 initialized GithubPythonSourcer with rewinder_type: 20Commits email: investigationbot@gmail.com first: 4718592 stop:4980735
16:35:36 GiPyS - next repoID: 4718593
16:35:46 GiPyS - next repoID: 4718600
16:35:47 GiPyS - next repoID: 4718645
16:35:50 GiPyS - next repoID: 4718655
16:35:51 GiPyS - next repoID: 4718657
16:35:59 GiPyS - next repoID: 4718659
16:36:01 GiPyS - next repoID: 4718695
16:36:05 GiPyS - next repoID: 4718708
16:36:06 GiPyS - next repoID: 4718717
16:36:15 GiPyS - next repoID: 4718755
16:36:52 GiPyS - next repoID: 4718850
16:36:55 GiPyS - next repoID: 4718869
16:37:31 GiPyS - next repoID: 4718876
16:37:39 GiPyS - next repoID: 4718900
16:37:41 GiPyS - next repoID: 4718919
16:37:52 GiPyS - next repoID: 4718958
16:37:57 GiPyS - next repoID: 4718963
16:38:02 GiPyS - next repoID: 4718976
16:38:03 GiPyS - next repoID: 4719035
16:38:04 GiPyS - next repoID: 4719058
16:38:08 GiPyS - next repoID: 4719063
16:38:58 GiPyS - next repoID: 4719110
16:39:03 GiPyS - next repoID: 4719140
16:39:05 GiPyS - next repoID: 4719151
16:39:06 GiPyS - next repoID: 4719160
16:39:09 GiPyS - next repoID: 4719171
16:39:15 GiPyS - next repoID: 4719201
16:39:19 GiPyS - next repoID: 4719245
16:39:20 GiPyS - next repoID: 4719301
16:39:23 GiPyS - next repoID: 4719302
16:39:26 GiPyS - next repoID: 4719311
16:39:27 GiPyS - next repoID: 4719315
16:40:10 GiPyS - next repoID: 4719320
16:40:16 GiPyS - next repoID: 4719342
16:40:19 GiPyS - next repoID: 4719366
16:40:34 GiPyS - next repoID: 4719370
16:40:50 GiPyS - next repoID: 4719403
16:40:51 GiPyS - next repoID: 4719414
16:41:41 GiPyS - next repoID: 4719437
16:41:44 GiPyS - next repoID: 4719477
16:41:49 GiPyS - next repoID: 4719536
16:41:54 GiPyS - next repoID: 4719562
16:42:33 GiPyS - next repoID: 4719573
16:42:35 GiPyS - next repoID: 4719588
16:42:37 GiPyS - next repoID: 4719619
16:42:39 GiPyS - next repoID: 4719624
16:42:45 GiPyS - next repoID: 4719647
17:03:42 GiPyS - next repoID: 4719649
17:03:52 GiPyS - next repoID: 4719655
17:03:58 GiPyS - next repoID: 4719725
17:04:04 GiPyS - next repoID: 4719742
17:04:11 GiPyS - next repoID: 4719752
17:08:22 GiPyS - next repoID: 4719754
17:08:27 GiPyS - next repoID: 4719759
17:09:20 GiPyS - next repoID: 4719778
17:09:39 GiPyS - next repoID: 4719786
17:14:17 GiPyS - next repoID: 4719793
17:14:22 GiPyS - next repoID: 4719797
17:14:29 GiPyS - next repoID: 4719820
17:16:19 GiPyS - next repoID: 4719822
17:16:22 GiPyS - next repoID: 4719836
17:16:31 GiPyS - next repoID: 4719838
17:16:39 GiPyS - next repoID: 4719852
17:16:51 GiPyS - next repoID: 4719870
17:16:58 GiPyS - next repoID: 4719872
17:17:03 GiPyS - next repoID: 4719890
17:17:05 GiPyS - next repoID: 4719929
17:17:10 GiPyS - next repoID: 4719984
17:17:15 GiPyS - next repoID: 4719999
17:28:42 Touri - tour, SCAN_4llbf EXCEPTION:[Errno 12] Cannot allocate memory
17:28:42 Touri - tour, consecutiveExceptionCounter: 1
17:29:30 GiPyS - next repoID: 4720003
17:29:31 GiPySo-getRewinder, Backing off for 0 seconds
17:29:31 GiPySo-getRewinder, Backing off for 1 seconds
17:29:33 GiPySo-getRewinder, Backing off for 3 seconds
17:29:36 GiPySo-getRewinder, Backing off for 1 seconds
17:29:37 GiPySo-getRewinder, Backing off for 9 seconds
17:29:47 GiPySo-getRewinder, Backing off for 18 seconds
17:30:05 GiPySo-getRewinder, Backing off for 24 seconds
17:30:30 GiPySo-getRewinder, Backing off for 18 seconds
17:30:48 GiPySo-getRewinder, Backing off for 18 seconds
17:31:06 GiPySo-getRewinder, Backing off for 0 seconds
17:31:06 GiPySo-getRewinder, Issue creating rewinder for repoID: 4720003, could not be resolved after 10 attempts.  Returning None.
17:31:06 Touri - tour, consecutiveExceptionCounter: 1
17:31:06 GiPyS - next repoID: 4720030
17:31:07 GiPySo-getRewinder, Backing off for 0 seconds
17:31:08 GiPySo-getRewinder, Backing off for 0 seconds
17:31:08 GiPySo-getRewinder, Backing off for 3 seconds
17:31:12 GiPySo-getRewinder, Backing off for 4 seconds
17:31:16 GiPySo-getRewinder, Backing off for 12 seconds
17:31:29 GiPySo-getRewinder, Backing off for 16 seconds
17:31:46 GiPySo-getRewinder, Backing off for 16 seconds
17:32:02 GiPySo-getRewinder, Backing off for 26 seconds
17:32:29 GiPySo-getRewinder, Backing off for 39 seconds
17:33:10 GiPySo-getRewinder, Backing off for 17 seconds
17:33:27 GiPySo-getRewinder, Issue creating rewinder for repoID: 4720030, could not be resolved after 10 attempts.  Returning None.
17:33:27 Touri - tour, consecutiveExceptionCounter: 1
17:33:27 GiPyS - next repoID: 4720036
17:33:28 GiPySo-getRewinder, Backing off for 0 seconds
17:33:28 GiPySo-getRewinder, Backing off for 1 seconds
17:33:30 GiPySo-getRewinder, Backing off for 3 seconds
17:33:34 GiPySo-getRewinder, Backing off for 5 seconds
17:33:39 GiPySo-getRewinder, Backing off for 7 seconds
17:33:47 GiPySo-getRewinder, Backing off for 12 seconds
17:33:59 GiPySo-getRewinder, Backing off for 5 seconds
17:34:05 GiPySo-getRewinder, Backing off for 39 seconds
17:34:44 GiPySo-getRewinder, Backing off for 15 seconds
17:35:00 GiPySo-getRewinder, Backing off for 5 seconds
17:35:05 GiPySo-getRewinder, Issue creating rewinder for repoID: 4720036, could not be resolved after 10 attempts.  Returning None.
17:35:05 Touri - tour, consecutiveExceptionCounter: 1
17:35:05 GiPyS - next repoID: 4720062
17:35:05 GiPySo-getRewinder, Backing off for 0 seconds
17:35:05 GiPySo-getRewinder, Backing off for 0 seconds
17:35:06 GiPySo-getRewinder, Backing off for 0 seconds
17:35:06 GiPySo-getRewinder, Backing off for 7 seconds
17:35:14 GiPySo-getRewinder, Backing off for 0 seconds
17:35:14 GiPySo-getRewinder, Backing off for 24 seconds
17:35:39 GiPySo-getRewinder, Backing off for 35 seconds
17:36:14 GiPySo-getRewinder, Backing off for 1 seconds
17:36:15 GiPySo-getRewinder, Backing off for 34 seconds
17:36:50 GiPySo-getRewinder, Backing off for 13 seconds
17:37:03 GiPySo-getRewinder, Issue creating rewinder for repoID: 4720062, could not be resolved after 10 attempts.  Returning None.
17:37:03 Touri - tour, consecutiveExceptionCounter: 1
17:37:03 GiPyS - next repoID: 4720112
17:37:03 GiPySo-getRewinder, Backing off for 0 seconds
17:37:04 GiPySo-getRewinder, Backing off for 0 seconds
17:37:04 GiPySo-getRewinder, Backing off for 1 seconds
17:37:06 GiPySo-getRewinder, Backing off for 1 seconds
17:37:07 GiPySo-getRewinder, Backing off for 6 seconds
17:37:13 GiPySo-getRewinder, Backing off for 15 seconds
17:37:29 GiPySo-getRewinder, Backing off for 14 seconds
17:37:43 GiPySo-getRewinder, Backing off for 25 seconds
17:38:09 GiPySo-getRewinder, Backing off for 10 seconds
17:38:19 GiPySo-getRewinder, Backing off for 1 seconds
17:38:20 GiPySo-getRewinder, Issue creating rewinder for repoID: 4720112, could not be resolved after 10 attempts.  Returning None.
17:38:20 Touri - tour, consecutiveExceptionCounter: 1
17:38:20 GiPyS - next repoID: 4720178
17:38:20 GiPySo-getRewinder, Backing off for 0 seconds
17:38:21 GiPySo-getRewinder, Backing off for 0 seconds
17:38:21 GiPySo-getRewinder, Backing off for 2 seconds
17:38:23 GiPySo-getRewinder, Backing off for 6 seconds
17:38:30 GiPySo-getRewinder, Backing off for 11 seconds
17:38:41 GiPySo-getRewinder, Backing off for 4 seconds
17:38:46 GiPySo-getRewinder, Backing off for 38 seconds
17:39:24 GiPySo-getRewinder, Backing off for 3 seconds
17:39:27 GiPySo-getRewinder, Backing off for 38 seconds
17:40:06 GiPySo-getRewinder, Backing off for 31 seconds
17:40:37 GiPySo-getRewinder, Issue creating rewinder for repoID: 4720178, could not be resolved after 10 attempts.  Returning None.
17:40:37 Touri - tour, consecutiveExceptionCounter: 1
17:41:17 GiPyS - next repoID: 4720223
17:41:17 GiPySo-getRewinder, Backing off for 0 seconds
17:41:17 GiPySo-getRewinder, Backing off for 1 seconds
17:41:19 GiPySo-getRewinder, Backing off for 1 seconds
17:41:20 GiPySo-getRewinder, Backing off for 5 seconds
17:41:26 GiPySo-getRewinder, Backing off for 5 seconds
17:41:31 GiPySo-getRewinder, Backing off for 14 seconds
17:41:49 GiPyS - next repoID: 4720233
17:41:51 GiPyS - next repoID: 4720243
17:41:56 GiPyS - next repoID: 4720246
17:41:59 GiPyS - next repoID: 4720288
17:42:08 GiPyS - next repoID: 4720353
17:42:13 GiPyS - next repoID: 4720397
17:42:19 GiPyS - next repoID: 4720407
17:43:01 GiPyS - next repoID: 4720442
17:43:14 GiPyS - next repoID: 4720447
17:43:17 GiPyS - next repoID: 4720553
17:43:23 GiPyS - next repoID: 4720557
17:43:25 GiPyS - next repoID: 4720561
17:43:27 GiPyS - next repoID: 4720605
17:43:48 GiPyS - next repoID: 4720639
17:43:51 GiPyS - next repoID: 4720654
17:43:53 GiPyS - next repoID: 4720659
17:44:34 GiPyS - next repoID: 4720671
17:44:39 GiPyS - next repoID: 4720686
17:44:41 GiPyS - next repoID: 4720691
17:45:08 GiPyS - next repoID: 4720700
17:45:18 GiPyS - next repoID: 4720732
17:45:20 GiPyS - next repoID: 4720741
17:45:49 GiPyS - next repoID: 4720744
17:46:04 GiPyS - next repoID: 4720755
17:46:25 GiPyS - next repoID: 4720766
17:46:28 GiPyS - next repoID: 4720815
17:46:39 GiPyS - next repoID: 4720822
17:46:43 GiPyS - next repoID: 4720828
17:46:45 GiPyS - next repoID: 4720832
17:47:26 GiPyS - next repoID: 4720847
17:47:29 GiPyS - next repoID: 4720849
17:47:34 GiPyS - next repoID: 4720851
17:47:39 GiPyS - next repoID: 4720852
17:47:42 GiPyS - next repoID: 4720860
17:47:45 GiPyS - next repoID: 4720865
17:47:50 GiPyS - next repoID: 4720866
17:47:58 GiPyS - next repoID: 4720881
17:48:00 GiPyS - next repoID: 4720889
17:48:02 GiPyS - next repoID: 4720936
17:48:04 GiPyS - next repoID: 4720942
17:48:19 GiPyS - next repoID: 4720982
17:53:16 GiPyS - next repoID: 4721022
17:53:23 GiPyS - next repoID: 4721025
17:53:25 GiPyS - next repoID: 4721029
17:53:28 GiPyS - next repoID: 4721052
17:54:10 GiPyS - next repoID: 4721141
17:54:12 GiPyS - next repoID: 4721158
17:54:13 GiPyS - next repoID: 4721220
17:54:16 GiPyS - next repoID: 4721228
17:54:20 GiPyS - next repoID: 4721270
17:54:26 GiPyS - next repoID: 4721298
17:55:07 GiPyS - next repoID: 4721335
17:55:10 GiPyS - next repoID: 4721341
17:55:12 GiPyS - next repoID: 4721373
17:55:16 GiPyS - next repoID: 4721428
17:55:21 GiPyS - next repoID: 4721432
17:56:01 GiPyS - next repoID: 4721514
17:56:08 GiPyS - next repoID: 4721516
17:56:10 GiPyS - next repoID: 4721580
17:56:14 GiPyS - next repoID: 4721584
17:56:27 GiPyS - next repoID: 4721606
17:56:29 GiPyS - next repoID: 4721648
17:56:31 GiPyS - next repoID: 4721664
17:59:22 GiPyS - next repoID: 4721678
18:00:00 GiPyS - next repoID: 4721730
18:03:28 GiPyS - next repoID: 4721780
18:03:30 GiPyS - next repoID: 4721844
18:03:34 GiPyS - next repoID: 4721861
18:03:38 GiPyS - next repoID: 4721870
18:04:24 GiPyS - next repoID: 4721923
18:04:33 GiPyS - next repoID: 4721949
18:04:35 GiPyS - next repoID: 4721968
18:04:40 GiPyS - next repoID: 4721992
18:04:44 GiPyS - next repoID: 4722027
18:04:47 GiPyS - next repoID: 4722092
18:04:50 GiPySo-getRewinder, Backing off for 0 seconds
18:04:51 GiPySo-getRewinder, Backing off for 1 seconds
18:04:52 GiPySo-getRewinder, Backing off for 1 seconds
18:04:54 GiPySo-getRewinder, Backing off for 4 seconds
18:04:59 GiPySo-getRewinder, Backing off for 6 seconds
18:05:05 GiPySo-getRewinder, Backing off for 24 seconds
18:05:30 GiPySo-getRewinder, Backing off for 17 seconds
18:05:48 GiPySo-getRewinder, Backing off for 22 seconds
18:06:10 GiPySo-getRewinder, Backing off for 30 seconds
18:06:41 GiPySo-getRewinder, Backing off for 20 seconds
18:07:01 GiPySo-getRewinder, Issue creating rewinder for repoID: 4722092, could not be resolved after 10 attempts.  Returning None.
18:07:01 GiPyS - next repoID: 4722136
18:07:48 GiPyS - next repoID: 4722162
18:07:53 GiPyS - next repoID: 4722178
18:08:02 GiPyS - next repoID: 4722184
18:08:05 GiPyS - next repoID: 4722195
18:08:08 GiPyS - next repoID: 4722204
18:08:14 GiPyS - next repoID: 4722216
18:08:19 GiPyS - next repoID: 4722246
18:08:27 GiPyS - next repoID: 4722289
18:08:31 GiPyS - next repoID: 4722311
18:08:37 GiPyS - next repoID: 4722317
18:08:50 GiPyS - next repoID: 4722321
18:09:17 GiPyS - next repoID: 4722331
18:10:00 GiPyS - next repoID: 4722382
18:10:07 GiPyS - next repoID: 4722483
18:10:13 GiPyS - next repoID: 4722575
18:10:55 GiPyS - next repoID: 4722630
18:10:58 GiPyS - next repoID: 4722643
18:11:05 GiPyS - next repoID: 4722684
18:11:13 GiPyS - next repoID: 4722736
18:14:23 GiPyS - next repoID: 4722739
18:14:26 GiPyS - next repoID: 4722772
18:14:44 GiPyS - next repoID: 4722794
18:15:26 GiPyS - next repoID: 4722801
18:15:33 GiPyS - next repoID: 4722817
18:15:38 GiPyS - next repoID: 4722819
18:15:45 GiPyS - next repoID: 4722843
18:15:47 GiPyS - next repoID: 4722847
18:15:54 GiPyS - next repoID: 4722859
18:16:02 GiPyS - next repoID: 4722865
18:16:09 GiPyS - next repoID: 4722868
18:16:17 GiPyS - next repoID: 4722878
18:16:19 GiPyS - next repoID: 4722882
18:16:22 GiPyS - next repoID: 4722950
18:16:24 GiPyS - next repoID: 4722984
18:17:08 GiPyS - next repoID: 4723012
18:17:14 GiPyS - next repoID: 4723014
18:17:20 GiPyS - next repoID: 4723024
18:17:22 GiPyS - next repoID: 4723039
18:17:25 GiPyS - next repoID: 4723044
18:17:31 GiPyS - next repoID: 4723085
18:17:35 GiPyS - next repoID: 4723093
18:17:41 GiPyS - next repoID: 4723101
18:17:49 GiPyS - next repoID: 4723115
18:18:03 GiPyS - next repoID: 4723146
18:18:06 GiPyS - next repoID: 4723148
18:18:52 GiPyS - next repoID: 4723233
18:18:59 GiPyS - next repoID: 4723248
18:19:18 GiPyS - next repoID: 4723268
18:19:30 GiPyS - next repoID: 4723294
18:19:33 GiPyS - next repoID: 4723300
18:19:37 GiPyS - next repoID: 4723309
18:19:44 GiPyS - next repoID: 4723317
18:19:49 GiPyS - next repoID: 4723318
18:19:54 GiPyS - next repoID: 4723320
18:20:01 GiPyS - next repoID: 4723323
18:20:09 GiPyS - next repoID: 4723328
18:20:27 GiPyS - next repoID: 4723381
18:20:34 GiPyS - next repoID: 4723386
18:20:41 GiPyS - next repoID: 4723390
18:21:24 GiPyS - next repoID: 4723432
18:21:32 GiPyS - next repoID: 4723444
18:21:39 GiPyS - next repoID: 4723452
18:21:42 GiPyS - next repoID: 4723461
18:22:05 GiPyS - next repoID: 4723474
18:22:09 GiPyS - next repoID: 4723480
18:22:17 GiPyS - next repoID: 4723580
18:22:26 GiPyS - next repoID: 4723587
18:22:34 GiPyS - next repoID: 4723595
18:23:24 GiPyS - next repoID: 4723663
18:23:27 GiPyS - next repoID: 4723671
18:24:06 GiPyS - next repoID: 4723725
18:24:11 GiPyS - next repoID: 4723730
18:24:19 GiPyS - next repoID: 4723773
18:24:24 GiPyS - next repoID: 4723776
18:25:25 GiPyS - next repoID: 4723800
18:25:28 GiPyS - next repoID: 4723813
18:25:33 GiPyS - next repoID: 4723823
18:25:52 GiPyS - next repoID: 4723846
18:26:02 GiPyS - next repoID: 4723921
18:27:06 GiPyS - get_json, Giving up on url https://api.github.com/repos/ioriwellings/GBA4iOS/languages after 5 attempts
18:27:09 GiPyS - next repoID: 4724008
18:27:17 GiPyS - next repoID: 4724028
18:27:20 GiPyS - next repoID: 4724041
18:27:27 GiPyS - next repoID: 4724046
18:27:35 GiPyS - next repoID: 4724060
18:27:42 GiPyS - next repoID: 4724073
18:28:30 GiPyS - next repoID: 4724153
18:28:52 GiPyS - next repoID: 4724172
18:28:58 GiPyS - next repoID: 4724201
18:29:00 GiPyS - next repoID: 4724205
18:29:08 GiPyS - next repoID: 4724251
18:29:11 GiPyS - next repoID: 4724280
18:29:19 GiPyS - next repoID: 4724290
18:30:01 GiPyS - next repoID: 4724321
18:30:14 GiPyS - next repoID: 4724334
18:30:17 GiPyS - next repoID: 4724340
18:30:32 GiPyS - next repoID: 4724346
18:30:54 GiPyS - next repoID: 4724361
18:30:59 GiPyS - next repoID: 4724386
18:31:02 GiPyS - next repoID: 4724439
18:31:13 GiPyS - next repoID: 4724448
18:31:19 GiPyS - next repoID: 4724460
18:31:26 GiPyS - next repoID: 4724476
18:31:36 GiPyS - next repoID: 4724486
18:31:47 GiPyS - next repoID: 4724491
18:32:32 GiPyS - next repoID: 4724561
18:32:39 GiPyS - next repoID: 4724586
18:32:47 GiPyS - next repoID: 4724589
18:32:51 GiPyS - next repoID: 4724594
18:32:58 GiPyS - next repoID: 4724619
18:33:00 GiPyS - next repoID: 4724620
18:33:03 GiPyS - next repoID: 4724622
18:33:06 GiPyS - next repoID: 4724624
18:33:09 GiPyS - next repoID: 4724633
18:33:11 GiPyS - next repoID: 4724636
18:33:15 GiPyS - next repoID: 4724637
18:33:17 GiPyS - next repoID: 4724638
18:33:20 GiPyS - next repoID: 4724641
18:33:23 GiPyS - next repoID: 4724642
18:33:26 GiPyS - next repoID: 4724643
18:33:29 GiPyS - next repoID: 4724645
18:33:32 GiPyS - next repoID: 4724648
18:33:34 GiPyS - next repoID: 4724649
18:33:36 GiPyS - next repoID: 4724653
18:33:42 GiPyS - next repoID: 4724654
18:33:45 GiPyS - next repoID: 4724658
18:33:48 GiPyS - next repoID: 4724661
18:33:51 GiPyS - next repoID: 4724665
18:33:53 GiPyS - next repoID: 4724670
18:33:56 GiPyS - next repoID: 4724671
18:33:58 GiPyS - next repoID: 4724672
18:34:01 GiPyS - next repoID: 4724675
18:34:04 GiPyS - next repoID: 4724677
18:34:14 GiPyS - next repoID: 4724678
18:34:30 GiPyS - next repoID: 4724684
18:34:30 GiPySo-getRewinder, Backing off for 0 seconds
18:34:31 GiPySo-getRewinder, Backing off for 1 seconds
18:34:32 GiPySo-getRewinder, Backing off for 2 seconds
18:34:34 GiPySo-getRewinder, Backing off for 5 seconds
18:34:40 GiPySo-getRewinder, Backing off for 3 seconds
18:34:43 GiPySo-getRewinder, Backing off for 31 seconds
18:35:14 GiPySo-getRewinder, Backing off for 2 seconds
18:35:17 GiPySo-getRewinder, Backing off for 23 seconds
18:35:44 GiPyS - next repoID: 4724685
18:35:48 GiPyS - next repoID: 4724686
18:35:51 GiPyS - next repoID: 4724694
18:35:52 GiPySo-getRewinder, Backing off for 0 seconds
18:35:53 GiPySo-getRewinder, Backing off for 0 seconds
18:35:53 GiPySo-getRewinder, Backing off for 1 seconds
18:35:55 GiPySo-getRewinder, Backing off for 2 seconds
18:35:57 GiPySo-getRewinder, Backing off for 1 seconds
18:35:58 GiPySo-getRewinder, Backing off for 10 seconds
18:36:09 GiPySo-getRewinder, Backing off for 26 seconds
18:36:35 GiPySo-getRewinder, Backing off for 0 seconds
18:36:36 GiPySo-getRewinder, Backing off for 7 seconds
18:36:43 GiPySo-getRewinder, Backing off for 10 seconds
18:36:53 GiPySo-getRewinder, Issue creating rewinder for repoID: 4724694, could not be resolved after 10 attempts.  Returning None.
18:36:53 GiPyS - next repoID: 4724700
18:36:54 GiPySo-getRewinder, Backing off for 0 seconds
18:36:54 GiPySo-getRewinder, Backing off for 1 seconds
18:36:55 GiPyS - get_json, Unexpected roblem with getting json: <urlopen error [Errno -2] Name or service not known>
18:36:55 GiPyS - get_json, Unexpected roblem with getting json: <urlopen error [Errno -2] Name or service not known>
18:36:56 GiPyS - get_json, Unexpected roblem with getting json: <urlopen error [Errno -2] Name or service not known>
18:36:59 GiPyS - get_json, Unexpected roblem with getting json: <urlopen error [Errno -2] Name or service not known>
18:36:59 GiPyS - get_json, Unexpected roblem with getting json: <urlopen error [Errno -2] Name or service not known>
18:36:59 GiPyS - get_json, Giving up on url https://api.github.com/repositories/4724700 after 5 attempts
18:36:59 GiPySo-getRewinder, Backing off for 3 seconds
18:37:02 GiPyS - get_json, Unexpected roblem with getting json: <urlopen error [Errno -2] Name or service not known>
18:37:02 GiPyS - get_json, Unexpected roblem with getting json: <urlopen error [Errno -2] Name or service not known>
18:37:02 GiPyS - get_json, Unexpected roblem with getting json: <urlopen error [Errno -2] Name or service not known>
18:37:08 GiPyS - get_json, Unexpected roblem with getting json: <urlopen error [Errno -2] Name or service not known>
18:37:08 GiPyS - get_json, Unexpected roblem with getting json: <urlopen error [Errno -2] Name or service not known>
18:37:08 GiPyS - get_json, Giving up on url https://api.github.com/repositories/4724700 after 5 attempts
18:37:08 GiPySo-getRewinder, Backing off for 6 seconds
18:37:14 GiPyS - get_json, Unexpected roblem with getting json: <urlopen error [Errno -2] Name or service not known>
18:37:14 GiPyS - get_json, Unexpected roblem with getting json: <urlopen error [Errno -2] Name or service not known>
18:37:17 GiPyS - get_json, Unexpected roblem with getting json: <urlopen error [Errno -2] Name or service not known>
18:37:19 GiPyS - get_json, Unexpected roblem with getting json: <urlopen error [Errno -2] Name or service not known>
18:37:28 GiPyS - get_json, Unexpected roblem with getting json: <urlopen error [Errno -2] Name or service not known>
18:37:28 GiPyS - get_json, Giving up on url https://api.github.com/repositories/4724700 after 5 attempts
18:37:28 GiPySo-getRewinder, Backing off for 3 seconds
18:37:31 GiPyS - get_json, Unexpected roblem with getting json: <urlopen error [Errno -2] Name or service not known>
18:37:32 GiPyS - get_json, Unexpected roblem with getting json: <urlopen error [Errno -2] Name or service not known>
18:37:33 GiPyS - get_json, Unexpected roblem with getting json: <urlopen error [Errno -2] Name or service not known>
18:37:36 GiPyS - get_json, Unexpected roblem with getting json: <urlopen error [Errno -2] Name or service not known>
18:37:44 GiPyS - get_json, Unexpected roblem with getting json: <urlopen error [Errno -2] Name or service not known>
18:37:44 GiPyS - get_json, Giving up on url https://api.github.com/repositories/4724700 after 5 attempts
18:37:44 GiPySo-getRewinder, Backing off for 2 seconds
18:37:46 GiPyS - get_json, Unexpected roblem with getting json: <urlopen error [Errno -2] Name or service not known>
18:37:46 GiPyS - get_json, Unexpected roblem with getting json: <urlopen error [Errno -2] Name or service not known>
18:37:46 GiPyS - get_json, Unexpected roblem with getting json: <urlopen error [Errno -2] Name or service not known>
18:37:49 GiPyS - get_json, Unexpected roblem with getting json: <urlopen error [Errno -2] Name or service not known>
18:37:57 GiPyS - get_json, Unexpected roblem with getting json: <urlopen error [Errno -2] Name or service not known>
18:37:57 GiPyS - get_json, Giving up on url https://api.github.com/repositories/4724700 after 5 attempts
18:37:57 GiPySo-getRewinder, Backing off for 32 seconds
18:38:29 GiPyS - get_json, Unexpected roblem with getting json: <urlopen error [Errno -2] Name or service not known>
18:38:30 GiPyS - get_json, Unexpected roblem with getting json: <urlopen error [Errno -2] Name or service not known>
18:38:32 GiPyS - get_json, Unexpected roblem with getting json: <urlopen error [Errno -2] Name or service not known>
18:38:39 GiPyS - get_json, Unexpected roblem with getting json: <urlopen error [Errno -2] Name or service not known>
18:38:48 GiPyS - get_json, Unexpected roblem with getting json: <urlopen error [Errno -2] Name or service not known>
18:38:48 GiPyS - get_json, Giving up on url https://api.github.com/repositories/4724700 after 5 attempts
18:38:48 GiPySo-getRewinder, Backing off for 24 seconds
18:39:12 GiPyS - get_json, Unexpected roblem with getting json: <urlopen error [Errno -2] Name or service not known>
18:39:13 GiPyS - get_json, Unexpected roblem with getting json: <urlopen error [Errno -2] Name or service not known>
18:39:14 GiPyS - get_json, Unexpected roblem with getting json: <urlopen error [Errno -2] Name or service not known>
18:39:16 GiPyS - get_json, Unexpected roblem with getting json: <urlopen error [Errno -2] Name or service not known>
18:39:29 GiPyS - get_json, Unexpected roblem with getting json: <urlopen error [Errno -2] Name or service not known>
18:39:29 GiPyS - get_json, Giving up on url https://api.github.com/repositories/4724700 after 5 attempts
18:39:29 GiPySo-getRewinder, Backing off for 22 seconds
18:39:51 GiPyS - get_json, Unexpected roblem with getting json: <urlopen error [Errno -2] Name or service not known>
18:39:52 GiPyS - get_json, Unexpected roblem with getting json: <urlopen error [Errno -2] Name or service not known>
18:39:55 GiPyS - get_json, Unexpected roblem with getting json: <urlopen error [Errno -2] Name or service not known>
18:40:02 GiPyS - get_json, Unexpected roblem with getting json: <urlopen error [Errno -2] Name or service not known>
18:40:16 GiPyS - get_json, Unexpected roblem with getting json: <urlopen error [Errno -2] Name or service not known>
18:40:16 GiPyS - get_json, Giving up on url https://api.github.com/repositories/4724700 after 5 attempts
18:40:16 GiPySo-getRewinder, Backing off for 20 seconds
18:40:36 GiPySo-getRewinder, Issue creating rewinder for repoID: 4724700, could not be resolved after 10 attempts.  Returning None.
