Fri, 20 Mar 11:57:47 CRITICAL-Depot - ***************init Depot**********.
Fri, 20 Mar 11:57:47 INFO-Depot - success trying to renew.
Fri, 20 Mar 11:57:47 INFO-Depot - __init__, new Tour table created in path: /Users/carlchapman/Documents/SoftwareProjects/tour_de_source/clones/bib/tour_de_source7/data/tour.db
Fri, 20 Mar 11:57:47 CRITICAL-initialized GithubPythonSourcer with rewinder_type: 20Commits email: investigationbot@gmail.com first: 1835008 stop:2097151
Fri, 20 Mar 11:57:47 INFO-Touri - register, registering tourist in tour table with statement: INSERT INTO Tour VALUES ("13pgr", 1426870667, 1426870667, 0, "INITIAL", "python regex scanner", "investigationbot@gmail.com", "R1426870667_13pgr.db")
Fri, 20 Mar 11:57:47 INFO-PyReS - initialize_report, report_db: /Users/carlchapman/Documents/SoftwareProjects/tour_de_source/clones/bib/tour_de_source7/data/R1426870667_13pgr.db
Fri, 20 Mar 11:57:47 INFO-Touri - tour, SCAN_13pgr RUNNING
Fri, 20 Mar 11:57:47 DEBUG-GiPyS - next since: 1835007 len(repos): 0
Fri, 20 Mar 11:57:47 DEBUG-GiPyS - refresh_repos, lastRepo: 1835007 since: 1835007 len(repos): 0
Fri, 20 Mar 11:57:47 INFO-GiPyS - limit_remaining: 5000
Fri, 20 Mar 11:57:49 DEBUG-GiPyS - get_json Success, url: https://api.github.com/repositories?since=1835007 limit_remaining: 5000
Fri, 20 Mar 11:57:50 DEBUG-GiPyS - get_json Success, url: https://api.github.com/repos/mykeln/watts/languages limit_remaining: 4999
Fri, 20 Mar 11:57:50 INFO-GiPyS - refresh_repos, repoID:1835009 hasPython: False name: watts
Fri, 20 Mar 11:57:50 DEBUG-GiPyS - refresh_repos, since:1835007 len(repos): 0 languagesJSON: {u'JavaScript': 19935, u'PHP': 13805}
Fri, 20 Mar 11:57:51 DEBUG-GiPyS - get_json Success, url: https://api.github.com/repos/gleicyfc/aula-01-06/languages limit_remaining: 4998
Fri, 20 Mar 11:57:51 INFO-GiPyS - refresh_repos, repoID:1835010 hasPython: False name: aula-01-06
Fri, 20 Mar 11:57:51 DEBUG-GiPyS - refresh_repos, since:1835007 len(repos): 0 languagesJSON: {}
Fri, 20 Mar 11:57:52 DEBUG-GiPyS - get_json Success, url: https://api.github.com/repos/trickclimber/first_app/languages limit_remaining: 4997
Fri, 20 Mar 11:57:52 INFO-GiPyS - refresh_repos, repoID:1835014 hasPython: False name: first_app
Fri, 20 Mar 11:57:52 DEBUG-GiPyS - refresh_repos, since:1835007 len(repos): 0 languagesJSON: {u'JavaScript': 6426, u'Ruby': 12830}
Fri, 20 Mar 11:57:53 DEBUG-GiPyS - get_json Success, url: https://api.github.com/repos/jamesalley/yui3-gallery/languages limit_remaining: 4996
Fri, 20 Mar 11:57:53 INFO-GiPyS - refresh_repos, repoID:1835018 hasPython: True name: yui3-gallery
Fri, 20 Mar 11:57:53 DEBUG-GiPyS - refresh_repos, since:1835007 len(repos): 0 languagesJSON: {u'Python': 5709, u'Shell': 4218, u'PHP': 134589, u'JavaScript': 10949395}
Fri, 20 Mar 11:57:54 DEBUG-GiPyS - get_json Success, url: https://api.github.com/repos/fujimura/rails/languages limit_remaining: 4995
Fri, 20 Mar 11:57:54 INFO-GiPyS - refresh_repos, repoID:1835019 hasPython: False name: rails
Fri, 20 Mar 11:57:54 DEBUG-GiPyS - refresh_repos, since:1835007 len(repos): 1 languagesJSON: {}
Fri, 20 Mar 11:57:55 DEBUG-GiPyS - get_json Success, url: https://api.github.com/repos/andrewbray/andrewbray.github.com/languages limit_remaining: 4994
Fri, 20 Mar 11:57:55 INFO-GiPyS - refresh_repos, repoID:1835020 hasPython: False name: andrewbray.github.com
Fri, 20 Mar 11:57:55 DEBUG-GiPyS - refresh_repos, since:1835007 len(repos): 1 languagesJSON: {}
Fri, 20 Mar 11:57:56 DEBUG-GiPyS - get_json Success, url: https://api.github.com/repos/ghostfreeman/python-relay-client/languages limit_remaining: 4993
Fri, 20 Mar 11:57:56 INFO-GiPyS - refresh_repos, repoID:1835022 hasPython: False name: python-relay-client
Fri, 20 Mar 11:57:56 DEBUG-GiPyS - refresh_repos, since:1835007 len(repos): 1 languagesJSON: {}
Fri, 20 Mar 11:57:57 DEBUG-GiPyS - get_json Success, url: https://api.github.com/repos/nahurst/active_admin/languages limit_remaining: 4992
Fri, 20 Mar 11:57:57 INFO-GiPyS - refresh_repos, repoID:1835024 hasPython: False name: active_admin
Fri, 20 Mar 11:57:57 DEBUG-GiPyS - refresh_repos, since:1835007 len(repos): 1 languagesJSON: {u'JavaScript': 116445, u'Ruby': 378272}
Fri, 20 Mar 11:57:58 DEBUG-GiPyS - get_json Success, url: https://api.github.com/repos/krismolendyke/traphicam/languages limit_remaining: 4991
Fri, 20 Mar 11:57:58 INFO-GiPyS - refresh_repos, repoID:1835026 hasPython: False name: traphicam
Fri, 20 Mar 11:57:58 DEBUG-GiPyS - refresh_repos, since:1835007 len(repos): 1 languagesJSON: {u'CoffeeScript': 31198, u'JavaScript': 74186, u'Ruby': 730}
Fri, 20 Mar 11:57:58 INFO-GiPyS - limit_remaining: 4990
Fri, 20 Mar 11:57:59 DEBUG-GiPyS - get_json Success, url: https://api.github.com/repos/drichert/sox-ruby/languages limit_remaining: 4990
Fri, 20 Mar 11:57:59 INFO-GiPyS - refresh_repos, repoID:1835029 hasPython: False name: sox-ruby
Fri, 20 Mar 11:57:59 DEBUG-GiPyS - refresh_repos, since:1835007 len(repos): 1 languagesJSON: {}
Fri, 20 Mar 11:58:00 DEBUG-GiPyS - get_json Success, url: https://api.github.com/repos/damienb/farebot/languages limit_remaining: 4989
Fri, 20 Mar 11:58:00 INFO-GiPyS - refresh_repos, repoID:1835030 hasPython: False name: farebot
Fri, 20 Mar 11:58:00 DEBUG-GiPyS - refresh_repos, since:1835007 len(repos): 1 languagesJSON: {u'Java': 1615564}
Fri, 20 Mar 11:58:01 DEBUG-GiPyS - get_json Success, url: https://api.github.com/repos/futonaka/ap4r-dispatcher/languages limit_remaining: 4988
Fri, 20 Mar 11:58:01 INFO-GiPyS - refresh_repos, repoID:1835034 hasPython: False name: ap4r-dispatcher
Fri, 20 Mar 11:58:01 DEBUG-GiPyS - refresh_repos, since:1835007 len(repos): 1 languagesJSON: {u'Ruby': 19294}
Fri, 20 Mar 11:58:02 DEBUG-GiPyS - get_json Success, url: https://api.github.com/repos/neevor/octokit/languages limit_remaining: 4987
Fri, 20 Mar 11:58:02 INFO-GiPyS - refresh_repos, repoID:1835035 hasPython: False name: octokit
Fri, 20 Mar 11:58:02 DEBUG-GiPyS - refresh_repos, since:1835007 len(repos): 1 languagesJSON: {}
Fri, 20 Mar 11:58:03 DEBUG-GiPyS - get_json Success, url: https://api.github.com/repos/ghostfreeman/jmod/languages limit_remaining: 4986
Fri, 20 Mar 11:58:03 INFO-GiPyS - refresh_repos, repoID:1835038 hasPython: False name: jmod
Fri, 20 Mar 11:58:03 DEBUG-GiPyS - refresh_repos, since:1835007 len(repos): 1 languagesJSON: {}
Fri, 20 Mar 11:58:03 DEBUG-GiPyS - get_json Success, url: https://api.github.com/repos/gshackles/runcs/languages limit_remaining: 4985
Fri, 20 Mar 11:58:03 INFO-GiPyS - refresh_repos, repoID:1835039 hasPython: False name: runcs
Fri, 20 Mar 11:58:03 DEBUG-GiPyS - refresh_repos, since:1835007 len(repos): 1 languagesJSON: {u'C#': 2617956}
Fri, 20 Mar 11:58:04 DEBUG-GiPyS - get_json Success, url: https://api.github.com/repos/ghostfreeman/message/languages limit_remaining: 4984
Fri, 20 Mar 11:58:04 INFO-GiPyS - refresh_repos, repoID:1835042 hasPython: False name: message
Fri, 20 Mar 11:58:04 DEBUG-GiPyS - refresh_repos, since:1835007 len(repos): 1 languagesJSON: {}
Fri, 20 Mar 11:58:06 DEBUG-GiPyS - get_json Success, url: https://api.github.com/repos/mindscratch/bellybuster-amqp/languages limit_remaining: 4983
Fri, 20 Mar 11:58:06 INFO-GiPyS - refresh_repos, repoID:1835044 hasPython: False name: bellybuster-amqp
Fri, 20 Mar 11:58:06 DEBUG-GiPyS - refresh_repos, since:1835007 len(repos): 1 languagesJSON: {u'Ruby': 2222}
Fri, 20 Mar 11:58:07 DEBUG-GiPyS - get_json Success, url: https://api.github.com/repos/dennis1600/rails_wizard/languages limit_remaining: 4982
Fri, 20 Mar 11:58:07 INFO-GiPyS - refresh_repos, repoID:1835045 hasPython: False name: rails_wizard
Fri, 20 Mar 11:58:07 DEBUG-GiPyS - refresh_repos, since:1835007 len(repos): 1 languagesJSON: {u'Ruby': 41230}
Fri, 20 Mar 11:58:07 DEBUG-GiPyS - get_json Success, url: https://api.github.com/repos/ghostfreeman/md/languages limit_remaining: 4981
Fri, 20 Mar 11:58:07 INFO-GiPyS - refresh_repos, repoID:1835046 hasPython: False name: md
Fri, 20 Mar 11:58:07 DEBUG-GiPyS - refresh_repos, since:1835007 len(repos): 1 languagesJSON: {}
Fri, 20 Mar 11:58:08 INFO-GiPyS - limit_remaining: 4980
Fri, 20 Mar 11:58:08 DEBUG-GiPyS - get_json Success, url: https://api.github.com/repos/cvenomz/Bukkit/languages limit_remaining: 4980
Fri, 20 Mar 11:58:08 INFO-GiPyS - refresh_repos, repoID:1835048 hasPython: False name: Bukkit
Fri, 20 Mar 11:58:08 DEBUG-GiPyS - refresh_repos, since:1835007 len(repos): 1 languagesJSON: {}
Fri, 20 Mar 11:58:09 DEBUG-GiPyS - get_json Success, url: https://api.github.com/repos/zealotrunner/fancy-settings/languages limit_remaining: 4979
Fri, 20 Mar 11:58:09 INFO-GiPyS - refresh_repos, repoID:1835049 hasPython: False name: fancy-settings
Fri, 20 Mar 11:58:09 DEBUG-GiPyS - refresh_repos, since:1835007 len(repos): 1 languagesJSON: {u'JavaScript': 183608}
Fri, 20 Mar 11:58:10 DEBUG-GiPyS - get_json Success, url: https://api.github.com/repos/jamesalley/builder/languages limit_remaining: 4978
Fri, 20 Mar 11:58:10 INFO-GiPyS - refresh_repos, repoID:1835050 hasPython: False name: builder
Fri, 20 Mar 11:58:10 DEBUG-GiPyS - refresh_repos, since:1835007 len(repos): 1 languagesJSON: {}
Fri, 20 Mar 11:58:11 DEBUG-GiPyS - get_json Success, url: https://api.github.com/repos/complistic-gaff/spree_i18n/languages limit_remaining: 4977
Fri, 20 Mar 11:58:11 INFO-GiPyS - refresh_repos, repoID:1835053 hasPython: False name: spree_i18n
Fri, 20 Mar 11:58:11 DEBUG-GiPyS - refresh_repos, since:1835007 len(repos): 1 languagesJSON: {u'Ruby': 6655}
Fri, 20 Mar 11:58:12 DEBUG-GiPyS - get_json Success, url: https://api.github.com/repos/luobailiang/89757/languages limit_remaining: 4976
Fri, 20 Mar 11:58:12 INFO-GiPyS - refresh_repos, repoID:1835054 hasPython: False name: 89757
Fri, 20 Mar 11:58:12 DEBUG-GiPyS - refresh_repos, since:1835007 len(repos): 1 languagesJSON: {}
Fri, 20 Mar 11:58:13 DEBUG-GiPyS - get_json Success, url: https://api.github.com/repos/emerleite/uncommonjs/languages limit_remaining: 4975
Fri, 20 Mar 11:58:13 INFO-GiPyS - refresh_repos, repoID:1835055 hasPython: False name: uncommonjs
Fri, 20 Mar 11:58:13 DEBUG-GiPyS - refresh_repos, since:1835007 len(repos): 1 languagesJSON: {}
Fri, 20 Mar 11:58:14 DEBUG-GiPyS - get_json Success, url: https://api.github.com/repos/ghostfreeman/python-xmpp-server/languages limit_remaining: 4974
Fri, 20 Mar 11:58:14 INFO-GiPyS - refresh_repos, repoID:1835056 hasPython: False name: python-xmpp-server
Fri, 20 Mar 11:58:14 DEBUG-GiPyS - refresh_repos, since:1835007 len(repos): 1 languagesJSON: {}
Fri, 20 Mar 11:58:15 DEBUG-GiPyS - get_json Success, url: https://api.github.com/repos/ghostfreeman/python-sasl/languages limit_remaining: 4973
Fri, 20 Mar 11:58:15 INFO-GiPyS - refresh_repos, repoID:1835057 hasPython: False name: python-sasl
Fri, 20 Mar 11:58:15 DEBUG-GiPyS - refresh_repos, since:1835007 len(repos): 1 languagesJSON: {}
Fri, 20 Mar 11:58:15 DEBUG-GiPyS - get_json Success, url: https://api.github.com/repos/ghostfreeman/virtualenv-commands/languages limit_remaining: 4972
Fri, 20 Mar 11:58:15 INFO-GiPyS - refresh_repos, repoID:1835058 hasPython: False name: virtualenv-commands
Fri, 20 Mar 11:58:15 DEBUG-GiPyS - refresh_repos, since:1835007 len(repos): 1 languagesJSON: {}
Fri, 20 Mar 11:58:17 DEBUG-GiPyS - get_json Success, url: https://api.github.com/repos/ghostfreeman/RTE-Kit/languages limit_remaining: 4971
Fri, 20 Mar 11:58:17 INFO-GiPyS - refresh_repos, repoID:1835059 hasPython: False name: RTE-Kit
Fri, 20 Mar 11:58:17 DEBUG-GiPyS - refresh_repos, since:1835007 len(repos): 1 languagesJSON: {}
Fri, 20 Mar 11:58:17 INFO-GiPyS - limit_remaining: 4970
Fri, 20 Mar 11:58:18 DEBUG-GiPyS - get_json Success, url: https://api.github.com/repos/frankbirzle/mgt-blog/languages limit_remaining: 4970
Fri, 20 Mar 11:58:18 INFO-GiPyS - refresh_repos, repoID:1835064 hasPython: False name: mgt-blog
Fri, 20 Mar 11:58:18 DEBUG-GiPyS - refresh_repos, since:1835007 len(repos): 1 languagesJSON: {u'PHP': 5542959, u'JavaScript': 781562}
Fri, 20 Mar 11:58:18 DEBUG-GiPyS - get_json Success, url: https://api.github.com/repos/pjk25/waveclient/languages limit_remaining: 4969
Fri, 20 Mar 11:58:18 INFO-GiPyS - refresh_repos, repoID:1835067 hasPython: False name: waveclient
Fri, 20 Mar 11:58:18 DEBUG-GiPyS - refresh_repos, since:1835007 len(repos): 1 languagesJSON: {u'Java': 17231}
Fri, 20 Mar 11:58:19 DEBUG-GiPyS - get_json Success, url: https://api.github.com/repos/ryross/A1/languages limit_remaining: 4968
Fri, 20 Mar 11:58:19 INFO-GiPyS - refresh_repos, repoID:1835068 hasPython: False name: A1
Fri, 20 Mar 11:58:19 DEBUG-GiPyS - refresh_repos, since:1835007 len(repos): 1 languagesJSON: {u'PHP': 23335}
Fri, 20 Mar 11:58:20 DEBUG-GiPyS - get_json Success, url: https://api.github.com/repos/mtpettyp/maven-hadoop/languages limit_remaining: 4967
Fri, 20 Mar 11:58:20 INFO-GiPyS - refresh_repos, repoID:1835070 hasPython: False name: maven-hadoop
Fri, 20 Mar 11:58:20 DEBUG-GiPyS - refresh_repos, since:1835007 len(repos): 1 languagesJSON: {u'Java': 16424}
Fri, 20 Mar 11:58:21 DEBUG-GiPyS - get_json Success, url: https://api.github.com/repos/thinkroth/countdown-flipclock/languages limit_remaining: 4966
Fri, 20 Mar 11:58:21 INFO-GiPyS - refresh_repos, repoID:1835077 hasPython: False name: countdown-flipclock
Fri, 20 Mar 11:58:21 DEBUG-GiPyS - refresh_repos, since:1835007 len(repos): 1 languagesJSON: {}
Fri, 20 Mar 11:58:22 DEBUG-GiPyS - get_json Success, url: https://api.github.com/repos/lettertwo/django-cms/languages limit_remaining: 4965
Fri, 20 Mar 11:58:22 INFO-GiPyS - refresh_repos, repoID:1835079 hasPython: True name: django-cms
Fri, 20 Mar 11:58:22 DEBUG-GiPyS - refresh_repos, since:1835007 len(repos): 1 languagesJSON: {u'Python': 1719526, u'Shell': 2763, u'JavaScript': 566632}
Fri, 20 Mar 11:58:23 DEBUG-GiPyS - get_json Success, url: https://api.github.com/repos/pjk25/waverecipealgorithm/languages limit_remaining: 4964
Fri, 20 Mar 11:58:23 INFO-GiPyS - refresh_repos, repoID:1835080 hasPython: False name: waverecipealgorithm
Fri, 20 Mar 11:58:23 DEBUG-GiPyS - refresh_repos, since:1835007 len(repos): 2 languagesJSON: {u'Java': 4268}
Fri, 20 Mar 11:58:24 DEBUG-GiPyS - get_json Success, url: https://api.github.com/repos/presskey/grape/languages limit_remaining: 4963
Fri, 20 Mar 11:58:24 INFO-GiPyS - refresh_repos, repoID:1835081 hasPython: False name: grape
Fri, 20 Mar 11:58:24 DEBUG-GiPyS - refresh_repos, since:1835007 len(repos): 2 languagesJSON: {u'Ruby': 58813}
Fri, 20 Mar 11:58:25 DEBUG-GiPyS - get_json Success, url: https://api.github.com/repos/copongcopong/chartify/languages limit_remaining: 4962
Fri, 20 Mar 11:58:25 INFO-GiPyS - refresh_repos, repoID:1835083 hasPython: False name: chartify
Fri, 20 Mar 11:58:25 DEBUG-GiPyS - refresh_repos, since:1835007 len(repos): 2 languagesJSON: {}
Fri, 20 Mar 11:58:26 DEBUG-GiPyS - get_json Success, url: https://api.github.com/repos/rcfox/AI-Aquarium/languages limit_remaining: 4961
Fri, 20 Mar 11:58:26 INFO-GiPyS - refresh_repos, repoID:1835086 hasPython: True name: AI-Aquarium
Fri, 20 Mar 11:58:26 DEBUG-GiPyS - refresh_repos, since:1835007 len(repos): 2 languagesJSON: {u'C': 736789, u'Shell': 1063, u'Python': 124558, u'JavaScript': 12521, u'C++': 632817, u'Lua': 15907}
Fri, 20 Mar 11:58:26 INFO-GiPyS - limit_remaining: 4960
Fri, 20 Mar 11:58:26 DEBUG-GiPyS - get_json Success, url: https://api.github.com/repos/nberger/dotfiles/languages limit_remaining: 4960
Fri, 20 Mar 11:58:26 INFO-GiPyS - refresh_repos, repoID:1835087 hasPython: False name: dotfiles
Fri, 20 Mar 11:58:26 DEBUG-GiPyS - refresh_repos, since:1835007 len(repos): 3 languagesJSON: {u'VimL': 453339, u'Shell': 14966, u'Ruby': 16556, u'Clojure': 344}
Fri, 20 Mar 11:58:27 DEBUG-GiPyS - get_json Success, url: https://api.github.com/repos/foamdino/appengine-boilerplate/languages limit_remaining: 4959
Fri, 20 Mar 11:58:27 INFO-GiPyS - refresh_repos, repoID:1835090 hasPython: True name: appengine-boilerplate
Fri, 20 Mar 11:58:27 DEBUG-GiPyS - refresh_repos, since:1835007 len(repos): 3 languagesJSON: {u'Python': 8713, u'Shell': 1877, u'JavaScript': 42694}
Fri, 20 Mar 11:58:28 DEBUG-GiPyS - get_json Success, url: https://api.github.com/repos/grupoPrimero8/python-taller/languages limit_remaining: 4958
Fri, 20 Mar 11:58:28 INFO-GiPyS - refresh_repos, repoID:1835091 hasPython: False name: python-taller
Fri, 20 Mar 11:58:28 DEBUG-GiPyS - refresh_repos, since:1835007 len(repos): 4 languagesJSON: {}
Fri, 20 Mar 11:58:29 DEBUG-GiPyS - get_json Success, url: https://api.github.com/repos/joaofranco/AnalysisReward/languages limit_remaining: 4957
Fri, 20 Mar 11:58:29 INFO-GiPyS - refresh_repos, repoID:1835092 hasPython: False name: AnalysisReward
Fri, 20 Mar 11:58:29 DEBUG-GiPyS - refresh_repos, since:1835007 len(repos): 4 languagesJSON: {}
Fri, 20 Mar 11:58:30 DEBUG-GiPyS - get_json Success, url: https://api.github.com/repos/morgan/kohana-deputy/languages limit_remaining: 4956
Fri, 20 Mar 11:58:30 INFO-GiPyS - refresh_repos, repoID:1835093 hasPython: False name: kohana-deputy
Fri, 20 Mar 11:58:30 DEBUG-GiPyS - refresh_repos, since:1835007 len(repos): 4 languagesJSON: {u'PHP': 28073}
Fri, 20 Mar 11:58:31 DEBUG-GiPyS - get_json Success, url: https://api.github.com/repos/levinotik/Android-Samples/languages limit_remaining: 4955
Fri, 20 Mar 11:58:31 INFO-GiPyS - refresh_repos, repoID:1835095 hasPython: False name: Android-Samples
Fri, 20 Mar 11:58:31 DEBUG-GiPyS - refresh_repos, since:1835007 len(repos): 4 languagesJSON: {u'Java': 12134}
Fri, 20 Mar 11:58:32 DEBUG-GiPyS - get_json Success, url: https://api.github.com/repos/morbet3000pc/pruebas/languages limit_remaining: 4954
Fri, 20 Mar 11:58:32 INFO-GiPyS - refresh_repos, repoID:1835097 hasPython: False name: pruebas
Fri, 20 Mar 11:58:32 DEBUG-GiPyS - refresh_repos, since:1835007 len(repos): 4 languagesJSON: {}
Fri, 20 Mar 11:58:33 DEBUG-GiPyS - get_json Success, url: https://api.github.com/repos/rpetrich/DietBar/languages limit_remaining: 4953
Fri, 20 Mar 11:58:33 INFO-GiPyS - refresh_repos, repoID:1835101 hasPython: False name: DietBar
Fri, 20 Mar 11:58:33 DEBUG-GiPyS - refresh_repos, since:1835007 len(repos): 4 languagesJSON: {}
Fri, 20 Mar 11:58:34 DEBUG-GiPyS - get_json Success, url: https://api.github.com/repos/kanexren/site/languages limit_remaining: 4952
Fri, 20 Mar 11:58:34 INFO-GiPyS - refresh_repos, repoID:1835102 hasPython: False name: site
Fri, 20 Mar 11:58:34 DEBUG-GiPyS - refresh_repos, since:1835007 len(repos): 4 languagesJSON: {u'JavaScript': 6426, u'Ruby': 13749}
Fri, 20 Mar 11:58:35 DEBUG-GiPyS - get_json Success, url: https://api.github.com/repos/joaofranco/foursquare-python/languages limit_remaining: 4951
Fri, 20 Mar 11:58:35 INFO-GiPyS - refresh_repos, repoID:1835104 hasPython: False name: foursquare-python
Fri, 20 Mar 11:58:35 DEBUG-GiPyS - refresh_repos, since:1835007 len(repos): 4 languagesJSON: {}
Fri, 20 Mar 11:58:35 INFO-GiPyS - limit_remaining: 4950
Fri, 20 Mar 11:58:36 DEBUG-GiPyS - get_json Success, url: https://api.github.com/repos/Arachnid/clio/languages limit_remaining: 4950
Fri, 20 Mar 11:58:36 INFO-GiPyS - refresh_repos, repoID:1835105 hasPython: True name: clio
Fri, 20 Mar 11:58:36 DEBUG-GiPyS - refresh_repos, since:1835007 len(repos): 4 languagesJSON: {u'Python': 7362}
Fri, 20 Mar 11:58:37 DEBUG-GiPyS - get_json Success, url: https://api.github.com/repos/fluxflex/mod_rpaf/languages limit_remaining: 4949
Fri, 20 Mar 11:58:37 INFO-GiPyS - refresh_repos, repoID:1835106 hasPython: False name: mod_rpaf
Fri, 20 Mar 11:58:37 DEBUG-GiPyS - refresh_repos, since:1835007 len(repos): 5 languagesJSON: {u'C': 19518, u'Shell': 819, u'Perl': 6006}
Fri, 20 Mar 11:58:38 DEBUG-GiPyS - get_json Success, url: https://api.github.com/repos/lantrix/SalesQuoteLab/languages limit_remaining: 4948
Fri, 20 Mar 11:58:38 INFO-GiPyS - refresh_repos, repoID:1835110 hasPython: False name: SalesQuoteLab
Fri, 20 Mar 11:58:38 DEBUG-GiPyS - refresh_repos, since:1835007 len(repos): 5 languagesJSON: {}
Fri, 20 Mar 11:58:39 DEBUG-GiPyS - get_json Success, url: https://api.github.com/repos/robodisco/rubykaigi/languages limit_remaining: 4947
Fri, 20 Mar 11:58:39 INFO-GiPyS - refresh_repos, repoID:1835111 hasPython: False name: rubykaigi
Fri, 20 Mar 11:58:39 DEBUG-GiPyS - refresh_repos, since:1835007 len(repos): 5 languagesJSON: {}
Fri, 20 Mar 11:58:39 DEBUG-GiPyS - get_json Success, url: https://api.github.com/repos/parweb/bitcoin-php/languages limit_remaining: 4946
Fri, 20 Mar 11:58:39 INFO-GiPyS - refresh_repos, repoID:1835113 hasPython: False name: bitcoin-php
Fri, 20 Mar 11:58:39 DEBUG-GiPyS - refresh_repos, since:1835007 len(repos): 5 languagesJSON: {u'PHP': 204428}
Fri, 20 Mar 11:58:40 DEBUG-GiPyS - get_json Success, url: https://api.github.com/repos/atsuya/polaris_log/languages limit_remaining: 4945
Fri, 20 Mar 11:58:40 INFO-GiPyS - refresh_repos, repoID:1835114 hasPython: False name: polaris_log
Fri, 20 Mar 11:58:40 DEBUG-GiPyS - refresh_repos, since:1835007 len(repos): 5 languagesJSON: {u'Ruby': 5478}
Fri, 20 Mar 11:58:41 DEBUG-GiPyS - get_json Success, url: https://api.github.com/repos/singpolyma/isbn_ruby/languages limit_remaining: 4944
Fri, 20 Mar 11:58:41 INFO-GiPyS - refresh_repos, repoID:1835118 hasPython: False name: isbn_ruby
Fri, 20 Mar 11:58:41 DEBUG-GiPyS - refresh_repos, since:1835007 len(repos): 5 languagesJSON: {u'Ruby': 7645}
Fri, 20 Mar 11:58:42 DEBUG-GiPyS - get_json Success, url: https://api.github.com/repos/rjurney/blueprints/languages limit_remaining: 4943
Fri, 20 Mar 11:58:42 INFO-GiPyS - refresh_repos, repoID:1835120 hasPython: False name: blueprints
Fri, 20 Mar 11:58:42 DEBUG-GiPyS - refresh_repos, since:1835007 len(repos): 5 languagesJSON: {u'Java': 691416}
Fri, 20 Mar 11:58:43 DEBUG-GiPyS - get_json Success, url: https://api.github.com/repos/takaishi/portage-overlay/languages limit_remaining: 4942
Fri, 20 Mar 11:58:43 INFO-GiPyS - refresh_repos, repoID:1835121 hasPython: False name: portage-overlay
Fri, 20 Mar 11:58:43 DEBUG-GiPyS - refresh_repos, since:1835007 len(repos): 5 languagesJSON: {u'Shell': 874, u'Perl': 180}
Fri, 20 Mar 11:58:44 DEBUG-GiPyS - get_json Success, url: https://api.github.com/repos/ef0da37ba4/sample_app/languages limit_remaining: 4941
Fri, 20 Mar 11:58:44 INFO-GiPyS - refresh_repos, repoID:1835123 hasPython: False name: sample_app
Fri, 20 Mar 11:58:44 DEBUG-GiPyS - refresh_repos, since:1835007 len(repos): 5 languagesJSON: {u'JavaScript': 6426, u'Ruby': 14153}
Fri, 20 Mar 11:58:45 INFO-GiPyS - limit_remaining: 4940
Fri, 20 Mar 11:58:45 DEBUG-GiPyS - get_json Success, url: https://api.github.com/repos/DylanPerales/APC/languages limit_remaining: 4940
Fri, 20 Mar 11:58:45 INFO-GiPyS - refresh_repos, repoID:1835126 hasPython: False name: APC
Fri, 20 Mar 11:58:45 DEBUG-GiPyS - refresh_repos, since:1835007 len(repos): 5 languagesJSON: {u'Java': 24528}
Fri, 20 Mar 11:58:46 DEBUG-GiPyS - get_json Success, url: https://api.github.com/repos/JamesFerguson/dot-files/languages limit_remaining: 4939
Fri, 20 Mar 11:58:46 INFO-GiPyS - refresh_repos, repoID:1835129 hasPython: False name: dot-files
Fri, 20 Mar 11:58:46 DEBUG-GiPyS - refresh_repos, since:1835007 len(repos): 5 languagesJSON: {u'Ruby': 8126, u'Shell': 277081, u'VimL': 23789}
Fri, 20 Mar 11:58:47 DEBUG-GiPyS - get_json Success, url: https://api.github.com/repos/misfo/ace/languages limit_remaining: 4938
Fri, 20 Mar 11:58:47 INFO-GiPyS - refresh_repos, repoID:1835132 hasPython: True name: ace
Fri, 20 Mar 11:58:47 DEBUG-GiPyS - refresh_repos, since:1835007 len(repos): 5 languagesJSON: {u'Python': 8436, u'Objective-C': 6117, u'JavaScript': 2921602}
Fri, 20 Mar 11:58:48 DEBUG-GiPyS - get_json Success, url: https://api.github.com/repos/quake/redmine_roles/languages limit_remaining: 4937
Fri, 20 Mar 11:58:48 INFO-GiPyS - refresh_repos, repoID:1835140 hasPython: False name: redmine_roles
Fri, 20 Mar 11:58:48 DEBUG-GiPyS - refresh_repos, since:1835007 len(repos): 6 languagesJSON: {u'Ruby': 6873}
Fri, 20 Mar 11:58:49 DEBUG-GiPyS - get_json Success, url: https://api.github.com/repos/LeeXiaolan/emscripten/languages limit_remaining: 4936
Fri, 20 Mar 11:58:49 INFO-GiPyS - refresh_repos, repoID:1835143 hasPython: False name: emscripten
Fri, 20 Mar 11:58:49 DEBUG-GiPyS - refresh_repos, since:1835007 len(repos): 6 languagesJSON: {}
Fri, 20 Mar 11:58:50 DEBUG-GiPyS - get_json Success, url: https://api.github.com/repos/Crest/nacl-crypt/languages limit_remaining: 4935
Fri, 20 Mar 11:58:50 INFO-GiPyS - refresh_repos, repoID:1835144 hasPython: False name: nacl-crypt
Fri, 20 Mar 11:58:50 DEBUG-GiPyS - refresh_repos, since:1835007 len(repos): 6 languagesJSON: {u'C': 58860, u'Shell': 105}
Fri, 20 Mar 11:58:51 DEBUG-GiPyS - get_json Success, url: https://api.github.com/repos/jhexperiment/inventory/languages limit_remaining: 4934
Fri, 20 Mar 11:58:51 INFO-GiPyS - refresh_repos, repoID:1835147 hasPython: False name: inventory
Fri, 20 Mar 11:58:51 DEBUG-GiPyS - refresh_repos, since:1835007 len(repos): 6 languagesJSON: {u'JavaScript': 929466, u'Java': 144021}
Fri, 20 Mar 11:58:52 DEBUG-GiPyS - get_json Success, url: https://api.github.com/repos/heickk/wai/languages limit_remaining: 4933
Fri, 20 Mar 11:58:52 INFO-GiPyS - refresh_repos, repoID:1835148 hasPython: False name: wai
Fri, 20 Mar 11:58:52 DEBUG-GiPyS - refresh_repos, since:1835007 len(repos): 6 languagesJSON: {}
Fri, 20 Mar 11:58:53 DEBUG-GiPyS - get_json Success, url: https://api.github.com/repos/kpricorn/galleria-rdc.ch/languages limit_remaining: 4932
Fri, 20 Mar 11:58:53 INFO-GiPyS - refresh_repos, repoID:1835149 hasPython: False name: galleria-rdc.ch
Fri, 20 Mar 11:58:53 DEBUG-GiPyS - refresh_repos, since:1835007 len(repos): 6 languagesJSON: {u'JavaScript': 35968, u'Ruby': 4551, u'CSS': 10321}
Fri, 20 Mar 11:58:54 DEBUG-GiPyS - get_json Success, url: https://api.github.com/repos/Acorn-zz/gedit-coffeescript/languages limit_remaining: 4931
Fri, 20 Mar 11:58:54 INFO-GiPyS - refresh_repos, repoID:1835150 hasPython: False name: gedit-coffeescript
Fri, 20 Mar 11:58:54 DEBUG-GiPyS - refresh_repos, since:1835007 len(repos): 6 languagesJSON: {}
Fri, 20 Mar 11:58:54 INFO-GiPyS - limit_remaining: 4930
Fri, 20 Mar 11:58:55 DEBUG-GiPyS - get_json Success, url: https://api.github.com/repos/Meaglin/worldeditcui/languages limit_remaining: 4930
Fri, 20 Mar 11:58:55 INFO-GiPyS - refresh_repos, repoID:1835151 hasPython: False name: worldeditcui
Fri, 20 Mar 11:58:55 DEBUG-GiPyS - refresh_repos, since:1835007 len(repos): 6 languagesJSON: {u'Shell': 61, u'Java': 39807}
Fri, 20 Mar 11:58:55 DEBUG-GiPyS - get_json Success, url: https://api.github.com/repos/kan116/kan116/languages limit_remaining: 4929
Fri, 20 Mar 11:58:55 INFO-GiPyS - refresh_repos, repoID:1835154 hasPython: False name: kan116
Fri, 20 Mar 11:58:55 DEBUG-GiPyS - refresh_repos, since:1835007 len(repos): 6 languagesJSON: {}
Fri, 20 Mar 11:58:56 DEBUG-GiPyS - get_json Success, url: https://api.github.com/repos/SiteLIBER/LIBER-Admin/languages limit_remaining: 4928
Fri, 20 Mar 11:58:56 INFO-GiPyS - refresh_repos, repoID:1835156 hasPython: False name: LIBER-Admin
Fri, 20 Mar 11:58:56 DEBUG-GiPyS - refresh_repos, since:1835007 len(repos): 6 languagesJSON: {u'JavaScript': 32097}
Fri, 20 Mar 11:58:57 DEBUG-GiPyS - get_json Success, url: https://api.github.com/repos/ianloic/gitweb-theme/languages limit_remaining: 4927
Fri, 20 Mar 11:58:57 INFO-GiPyS - refresh_repos, repoID:1835166 hasPython: False name: gitweb-theme
Fri, 20 Mar 11:58:57 DEBUG-GiPyS - refresh_repos, since:1835007 len(repos): 6 languagesJSON: {}
Fri, 20 Mar 11:58:58 DEBUG-GiPyS - get_json Success, url: https://api.github.com/repos/tarvitz/django-actions/languages limit_remaining: 4926
Fri, 20 Mar 11:58:58 INFO-GiPyS - refresh_repos, repoID:1835167 hasPython: True name: django-actions
Fri, 20 Mar 11:58:58 DEBUG-GiPyS - refresh_repos, since:1835007 len(repos): 6 languagesJSON: {u'Python': 21311}
Fri, 20 Mar 11:58:59 DEBUG-GiPyS - get_json Success, url: https://api.github.com/repos/suzumura-ss/mod_delete_file/languages limit_remaining: 4925
Fri, 20 Mar 11:58:59 INFO-GiPyS - refresh_repos, repoID:1835170 hasPython: False name: mod_delete_file
Fri, 20 Mar 11:58:59 DEBUG-GiPyS - refresh_repos, since:1835007 len(repos): 7 languagesJSON: {u'C': 2701}
Fri, 20 Mar 11:59:00 DEBUG-GiPyS - get_json Success, url: https://api.github.com/repos/kun-yang/capybara/languages limit_remaining: 4924
Fri, 20 Mar 11:59:00 INFO-GiPyS - refresh_repos, repoID:1835172 hasPython: False name: capybara
Fri, 20 Mar 11:59:00 DEBUG-GiPyS - refresh_repos, since:1835007 len(repos): 7 languagesJSON: {}
Fri, 20 Mar 11:59:01 DEBUG-GiPyS - get_json Success, url: https://api.github.com/repos/Jordhano/JPuppy/languages limit_remaining: 4923
Fri, 20 Mar 11:59:01 INFO-GiPyS - refresh_repos, repoID:1835173 hasPython: False name: JPuppy
Fri, 20 Mar 11:59:01 DEBUG-GiPyS - refresh_repos, since:1835007 len(repos): 7 languagesJSON: {}
Fri, 20 Mar 11:59:02 DEBUG-GiPyS - get_json Success, url: https://api.github.com/repos/george/rubygems/languages limit_remaining: 4922
Fri, 20 Mar 11:59:02 INFO-GiPyS - refresh_repos, repoID:1835174 hasPython: False name: rubygems
Fri, 20 Mar 11:59:02 DEBUG-GiPyS - refresh_repos, since:1835007 len(repos): 7 languagesJSON: {u'Shell': 1018, u'Ruby': 930870}
Fri, 20 Mar 11:59:02 DEBUG-GiPyS - get_json Success, url: https://api.github.com/repos/matthaeus/mSpring.js/languages limit_remaining: 4921
Fri, 20 Mar 11:59:02 INFO-GiPyS - refresh_repos, repoID:1835175 hasPython: False name: mSpring.js
Fri, 20 Mar 11:59:02 DEBUG-GiPyS - refresh_repos, since:1835007 len(repos): 7 languagesJSON: {}
Fri, 20 Mar 11:59:03 INFO-GiPyS - limit_remaining: 4920
Fri, 20 Mar 11:59:03 DEBUG-GiPyS - get_json Success, url: https://api.github.com/repos/confact/Lyssna-NERadio/languages limit_remaining: 4920
Fri, 20 Mar 11:59:03 INFO-GiPyS - refresh_repos, repoID:1835177 hasPython: False name: Lyssna-NERadio
Fri, 20 Mar 11:59:03 DEBUG-GiPyS - refresh_repos, since:1835007 len(repos): 7 languagesJSON: {u'Objective-C': 245058}
Fri, 20 Mar 11:59:04 DEBUG-GiPyS - get_json Success, url: https://api.github.com/repos/rick/todo.txt-cli/languages limit_remaining: 4919
Fri, 20 Mar 11:59:04 INFO-GiPyS - refresh_repos, repoID:1835179 hasPython: False name: todo.txt-cli
Fri, 20 Mar 11:59:04 DEBUG-GiPyS - refresh_repos, since:1835007 len(repos): 7 languagesJSON: {u'Shell': 111557}
Fri, 20 Mar 11:59:05 DEBUG-GiPyS - get_json Success, url: https://api.github.com/repos/maxmiller/projetopsc/languages limit_remaining: 4918
Fri, 20 Mar 11:59:05 INFO-GiPyS - refresh_repos, repoID:1835180 hasPython: True name: projetopsc
Fri, 20 Mar 11:59:05 DEBUG-GiPyS - refresh_repos, since:1835007 len(repos): 7 languagesJSON: {u'Python': 12950, u'C': 28613, u'Shell': 1159, u'Ruby': 5078, u'C++': 150606}
Fri, 20 Mar 11:59:06 DEBUG-GiPyS - get_json Success, url: https://api.github.com/repos/ghuntley/confluence-cli/languages limit_remaining: 4917
Fri, 20 Mar 11:59:06 INFO-GiPyS - refresh_repos, repoID:1835183 hasPython: True name: confluence-cli
Fri, 20 Mar 11:59:06 DEBUG-GiPyS - refresh_repos, since:1835007 len(repos): 8 languagesJSON: {u'Python': 4094}
Fri, 20 Mar 11:59:07 DEBUG-GiPyS - get_json Success, url: https://api.github.com/repos/kun-yang/rake/languages limit_remaining: 4916
Fri, 20 Mar 11:59:07 INFO-GiPyS - refresh_repos, repoID:1835184 hasPython: False name: rake
Fri, 20 Mar 11:59:07 DEBUG-GiPyS - refresh_repos, since:1835007 len(repos): 9 languagesJSON: {}
Fri, 20 Mar 11:59:08 DEBUG-GiPyS - get_json Success, url: https://api.github.com/repos/bsbblk55/New/languages limit_remaining: 4915
Fri, 20 Mar 11:59:08 INFO-GiPyS - refresh_repos, repoID:1835185 hasPython: False name: New
Fri, 20 Mar 11:59:08 DEBUG-GiPyS - refresh_repos, since:1835007 len(repos): 9 languagesJSON: {}
Fri, 20 Mar 11:59:08 CRITICAL-Touri - tour, SCAN_13pgr  has been cancelled by the host with EXCEPTION:KeyboardInterrupt
Fri, 20 Mar 11:59:08 CRITICAL-Touri - tour, SCAN_13pgr Tour Canceled: True
Fri, 20 Mar 11:59:08 CRITICAL-Touri - tour, SCAN_13pgr FINAL STATE: CANCELLED after scanning 0 sources containing Python out of 85 total sources observed
