16:29:04 Depot - ***************init Depot**********.
16:29:04 initialized GithubPythonSourcer with rewinder_type: 20Commits email: investigationbot@gmail.com first: 786432 stop:1048575
16:29:41 GiPyS - next repoID: 786446
16:29:43 GiPyS - next repoID: 786456
16:29:45 GiPyS - next repoID: 786460
16:29:46 GiPyS - next repoID: 786473
16:29:48 GiPyS - next repoID: 786474
16:29:50 GiPyS - next repoID: 786475
16:29:53 GiPyS - next repoID: 786489
16:29:55 GiPyS - next repoID: 786533
16:29:58 GiPyS - next repoID: 786537
16:30:05 GiPyS - next repoID: 786556
16:30:13 GiPyS - next repoID: 786563
16:30:15 GiPyS - next repoID: 786590
16:30:18 GiPyS - next repoID: 786651
16:30:20 GiPyS - next repoID: 786668
16:30:22 GiPyS - next repoID: 786680
16:31:14 GiPyS - next repoID: 786693
16:31:16 GiPyS - next repoID: 786698
16:31:22 GiPyS - next repoID: 786702
16:31:26 GiPyS - next repoID: 786703
16:31:28 GiPyS - next repoID: 786714
16:31:35 GiPyS - next repoID: 786731
16:31:51 GiPyS - next repoID: 786757
16:31:54 GiPyS - next repoID: 786786
16:31:56 GiPyS - next repoID: 786794
16:32:00 GiPyS - next repoID: 786882
16:32:02 GiPyS - next repoID: 786908
16:32:04 GiPyS - next repoID: 786913
16:33:06 GiPyS - next repoID: 786916
16:33:13 GiPyS - next repoID: 786942
16:33:15 GiPyS - next repoID: 786946
16:33:57 GiPyS - next repoID: 786970
16:34:01 GiPyS - next repoID: 786978
16:34:06 GiPyS - next repoID: 786988
16:34:09 GiPyS - next repoID: 787021
16:34:13 GiPyS - next repoID: 787025
16:34:17 GiPyS - next repoID: 787028
16:34:19 GiPyS - next repoID: 787052
16:34:30 GiPyS - next repoID: 787092
16:34:32 GiPyS - next repoID: 787111
16:34:34 GiPyS - next repoID: 787133
16:34:38 GiPyS - next repoID: 787152
16:34:43 GiPyS - next repoID: 787159
16:35:04 GiPyS - next repoID: 787162
16:35:12 GiPyS - next repoID: 787172
16:35:17 GiPyS - next repoID: 787174
16:35:53 GiPyS - next repoID: 787177
16:36:11 GiPyS - next repoID: 787196
16:36:14 GiPyS - next repoID: 787208
16:36:38 GiPyS - next repoID: 787226
16:37:27 GiPyS - next repoID: 787267
16:43:37 GiPyS - next repoID: 787295
16:43:40 GiPyS - next repoID: 787300
16:43:45 GiPyS - next repoID: 787337
16:44:34 GiPyS - next repoID: 787366
16:44:42 GiPyS - next repoID: 787392
16:44:45 GiPyS - next repoID: 787399
16:44:50 GiPyS - next repoID: 787491
16:45:29 GiPyS - next repoID: 787523
16:45:35 GiPyS - next repoID: 787553
16:45:51 GiPyS - next repoID: 787569
16:46:01 GiPyS - next repoID: 787571
16:46:26 GiPyS - next repoID: 787619
16:46:32 GiPyS - next repoID: 787645
16:46:35 GiPyS - next repoID: 787678
16:46:40 GiPyS - next repoID: 787699
16:47:19 GiPyS - next repoID: 787740
16:47:22 GiPyS - next repoID: 787742
16:48:07 GiPyS - next repoID: 787786
16:48:09 GiPyS - next repoID: 787790
16:48:10 GiPyS - next repoID: 787799
16:48:14 GiPyS - next repoID: 787805
16:48:18 GiPyS - next repoID: 787835
16:48:51 GiPyS - next repoID: 787852
16:49:27 GiPyS - next repoID: 787856
16:49:32 GiPyS - next repoID: 787862
16:49:37 GiPyS - next repoID: 787943
16:49:40 GiPyS - next repoID: 787962
16:49:47 GiPyS - next repoID: 787966
16:49:49 GiPyS - next repoID: 787995
16:50:32 GiPyS - next repoID: 788039
16:50:36 GiPyS - next repoID: 788043
16:50:44 GiPyS - next repoID: 788084
16:50:49 GiPyS - next repoID: 788099
16:50:56 GiPyS - next repoID: 788101
16:51:02 GiPyS - next repoID: 788105
16:51:09 GiPyS - next repoID: 788116
16:51:10 GiPyS - next repoID: 788134
16:51:19 GiPyS - next repoID: 788153
16:51:30 GiPyS - next repoID: 788179
16:51:42 GiPyS - next repoID: 788199
16:51:45 GiPyS - next repoID: 788211
16:52:34 GiPyS - next repoID: 788231
16:52:42 GiPyS - next repoID: 788243
16:53:07 GiPyS - next repoID: 788255
16:53:13 GiPyS - next repoID: 788257
16:53:14 GiPyS - next repoID: 788264
16:53:32 GiPyS - next repoID: 788292
16:53:38 GiPyS - next repoID: 788296
16:53:41 GiPyS - next repoID: 788298
16:53:47 GiPyS - next repoID: 788305
16:53:56 GiPyS - next repoID: 788306
16:54:00 GiPyS - next repoID: 788316
16:54:05 GiPyS - next repoID: 788317
16:54:09 GiPyS - next repoID: 788341
16:54:12 GiPyS - next repoID: 788344
16:54:20 GiPyS - next repoID: 788426
16:55:04 GiPyS - next repoID: 788442
16:55:17 GiPyS - next repoID: 788462
16:55:28 GiPyS - next repoID: 788463
16:55:30 GiPyS - next repoID: 788483
16:55:39 GiPyS - next repoID: 788644
16:55:56 GiPyS - next repoID: 788657
16:56:01 GiPyS - next repoID: 788688
16:56:44 GiPyS - next repoID: 788765
16:56:51 GiPyS - next repoID: 788769
16:56:59 GiPyS - next repoID: 788772
16:57:02 GiPyS - next repoID: 788773
16:57:04 GiPyS - next repoID: 788790
16:57:05 GiPyS - next repoID: 788792
16:57:13 GiPyS - next repoID: 788809
16:57:15 GiPyS - next repoID: 788851
16:57:23 GiPyS - next repoID: 788885
16:57:49 GiPyS - next repoID: 788893
16:57:57 GiPyS - next repoID: 788916
16:58:33 GiPyS - next repoID: 788920
16:58:37 GiPyS - next repoID: 788940
16:58:42 GiPyS - next repoID: 788967
16:58:49 GiPyS - next repoID: 788968
16:59:43 GiPyS - next repoID: 789003
16:59:49 GiPyS - next repoID: 789011
17:00:09 GiPyS - next repoID: 789013
17:00:13 GiPyS - next repoID: 789063
17:00:17 GiPyS - next repoID: 789124
17:00:21 GiPyS - next repoID: 789150
17:00:28 GiPyS - next repoID: 789162
17:00:30 GiPyS - next repoID: 789172
17:00:33 GiPyS - next repoID: 789196
17:00:40 GiPyS - next repoID: 789198
17:02:46 GiPyS - next repoID: 789204
17:02:49 GiPyS - next repoID: 789209
17:02:52 GiPyS - next repoID: 789222
17:04:57 GiPyS - next repoID: 789235
17:05:03 GiPyS - next repoID: 789253
17:05:10 GiPyS - next repoID: 789254
17:05:14 GiPyS - next repoID: 789262
17:05:40 GiPyS - next repoID: 789280
17:06:36 GiPyS - next repoID: 789312
17:06:47 GiPyS - next repoID: 789340
17:06:57 GiPyS - next repoID: 789379
17:07:00 GiPyS - next repoID: 789388
17:07:14 GiPyS - next repoID: 789391
17:07:19 GiPyS - next repoID: 789402
17:07:41 GiPyS - next repoID: 789421
17:08:26 GiPyS - next repoID: 789547
17:08:30 GiPyS - next repoID: 789572
17:09:01 GiPyS - next repoID: 789575
17:09:11 GiPyS - next repoID: 789576
17:09:19 GiPyS - next repoID: 789610
17:09:26 GiPyS - next repoID: 789667
17:09:29 GiPyS - next repoID: 789707
17:09:35 GiPyS - next repoID: 789718
17:09:45 GiPyS - next repoID: 789725
17:10:37 GiPyS - next repoID: 789761
17:10:44 GiPyS - next repoID: 789775
17:10:51 GiPyS - next repoID: 789783
17:10:59 GiPyS - next repoID: 789810
17:11:03 GiPyS - next repoID: 789827
17:11:10 GiPyS - next repoID: 789836
17:11:22 GiPyS - next repoID: 789865
17:11:31 GiPyS - next repoID: 789926
17:11:41 GiPyS - next repoID: 789960
17:11:43 GiPyS - next repoID: 789962
17:11:52 GiPyS - next repoID: 789968
17:12:05 GiPyS - next repoID: 790002
17:12:11 GiPyS - next repoID: 790019
17:15:25 GiPyS - next repoID: 790031
17:45:20 GiPyS - next repoID: 790038
17:45:21 GiPySo-getRewinder, Backing off for 0 seconds
17:45:21 GiPySo-getRewinder, Backing off for 1 seconds
17:45:22 GiPySo-getRewinder, Backing off for 1 seconds
17:45:24 GiPySo-getRewinder, Backing off for 5 seconds
17:45:29 GiPySo-getRewinder, Backing off for 5 seconds
17:45:35 GiPySo-getRewinder, Backing off for 15 seconds
17:45:50 GiPySo-getRewinder, Backing off for 13 seconds
17:46:04 GiPySo-getRewinder, Backing off for 0 seconds
17:46:04 GiPySo-getRewinder, Backing off for 39 seconds
17:46:44 GiPySo-getRewinder, Backing off for 3 seconds
17:46:47 GiPySo-getRewinder, Issue creating rewinder for repoID: 790038, could not be resolved after 10 attempts.  Returning None.
17:47:31 GiPyS - next repoID: 790095
17:47:31 GiPySo-getRewinder, Backing off for 0 seconds
17:47:32 GiPySo-getRewinder, Backing off for 1 seconds
17:47:33 GiPySo-getRewinder, Backing off for 0 seconds
17:47:33 GiPySo-getRewinder, Backing off for 6 seconds
17:47:40 GiPySo-getRewinder, Backing off for 2 seconds
17:47:43 GiPySo-getRewinder, Backing off for 22 seconds
17:48:05 GiPySo-getRewinder, Backing off for 32 seconds
17:48:38 GiPySo-getRewinder, Backing off for 16 seconds
17:48:55 GiPySo-getRewinder, Backing off for 32 seconds
17:49:27 GiPySo-getRewinder, Backing off for 7 seconds
17:49:34 GiPySo-getRewinder, Issue creating rewinder for repoID: 790095, could not be resolved after 10 attempts.  Returning None.
17:49:34 GiPyS - next repoID: 790117
17:49:35 GiPySo-getRewinder, Backing off for 0 seconds
17:49:36 GiPySo-getRewinder, Backing off for 1 seconds
17:49:37 GiPySo-getRewinder, Backing off for 1 seconds
17:49:38 GiPySo-getRewinder, Backing off for 7 seconds
17:49:46 GiPySo-getRewinder, Backing off for 1 seconds
17:49:48 GiPySo-getRewinder, Backing off for 20 seconds
17:50:08 GiPySo-getRewinder, Backing off for 5 seconds
17:50:14 GiPySo-getRewinder, Backing off for 28 seconds
17:50:42 GiPySo-getRewinder, Backing off for 27 seconds
17:51:10 GiPySo-getRewinder, Backing off for 2 seconds
17:51:12 GiPySo-getRewinder, Issue creating rewinder for repoID: 790117, could not be resolved after 10 attempts.  Returning None.
17:51:12 GiPyS - next repoID: 790153
17:51:13 GiPySo-getRewinder, Backing off for 0 seconds
17:51:13 GiPySo-getRewinder, Backing off for 1 seconds
17:51:15 GiPySo-getRewinder, Backing off for 1 seconds
17:51:16 GiPySo-getRewinder, Backing off for 7 seconds
17:51:24 GiPySo-getRewinder, Backing off for 6 seconds
17:51:30 GiPySo-getRewinder, Backing off for 9 seconds
17:51:40 GiPySo-getRewinder, Backing off for 7 seconds
17:51:48 GiPySo-getRewinder, Backing off for 10 seconds
17:51:58 GiPySo-getRewinder, Backing off for 35 seconds
17:52:45 GiPyS - next repoID: 790155
17:53:59 GiPyS - next repoID: 790173
17:56:07 GiPyS - next repoID: 790206
17:57:21 GiPyS - next repoID: 790219
17:57:51 Touri - tour, SCAN_6horl EXCEPTION:[Errno 12] Cannot allocate memory
17:57:51 Touri - tour, consecutiveExceptionCounter: 1
17:57:51 GiPyS - next repoID: 790223
17:57:52 GiPySo-getRewinder, Backing off for 0 seconds
17:57:52 GiPySo-getRewinder, Backing off for 0 seconds
17:57:53 GiPySo-getRewinder, Backing off for 2 seconds
17:57:55 GiPySo-getRewinder, Backing off for 2 seconds
17:57:58 GiPySo-getRewinder, Backing off for 6 seconds
17:58:04 GiPySo-getRewinder, Backing off for 31 seconds
17:58:36 GiPySo-getRewinder, Backing off for 27 seconds
17:59:03 GiPySo-getRewinder, Backing off for 31 seconds
17:59:34 GiPySo-getRewinder, Backing off for 9 seconds
17:59:44 GiPySo-getRewinder, Backing off for 35 seconds
18:00:19 GiPySo-getRewinder, Issue creating rewinder for repoID: 790223, could not be resolved after 10 attempts.  Returning None.
18:00:19 Touri - tour, consecutiveExceptionCounter: 1
18:00:19 GiPyS - next repoID: 790244
18:00:20 GiPySo-getRewinder, Backing off for 0 seconds
18:00:20 GiPySo-getRewinder, Backing off for 0 seconds
18:00:20 GiPySo-getRewinder, Backing off for 3 seconds
18:00:24 GiPySo-getRewinder, Backing off for 1 seconds
18:00:25 GiPySo-getRewinder, Backing off for 0 seconds
18:00:26 GiPySo-getRewinder, Backing off for 31 seconds
18:00:57 GiPySo-getRewinder, Backing off for 3 seconds
18:01:01 GiPySo-getRewinder, Backing off for 13 seconds
18:01:14 GiPySo-getRewinder, Backing off for 22 seconds
18:01:37 GiPySo-getRewinder, Backing off for 15 seconds
18:01:52 GiPySo-getRewinder, Issue creating rewinder for repoID: 790244, could not be resolved after 10 attempts.  Returning None.
18:01:52 Touri - tour, consecutiveExceptionCounter: 1
18:01:52 GiPyS - next repoID: 790245
18:01:52 GiPySo-getRewinder, Backing off for 0 seconds
18:01:52 GiPySo-getRewinder, Backing off for 0 seconds
18:01:53 GiPySo-getRewinder, Backing off for 0 seconds
18:01:53 GiPySo-getRewinder, Backing off for 2 seconds
18:01:56 GiPySo-getRewinder, Backing off for 5 seconds
18:02:01 GiPySo-getRewinder, Backing off for 18 seconds
18:02:20 GiPySo-getRewinder, Backing off for 24 seconds
18:02:46 GiPySo-getRewinder, Backing off for 3 seconds
18:02:50 GiPySo-getRewinder, Backing off for 36 seconds
18:03:29 GiPySo-getRewinder, Backing off for 6 seconds
18:03:35 GiPySo-getRewinder, Issue creating rewinder for repoID: 790245, could not be resolved after 10 attempts.  Returning None.
18:03:35 Touri - tour, consecutiveExceptionCounter: 1
18:03:36 GiPyS - next repoID: 790252
18:03:39 GiPySo-getRewinder, Backing off for 0 seconds
18:03:40 GiPySo-getRewinder, Backing off for 0 seconds
18:03:40 GiPySo-getRewinder, Backing off for 0 seconds
18:03:40 GiPySo-getRewinder, Backing off for 0 seconds
18:03:41 GiPySo-getRewinder, Backing off for 1 seconds
18:03:42 GiPySo-getRewinder, Backing off for 21 seconds
18:04:04 GiPySo-getRewinder, Backing off for 5 seconds
18:04:09 GiPySo-getRewinder, Backing off for 19 seconds
18:04:29 GiPySo-getRewinder, Backing off for 3 seconds
18:04:32 GiPySo-getRewinder, Backing off for 0 seconds
18:04:32 GiPySo-getRewinder, Issue creating rewinder for repoID: 790252, could not be resolved after 10 attempts.  Returning None.
18:04:32 Touri - tour, consecutiveExceptionCounter: 1
18:04:32 GiPyS - next repoID: 790254
18:04:33 GiPySo-getRewinder, Backing off for 0 seconds
18:04:33 GiPySo-getRewinder, Backing off for 0 seconds
18:04:34 GiPySo-getRewinder, Backing off for 2 seconds
18:04:36 GiPySo-getRewinder, Backing off for 3 seconds
18:04:39 GiPySo-getRewinder, Backing off for 9 seconds
18:04:49 GiPySo-getRewinder, Backing off for 17 seconds
18:05:06 GiPyS - get_json, Unexpected roblem with getting json: <urlopen error [Errno -2] Name or service not known>
18:05:06 GiPyS - get_json, Unexpected roblem with getting json: <urlopen error [Errno -2] Name or service not known>
18:05:08 GiPyS - get_json, Unexpected roblem with getting json: <urlopen error [Errno -2] Name or service not known>
18:05:11 GiPyS - get_json, Unexpected roblem with getting json: <urlopen error [Errno -2] Name or service not known>
18:05:26 GiPyS - get_json, Unexpected roblem with getting json: <urlopen error [Errno -2] Name or service not known>
18:05:26 GiPyS - get_json, Giving up on url https://api.github.com/repositories/790254 after 5 attempts
18:05:26 GiPySo-getRewinder, Backing off for 13 seconds
18:05:39 GiPyS - get_json, Unexpected roblem with getting json: <urlopen error [Errno -2] Name or service not known>
18:05:39 GiPyS - get_json, Unexpected roblem with getting json: <urlopen error [Errno -2] Name or service not known>
18:05:42 GiPyS - get_json, Unexpected roblem with getting json: <urlopen error [Errno -2] Name or service not known>
18:05:43 GiPyS - get_json, Unexpected roblem with getting json: <urlopen error [Errno -2] Name or service not known>
18:05:55 GiPyS - get_json, Unexpected roblem with getting json: <urlopen error [Errno -2] Name or service not known>
18:05:55 GiPyS - get_json, Giving up on url https://api.github.com/repositories/790254 after 5 attempts
18:05:55 GiPySo-getRewinder, Backing off for 27 seconds
18:06:22 GiPyS - get_json, Unexpected roblem with getting json: <urlopen error [Errno -2] Name or service not known>
18:06:22 GiPyS - get_json, Unexpected roblem with getting json: <urlopen error [Errno -2] Name or service not known>
18:06:24 GiPyS - get_json, Unexpected roblem with getting json: <urlopen error [Errno -2] Name or service not known>
18:06:27 GiPyS - get_json, Unexpected roblem with getting json: <urlopen error [Errno -2] Name or service not known>
18:06:37 GiPyS - get_json, Unexpected roblem with getting json: <urlopen error [Errno -2] Name or service not known>
18:06:37 GiPyS - get_json, Giving up on url https://api.github.com/repositories/790254 after 5 attempts
18:06:37 GiPySo-getRewinder, Backing off for 21 seconds
18:06:58 GiPyS - get_json, Unexpected roblem with getting json: <urlopen error [Errno -2] Name or service not known>
18:06:59 GiPyS - get_json, Unexpected roblem with getting json: <urlopen error [Errno -2] Name or service not known>
18:07:00 GiPyS - get_json, Unexpected roblem with getting json: <urlopen error [Errno -2] Name or service not known>
18:07:07 GiPyS - get_json, Unexpected roblem with getting json: <urlopen error [Errno -2] Name or service not known>
18:07:19 GiPyS - get_json, Unexpected roblem with getting json: <urlopen error [Errno -2] Name or service not known>
18:07:19 GiPyS - get_json, Giving up on url https://api.github.com/repositories/790254 after 5 attempts
18:07:19 GiPySo-getRewinder, Backing off for 23 seconds
18:07:42 GiPySo-getRewinder, Issue creating rewinder for repoID: 790254, could not be resolved after 10 attempts.  Returning None.
18:07:42 Touri - tour, consecutiveExceptionCounter: 1
