17:46:23 Depot - ***************init Depot**********.
17:46:24 initialized GithubPythonSourcer with rewinder_type: 20Commits email: investigationbot@gmail.com first: 1310720 stop:1572863
17:47:00 GiPyS - next repoID: 1310811
17:47:04 GiPyS - next repoID: 1310820
17:47:06 GiPyS - next repoID: 1310826
17:47:09 GiPyS - next repoID: 1310837
17:47:10 GiPyS - next repoID: 1310844
17:47:17 GiPyS - next repoID: 1310854
17:47:19 GiPyS - next repoID: 1310855
17:47:20 GiPyS - next repoID: 1310861
17:47:24 GiPyS - next repoID: 1310870
17:47:25 GiPyS - next repoID: 1310902
17:47:31 GiPyS - next repoID: 1310909
17:47:32 GiPyS - next repoID: 1310914
17:48:11 GiPyS - next repoID: 1310953
17:48:16 GiPyS - next repoID: 1311005
17:48:17 GiPyS - next repoID: 1311008
17:48:52 GiPyS - next repoID: 1311041
17:51:24 GiPyS - next repoID: 1311085
17:51:58 GiPyS - next repoID: 1311087
17:52:07 GiPyS - next repoID: 1311097
17:52:10 GiPyS - next repoID: 1311102
17:52:12 GiPyS - next repoID: 1311117
17:52:19 GiPyS - next repoID: 1311122
17:53:02 GiPyS - next repoID: 1311137
17:53:07 GiPyS - next repoID: 1311155
17:53:10 GiPyS - next repoID: 1311161
17:53:16 GiPyS - next repoID: 1311190
17:53:19 GiPyS - next repoID: 1311193
17:53:22 GiPyS - next repoID: 1311207
17:53:25 GiPyS - next repoID: 1311217
17:53:31 GiPyS - next repoID: 1311219
17:53:35 GiPyS - next repoID: 1311268
17:53:46 GiPyS - next repoID: 1311281
17:53:51 GiPyS - next repoID: 1311301
17:53:57 GiPyS - next repoID: 1311313
17:54:02 GiPyS - next repoID: 1311321
17:54:43 GiPyS - next repoID: 1311341
17:54:47 GiPyS - next repoID: 1311345
17:54:52 GiPyS - next repoID: 1311350
17:54:55 GiPyS - next repoID: 1311352
17:55:03 GiPyS - next repoID: 1311362
17:55:29 GiPyS - next repoID: 1311378
17:55:34 GiPyS - next repoID: 1311426
17:55:38 GiPyS - next repoID: 1311469
17:55:45 GiPyS - next repoID: 1311479
17:55:49 GiPyS - next repoID: 1311483
17:55:51 GiPyS - next repoID: 1311484
17:56:09 GiPyS - next repoID: 1311502
17:56:11 GiPyS - next repoID: 1311517
17:56:12 GiPyS - next repoID: 1311528
17:57:14 GiPyS - next repoID: 1311579
17:57:19 GiPyS - next repoID: 1311594
17:57:33 GiPyS - next repoID: 1311603
17:57:53 GiPyS - next repoID: 1311617
17:58:25 GiPyS - next repoID: 1311644
17:58:32 GiPyS - next repoID: 1311657
17:58:38 GiPyS - next repoID: 1311682
17:58:46 GiPyS - next repoID: 1311703
17:59:10 GiPyS - next repoID: 1311724
17:59:57 GiPyS - next repoID: 1311780
18:00:19 GiPyS - next repoID: 1311783
18:00:22 GiPyS - next repoID: 1311823
18:00:26 GiPyS - next repoID: 1311837
18:00:31 GiPyS - next repoID: 1311847
18:00:40 GiPyS - next repoID: 1311856
18:00:50 GiPyS - next repoID: 1311905
18:00:54 GiPyS - next repoID: 1311926
18:01:13 GiPyS - next repoID: 1311947
18:01:55 GiPyS - next repoID: 1312008
18:02:08 GiPyS - next repoID: 1312056
18:02:12 GiPyS - next repoID: 1312114
18:02:22 GiPyS - next repoID: 1312141
18:02:34 GiPyS - next repoID: 1312157
18:02:52 GiPyS - next repoID: 1312162
18:02:57 GiPyS - next repoID: 1312196
18:03:03 GiPyS - next repoID: 1312201
18:03:52 GiPyS - next repoID: 1312229
18:03:56 GiPyS - next repoID: 1312252
18:03:58 GiPyS - next repoID: 1312257
18:04:16 GiPyS - next repoID: 1312273
18:04:21 GiPyS - next repoID: 1312349
18:04:25 GiPyS - next repoID: 1312368
18:04:31 GiPyS - next repoID: 1312379
18:04:59 GiPyS - next repoID: 1312394
18:05:06 GiPyS - next repoID: 1312396
18:05:15 GiPyS - next repoID: 1312425
18:05:37 GiPyS - next repoID: 1312453
18:05:40 GiPyS - next repoID: 1312461
18:06:23 GiPyS - next repoID: 1312496
18:06:25 GiPyS - next repoID: 1312503
18:06:37 GiPyS - next repoID: 1312509
18:06:46 GiPyS - next repoID: 1312510
18:06:47 GiPyS - next repoID: 1312517
18:06:56 GiPyS - next repoID: 1312597
18:07:00 GiPyS - next repoID: 1312598
18:07:17 GiPyS - next repoID: 1312619
18:07:19 GiPyS - next repoID: 1312661
18:07:27 GiPyS - next repoID: 1312689
18:08:07 GiPyS - next repoID: 1312707
18:08:17 GiPyS - next repoID: 1312723
18:08:25 GiPyS - next repoID: 1312737
18:08:38 GiPyS - next repoID: 1312748
18:08:41 GiPyS - next repoID: 1312780
18:08:43 GiPyS - next repoID: 1312785
18:08:50 GiPyS - next repoID: 1312827
18:08:57 GiPyS - next repoID: 1312836
18:09:12 GiPyS - next repoID: 1312946
18:09:56 GiPyS - next repoID: 1312965
18:11:11 GiPyS - next repoID: 1312968
18:11:17 GiPyS - next repoID: 1312982
18:11:26 GiPyS - next repoID: 1312983
18:15:55 GiPyS - next repoID: 1312989
18:16:09 GiPyS - next repoID: 1313025
18:16:18 GiPyS - next repoID: 1313051
18:16:21 GiPyS - next repoID: 1313082
18:16:29 GiPyS - next repoID: 1313083
18:16:35 GiPyS - next repoID: 1313119
18:16:42 GiPyS - next repoID: 1313131
18:16:50 GiPyS - next repoID: 1313149
18:16:54 GiPyS - next repoID: 1313174
18:17:40 GiPyS - next repoID: 1313186
18:17:52 GiPyS - next repoID: 1313200
18:17:58 GiPyS - next repoID: 1313211
18:18:04 GiPyS - next repoID: 1313219
18:18:25 GiPyS - next repoID: 1313246
18:18:38 GiPyS - next repoID: 1313251
18:18:46 GiPyS - next repoID: 1313273
18:18:48 GiPyS - next repoID: 1313307
18:19:30 GiPyS - next repoID: 1313372
18:21:09 GiPyS - next repoID: 1313389
18:22:53 GiPyS - next repoID: 1313405
18:23:02 GiPyS - next repoID: 1313517
18:23:12 GiPyS - next repoID: 1313543
18:24:02 GiPyS - next repoID: 1313551
18:24:10 GiPyS - next repoID: 1313562
18:24:18 GiPyS - next repoID: 1313566
18:24:25 GiPyS - next repoID: 1313620
18:24:32 GiPyS - next repoID: 1313632
18:24:38 GiPyS - next repoID: 1313728
18:24:41 GiPyS - next repoID: 1313734
18:24:48 GiPyS - next repoID: 1313793
18:25:34 GiPyS - next repoID: 1313802
18:25:39 GiPyS - next repoID: 1313811
18:25:44 GiPyS - next repoID: 1313814
18:27:51 GiPyS - next repoID: 1313823
18:28:02 GiPyS - next repoID: 1313828
18:28:12 GiPyS - next repoID: 1313839
18:28:23 GiPyS - next repoID: 1313851
18:28:29 GiPyS - next repoID: 1313878
18:28:37 GiPyS - next repoID: 1313882
18:28:56 GiPyS - next repoID: 1313885
18:29:29 GiPyS - next repoID: 1313906
18:29:39 GiPyS - next repoID: 1313917
18:29:47 GiPyS - next repoID: 1313921
18:30:53 GiPyS - next repoID: 1313930
18:31:00 GiPyS - next repoID: 1313939
18:31:06 GiPyS - next repoID: 1313959
18:31:53 GiPyS - next repoID: 1313982
18:31:56 GiPyS - next repoID: 1313983
18:32:08 GiPyS - next repoID: 1313986
18:32:28 GiPyS - next repoID: 1314003
18:34:27 GiPyS - next repoID: 1314010
18:34:35 GiPyS - next repoID: 1314024
18:34:42 GiPyS - next repoID: 1314031
18:34:47 GiPyS - next repoID: 1314036
18:35:33 GiPyS - next repoID: 1314045
18:39:03 GiPyS - next repoID: 1314059
18:39:08 GiPyS - next repoID: 1314072
18:39:16 GiPyS - next repoID: 1314082
18:39:23 GiPyS - next repoID: 1314086
18:39:31 GiPyS - next repoID: 1314118
18:39:33 GiPyS - next repoID: 1314127
18:39:41 GiPyS - next repoID: 1314145
18:41:35 GiPyS - next repoID: 1314167
18:41:38 GiPyS - next repoID: 1314175
18:41:57 GiPyS - next repoID: 1314188
18:42:10 GiPyS - next repoID: 1314189
18:42:13 GiPyS - next repoID: 1314236
18:42:17 GiPyS - next repoID: 1314238
18:42:54 GiPyS - next repoID: 1314239
18:42:59 GiPyS - next repoID: 1314280
18:43:05 GiPyS - next repoID: 1314300
18:43:59 GiPyS - next repoID: 1314304
18:44:02 Touri - tour, SCAN_eljbe  has been cancelled by the host with EXCEPTION:KeyboardInterrupt
18:44:02 Touri - tour, SCAN_eljbe Tour Canceled: True
18:44:02 Touri - tour, SCAN_eljbe FINAL STATE: CANCELLED after scanning 181 sources containing Python out of 1700 total sources observed
