16:30:02 Depot - ***************init Depot**********.
16:30:02 initialized GithubPythonSourcer with rewinder_type: 20Commits email: investigationbot@gmail.com first: 1835008 stop:2097151
16:30:39 GiPyS - next repoID: 1835018
16:30:48 GiPyS - next repoID: 1835079
16:31:10 GiPyS - next repoID: 1835086
16:31:14 GiPyS - next repoID: 1835090
16:31:22 GiPyS - next repoID: 1835105
16:31:24 GiPyS - next repoID: 1835132
16:31:27 GiPyS - next repoID: 1835167
16:31:30 GiPyS - next repoID: 1835180
16:31:34 GiPyS - next repoID: 1835183
16:31:35 GiPyS - next repoID: 1835207
16:31:40 GiPyS - next repoID: 1835209
16:32:37 GiPyS - get_json, Giving up on url https://api.github.com/repos/cvenomz/CraftBukkit/languages after 5 attempts
16:32:47 GiPyS - next repoID: 1835244
16:32:51 GiPyS - next repoID: 1835263
16:32:58 GiPyS - next repoID: 1835266
16:33:06 GiPyS - next repoID: 1835285
16:33:15 GiPyS - next repoID: 1835289
16:33:50 GiPyS - next repoID: 1835299
16:33:58 GiPyS - next repoID: 1835357
16:34:01 GiPyS - next repoID: 1835387
16:34:06 GiPyS - next repoID: 1835428
16:34:46 GiPyS - next repoID: 1835438
16:34:50 GiPyS - next repoID: 1835505
16:34:53 GiPyS - next repoID: 1835586
16:35:01 GiPyS - next repoID: 1835588
16:35:04 GiPyS - next repoID: 1835598
16:37:19 GiPyS - next repoID: 1835606
16:37:25 GiPyS - next repoID: 1835640
16:38:05 GiPyS - next repoID: 1835668
16:38:07 GiPyS - next repoID: 1835691
16:41:22 GiPyS - next repoID: 1835694
16:41:24 GiPyS - next repoID: 1835710
16:41:29 GiPyS - next repoID: 1835727
16:41:32 GiPyS - next repoID: 1835769
16:41:35 GiPyS - next repoID: 1835785
16:41:38 GiPyS - next repoID: 1835818
16:41:46 GiPyS - next repoID: 1835821
16:41:48 GiPyS - next repoID: 1835823
16:41:50 GiPyS - next repoID: 1835841
16:41:52 GiPyS - next repoID: 1835845
16:41:55 GiPyS - next repoID: 1835852
16:42:05 GiPyS - next repoID: 1835864
16:42:07 GiPyS - next repoID: 1835877
16:42:11 GiPyS - next repoID: 1835887
16:42:51 GiPyS - next repoID: 1835898
16:42:53 GiPyS - next repoID: 1835914
16:42:58 GiPyS - next repoID: 1835945
16:50:48 GiPyS - next repoID: 1835965
16:50:55 GiPyS - next repoID: 1835976
16:51:06 GiPyS - next repoID: 1835996
16:51:08 GiPyS - next repoID: 1835999
16:51:11 GiPyS - next repoID: 1836003
16:51:16 GiPyS - next repoID: 1836105
16:51:19 GiPyS - next repoID: 1836116
16:51:57 GiPyS - next repoID: 1836138
16:52:05 GiPyS - next repoID: 1836174
16:52:10 GiPyS - next repoID: 1836195
16:52:12 GiPyS - next repoID: 1836206
16:52:17 GiPyS - next repoID: 1836212
16:52:22 GiPyS - next repoID: 1836214
16:52:25 GiPyS - next repoID: 1836229
16:53:28 GiPyS - next repoID: 1836248
16:54:08 GiPyS - next repoID: 1836254
16:54:16 GiPyS - next repoID: 1836274
16:55:19 GiPyS - next repoID: 1836292
16:55:27 GiPyS - next repoID: 1836293
16:57:21 GiPyS - next repoID: 1836307
16:57:24 GiPyS - next repoID: 1836318
16:59:22 GiPyS - next repoID: 1836329
16:59:33 GiPyS - next repoID: 1836371
16:59:38 GiPyS - next repoID: 1836444
16:59:45 GiPyS - next repoID: 1836447
16:59:49 GiPyS - next repoID: 1836448
17:00:45 GiPyS - next repoID: 1836526
17:00:51 GiPyS - next repoID: 1836609
17:00:54 GiPyS - next repoID: 1836625
17:00:59 GiPyS - next repoID: 1836647
17:02:48 GiPyS - next repoID: 1836660
17:02:52 GiPyS - next repoID: 1836686
17:02:58 GiPyS - next repoID: 1836739
17:03:02 GiPyS - next repoID: 1836754
17:03:47 GiPyS - next repoID: 1836770
17:03:49 GiPyS - next repoID: 1836788
17:03:56 GiPyS - next repoID: 1836792
17:04:03 GiPyS - next repoID: 1836795
17:04:06 GiPyS - next repoID: 1836823
17:04:13 GiPyS - next repoID: 1836825
17:04:18 GiPyS - next repoID: 1836859
17:04:21 GiPyS - next repoID: 1836868
17:04:26 GiPyS - next repoID: 1836933
17:04:33 GiPyS - next repoID: 1836943
17:04:41 GiPyS - next repoID: 1836956
17:04:43 GiPyS - next repoID: 1836977
17:06:12 GiPyS - next repoID: 1836988
17:06:14 GiPyS - next repoID: 1836999
17:06:21 GiPyS - next repoID: 1837019
17:07:32 GiPyS - next repoID: 1837020
17:07:40 GiPyS - next repoID: 1837022
17:07:45 GiPyS - next repoID: 1837057
17:07:54 GiPyS - next repoID: 1837071
17:12:52 GiPyS - next repoID: 1837107
17:13:07 GiPyS - next repoID: 1837115
17:13:18 GiPyS - next repoID: 1837117
17:13:31 GiPyS - next repoID: 1837164
17:18:27 GiPyS - next repoID: 1837191
17:18:45 GiPyS - next repoID: 1837206
17:19:28 GiPyS - get_json, Giving up on url https://api.github.com/repos/HairyBotter/RSBot/languages after 5 attempts
17:19:55 GiPyS - next repoID: 1837212
17:20:09 GiPyS - next repoID: 1837221
17:21:07 GiPyS - next repoID: 1837229
17:21:16 GiPyS - next repoID: 1837252
17:21:35 GiPyS - next repoID: 1837262
17:58:04 GiPyS - next repoID: 1837263
17:59:46 GiPyS - next repoID: 1837273
17:59:52 GiPyS - next repoID: 1837276
18:00:01 GiPyS - next repoID: 1837294
18:00:39 GiPyS - next repoID: 1837304
18:01:40 GiPyS - next repoID: 1837311
18:01:58 GiPyS - next repoID: 1837314
18:02:15 GiPyS - next repoID: 1837322
18:02:27 GiPyS - next repoID: 1837347
18:02:38 GiPyS - next repoID: 1837381
18:03:21 GiPyS - next repoID: 1837398
18:03:45 GiPyS - next repoID: 1837436
18:04:13 GiPyS - next repoID: 1837476
18:05:03 GiPyS - next repoID: 1837494
18:06:07 GiPyS - next repoID: 1837520
18:06:22 GiPyS - next repoID: 1837527
18:06:38 GiPyS - next repoID: 1837561
