17:44:32 Depot - ***************init Depot**********.
17:44:32 initialized GithubPythonSourcer with rewinder_type: 20Commits email: investigationbot@gmail.com first: 5242880 stop:5505023
17:45:09 GiPyS - next repoID: 5242892
17:45:10 GiPyS - next repoID: 5242905
17:45:11 GiPyS - next repoID: 5242950
17:46:22 GiPyS - next repoID: 5242961
17:46:24 GiPyS - next repoID: 5243012
17:46:35 GiPyS - next repoID: 5243013
17:46:39 GiPyS - next repoID: 5243051
17:48:36 GiPyS - next repoID: 5243071
17:48:37 GiPyS - next repoID: 5243181
17:48:40 GiPyS - next repoID: 5243200
17:48:42 GiPyS - next repoID: 5243210
17:48:44 GiPyS - next repoID: 5243236
17:48:45 GiPyS - next repoID: 5243252
17:49:33 GiPyS - next repoID: 5243288
17:49:35 GiPyS - next repoID: 5243350
17:49:36 GiPyS - next repoID: 5243376
17:49:47 GiPyS - next repoID: 5243381
17:49:49 GiPyS - next repoID: 5243421
17:50:00 GiPyS - next repoID: 5243433
17:50:40 GiPyS - next repoID: 5243511
17:50:44 GiPyS - next repoID: 5243520
17:50:45 GiPyS - next repoID: 5243569
17:50:47 GiPyS - next repoID: 5243577
17:50:48 GiPyS - next repoID: 5243614
17:50:51 GiPyS - next repoID: 5243627
17:50:52 GiPyS - next repoID: 5243628
17:50:54 GiPyS - next repoID: 5243633
17:51:42 GiPyS - next repoID: 5243661
17:51:55 GiPyS - next repoID: 5243668
17:51:58 GiPyS - next repoID: 5243721
17:52:01 GiPyS - next repoID: 5243734
17:52:02 GiPyS - next repoID: 5243782
17:52:07 GiPyS - next repoID: 5243802
17:52:09 GiPyS - next repoID: 5243833
17:52:13 GiPyS - next repoID: 5243847
17:52:14 GiPyS - next repoID: 5243877
17:52:57 GiPyS - next repoID: 5243898
17:52:59 GiPyS - next repoID: 5243919
17:54:33 GiPyS - next repoID: 5243937
17:54:47 GiPyS - next repoID: 5243954
17:55:11 GiPyS - next repoID: 5243971
17:55:14 GiPyS - next repoID: 5243997
17:55:15 GiPyS - next repoID: 5244012
17:55:58 GiPyS - next repoID: 5244081
17:56:00 GiPyS - next repoID: 5244102
17:56:05 GiPyS - next repoID: 5244156
17:56:11 GiPyS - next repoID: 5244158
17:56:12 GiPyS - next repoID: 5244159
17:56:23 GiPyS - next repoID: 5244171
17:56:37 GiPyS - next repoID: 5244176
17:56:40 GiPyS - next repoID: 5244181
17:56:46 GiPyS - next repoID: 5244189
17:56:48 GiPyS - next repoID: 5244199
17:57:25 GiPyS - next repoID: 5244230
17:57:28 GiPyS - next repoID: 5244231
17:57:37 GiPyS - next repoID: 5244261
17:57:40 GiPyS - next repoID: 5244290
17:57:42 GiPyS - next repoID: 5244296
17:57:44 GiPyS - next repoID: 5244312
17:57:49 GiPyS - next repoID: 5244313
17:57:52 GiPyS - next repoID: 5244375
17:58:40 GiPyS - next repoID: 5244388
17:58:43 GiPyS - next repoID: 5244398
17:58:47 GiPyS - next repoID: 5244437
17:58:49 GiPyS - next repoID: 5244457
17:58:50 GiPyS - next repoID: 5244460
17:58:51 GiPyS - next repoID: 5244485
17:58:53 GiPyS - next repoID: 5244489
17:59:17 GiPyS - next repoID: 5244505
17:59:18 GiPyS - next repoID: 5244549
17:59:22 GiPyS - next repoID: 5244551
18:00:19 GiPyS - next repoID: 5244605
18:00:24 GiPyS - next repoID: 5244606
18:00:26 GiPyS - next repoID: 5244710
18:00:29 GiPyS - next repoID: 5244725
18:01:09 GiPyS - next repoID: 5244788
18:01:12 GiPyS - next repoID: 5244814
18:01:28 GiPyS - next repoID: 5244826
18:01:31 GiPyS - next repoID: 5244896
18:01:36 GiPyS - next repoID: 5244902
18:01:40 GiPyS - next repoID: 5244903
18:01:42 GiPyS - next repoID: 5244909
18:01:44 GiPyS - next repoID: 5244915
18:02:26 GiPyS - next repoID: 5244938
18:02:29 GiPyS - next repoID: 5244969
18:02:31 GiPyS - next repoID: 5244994
18:02:34 GiPyS - next repoID: 5245005
18:02:36 GiPyS - next repoID: 5245009
18:02:39 GiPyS - next repoID: 5245011
18:02:41 GiPyS - next repoID: 5245055
18:02:54 GiPyS - next repoID: 5245060
18:02:55 GiPyS - next repoID: 5245102
18:02:59 GiPyS - next repoID: 5245103
18:03:02 GiPyS - next repoID: 5245146
18:04:06 GiPyS - next repoID: 5245196
18:04:11 GiPyS - next repoID: 5245255
18:04:13 GiPyS - next repoID: 5245266
18:04:18 GiPyS - next repoID: 5245273
18:04:28 GiPyS - next repoID: 5245296
18:08:31 GiPyS - next repoID: 5245340
18:09:21 GiPyS - next repoID: 5245358
18:09:27 GiPyS - next repoID: 5245383
18:09:31 GiPyS - next repoID: 5245418
18:09:38 GiPyS - next repoID: 5245432
18:09:45 GiPyS - next repoID: 5245435
18:11:11 GiPyS - next repoID: 5245489
18:11:14 GiPyS - next repoID: 5245504
18:11:16 GiPyS - next repoID: 5245508
18:12:04 GiPyS - next repoID: 5245576
18:12:08 GiPyS - next repoID: 5245582
18:12:11 GiPyS - next repoID: 5245587
18:12:17 GiPyS - next repoID: 5245591
18:12:19 GiPyS - next repoID: 5245609
18:12:24 GiPyS - next repoID: 5245618
18:12:31 GiPyS - next repoID: 5245666
18:12:33 GiPyS - next repoID: 5245686
18:13:20 GiPyS - next repoID: 5245781
18:13:24 GiPyS - next repoID: 5245782
18:25:01 GiPyS - next repoID: 5245789
18:25:13 GiPyS - next repoID: 5245792
18:25:17 GiPyS - next repoID: 5245796
18:25:36 GiPyS - next repoID: 5245819
18:25:49 GiPyS - next repoID: 5245833
18:26:47 GiPyS - next repoID: 5245859
18:26:57 GiPyS - next repoID: 5245868
18:27:07 GiPyS - next repoID: 5245873
18:28:02 GiPyS - next repoID: 5245900
18:28:06 GiPyS - next repoID: 5245931
18:28:08 GiPyS - next repoID: 5245944
18:28:18 GiPyS - next repoID: 5245951
18:28:21 GiPyS - next repoID: 5245963
18:28:31 GiPyS - next repoID: 5245967
18:28:34 GiPyS - next repoID: 5246024
18:31:19 GiPyS - next repoID: 5246030
18:31:23 GiPyS - next repoID: 5246032
18:31:24 GiPyS - next repoID: 5246070
18:32:06 GiPyS - next repoID: 5246089
18:32:16 GiPyS - next repoID: 5246111
18:32:22 GiPyS - next repoID: 5246154
18:32:26 GiPyS - next repoID: 5246161
18:32:29 GiPyS - next repoID: 5246164
18:32:33 GiPyS - next repoID: 5246248
18:32:43 GiPyS - next repoID: 5246263
18:33:38 GiPyS - next repoID: 5246303
18:33:45 GiPyS - next repoID: 5246321
18:33:49 GiPyS - next repoID: 5246325
18:33:52 GiPyS - next repoID: 5246345
18:33:54 GiPyS - next repoID: 5246363
18:34:05 GiPyS - next repoID: 5246395
18:34:11 GiPyS - next repoID: 5246396
18:34:39 GiPyS - next repoID: 5246406
18:34:41 GiPyS - next repoID: 5246426
18:34:46 GiPyS - next repoID: 5246430
18:34:50 GiPyS - next repoID: 5246432
18:34:54 GiPyS - next repoID: 5246439
18:35:39 Touri - tour, SCAN_e05jn  has been cancelled by the host with EXCEPTION:KeyboardInterrupt
18:35:39 Touri - tour, SCAN_e05jn Tour Canceled: True
18:35:39 Touri - tour, SCAN_e05jn FINAL STATE: CANCELLED after scanning 155 sources containing Python out of 1976 total sources observed
