16:28:01 Depot - ***************init Depot**********.
16:28:01 initialized GithubPythonSourcer with rewinder_type: 20Commits email: investigationbot@gmail.com first: 1048576 stop:1310719
16:28:38 GiPyS - next repoID: 1048587
16:28:49 GiPyS - next repoID: 1048607
16:28:50 GiPyS - next repoID: 1048646
16:28:52 GiPyS - next repoID: 1048665
16:28:54 GiPyS - next repoID: 1048673
16:28:57 GiPyS - next repoID: 1048692
16:29:03 GiPyS - next repoID: 1048706
16:29:11 GiPyS - next repoID: 1048740
16:29:14 GiPyS - next repoID: 1048745
16:29:15 GiPyS - next repoID: 1048748
16:29:18 GiPyS - next repoID: 1048759
16:29:31 GiPyS - next repoID: 1048766
16:29:47 GiPyS - next repoID: 1048774
16:30:32 GiPyS - next repoID: 1048776
16:30:38 GiPyS - next repoID: 1048793
16:31:35 GiPyS - get_json, Giving up on url https://api.github.com/repos/aurorasoftworks/hg-helper-maven-plugin/languages after 5 attempts
16:31:42 GiPyS - next repoID: 1048842
16:31:46 GiPyS - next repoID: 1048851
16:31:48 GiPyS - next repoID: 1048857
16:31:50 GiPyS - next repoID: 1048864
16:31:53 GiPyS - next repoID: 1048867
16:31:54 GiPyS - next repoID: 1048870
16:32:05 GiPyS - next repoID: 1048872
16:32:16 GiPyS - next repoID: 1048889
16:32:19 GiPyS - next repoID: 1048962
16:32:21 GiPyS - next repoID: 1049021
16:32:29 GiPyS - next repoID: 1049088
16:32:44 GiPyS - next repoID: 1049095
16:33:48 GiPyS - next repoID: 1049102
16:33:56 GiPyS - next repoID: 1049148
16:34:36 GiPyS - next repoID: 1049191
16:34:41 GiPyS - next repoID: 1049213
16:34:55 GiPyS - next repoID: 1049216
16:35:24 GiPyS - next repoID: 1049238
16:35:28 GiPyS - next repoID: 1049283
16:35:32 GiPyS - next repoID: 1049318
16:35:48 GiPyS - next repoID: 1049336
16:35:52 GiPyS - next repoID: 1049369
16:35:55 GiPyS - next repoID: 1049385
16:36:37 GiPyS - next repoID: 1049424
16:36:45 GiPyS - next repoID: 1049442
16:36:48 GiPyS - next repoID: 1049472
16:36:49 GiPyS - next repoID: 1049478
16:36:52 GiPyS - next repoID: 1049487
16:36:54 GiPyS - next repoID: 1049490
16:36:58 GiPyS - next repoID: 1049491
16:37:00 GiPyS - next repoID: 1049566
16:37:04 GiPyS - next repoID: 1049579
16:39:01 GiPyS - next repoID: 1049610
16:39:03 GiPyS - next repoID: 1049652
16:39:05 GiPyS - next repoID: 1049670
16:39:46 GiPyS - next repoID: 1049739
16:39:50 GiPyS - next repoID: 1049740
16:39:52 GiPyS - next repoID: 1049763
16:39:59 GiPyS - next repoID: 1049772
16:40:03 GiPyS - next repoID: 1049781
16:40:05 GiPyS - next repoID: 1049829
16:40:12 GiPyS - next repoID: 1049863
16:40:13 GiPyS - next repoID: 1049896
16:48:25 GiPyS - next repoID: 1049906
16:48:31 GiPyS - next repoID: 1049925
16:48:53 GiPyS - next repoID: 1049933
16:49:01 GiPyS - next repoID: 1049953
16:49:04 GiPyS - next repoID: 1050006
16:49:06 GiPyS - next repoID: 1050034
16:49:26 GiPyS - next repoID: 1050043
16:49:32 GiPyS - next repoID: 1050064
16:49:39 GiPyS - next repoID: 1050117
16:50:27 GiPyS - next repoID: 1050160
16:50:30 GiPyS - next repoID: 1050171
16:50:32 GiPyS - next repoID: 1050176
16:50:34 GiPyS - next repoID: 1050208
16:50:37 GiPyS - next repoID: 1050236
16:50:46 GiPyS - next repoID: 1050239
16:50:49 GiPyS - next repoID: 1050285
16:56:57 GiPyS - next repoID: 1050286
16:57:32 GiPyS - next repoID: 1050296
16:57:36 GiPyS - next repoID: 1050361
16:57:41 GiPyS - next repoID: 1050376
16:57:43 GiPyS - next repoID: 1050379
16:58:32 GiPyS - next repoID: 1050406
16:58:38 GiPyS - next repoID: 1050409
16:58:48 GiPyS - next repoID: 1050422
16:59:00 GiPyS - next repoID: 1050437
16:59:13 GiPyS - next repoID: 1050444
16:59:22 GiPyS - next repoID: 1050496
16:59:28 GiPyS - next repoID: 1050572
16:59:37 GiPyS - next repoID: 1050582
17:00:19 GiPyS - next repoID: 1050664
17:00:29 GiPyS - next repoID: 1050683
17:00:38 GiPyS - next repoID: 1050688
17:03:08 GiPyS - next repoID: 1050700
17:03:12 GiPyS - next repoID: 1050731
17:03:13 GiPyS - next repoID: 1050737
17:03:21 GiPyS - next repoID: 1050765
17:03:31 GiPyS - next repoID: 1050773
17:03:36 GiPyS - next repoID: 1050809
17:04:26 GiPyS - next repoID: 1050847
17:05:08 GiPyS - next repoID: 1050882
17:05:36 GiPyS - next repoID: 1050926
17:05:38 GiPyS - next repoID: 1050944
17:06:47 GiPyS - next repoID: 1050945
17:06:49 GiPyS - next repoID: 1050949
17:06:58 GiPyS - next repoID: 1050961
17:07:20 GiPyS - next repoID: 1050975
17:07:22 GiPyS - next repoID: 1050977
17:07:35 GiPyS - next repoID: 1050995
17:07:45 GiPyS - next repoID: 1051028
17:07:54 GiPyS - next repoID: 1051050
17:11:44 GiPyS - next repoID: 1051056
17:12:15 GiPyS - next repoID: 1051058
17:12:24 GiPyS - next repoID: 1051084
17:12:27 GiPyS - next repoID: 1051094
17:12:39 GiPyS - next repoID: 1051112
17:13:21 GiPyS - get_json, Giving up on url https://api.github.com/repos/kolok/DBIx-Class-Result-ProxyField/languages after 5 attempts
17:13:55 GiPyS - next repoID: 1051140
17:14:09 GiPyS - next repoID: 1051143
17:15:49 GiPyS - next repoID: 1051210
17:16:01 GiPyS - next repoID: 1051212
17:16:10 GiPyS - next repoID: 1051230
17:16:23 GiPyS - next repoID: 1051237
17:16:40 GiPyS - next repoID: 1051250
17:17:40 GiPyS - next repoID: 1051259
17:18:46 GiPyS - next repoID: 1051266
17:18:58 GiPyS - next repoID: 1051275
17:21:08 GiPyS - next repoID: 1051283
17:21:12 GiPyS - next repoID: 1051297
17:21:24 GiPyS - next repoID: 1051312
17:21:38 GiPyS - next repoID: 1051328
17:21:49 GiPyS - next repoID: 1051354
17:21:56 GiPyS - next repoID: 1051368
17:22:55 GiPyS - next repoID: 1051394
17:23:14 GiPyS - next repoID: 1051406
17:23:19 GiPyS - next repoID: 1051410
17:23:48 GiPyS - next repoID: 1051415
17:24:14 GiPyS - next repoID: 1051469
17:24:53 GiPyS - next repoID: 1051482
17:25:13 GiPyS - next repoID: 1051487
17:25:22 GiPyS - next repoID: 1051510
17:26:23 GiPyS - next repoID: 1051515
17:26:27 GiPyS - next repoID: 1051539
17:26:39 GiPyS - next repoID: 1051544
17:27:35 GiPyS - next repoID: 1051579
17:27:52 GiPyS - next repoID: 1051602
17:29:16 GiPyS - next repoID: 1051651
17:29:24 GiPyS - next repoID: 1051688
17:29:35 GiPyS - next repoID: 1051701
17:29:40 GiPyS - next repoID: 1051704
17:30:15 GiPyS - next repoID: 1051706
17:30:46 GiPyS - next repoID: 1051709
17:31:08 GiPyS - next repoID: 1051723
17:31:19 GiPyS - next repoID: 1051728
17:32:16 GiPyS - next repoID: 1051731
17:33:01 GiPyS - next repoID: 1051735
17:33:34 GiPyS - next repoID: 1051736
17:34:11 GiPyS - next repoID: 1051737
17:35:00 GiPyS - next repoID: 1051738
17:35:46 GiPyS - next repoID: 1051760
17:36:46 GiPyS - next repoID: 1051774
17:37:51 GiPyS - next repoID: 1051775
17:38:50 GiPyS - next repoID: 1051796
17:39:15 GiPyS - next repoID: 1051814
17:39:39 GiPyS - next repoID: 1051819
17:40:42 GiPyS - next repoID: 1051862
17:41:46 GiPyS - next repoID: 1051877
17:42:08 GiPyS - next repoID: 1051881
17:42:14 GiPyS - next repoID: 1051886
17:51:42 Touri - tour, SCAN_qi6ot EXCEPTION:[Errno 12] Cannot allocate memory
17:51:42 Touri - tour, consecutiveExceptionCounter: 1
17:51:42 GiPyS - next repoID: 1051887
17:51:42 GiPySo-getRewinder, Backing off for 0 seconds
17:51:42 GiPySo-getRewinder, Backing off for 1 seconds
17:51:44 GiPySo-getRewinder, Backing off for 2 seconds
17:51:46 GiPySo-getRewinder, Backing off for 4 seconds
17:51:51 GiPySo-getRewinder, Backing off for 13 seconds
17:52:04 GiPySo-getRewinder, Backing off for 8 seconds
