16:26:11 Depot - ***************init Depot**********.
16:26:11 initialized GithubPythonSourcer with rewinder_type: 20Commits email: investigationbot@gmail.com first: 3407872 stop:3670015
16:26:47 GiPyS - next repoID: 3407916
16:26:49 GiPyS - next repoID: 3408004
16:27:00 GiPyS - next repoID: 3408012
16:27:03 GiPyS - next repoID: 3408030
16:27:04 GiPyS - next repoID: 3408034
16:27:07 GiPyS - next repoID: 3408035
16:27:12 GiPyS - next repoID: 3408054
16:27:14 GiPyS - next repoID: 3408062
16:27:55 GiPyS - next repoID: 3408101
16:28:14 GiPyS - next repoID: 3408148
16:39:24 GiPyS - next repoID: 3408189
16:39:31 GiPyS - next repoID: 3408201
16:39:34 GiPyS - next repoID: 3408207
16:39:58 GiPyS - next repoID: 3408210
16:40:07 GiPyS - next repoID: 3408223
16:40:12 GiPyS - next repoID: 3408247
16:40:39 GiPyS - next repoID: 3408250
16:41:02 GiPyS - next repoID: 3408251
16:41:06 GiPyS - next repoID: 3408312
16:41:17 GiPyS - next repoID: 3408313
16:42:17 GiPyS - next repoID: 3408364
16:42:22 GiPyS - next repoID: 3408393
16:42:27 GiPyS - next repoID: 3408404
16:42:51 GiPyS - next repoID: 3408438
16:43:03 GiPyS - next repoID: 3408486
16:43:10 GiPyS - next repoID: 3408514
16:43:17 GiPyS - next repoID: 3408532
16:43:35 GiPyS - next repoID: 3408547
16:45:24 GiPyS - next repoID: 3408601
16:45:38 GiPyS - next repoID: 3408625
16:46:12 GiPyS - next repoID: 3408659
16:46:21 GiPyS - next repoID: 3408717
16:46:22 GiPyS - next repoID: 3408750
16:46:24 GiPyS - next repoID: 3408769
16:46:44 GiPyS - next repoID: 3408795
16:46:45 GiPyS - next repoID: 3408808
16:46:47 GiPyS - next repoID: 3408810
16:47:19 GiPyS - next repoID: 3408826
16:48:03 GiPyS - next repoID: 3408832
16:48:19 GiPyS - next repoID: 3408852
16:48:38 GiPyS - next repoID: 3408898
16:48:44 GiPyS - next repoID: 3408912
16:48:50 GiPyS - next repoID: 3408995
16:49:11 GiPyS - next repoID: 3409008
16:49:13 GiPyS - next repoID: 3409012
16:49:23 GiPyS - next repoID: 3409029
16:49:24 GiPyS - next repoID: 3409072
16:50:04 GiPyS - next repoID: 3409083
16:50:12 GiPyS - next repoID: 3409091
16:50:15 GiPyS - next repoID: 3409103
16:50:26 GiPyS - next repoID: 3409111
16:50:38 GiPyS - next repoID: 3409149
16:50:47 GiPyS - next repoID: 3409168
16:51:08 GiPyS - next repoID: 3409209
16:51:12 GiPyS - next repoID: 3409238
16:51:21 GiPyS - next repoID: 3409251
16:51:39 GiPyS - next repoID: 3409257
16:52:08 GiPyS - next repoID: 3409286
16:52:10 GiPyS - next repoID: 3409292
16:55:13 GiPyS - next repoID: 3409315
16:55:14 GiPySo-getRewinder, Backing off for 0 seconds
16:55:14 GiPySo-getRewinder, Backing off for 1 seconds
16:55:16 GiPySo-getRewinder, Backing off for 2 seconds
16:55:18 GiPySo-getRewinder, Backing off for 1 seconds
16:55:21 GiPySo-getRewinder, Backing off for 2 seconds
16:55:24 GiPySo-getRewinder, Backing off for 14 seconds
16:55:38 GiPySo-getRewinder, Backing off for 9 seconds
16:55:48 GiPySo-getRewinder, Backing off for 31 seconds
16:56:20 GiPySo-getRewinder, Backing off for 19 seconds
16:56:39 GiPySo-getRewinder, Backing off for 33 seconds
16:57:12 GiPySo-getRewinder, Issue creating rewinder for repoID: 3409315, could not be resolved after 10 attempts.  Returning None.
16:57:12 GiPyS - next repoID: 3409341
16:57:17 GiPyS - next repoID: 3409363
16:57:33 GiPyS - next repoID: 3409391
16:57:40 GiPyS - next repoID: 3409444
16:57:52 GiPyS - next repoID: 3409499
16:58:02 GiPyS - next repoID: 3409513
16:58:11 GiPyS - next repoID: 3409516
16:58:50 GiPyS - next repoID: 3409572
16:59:01 GiPyS - next repoID: 3409631
16:59:04 GiPyS - next repoID: 3409637
16:59:07 GiPyS - next repoID: 3409669
16:59:15 GiPyS - next repoID: 3409709
16:59:20 GiPyS - next repoID: 3409721
16:59:27 GiPyS - next repoID: 3409724
16:59:31 GiPyS - next repoID: 3409747
16:59:40 GiPyS - next repoID: 3409772
17:00:31 GiPyS - next repoID: 3409795
17:00:41 GiPyS - next repoID: 3409835
17:00:50 GiPyS - next repoID: 3409842
17:00:56 GiPyS - next repoID: 3409854
17:01:04 GiPyS - next repoID: 3409858
17:01:39 GiPyS - next repoID: 3409866
17:01:47 GiPyS - next repoID: 3409870
17:02:00 GiPyS - next repoID: 3409887
17:10:42 GiPyS - next repoID: 3409962
17:10:55 GiPyS - next repoID: 3409980
17:10:57 GiPyS - next repoID: 3409991
17:13:27 GiPyS - next repoID: 3410051
17:13:42 GiPyS - next repoID: 3410098
17:13:45 GiPyS - next repoID: 3410101
17:14:00 GiPyS - next repoID: 3410122
17:14:30 GiPyS - next repoID: 3410127
17:14:36 GiPyS - next repoID: 3410151
17:15:20 GiPyS - next repoID: 3410222
17:15:33 GiPyS - next repoID: 3410234
17:15:45 GiPyS - next repoID: 3410292
17:15:49 GiPyS - next repoID: 3410304
17:15:54 GiPyS - next repoID: 3410311
17:16:00 GiPyS - next repoID: 3410313
17:16:11 GiPyS - next repoID: 3410351
17:16:25 GiPyS - next repoID: 3410370
17:16:36 GiPyS - next repoID: 3410388
17:16:39 GiPyS - next repoID: 3410390
17:20:05 GiPyS - next repoID: 3410393
17:20:07 GiPyS - next repoID: 3410431
17:20:11 GiPyS - next repoID: 3410435
17:22:28 GiPyS - next repoID: 3410441
17:23:37 GiPyS - next repoID: 3410444
17:23:42 GiPyS - next repoID: 3410464
17:23:54 GiPyS - next repoID: 3410471
17:24:21 GiPyS - next repoID: 3410486
17:24:34 GiPyS - next repoID: 3410488
17:24:47 GiPyS - next repoID: 3410497
17:25:06 GiPyS - next repoID: 3410498
17:25:19 GiPyS - next repoID: 3410504
17:25:39 GiPyS - next repoID: 3410507
17:25:56 GiPyS - next repoID: 3410509
17:26:01 GiPyS - next repoID: 3410510
17:26:05 GiPyS - next repoID: 3410536
17:26:14 GiPyS - next repoID: 3410571
17:26:32 GiPyS - next repoID: 3410589
17:27:24 GiPyS - next repoID: 3410637
17:28:15 GiPyS - next repoID: 3410650
17:29:01 GiPyS - next repoID: 3410681
17:29:03 GiPyS - next repoID: 3410717
17:29:14 GiPyS - next repoID: 3410728
17:29:19 GiPyS - next repoID: 3410765
17:40:38 GiPyS - next repoID: 3410858
17:40:53 GiPyS - next repoID: 3410866
17:41:42 GiPyS - next repoID: 3410888
17:41:52 GiPyS - next repoID: 3410892
17:42:24 GiPyS - next repoID: 3410990
17:42:36 GiPyS - next repoID: 3411003
17:42:49 GiPyS - next repoID: 3411039
17:42:56 GiPyS - next repoID: 3411044
17:43:04 GiPyS - next repoID: 3411084
17:43:12 GiPyS - next repoID: 3411106
17:43:51 GiPyS - next repoID: 3411130
17:43:58 GiPyS - next repoID: 3411140
17:49:10 GiPyS - next repoID: 3411141
17:49:18 GiPyS - next repoID: 3411144
17:49:35 GiPyS - next repoID: 3411152
17:49:45 GiPyS - next repoID: 3411170
17:49:56 GiPyS - next repoID: 3411178
17:50:22 GiPyS - next repoID: 3411187
17:50:32 GiPyS - next repoID: 3411228
17:50:44 GiPyS - next repoID: 3411235
17:50:49 GiPyS - next repoID: 3411246
17:52:38 GiPyS - next repoID: 3411318
17:52:51 GiPyS - next repoID: 3411325
17:53:12 GiPyS - next repoID: 3411334
17:53:28 GiPyS - next repoID: 3411337
17:53:34 GiPyS - next repoID: 3411345
17:53:43 GiPyS - next repoID: 3411346
17:53:47 GiPyS - next repoID: 3411353
17:55:40 GiPyS - next repoID: 3411438
17:56:05 GiPyS - next repoID: 3411460
17:56:26 GiPyS - next repoID: 3411467
17:56:30 GiPyS - next repoID: 3411468
17:56:38 GiPyS - next repoID: 3411520
17:56:50 GiPyS - next repoID: 3411543
17:57:03 GiPyS - next repoID: 3411552
17:57:06 GiPyS - next repoID: 3411573
17:58:00 GiPyS - next repoID: 3411599
17:58:23 GiPyS - next repoID: 3411609
17:59:02 GiPyS - next repoID: 3411632
18:00:03 GiPyS - next repoID: 3411640
18:00:30 Touri - tour, SCAN_3txjj EXCEPTION:[Errno 12] Cannot allocate memory
18:00:30 Touri - tour, consecutiveExceptionCounter: 1
18:00:30 GiPyS - next repoID: 3411642
18:00:31 GiPySo-getRewinder, Backing off for 0 seconds
18:00:31 GiPySo-getRewinder, Backing off for 1 seconds
18:00:32 GiPySo-getRewinder, Backing off for 1 seconds
18:00:34 GiPySo-getRewinder, Backing off for 0 seconds
18:00:34 GiPySo-getRewinder, Backing off for 8 seconds
18:00:43 GiPySo-getRewinder, Backing off for 0 seconds
18:00:43 GiPySo-getRewinder, Backing off for 0 seconds
18:00:44 GiPySo-getRewinder, Backing off for 11 seconds
18:00:55 GiPySo-getRewinder, Backing off for 13 seconds
18:01:08 GiPySo-getRewinder, Backing off for 28 seconds
18:01:36 GiPySo-getRewinder, Issue creating rewinder for repoID: 3411642, could not be resolved after 10 attempts.  Returning None.
18:01:36 Touri - tour, consecutiveExceptionCounter: 1
18:01:36 GiPyS - next repoID: 3411660
18:01:37 GiPySo-getRewinder, Backing off for 0 seconds
18:01:37 GiPySo-getRewinder, Backing off for 1 seconds
18:01:39 GiPySo-getRewinder, Backing off for 1 seconds
18:01:40 GiPySo-getRewinder, Backing off for 5 seconds
18:01:46 GiPySo-getRewinder, Backing off for 4 seconds
18:01:50 GiPySo-getRewinder, Backing off for 19 seconds
18:02:09 GiPySo-getRewinder, Backing off for 6 seconds
18:02:16 GiPySo-getRewinder, Backing off for 34 seconds
18:02:50 GiPySo-getRewinder, Backing off for 39 seconds
18:03:30 GiPySo-getRewinder, Backing off for 8 seconds
18:03:38 GiPySo-getRewinder, Issue creating rewinder for repoID: 3411660, could not be resolved after 10 attempts.  Returning None.
18:03:38 Touri - tour, consecutiveExceptionCounter: 1
18:03:38 GiPyS - next repoID: 3411681
18:03:38 GiPySo-getRewinder, Backing off for 0 seconds
18:03:39 GiPySo-getRewinder, Backing off for 0 seconds
18:03:39 GiPySo-getRewinder, Backing off for 0 seconds
18:03:39 GiPySo-getRewinder, Backing off for 6 seconds
18:03:46 GiPySo-getRewinder, Backing off for 7 seconds
18:03:53 GiPySo-getRewinder, Backing off for 7 seconds
18:04:01 GiPySo-getRewinder, Backing off for 28 seconds
18:04:29 GiPySo-getRewinder, Backing off for 30 seconds
18:05:00 GiPySo-getRewinder, Backing off for 37 seconds
18:05:37 GiPySo-getRewinder, Backing off for 12 seconds
18:05:49 GiPySo-getRewinder, Issue creating rewinder for repoID: 3411681, could not be resolved after 10 attempts.  Returning None.
18:05:49 Touri - tour, consecutiveExceptionCounter: 1
18:05:49 GiPyS - next repoID: 3411706
18:05:50 GiPySo-getRewinder, Backing off for 0 seconds
18:05:50 GiPySo-getRewinder, Backing off for 0 seconds
18:05:50 GiPySo-getRewinder, Backing off for 3 seconds
18:05:54 GiPySo-getRewinder, Backing off for 2 seconds
18:05:56 GiPySo-getRewinder, Backing off for 1 seconds
18:05:58 GiPySo-getRewinder, Backing off for 19 seconds
18:06:17 GiPySo-getRewinder, Backing off for 14 seconds
18:06:32 GiPySo-getRewinder, Backing off for 5 seconds
18:06:37 GiPySo-getRewinder, Backing off for 9 seconds
18:06:47 GiPySo-getRewinder, Backing off for 21 seconds
18:07:08 GiPySo-getRewinder, Issue creating rewinder for repoID: 3411706, could not be resolved after 10 attempts.  Returning None.
18:07:08 Touri - tour, consecutiveExceptionCounter: 1
18:07:08 GiPyS - next repoID: 3411714
18:07:09 GiPySo-getRewinder, Backing off for 0 seconds
18:07:09 GiPySo-getRewinder, Backing off for 0 seconds
18:07:10 GiPySo-getRewinder, Backing off for 2 seconds
18:07:12 GiPySo-getRewinder, Backing off for 4 seconds
18:07:16 GiPySo-getRewinder, Backing off for 6 seconds
18:07:23 GiPySo-getRewinder, Backing off for 20 seconds
18:07:43 GiPySo-getRewinder, Backing off for 32 seconds
18:08:16 GiPySo-getRewinder, Backing off for 38 seconds
18:08:54 GiPySo-getRewinder, Backing off for 32 seconds
18:09:27 GiPySo-getRewinder, Backing off for 36 seconds
18:10:03 GiPySo-getRewinder, Issue creating rewinder for repoID: 3411714, could not be resolved after 10 attempts.  Returning None.
18:10:03 Touri - tour, consecutiveExceptionCounter: 1
18:10:03 GiPyS - next repoID: 3411722
18:10:03 GiPySo-getRewinder, Backing off for 0 seconds
18:10:04 GiPySo-getRewinder, Backing off for 1 seconds
18:10:05 GiPySo-getRewinder, Backing off for 1 seconds
18:10:07 GiPySo-getRewinder, Backing off for 1 seconds
18:10:08 GiPySo-getRewinder, Backing off for 1 seconds
18:10:10 GiPySo-getRewinder, Backing off for 7 seconds
18:10:17 GiPySo-getRewinder, Backing off for 1 seconds
18:10:19 GiPySo-getRewinder, Backing off for 24 seconds
18:10:43 GiPySo-getRewinder, Backing off for 3 seconds
18:10:47 GiPySo-getRewinder, Backing off for 26 seconds
18:11:13 GiPySo-getRewinder, Issue creating rewinder for repoID: 3411722, could not be resolved after 10 attempts.  Returning None.
18:11:13 Touri - tour, consecutiveExceptionCounter: 1
18:11:13 GiPyS - next repoID: 3411751
18:11:13 GiPySo-getRewinder, Backing off for 0 seconds
18:11:14 GiPySo-getRewinder, Backing off for 0 seconds
18:11:14 GiPySo-getRewinder, Backing off for 0 seconds
18:11:15 GiPySo-getRewinder, Backing off for 6 seconds
18:11:21 GiPySo-getRewinder, Backing off for 1 seconds
18:11:23 GiPySo-getRewinder, Backing off for 1 seconds
18:11:24 GiPySo-getRewinder, Backing off for 17 seconds
18:11:42 GiPySo-getRewinder, Backing off for 17 seconds
18:11:59 GiPySo-getRewinder, Backing off for 18 seconds
18:12:18 GiPySo-getRewinder, Backing off for 2 seconds
18:12:20 GiPySo-getRewinder, Issue creating rewinder for repoID: 3411751, could not be resolved after 10 attempts.  Returning None.
18:12:20 Touri - tour, consecutiveExceptionCounter: 1
18:12:20 GiPyS - next repoID: 3411752
18:12:21 GiPySo-getRewinder, Backing off for 0 seconds
18:12:21 GiPySo-getRewinder, Backing off for 1 seconds
18:12:23 GiPySo-getRewinder, Backing off for 2 seconds
18:12:25 GiPySo-getRewinder, Backing off for 4 seconds
18:12:30 GiPySo-getRewinder, Backing off for 14 seconds
18:12:45 GiPySo-getRewinder, Backing off for 0 seconds
18:12:45 GiPySo-getRewinder, Backing off for 0 seconds
18:12:46 GiPySo-getRewinder, Backing off for 36 seconds
18:13:23 GiPySo-getRewinder, Backing off for 17 seconds
18:13:41 GiPySo-getRewinder, Backing off for 38 seconds
18:14:19 GiPySo-getRewinder, Issue creating rewinder for repoID: 3411752, could not be resolved after 10 attempts.  Returning None.
18:14:19 Touri - tour, consecutiveExceptionCounter: 1
18:14:19 GiPyS - next repoID: 3411761
18:14:19 GiPySo-getRewinder, Backing off for 0 seconds
18:14:20 GiPySo-getRewinder, Backing off for 1 seconds
18:14:22 GiPySo-getRewinder, Backing off for 2 seconds
18:14:24 GiPySo-getRewinder, Backing off for 5 seconds
18:14:30 GiPySo-getRewinder, Backing off for 15 seconds
18:14:45 GiPyS - get_json, Unexpected roblem with getting json: <urlopen error [Errno -2] Name or service not known>
18:14:45 GiPyS - get_json, Unexpected roblem with getting json: <urlopen error [Errno -2] Name or service not known>
18:14:47 GiPyS - get_json, Unexpected roblem with getting json: <urlopen error [Errno -2] Name or service not known>
18:14:53 GiPyS - get_json, Unexpected roblem with getting json: <urlopen error [Errno -2] Name or service not known>
18:14:58 GiPyS - get_json, Unexpected roblem with getting json: <urlopen error [Errno -2] Name or service not known>
18:14:58 GiPyS - get_json, Giving up on url https://api.github.com/repositories/3411761 after 5 attempts
18:14:58 GiPySo-getRewinder, Backing off for 5 seconds
18:15:03 GiPyS - get_json, Unexpected roblem with getting json: <urlopen error [Errno -2] Name or service not known>
18:15:03 GiPyS - get_json, Unexpected roblem with getting json: <urlopen error [Errno -2] Name or service not known>
18:15:04 GiPyS - get_json, Unexpected roblem with getting json: <urlopen error [Errno -2] Name or service not known>
18:15:11 GiPyS - get_json, Unexpected roblem with getting json: <urlopen error [Errno -2] Name or service not known>
18:15:22 GiPyS - get_json, Unexpected roblem with getting json: <urlopen error [Errno -2] Name or service not known>
18:15:22 GiPyS - get_json, Giving up on url https://api.github.com/repositories/3411761 after 5 attempts
18:15:22 GiPySo-getRewinder, Backing off for 35 seconds
18:15:57 GiPyS - get_json, Unexpected roblem with getting json: <urlopen error [Errno -2] Name or service not known>
18:15:58 GiPyS - get_json, Unexpected roblem with getting json: <urlopen error [Errno -2] Name or service not known>
18:16:00 GiPyS - get_json, Unexpected roblem with getting json: <urlopen error [Errno -2] Name or service not known>
18:16:02 GiPyS - get_json, Unexpected roblem with getting json: <urlopen error [Errno -2] Name or service not known>
18:16:05 GiPyS - get_json, Unexpected roblem with getting json: <urlopen error [Errno -2] Name or service not known>
18:16:05 GiPyS - get_json, Giving up on url https://api.github.com/repositories/3411761 after 5 attempts
18:16:05 GiPySo-getRewinder, Backing off for 20 seconds
18:16:25 GiPyS - get_json, Unexpected roblem with getting json: <urlopen error [Errno -2] Name or service not known>
18:16:25 GiPyS - get_json, Unexpected roblem with getting json: <urlopen error [Errno -2] Name or service not known>
18:16:27 GiPyS - get_json, Unexpected roblem with getting json: <urlopen error [Errno -2] Name or service not known>
18:16:29 GiPyS - get_json, Unexpected roblem with getting json: <urlopen error [Errno -2] Name or service not known>
18:16:34 GiPyS - get_json, Unexpected roblem with getting json: <urlopen error [Errno -2] Name or service not known>
18:16:34 GiPyS - get_json, Giving up on url https://api.github.com/repositories/3411761 after 5 attempts
18:16:34 GiPySo-getRewinder, Backing off for 19 seconds
18:16:53 GiPyS - get_json, Unexpected roblem with getting json: <urlopen error [Errno -2] Name or service not known>
18:16:53 GiPyS - get_json, Unexpected roblem with getting json: <urlopen error [Errno -2] Name or service not known>
18:16:53 GiPyS - get_json, Unexpected roblem with getting json: <urlopen error [Errno -2] Name or service not known>
18:17:01 GiPyS - get_json, Unexpected roblem with getting json: <urlopen error [Errno -2] Name or service not known>
18:17:09 GiPyS - get_json, Unexpected roblem with getting json: <urlopen error [Errno -2] Name or service not known>
18:17:09 GiPyS - get_json, Giving up on url https://api.github.com/repositories/3411761 after 5 attempts
18:17:09 GiPySo-getRewinder, Backing off for 25 seconds
18:17:34 GiPySo-getRewinder, Issue creating rewinder for repoID: 3411761, could not be resolved after 10 attempts.  Returning None.
18:17:34 Touri - tour, consecutiveExceptionCounter: 1
