17:46:46 Depot - ***************init Depot**********.
17:46:46 initialized GithubPythonSourcer with rewinder_type: 20Commits email: investigationbot@gmail.com first: 262144 stop:524287
17:47:23 GiPyS - next repoID: 262180
17:47:26 GiPyS - next repoID: 262184
17:47:28 GiPyS - next repoID: 262204
17:47:29 GiPyS - next repoID: 262226
17:47:34 GiPyS - next repoID: 262261
17:47:36 GiPyS - next repoID: 262277
17:47:37 GiPyS - next repoID: 262283
17:47:39 GiPyS - next repoID: 262332
17:47:40 GiPyS - next repoID: 262334
17:48:02 GiPyS - next repoID: 262344
17:48:05 GiPyS - next repoID: 262347
17:48:07 GiPyS - next repoID: 262359
17:48:10 GiPyS - next repoID: 262379
17:48:48 GiPyS - next repoID: 262382
17:48:55 GiPyS - next repoID: 262446
17:48:57 GiPyS - next repoID: 262460
17:49:39 GiPyS - next repoID: 262523
17:49:40 GiPyS - next repoID: 262558
17:49:42 GiPyS - next repoID: 262567
17:49:45 GiPyS - next repoID: 262643
17:50:02 GiPyS - next repoID: 262668
17:50:43 GiPyS - next repoID: 262675
17:51:26 GiPyS - next repoID: 262754
17:51:28 GiPyS - next repoID: 262839
17:51:36 GiPyS - next repoID: 262851
17:52:00 GiPyS - next repoID: 262887
17:52:02 GiPyS - next repoID: 262913
17:52:41 GiPyS - next repoID: 262968
17:53:12 GiPyS - next repoID: 262971
17:53:15 GiPyS - next repoID: 262982
17:53:18 GiPyS - next repoID: 262998
17:53:35 GiPyS - next repoID: 263014
17:53:38 GiPyS - next repoID: 263067
17:53:45 GiPyS - next repoID: 263085
17:53:49 GiPyS - next repoID: 263094
17:53:50 GiPyS - next repoID: 263148
17:54:01 GiPyS - next repoID: 263169
17:54:04 GiPyS - next repoID: 263185
17:54:07 GiPyS - next repoID: 263193
17:54:12 GiPyS - next repoID: 263195
17:54:15 GiPyS - next repoID: 263208
17:54:55 GiPyS - next repoID: 263216
17:55:01 GiPyS - next repoID: 263243
17:55:05 GiPyS - next repoID: 263245
17:59:36 GiPyS - next repoID: 263262
17:59:47 GiPyS - next repoID: 263268
17:59:52 GiPyS - next repoID: 263311
17:59:55 GiPyS - next repoID: 263317
18:01:04 GiPyS - next repoID: 263325
18:01:08 GiPyS - next repoID: 263381
18:01:13 GiPyS - next repoID: 263396
18:01:53 GiPyS - next repoID: 263503
18:02:18 GiPyS - next repoID: 263514
18:02:22 GiPyS - next repoID: 263528
18:02:31 GiPyS - next repoID: 263561
18:02:33 GiPyS - next repoID: 263585
18:03:02 GiPyS - next repoID: 263606
18:03:06 GiPyS - next repoID: 263648
18:03:11 GiPyS - next repoID: 263673
18:03:50 GiPyS - next repoID: 263708
18:03:55 GiPyS - next repoID: 263710
18:03:58 GiPyS - next repoID: 263714
18:04:01 GiPyS - next repoID: 263724
18:04:28 GiPyS - next repoID: 263742
18:04:32 GiPyS - next repoID: 263749
18:05:16 GiPyS - next repoID: 263758
18:06:20 GiPyS - next repoID: 263786
18:06:23 GiPyS - next repoID: 263792
18:06:27 GiPyS - next repoID: 263794
18:06:30 GiPyS - next repoID: 263801
18:06:35 GiPyS - next repoID: 263814
18:06:39 GiPyS - next repoID: 263823
18:06:46 GiPyS - next repoID: 263917
18:07:26 GiPyS - next repoID: 263939
18:07:31 GiPyS - next repoID: 264114
18:07:42 GiPyS - next repoID: 264116
18:07:46 GiPyS - next repoID: 264121
18:07:49 GiPyS - next repoID: 264176
18:07:54 GiPyS - next repoID: 264207
18:08:09 GiPyS - next repoID: 264214
18:08:52 GiPyS - next repoID: 264228
18:08:57 GiPyS - next repoID: 264240
18:09:02 GiPyS - next repoID: 264243
18:09:07 GiPyS - next repoID: 264257
18:09:12 GiPyS - next repoID: 264259
18:09:14 GiPyS - next repoID: 264326
18:09:20 GiPyS - next repoID: 264331
18:09:26 GiPyS - next repoID: 264342
18:09:28 GiPyS - next repoID: 264355
18:09:33 GiPyS - next repoID: 264365
18:09:35 GiPyS - next repoID: 264378
18:09:36 GiPyS - next repoID: 264380
18:09:44 GiPyS - next repoID: 264386
18:09:48 GiPyS - next repoID: 264388
18:09:50 GiPyS - next repoID: 264407
18:09:53 GiPyS - next repoID: 264411
18:09:58 GiPyS - next repoID: 264427
18:10:00 GiPyS - next repoID: 264440
18:10:02 GiPyS - next repoID: 264442
18:10:04 GiPyS - next repoID: 264445
18:10:21 GiPyS - next repoID: 264455
18:11:07 GiPyS - next repoID: 264473
18:11:10 GiPyS - next repoID: 264543
18:11:17 GiPyS - next repoID: 264568
18:11:26 GiPyS - next repoID: 264577
18:11:30 GiPyS - next repoID: 264579
18:11:38 GiPyS - next repoID: 264613
18:11:48 GiPyS - next repoID: 264640
18:11:52 GiPyS - next repoID: 264688
18:11:56 GiPyS - next repoID: 264714
18:12:47 GiPyS - next repoID: 264778
18:12:54 GiPyS - next repoID: 264825
18:13:01 GiPyS - next repoID: 264856
18:13:04 GiPyS - next repoID: 264909
18:13:09 GiPyS - next repoID: 264931
18:13:12 GiPyS - next repoID: 264950
18:13:17 GiPyS - next repoID: 264969
18:14:46 GiPyS - next repoID: 265003
18:15:18 GiPyS - next repoID: 265026
18:15:27 GiPyS - next repoID: 265027
18:15:35 GiPyS - next repoID: 265036
18:15:43 GiPyS - next repoID: 265069
18:15:48 GiPyS - next repoID: 265079
18:15:51 GiPyS - next repoID: 265125
18:15:56 GiPyS - next repoID: 265126
18:16:02 GiPyS - next repoID: 265175
18:16:06 GiPyS - next repoID: 265190
18:16:08 GiPyS - next repoID: 265225
18:17:02 GiPyS - next repoID: 265271
18:17:06 GiPyS - next repoID: 265272
18:17:21 GiPyS - next repoID: 265286
18:17:28 GiPyS - next repoID: 265361
18:17:32 GiPyS - next repoID: 265377
18:17:36 GiPyS - next repoID: 265435
18:17:41 GiPyS - next repoID: 265443
18:17:49 GiPyS - next repoID: 265457
18:17:54 GiPyS - next repoID: 265518
18:22:05 GiPyS - next repoID: 265535
18:22:08 GiPyS - next repoID: 265538
18:22:12 GiPyS - next repoID: 265543
18:22:14 GiPyS - next repoID: 265549
18:22:31 GiPyS - next repoID: 265554
18:22:33 GiPyS - next repoID: 265564
18:25:10 GiPyS - next repoID: 265609
18:25:12 GiPyS - next repoID: 265625
18:25:15 GiPyS - next repoID: 265629
18:25:19 GiPyS - next repoID: 265655
18:25:23 GiPyS - next repoID: 265658
18:25:26 GiPyS - next repoID: 265664
18:25:30 GiPyS - next repoID: 265690
18:25:35 GiPyS - next repoID: 265718
18:25:51 GiPyS - next repoID: 265729
18:26:14 GiPyS - next repoID: 265730
18:26:17 GiPyS - next repoID: 265755
18:27:40 GiPyS - next repoID: 265783
18:27:48 GiPyS - next repoID: 265789
18:28:06 GiPyS - next repoID: 265800
18:28:13 GiPyS - next repoID: 265813
18:28:18 GiPyS - next repoID: 265846
18:28:25 GiPyS - next repoID: 265863
18:28:28 GiPyS - next repoID: 265885
18:28:34 GiPyS - next repoID: 265898
18:28:45 GiPyS - next repoID: 265901
18:28:57 GiPyS - next repoID: 265941
18:29:39 GiPyS - next repoID: 265959
18:29:47 GiPyS - next repoID: 265961
18:29:49 GiPyS - next repoID: 265995
18:30:19 GiPyS - next repoID: 266006
18:31:07 GiPyS - next repoID: 266034
18:31:17 GiPyS - next repoID: 266041
18:31:56 GiPyS - next repoID: 266094
18:31:58 GiPyS - next repoID: 266142
18:32:02 GiPyS - next repoID: 266148
18:32:08 GiPyS - next repoID: 266150
18:32:14 GiPyS - next repoID: 266159
18:32:22 GiPyS - next repoID: 266204
18:32:34 GiPyS - next repoID: 266205
18:33:24 GiPyS - next repoID: 266265
18:33:36 GiPyS - next repoID: 266272
18:33:38 GiPyS - next repoID: 266275
18:33:44 Touri - tour, SCAN_1kr8v  has been cancelled by the host with EXCEPTION:KeyboardInterrupt
18:33:44 Touri - tour, SCAN_1kr8v Tour Canceled: True
18:33:44 Touri - tour, SCAN_1kr8v FINAL STATE: CANCELLED after scanning 180 sources containing Python out of 1700 total sources observed
