16:24:53 Depot - ***************init Depot**********.
16:24:55 initialized GithubPythonSourcer with rewinder_type: 20Commits email: investigationbot@gmail.com first: 3670016 stop:3932159
16:25:35 GiPyS - next repoID: 3670016
16:25:39 GiPyS - next repoID: 3670024
16:25:41 GiPyS - next repoID: 3670032
16:25:51 GiPyS - next repoID: 3670065
16:25:54 GiPyS - next repoID: 3670087
16:26:01 GiPyS - next repoID: 3670124
16:26:08 GiPyS - next repoID: 3670133
16:26:15 GiPyS - next repoID: 3670135
16:26:30 GiPyS - next repoID: 3670183
16:26:32 GiPyS - next repoID: 3670206
16:27:11 GiPyS - next repoID: 3670238
16:27:12 GiPyS - next repoID: 3670254
16:27:15 GiPyS - next repoID: 3670297
16:27:19 GiPyS - next repoID: 3670298
16:27:21 GiPyS - next repoID: 3670312
16:27:23 GiPyS - next repoID: 3670361
16:27:27 GiPyS - next repoID: 3670391
16:27:30 GiPyS - next repoID: 3670412
16:27:31 GiPyS - next repoID: 3670427
16:28:12 GiPyS - next repoID: 3670437
16:28:14 GiPyS - next repoID: 3670439
16:28:16 GiPyS - next repoID: 3670474
16:28:19 GiPyS - next repoID: 3670498
16:28:26 GiPyS - next repoID: 3670545
16:28:36 GiPyS - next repoID: 3670554
16:28:38 GiPyS - next repoID: 3670560
16:29:01 GiPyS - next repoID: 3670562
16:29:44 GiPyS - next repoID: 3670663
16:29:45 GiPyS - next repoID: 3670680
16:29:48 GiPyS - next repoID: 3670697
16:29:50 GiPyS - next repoID: 3670740
16:29:53 GiPyS - next repoID: 3670742
16:29:55 GiPyS - next repoID: 3670753
16:29:57 GiPyS - next repoID: 3670774
16:30:04 GiPyS - next repoID: 3670803
16:30:07 GiPyS - next repoID: 3670813
16:30:14 GiPyS - next repoID: 3670817
16:30:16 GiPyS - next repoID: 3670856
16:30:18 GiPyS - next repoID: 3670860
16:31:00 GiPyS - next repoID: 3670872
16:31:03 GiPyS - next repoID: 3670874
16:31:10 GiPyS - next repoID: 3670967
16:31:12 GiPyS - next repoID: 3670969
16:31:20 GiPyS - next repoID: 3670983
16:31:23 GiPyS - next repoID: 3671047
16:32:09 GiPyS - next repoID: 3671070
16:32:26 GiPyS - next repoID: 3671082
16:32:28 GiPyS - next repoID: 3671156
16:32:30 GiPyS - next repoID: 3671188
16:32:35 GiPyS - next repoID: 3671211
16:32:56 GiPyS - next repoID: 3671253
16:33:25 GiPyS - next repoID: 3671256
16:33:26 GiPyS - next repoID: 3671265
16:33:30 GiPyS - next repoID: 3671270
16:33:37 GiPyS - next repoID: 3671273
16:33:40 GiPyS - next repoID: 3671291
16:34:21 GiPyS - next repoID: 3671337
16:34:25 GiPyS - next repoID: 3671338
16:34:36 GiPyS - next repoID: 3671342
16:34:49 GiPyS - next repoID: 3671351
16:35:11 GiPyS - next repoID: 3671382
16:35:15 GiPyS - next repoID: 3671387
16:35:18 GiPyS - next repoID: 3671414
16:35:20 GiPyS - next repoID: 3671422
16:35:22 GiPyS - next repoID: 3671445
16:35:23 GiPyS - next repoID: 3671464
16:35:26 GiPyS - next repoID: 3671475
16:35:32 GiPyS - next repoID: 3671479
16:36:23 GiPyS - next repoID: 3671481
16:36:42 GiPyS - next repoID: 3671483
16:36:43 GiPyS - next repoID: 3671497
16:37:45 GiPyS - next repoID: 3671508
16:37:49 GiPyS - next repoID: 3671526
16:37:53 GiPyS - next repoID: 3671529
16:37:57 GiPyS - next repoID: 3671534
16:38:10 GiPyS - next repoID: 3671567
16:38:20 GiPyS - next repoID: 3671575
16:38:22 GiPyS - next repoID: 3671578
16:38:25 GiPyS - next repoID: 3671607
16:38:34 GiPyS - next repoID: 3671610
16:38:36 GiPyS - next repoID: 3671627
16:38:46 GiPyS - next repoID: 3671649
16:38:53 GiPyS - next repoID: 3671656
16:38:59 GiPyS - next repoID: 3671663
16:39:21 GiPyS - next repoID: 3671673
16:39:24 GiPyS - next repoID: 3671681
16:39:32 GiPyS - next repoID: 3671699
16:39:44 GiPyS - next repoID: 3671707
16:40:44 GiPyS - next repoID: 3671801
16:40:51 GiPyS - next repoID: 3671854
16:41:32 GiPyS - next repoID: 3671909
16:42:39 GiPyS - next repoID: 3671930
16:42:43 GiPyS - next repoID: 3671939
16:42:46 GiPyS - next repoID: 3671942
16:45:27 GiPyS - next repoID: 3671995
16:46:12 GiPyS - next repoID: 3672006
16:46:14 GiPyS - next repoID: 3672042
16:46:21 GiPyS - next repoID: 3672049
16:46:24 GiPyS - next repoID: 3672078
16:47:06 GiPyS - next repoID: 3672089
16:47:18 GiPyS - next repoID: 3672099
16:48:25 GiPyS - next repoID: 3672119
16:48:28 GiPyS - next repoID: 3672141
16:48:36 GiPyS - next repoID: 3672161
16:48:48 GiPyS - next repoID: 3672229
16:50:08 GiPyS - next repoID: 3672264
16:50:16 GiPyS - next repoID: 3672269
16:51:01 GiPyS - next repoID: 3672321
17:04:47 GiPyS - next repoID: 3672348
17:04:58 GiPyS - next repoID: 3672408
17:11:17 GiPyS - next repoID: 3672416
17:11:33 GiPyS - next repoID: 3672419
17:11:46 GiPyS - next repoID: 3672431
17:11:55 GiPyS - next repoID: 3672439
17:12:05 GiPyS - next repoID: 3672440
17:12:28 GiPyS - next repoID: 3672466
17:12:34 GiPyS - next repoID: 3672470
17:13:21 GiPyS - next repoID: 3672510
17:13:32 GiPyS - next repoID: 3672534
17:13:56 GiPyS - next repoID: 3672575
17:14:06 GiPyS - next repoID: 3672622
17:14:12 GiPyS - next repoID: 3672640
17:14:16 GiPyS - next repoID: 3672664
17:15:01 GiPyS - next repoID: 3672716
17:15:16 GiPyS - next repoID: 3672743
17:15:25 GiPyS - next repoID: 3672748
17:15:42 GiPyS - next repoID: 3672764
17:19:07 GiPyS - next repoID: 3672772
17:19:20 GiPyS - next repoID: 3672775
17:19:30 GiPyS - next repoID: 3672792
17:19:34 GiPyS - next repoID: 3672846
17:19:42 GiPyS - next repoID: 3672859
17:20:26 GiPyS - next repoID: 3672903
17:29:17 GiPyS - next repoID: 3672955
17:29:24 GiPyS - next repoID: 3672962
17:29:27 GiPyS - next repoID: 3672964
17:29:39 GiPyS - next repoID: 3672988
17:29:52 GiPyS - next repoID: 3673046
17:30:03 GiPyS - next repoID: 3673058
17:30:09 GiPyS - next repoID: 3673103
17:30:32 GiPyS - next repoID: 3673133
17:50:44 GiPyS - next repoID: 3673137
17:50:53 GiPyS - next repoID: 3673149
17:51:48 GiPyS - next repoID: 3673194
17:52:10 GiPyS - next repoID: 3673199
17:52:23 GiPyS - next repoID: 3673212
17:52:25 GiPyS - next repoID: 3673225
17:52:30 GiPyS - next repoID: 3673250
17:52:39 GiPyS - next repoID: 3673252
17:52:50 GiPyS - next repoID: 3673282
17:52:58 GiPyS - next repoID: 3673289
17:53:08 GiPyS - next repoID: 3673291
17:53:12 GiPyS - next repoID: 3673293
17:53:45 GiPyS - next repoID: 3673302
17:54:06 GiPyS - next repoID: 3673350
17:55:02 GiPyS - next repoID: 3673467
17:55:23 GiPyS - next repoID: 3673478
17:55:39 GiPyS - next repoID: 3673499
17:55:52 GiPyS - next repoID: 3673518
17:56:12 GiPyS - next repoID: 3673597
17:57:22 GiPyS - next repoID: 3673612
17:57:53 GiPyS - next repoID: 3673631
17:58:26 GiPyS - next repoID: 3673635
17:59:00 GiPyS - next repoID: 3673664
17:59:50 GiPyS - next repoID: 3673673
18:00:19 GiPyS - next repoID: 3673678
18:01:22 GiPyS - next repoID: 3673687
18:02:43 GiPyS - next repoID: 3673717
18:03:02 GiPyS - next repoID: 3673724
18:03:47 GiPyS - next repoID: 3673746
18:07:54 GiPyS - next repoID: 3673786
18:08:02 GiPyS - next repoID: 3673790
18:08:15 GiPyS - next repoID: 3673799
18:08:26 GiPyS - next repoID: 3673812
18:09:10 GiPyS - next repoID: 3673826
18:09:13 GiPyS - next repoID: 3673830
18:09:17 GiPyS - next repoID: 3673836
18:09:24 Touri - tour, SCAN_f1e0c EXCEPTION:[Errno 12] Cannot allocate memory
18:09:24 Touri - tour, consecutiveExceptionCounter: 1
18:09:24 GiPyS - next repoID: 3673846
18:09:24 GiPySo-getRewinder, Backing off for 0 seconds
18:09:25 GiPySo-getRewinder, Backing off for 0 seconds
18:09:28 GiPyS - next repoID: 3673858
18:09:35 GiPyS - next repoID: 3673876
18:09:47 GiPyS - next repoID: 3673881
18:09:55 GiPyS - next repoID: 3673914
18:09:57 GiPyS - next repoID: 3673916
18:10:02 GiPyS - next repoID: 3673969
18:10:12 GiPyS - next repoID: 3673977
18:10:17 Touri - tour, SCAN_f1e0c EXCEPTION:[Errno 12] Cannot allocate memory
18:10:17 Touri - tour, consecutiveExceptionCounter: 1
18:10:17 GiPyS - next repoID: 3673998
18:10:47 GiPySo-getRewinder, Backing off for 0 seconds
18:10:48 GiPySo-getRewinder, Backing off for 0 seconds
18:10:49 GiPySo-getRewinder, Backing off for 2 seconds
18:10:51 GiPySo-getRewinder, Backing off for 6 seconds
18:10:58 GiPySo-getRewinder, Backing off for 3 seconds
18:11:01 GiPySo-getRewinder, Backing off for 19 seconds
18:11:21 GiPySo-getRewinder, Backing off for 5 seconds
18:11:26 GiPySo-getRewinder, Backing off for 2 seconds
18:11:29 GiPySo-getRewinder, Backing off for 14 seconds
18:11:43 GiPySo-getRewinder, Backing off for 12 seconds
18:11:55 GiPySo-getRewinder, Issue creating rewinder for repoID: 3673998, could not be resolved after 10 attempts.  Returning None.
18:11:55 Touri - tour, consecutiveExceptionCounter: 1
18:11:55 GiPyS - next repoID: 3674041
18:11:56 GiPySo-getRewinder, Backing off for 0 seconds
18:11:56 GiPySo-getRewinder, Backing off for 1 seconds
18:11:58 GiPySo-getRewinder, Backing off for 2 seconds
18:12:00 GiPySo-getRewinder, Backing off for 6 seconds
18:12:07 GiPySo-getRewinder, Backing off for 3 seconds
18:12:10 GiPySo-getRewinder, Backing off for 30 seconds
18:12:41 GiPySo-getRewinder, Backing off for 36 seconds
18:13:17 GiPySo-getRewinder, Backing off for 8 seconds
18:13:26 GiPySo-getRewinder, Backing off for 6 seconds
18:13:32 GiPySo-getRewinder, Backing off for 10 seconds
18:13:42 GiPySo-getRewinder, Issue creating rewinder for repoID: 3674041, could not be resolved after 10 attempts.  Returning None.
18:13:42 Touri - tour, consecutiveExceptionCounter: 1
18:14:26 GiPyS - next repoID: 3674085
18:14:27 GiPySo-getRewinder, Backing off for 0 seconds
18:14:27 GiPySo-getRewinder, Backing off for 0 seconds
18:14:27 GiPySo-getRewinder, Backing off for 3 seconds
18:14:31 GiPySo-getRewinder, Backing off for 1 seconds
18:14:32 GiPySo-getRewinder, Backing off for 6 seconds
18:14:39 GiPySo-getRewinder, Backing off for 6 seconds
18:14:45 GiPySo-getRewinder, Backing off for 15 seconds
18:15:00 GiPySo-getRewinder, Backing off for 26 seconds
18:15:27 GiPySo-getRewinder, Backing off for 12 seconds
18:15:40 GiPySo-getRewinder, Backing off for 27 seconds
18:16:07 GiPySo-getRewinder, Issue creating rewinder for repoID: 3674085, could not be resolved after 10 attempts.  Returning None.
18:16:07 Touri - tour, consecutiveExceptionCounter: 1
18:16:07 GiPyS - next repoID: 3674113
18:16:07 GiPySo-getRewinder, Backing off for 0 seconds
18:16:08 GiPySo-getRewinder, Backing off for 0 seconds
18:16:08 GiPySo-getRewinder, Backing off for 0 seconds
18:16:08 GiPySo-getRewinder, Backing off for 3 seconds
18:16:13 GiPySo-getRewinder, Backing off for 8 seconds
18:16:21 GiPySo-getRewinder, Backing off for 26 seconds
18:16:47 GiPySo-getRewinder, Backing off for 5 seconds
18:16:53 GiPySo-getRewinder, Backing off for 4 seconds
18:16:58 GiPySo-getRewinder, Backing off for 16 seconds
18:17:24 GiPyS - next repoID: 3674119
18:17:27 GiPyS - next repoID: 3674129
18:18:03 GiPyS - next repoID: 3674161
18:18:08 GiPyS - next repoID: 3674165
18:18:39 GiPyS - next repoID: 3674179
18:18:44 GiPyS - next repoID: 3674235
18:18:50 GiPyS - next repoID: 3674248
18:25:04 GiPyS - next repoID: 3674290
18:25:34 GiPyS - next repoID: 3674292
18:25:52 GiPyS - next repoID: 3674297
18:26:06 GiPyS - next repoID: 3674323
18:26:22 GiPyS - next repoID: 3674327
18:29:47 GiPyS - next repoID: 3674350
18:30:32 GiPyS - next repoID: 3674382
18:30:41 GiPyS - next repoID: 3674386
18:30:51 GiPyS - next repoID: 3674407
18:30:57 GiPyS - next repoID: 3674408
18:31:16 GiPyS - next repoID: 3674413
18:33:08 GiPyS - next repoID: 3674416
18:33:54 GiPyS - next repoID: 3674426
18:33:58 GiPyS - next repoID: 3674443
18:34:07 GiPyS - next repoID: 3674458
18:35:09 GiPyS - next repoID: 3674467
18:36:44 GiPyS - next repoID: 3674482
18:37:02 GiPyS - next repoID: 3674492
18:37:09 GiPyS - next repoID: 3674496
18:37:42 GiPyS - next repoID: 3674509
18:38:18 GiPyS - next repoID: 3674522
18:38:54 GiPyS - next repoID: 3674526
18:39:01 GiPyS - next repoID: 3674529
18:39:09 GiPyS - next repoID: 3674531
18:39:27 GiPyS - next repoID: 3674571
18:39:33 GiPyS - next repoID: 3674591
18:39:55 GiPyS - next repoID: 3674637
18:39:57 GiPyS - next repoID: 3674638
18:40:16 GiPyS - next repoID: 3674664
18:40:38 GiPyS - next repoID: 3674666
18:41:32 GiPyS - next repoID: 3674672
18:42:52 GiPyS - next repoID: 3674687
18:43:47 GiPyS - next repoID: 3674751
18:44:30 GiPyS - next repoID: 3674764
18:45:01 GiPyS - next repoID: 3674776
18:45:18 GiPyS - next repoID: 3674803
18:45:36 GiPyS - next repoID: 3674807
18:45:48 GiPyS - next repoID: 3674818
18:45:58 GiPyS - next repoID: 3674842
18:46:19 GiPyS - next repoID: 3674848
18:47:11 GiPyS - next repoID: 3674903
18:47:30 GiPyS - next repoID: 3674904
18:47:47 GiPyS - next repoID: 3674938
18:48:09 GiPyS - next repoID: 3674941
18:48:21 GiPyS - next repoID: 3674989
18:48:40 GiPyS - next repoID: 3674998
18:48:54 GiPyS - next repoID: 3675019
18:49:10 GiPyS - next repoID: 3675032
18:49:28 GiPyS - next repoID: 3675038
18:49:43 GiPyS - next repoID: 3675092
18:50:31 GiPyS - next repoID: 3675141
18:50:54 GiPyS - next repoID: 3675152
18:51:19 GiPyS - next repoID: 3675179
18:51:26 GiPyS - next repoID: 3675186
18:51:38 GiPyS - next repoID: 3675205
18:52:00 GiPyS - next repoID: 3675215
19:05:58 GiPyS - next repoID: 3675223
19:06:20 GiPyS - next repoID: 3675230
19:06:31 GiPyS - next repoID: 3675267
19:07:33 GiPyS - next repoID: 3675401
19:07:38 GiPyS - next repoID: 3675408
19:07:50 GiPyS - next repoID: 3675469
19:09:00 GiPyS - next repoID: 3675475
19:09:04 GiPyS - next repoID: 3675482
19:09:09 GiPyS - next repoID: 3675486
19:10:45 GiPyS - next repoID: 3675494
19:11:11 GiPyS - next repoID: 3675541
19:11:40 GiPyS - next repoID: 3675579
19:11:57 GiPyS - next repoID: 3675583
19:12:22 GiPyS - next repoID: 3675584
19:12:59 GiPyS - next repoID: 3675646
19:14:11 GiPyS - next repoID: 3675672
19:14:29 GiPyS - next repoID: 3675688
19:16:24 GiPyS - get_json, Giving up on url https://api.github.com/repos/MinecraftPortCentral/CraftBukkit/languages after 5 attempts
19:16:32 GiPyS - next repoID: 3675703
19:16:40 GiPyS - next repoID: 3675724
19:17:02 GiPyS - next repoID: 3675728
19:18:20 GiPyS - next repoID: 3675757
19:19:45 GiPyS - next repoID: 3675767
19:20:00 GiPyS - next repoID: 3675774
19:20:28 GiPyS - next repoID: 3675780
19:20:44 GiPyS - next repoID: 3675781
19:20:47 GiPyS - next repoID: 3675782
19:21:04 GiPyS - next repoID: 3675821
19:21:15 GiPyS - next repoID: 3675839
19:22:12 GiPyS - next repoID: 3675904
19:23:03 Touri - tour, SCAN_f1e0c EXCEPTION:[Errno 12] Cannot allocate memory
19:23:03 Touri - tour, consecutiveExceptionCounter: 1
19:23:03 GiPyS - next repoID: 3675912
19:23:03 GiPySo-getRewinder, Backing off for 0 seconds
19:23:04 GiPySo-getRewinder, Backing off for 0 seconds
19:23:04 GiPySo-getRewinder, Backing off for 2 seconds
19:23:07 GiPySo-getRewinder, Backing off for 0 seconds
19:23:07 GiPySo-getRewinder, Backing off for 4 seconds
19:23:11 GiPySo-getRewinder, Backing off for 12 seconds
19:23:24 GiPySo-getRewinder, Backing off for 38 seconds
19:24:02 GiPySo-getRewinder, Backing off for 34 seconds
19:24:37 GiPySo-getRewinder, Backing off for 16 seconds
19:24:53 GiPySo-getRewinder, Backing off for 34 seconds
19:25:27 GiPySo-getRewinder, Issue creating rewinder for repoID: 3675912, could not be resolved after 10 attempts.  Returning None.
19:25:27 Touri - tour, consecutiveExceptionCounter: 1
19:25:27 GiPyS - next repoID: 3675921
19:25:27 GiPySo-getRewinder, Backing off for 0 seconds
19:25:28 GiPySo-getRewinder, Backing off for 1 seconds
19:25:29 GiPySo-getRewinder, Backing off for 2 seconds
19:25:32 GiPySo-getRewinder, Backing off for 0 seconds
19:25:32 GiPySo-getRewinder, Backing off for 0 seconds
19:25:33 GiPySo-getRewinder, Backing off for 18 seconds
19:25:51 GiPySo-getRewinder, Backing off for 12 seconds
19:26:04 GiPySo-getRewinder, Backing off for 32 seconds
19:26:36 GiPySo-getRewinder, Backing off for 22 seconds
19:26:59 GiPySo-getRewinder, Backing off for 28 seconds
19:27:27 GiPySo-getRewinder, Issue creating rewinder for repoID: 3675921, could not be resolved after 10 attempts.  Returning None.
19:27:27 Touri - tour, consecutiveExceptionCounter: 1
19:27:27 GiPyS - next repoID: 3675938
19:27:27 GiPySo-getRewinder, Backing off for 0 seconds
19:27:28 GiPySo-getRewinder, Backing off for 1 seconds
19:27:29 GiPySo-getRewinder, Backing off for 3 seconds
19:27:32 GiPySo-getRewinder, Backing off for 6 seconds
19:27:39 GiPySo-getRewinder, Backing off for 6 seconds
19:27:45 GiPySo-getRewinder, Backing off for 22 seconds
19:28:08 GiPySo-getRewinder, Backing off for 26 seconds
19:28:34 GiPySo-getRewinder, Backing off for 4 seconds
19:28:39 GiPySo-getRewinder, Backing off for 12 seconds
19:28:51 GiPySo-getRewinder, Backing off for 19 seconds
19:29:10 GiPySo-getRewinder, Issue creating rewinder for repoID: 3675938, could not be resolved after 10 attempts.  Returning None.
19:29:10 Touri - tour, consecutiveExceptionCounter: 1
19:29:10 GiPyS - next repoID: 3675956
19:29:11 GiPySo-getRewinder, Backing off for 0 seconds
19:29:11 GiPySo-getRewinder, Backing off for 1 seconds
19:29:13 GiPySo-getRewinder, Backing off for 2 seconds
19:29:15 GiPySo-getRewinder, Backing off for 4 seconds
19:29:19 GiPySo-getRewinder, Backing off for 4 seconds
19:29:24 GiPySo-getRewinder, Backing off for 25 seconds
19:29:49 GiPySo-getRewinder, Backing off for 28 seconds
19:30:18 GiPySo-getRewinder, Backing off for 22 seconds
19:30:40 GiPySo-getRewinder, Backing off for 13 seconds
19:30:54 GiPySo-getRewinder, Backing off for 32 seconds
19:31:26 GiPySo-getRewinder, Issue creating rewinder for repoID: 3675956, could not be resolved after 10 attempts.  Returning None.
19:31:26 Touri - tour, consecutiveExceptionCounter: 1
19:31:26 GiPyS - next repoID: 3675975
19:31:26 GiPySo-getRewinder, Backing off for 0 seconds
19:31:26 GiPySo-getRewinder, Backing off for 1 seconds
19:31:28 GiPySo-getRewinder, Backing off for 1 seconds
19:31:29 GiPyS - get_json, Unexpected roblem with getting json: <urlopen error [Errno -2] Name or service not known>
19:31:29 GiPyS - get_json, Unexpected roblem with getting json: <urlopen error [Errno -2] Name or service not known>
19:31:30 GiPyS - get_json, Unexpected roblem with getting json: <urlopen error [Errno -2] Name or service not known>
19:31:33 GiPyS - get_json, Unexpected roblem with getting json: <urlopen error [Errno -2] Name or service not known>
19:31:40 GiPyS - get_json, Unexpected roblem with getting json: <urlopen error [Errno -2] Name or service not known>
19:31:40 GiPyS - get_json, Giving up on url https://api.github.com/repositories/3675975 after 5 attempts
19:31:40 GiPySo-getRewinder, Backing off for 6 seconds
19:31:46 GiPyS - get_json, Unexpected roblem with getting json: <urlopen error [Errno -2] Name or service not known>
19:31:46 GiPyS - get_json, Unexpected roblem with getting json: <urlopen error [Errno -2] Name or service not known>
19:31:46 GiPyS - get_json, Unexpected roblem with getting json: <urlopen error [Errno -2] Name or service not known>
19:31:51 GiPyS - get_json, Unexpected roblem with getting json: <urlopen error [Errno -2] Name or service not known>
19:32:04 GiPyS - get_json, Unexpected roblem with getting json: <urlopen error [Errno -2] Name or service not known>
19:32:04 GiPyS - get_json, Giving up on url https://api.github.com/repositories/3675975 after 5 attempts
19:32:04 GiPySo-getRewinder, Backing off for 12 seconds
19:32:16 GiPyS - get_json, Unexpected roblem with getting json: <urlopen error [Errno -2] Name or service not known>
19:32:16 GiPyS - get_json, Unexpected roblem with getting json: <urlopen error [Errno -2] Name or service not known>
19:32:17 GiPyS - get_json, Unexpected roblem with getting json: <urlopen error [Errno -2] Name or service not known>
19:32:19 GiPyS - get_json, Unexpected roblem with getting json: <urlopen error [Errno -2] Name or service not known>
19:32:21 GiPyS - get_json, Unexpected roblem with getting json: <urlopen error [Errno -2] Name or service not known>
19:32:21 GiPyS - get_json, Giving up on url https://api.github.com/repositories/3675975 after 5 attempts
19:32:21 GiPySo-getRewinder, Backing off for 15 seconds
19:32:36 GiPyS - get_json, Unexpected roblem with getting json: <urlopen error [Errno -2] Name or service not known>
19:32:37 GiPyS - get_json, Unexpected roblem with getting json: <urlopen error [Errno -2] Name or service not known>
19:32:40 GiPyS - get_json, Unexpected roblem with getting json: <urlopen error [Errno -2] Name or service not known>
19:32:43 GiPyS - get_json, Unexpected roblem with getting json: <urlopen error [Errno -2] Name or service not known>
19:32:51 GiPyS - get_json, Unexpected roblem with getting json: <urlopen error [Errno -2] Name or service not known>
19:32:51 GiPyS - get_json, Giving up on url https://api.github.com/repositories/3675975 after 5 attempts
19:32:51 GiPySo-getRewinder, Backing off for 31 seconds
19:33:22 GiPyS - get_json, Unexpected roblem with getting json: <urlopen error [Errno -2] Name or service not known>
19:33:22 GiPyS - get_json, Unexpected roblem with getting json: <urlopen error [Errno -2] Name or service not known>
19:33:24 GiPyS - get_json, Unexpected roblem with getting json: <urlopen error [Errno -2] Name or service not known>
19:33:29 GiPyS - get_json, Unexpected roblem with getting json: <urlopen error [Errno -2] Name or service not known>
19:33:42 GiPyS - get_json, Unexpected roblem with getting json: <urlopen error [Errno -2] Name or service not known>
19:33:42 GiPyS - get_json, Giving up on url https://api.github.com/repositories/3675975 after 5 attempts
19:33:42 GiPySo-getRewinder, Backing off for 38 seconds
19:34:20 GiPyS - get_json, Unexpected roblem with getting json: <urlopen error [Errno -2] Name or service not known>
19:34:20 GiPyS - get_json, Unexpected roblem with getting json: <urlopen error [Errno -2] Name or service not known>
19:34:20 GiPyS - get_json, Unexpected roblem with getting json: <urlopen error [Errno -2] Name or service not known>
19:34:27 GiPyS - get_json, Unexpected roblem with getting json: <urlopen error [Errno -2] Name or service not known>
19:34:35 GiPyS - get_json, Unexpected roblem with getting json: <urlopen error [Errno -2] Name or service not known>
19:34:35 GiPyS - get_json, Giving up on url https://api.github.com/repositories/3675975 after 5 attempts
19:34:35 GiPySo-getRewinder, Backing off for 39 seconds
19:35:14 GiPyS - get_json, Unexpected roblem with getting json: <urlopen error [Errno -2] Name or service not known>
19:35:15 GiPyS - get_json, Unexpected roblem with getting json: <urlopen error [Errno -2] Name or service not known>
19:35:16 GiPyS - get_json, Unexpected roblem with getting json: <urlopen error [Errno -2] Name or service not known>
19:35:17 GiPyS - get_json, Unexpected roblem with getting json: <urlopen error [Errno -2] Name or service not known>
19:35:21 GiPyS - get_json, Unexpected roblem with getting json: <urlopen error [Errno -2] Name or service not known>
19:35:21 GiPyS - get_json, Giving up on url https://api.github.com/repositories/3675975 after 5 attempts
19:35:21 GiPySo-getRewinder, Backing off for 19 seconds
19:35:40 GiPySo-getRewinder, Issue creating rewinder for repoID: 3675975, could not be resolved after 10 attempts.  Returning None.
19:35:40 Touri - tour, consecutiveExceptionCounter: 1
