17:47:34 Depot - ***************init Depot**********.
17:47:34 initialized GithubPythonSourcer with rewinder_type: 20Commits email: investigationbot@gmail.com first: 2621440 stop:2883583
17:48:11 GiPyS - next repoID: 2621451
17:49:37 GiPyS - next repoID: 2621455
17:49:41 GiPyS - next repoID: 2621481
17:49:43 GiPyS - next repoID: 2621489
17:49:45 GiPyS - next repoID: 2621497
17:49:47 GiPyS - next repoID: 2621543
17:49:50 GiPyS - next repoID: 2621559
17:49:53 GiPyS - next repoID: 2621576
17:49:57 GiPyS - next repoID: 2621592
17:49:59 GiPyS - next repoID: 2621615
17:50:01 GiPyS - next repoID: 2621618
17:50:03 GiPyS - next repoID: 2621629
17:50:43 GiPyS - next repoID: 2621656
17:50:47 GiPyS - next repoID: 2621688
17:50:50 GiPyS - next repoID: 2621718
17:50:54 GiPyS - next repoID: 2621730
17:50:59 GiPyS - next repoID: 2621809
17:51:02 GiPyS - next repoID: 2621810
17:51:05 GiPyS - next repoID: 2621818
17:51:11 GiPyS - next repoID: 2621830
17:51:50 GiPyS - next repoID: 2621878
17:51:56 GiPyS - next repoID: 2621884
17:51:58 GiPyS - next repoID: 2621902
17:52:00 GiPyS - next repoID: 2621955
17:52:01 GiPyS - next repoID: 2621969
17:52:10 GiPyS - next repoID: 2621984
17:52:52 GiPyS - next repoID: 2622110
17:52:54 GiPyS - next repoID: 2622119
17:53:02 GiPyS - next repoID: 2622171
17:53:07 GiPyS - next repoID: 2622183
17:53:49 GiPyS - next repoID: 2622304
17:53:52 GiPyS - next repoID: 2622325
17:53:53 GiPyS - next repoID: 2622328
17:54:44 GiPyS - next repoID: 2622350
17:54:49 GiPyS - next repoID: 2622375
17:55:00 GiPyS - next repoID: 2622384
17:55:03 GiPyS - next repoID: 2622402
17:56:06 GiPyS - next repoID: 2622422
17:56:54 GiPyS - next repoID: 2622423
17:57:02 GiPyS - next repoID: 2622435
17:57:05 GiPyS - next repoID: 2622439
17:57:16 GiPyS - next repoID: 2622445
17:57:19 GiPyS - next repoID: 2622471
17:57:20 GiPyS - next repoID: 2622482
17:57:23 GiPyS - next repoID: 2622501
17:57:29 GiPyS - next repoID: 2622538
17:57:32 GiPyS - next repoID: 2622551
17:57:38 GiPyS - next repoID: 2622590
17:57:40 GiPyS - next repoID: 2622613
17:57:42 GiPyS - next repoID: 2622627
17:58:41 GiPyS - next repoID: 2622699
17:58:46 GiPyS - next repoID: 2622741
17:58:51 GiPyS - next repoID: 2622766
17:58:54 GiPyS - next repoID: 2622776
17:58:58 GiPyS - next repoID: 2622802
17:59:15 GiPyS - next repoID: 2622845
17:59:16 GiPyS - next repoID: 2622857
17:59:17 GiPyS - next repoID: 2622874
18:00:08 GiPyS - next repoID: 2622892
18:00:12 GiPyS - next repoID: 2622910
18:00:13 GiPyS - next repoID: 2622944
18:03:44 GiPyS - next repoID: 2622992
18:03:47 GiPyS - next repoID: 2623013
18:03:51 GiPyS - next repoID: 2623014
18:03:54 GiPyS - next repoID: 2623089
18:03:58 GiPyS - next repoID: 2623097
18:04:00 GiPyS - next repoID: 2623104
18:04:03 GiPyS - next repoID: 2623107
18:04:09 GiPyS - next repoID: 2623108
18:04:53 GiPyS - next repoID: 2623160
18:04:59 GiPyS - next repoID: 2623204
18:05:05 GiPyS - next repoID: 2623207
18:06:03 GiPyS - next repoID: 2623214
18:06:09 GiPyS - next repoID: 2623263
18:06:15 GiPyS - next repoID: 2623275
18:06:18 GiPyS - next repoID: 2623280
18:07:58 GiPyS - next repoID: 2623379
18:08:02 GiPyS - next repoID: 2623381
18:08:04 GiPyS - next repoID: 2623391
18:08:07 GiPyS - next repoID: 2623400
18:08:09 GiPyS - next repoID: 2623402
18:08:17 GiPyS - next repoID: 2623430
18:08:19 GiPyS - next repoID: 2623451
18:08:24 GiPyS - next repoID: 2623462
18:08:48 GiPyS - next repoID: 2623479
18:09:30 GiPyS - next repoID: 2623563
18:09:32 GiPyS - next repoID: 2623599
18:10:00 GiPyS - next repoID: 2623611
18:10:08 GiPyS - next repoID: 2623622
18:10:26 GiPyS - next repoID: 2623648
18:10:36 GiPyS - next repoID: 2623661
18:10:47 GiPyS - next repoID: 2623679
18:11:33 GiPyS - next repoID: 2623781
18:11:47 GiPyS - next repoID: 2623794
18:11:55 GiPyS - next repoID: 2623796
18:12:04 GiPyS - next repoID: 2623849
18:12:16 GiPyS - next repoID: 2623850
18:12:40 GiPyS - next repoID: 2623855
18:12:47 GiPyS - next repoID: 2623868
18:12:55 GiPyS - next repoID: 2623874
18:13:13 GiPyS - next repoID: 2623888
18:13:16 GiPyS - next repoID: 2623900
18:14:21 GiPyS - next repoID: 2623913
18:14:29 GiPyS - next repoID: 2623930
18:14:43 GiPyS - next repoID: 2623938
18:14:46 GiPyS - next repoID: 2623950
18:14:52 GiPyS - next repoID: 2624027
18:14:58 GiPyS - next repoID: 2624029
18:15:00 GiPyS - next repoID: 2624045
18:15:08 GiPyS - next repoID: 2624055
18:15:11 GiPyS - next repoID: 2624062
18:15:16 GiPyS - next repoID: 2624068
18:15:23 GiPyS - next repoID: 2624089
18:15:29 GiPyS - next repoID: 2624108
18:15:37 GiPyS - next repoID: 2624109
18:15:40 GiPyS - next repoID: 2624110
18:15:48 GiPyS - next repoID: 2624124
18:16:36 GiPyS - next repoID: 2624188
18:16:44 GiPyS - next repoID: 2624208
18:16:50 GiPyS - next repoID: 2624217
18:16:58 GiPyS - next repoID: 2624302
18:17:09 GiPyS - next repoID: 2624311
18:17:12 GiPyS - next repoID: 2624317
18:17:13 GiPyS - next repoID: 2624319
18:17:25 GiPyS - next repoID: 2624334
18:17:34 GiPyS - next repoID: 2624336
18:18:24 GiPyS - next repoID: 2624362
18:18:26 GiPyS - next repoID: 2624371
18:18:31 GiPyS - next repoID: 2624386
18:18:36 GiPyS - next repoID: 2624401
18:18:45 GiPyS - next repoID: 2624432
18:18:49 GiPyS - next repoID: 2624470
18:18:57 GiPyS - next repoID: 2624475
18:19:01 GiPyS - next repoID: 2624482
18:19:09 GiPyS - next repoID: 2624502
18:19:16 GiPyS - next repoID: 2624506
18:24:38 GiPyS - next repoID: 2624512
18:24:47 GiPyS - next repoID: 2624521
18:25:28 GiPyS - next repoID: 2624544
18:26:13 GiPyS - next repoID: 2624561
18:26:18 GiPyS - next repoID: 2624576
18:26:24 GiPyS - next repoID: 2624589
18:26:31 GiPyS - next repoID: 2624607
18:26:38 GiPyS - next repoID: 2624636
18:26:40 GiPyS - next repoID: 2624660
18:26:43 GiPyS - next repoID: 2624662
18:26:48 GiPyS - next repoID: 2624667
18:26:50 GiPyS - next repoID: 2624686
18:26:56 GiPyS - next repoID: 2624741
18:27:38 GiPyS - next repoID: 2624760
18:27:43 GiPyS - next repoID: 2624766
18:27:49 GiPyS - next repoID: 2624807
18:27:55 GiPyS - next repoID: 2624818
18:28:05 GiPyS - next repoID: 2624824
18:28:11 GiPyS - next repoID: 2624833
18:28:33 GiPyS - next repoID: 2624852
18:28:41 GiPyS - next repoID: 2624870
18:28:46 GiPyS - next repoID: 2624872
18:28:51 GiPyS - next repoID: 2624885
18:28:58 GiPyS - next repoID: 2624890
18:29:04 GiPyS - next repoID: 2624898
18:29:07 GiPyS - next repoID: 2624917
18:29:09 GiPyS - next repoID: 2624926
18:29:15 GiPyS - next repoID: 2624933
18:30:08 GiPyS - next repoID: 2625012
18:30:14 GiPyS - next repoID: 2625019
18:30:20 GiPyS - next repoID: 2625031
18:30:25 GiPyS - next repoID: 2625043
18:30:33 GiPyS - next repoID: 2625046
18:30:40 GiPyS - next repoID: 2625070
18:30:43 GiPyS - next repoID: 2625115
18:30:47 GiPyS - next repoID: 2625143
18:31:34 GiPyS - next repoID: 2625160
18:31:41 GiPyS - next repoID: 2625194
18:31:46 GiPyS - next repoID: 2625202
18:31:52 GiPyS - next repoID: 2625205
18:32:08 GiPyS - next repoID: 2625218
18:32:11 GiPyS - next repoID: 2625259
18:32:15 GiPyS - next repoID: 2625272
18:32:22 GiPyS - next repoID: 2625275
18:32:36 GiPyS - next repoID: 2625279
18:32:44 GiPyS - next repoID: 2625292
18:32:52 GiPyS - next repoID: 2625311
18:32:55 GiPyS - next repoID: 2625320
18:34:16 GiPyS - next repoID: 2625389
18:34:19 GiPyS - next repoID: 2625412
18:34:25 GiPyS - next repoID: 2625431
18:34:38 GiPyS - next repoID: 2625486
18:34:41 GiPyS - next repoID: 2625490
18:34:42 Touri - tour, SCAN_7f6ix  has been cancelled by the host with EXCEPTION:KeyboardInterrupt
18:34:42 Touri - tour, SCAN_7f6ix Tour Canceled: True
18:34:42 Touri - tour, SCAN_7f6ix FINAL STATE: CANCELLED after scanning 188 sources containing Python out of 2000 total sources observed
