16:27:05 Depot - ***************init Depot**********.
16:27:05 initialized GithubPythonSourcer with rewinder_type: 20Commits email: investigationbot@gmail.com first: 0 stop:262143
16:27:57 GiPyS - get_json, Giving up on url https://api.github.com/repos/bs/starling/languages after 5 attempts
16:27:59 GiPyS - next repoID: 27
16:28:44 GiPyS - next repoID: 212
16:28:46 GiPyS - next repoID: 237
16:28:49 GiPyS - next repoID: 312
16:29:41 GiPyS - get_json, Giving up on url https://api.github.com/repos/reinh/dm/languages after 5 attempts
16:29:45 GiPyS - next repoID: 379
16:29:47 GiPyS - next repoID: 625
16:29:50 GiPyS - next repoID: 648
16:30:44 GiPyS - next repoID: 885
16:30:53 GiPyS - next repoID: 966
16:31:13 GiPyS - next repoID: 1124
16:31:14 GiPyS - next repoID: 1126
16:31:58 GiPyS - next repoID: 1482
16:32:16 GiPyS - next repoID: 1531
16:32:19 GiPyS - next repoID: 1540
16:32:23 GiPyS - next repoID: 1603
16:32:28 GiPyS - next repoID: 1613
16:32:36 GiPyS - next repoID: 1655
16:32:39 GiPyS - next repoID: 1664
16:32:40 GiPyS - next repoID: 1674
16:32:42 GiPyS - next repoID: 1679
16:32:43 GiPyS - next repoID: 1712
16:32:48 GiPyS - next repoID: 1756
16:32:52 GiPyS - next repoID: 1775
16:34:23 GiPyS - next repoID: 1784
16:34:33 GiPyS - next repoID: 1827
16:34:35 GiPyS - next repoID: 1845
16:34:41 GiPyS - next repoID: 1858
16:34:44 GiPyS - next repoID: 1864
16:35:03 GiPyS - next repoID: 1876
16:35:39 GiPyS - get_json, Giving up on url https://api.github.com/repos/chriseppstein/ruby-freebase/languages after 5 attempts
16:36:18 GiPyS - next repoID: 1928
16:36:26 GiPyS - next repoID: 1949
16:36:28 GiPyS - next repoID: 1977
16:36:37 GiPyS - next repoID: 1985
16:36:42 GiPyS - next repoID: 1991
16:36:48 GiPyS - next repoID: 2058
16:36:57 GiPyS - next repoID: 2105
16:37:52 GiPyS - get_json, Giving up on url https://api.github.com/repos/h-lame/vanilla-rb/languages after 5 attempts
16:37:57 GiPyS - next repoID: 2401
16:38:06 GiPyS - next repoID: 2403
16:39:41 GiPyS - next repoID: 2434
16:39:48 GiPyS - next repoID: 2467
16:39:51 GiPyS - next repoID: 2480
16:39:53 GiPyS - next repoID: 2482
16:39:55 GiPyS - next repoID: 2485
16:40:02 GiPyS - next repoID: 2518
16:40:09 GiPyS - next repoID: 2537
16:40:14 GiPyS - next repoID: 2546
16:40:24 GiPyS - next repoID: 2569
16:40:25 GiPyS - next repoID: 2595
16:40:36 GiPyS - next repoID: 2669
16:40:51 GiPyS - next repoID: 2707
16:41:10 GiPyS - get_json, Giving up on url https://api.github.com/repos/efrendiaz/helloworld/languages after 5 attempts
16:41:37 GiPyS - next repoID: 2758
16:41:48 GiPyS - next repoID: 2838
16:41:52 GiPyS - next repoID: 2864
16:41:55 GiPyS - next repoID: 2907
16:42:02 GiPyS - next repoID: 2922
16:42:05 GiPyS - next repoID: 3023
16:42:09 GiPyS - next repoID: 3026
16:42:16 GiPyS - next repoID: 3027
16:42:25 GiPyS - next repoID: 3030
16:42:29 GiPyS - next repoID: 3032
16:42:39 GiPyS - next repoID: 3033
16:42:45 GiPyS - next repoID: 3043
16:42:50 GiPyS - next repoID: 3046
16:42:59 GiPyS - next repoID: 3058
16:43:01 GiPyS - next repoID: 3095
16:43:41 GiPyS - next repoID: 3177
16:43:45 GiPyS - next repoID: 3211
16:45:06 GiPyS - next repoID: 3266
16:45:15 GiPyS - next repoID: 3442
16:45:16 GiPyS - next repoID: 3503
16:48:29 GiPyS - get_json, Giving up on url https://api.github.com/repos/soylentfoo/atlrug-demo/languages after 5 attempts
16:49:00 GiPyS - next repoID: 3656
16:49:03 GiPyS - next repoID: 3697
16:49:10 GiPyS - next repoID: 3718
16:49:14 GiPyS - next repoID: 3781
16:49:18 GiPyS - next repoID: 3810
16:49:24 GiPyS - next repoID: 3849
16:49:28 GiPyS - next repoID: 3926
16:49:30 GiPyS - next repoID: 3935
16:49:38 GiPyS - next repoID: 3961
16:49:40 GiPyS - next repoID: 3998
16:49:49 GiPyS - next repoID: 4032
16:49:58 GiPyS - next repoID: 4054
16:50:43 GiPyS - next repoID: 4164
16:50:45 GiPyS - next repoID: 4291
16:50:54 GiPyS - next repoID: 4411
16:50:58 GiPyS - next repoID: 4484
16:51:42 GiPyS - next repoID: 4741
16:51:47 GiPyS - next repoID: 4865
16:51:56 GiPyS - next repoID: 5022
16:52:40 GiPyS - next repoID: 5155
16:52:45 GiPyS - next repoID: 5171
16:53:14 GiPyS - next repoID: 5189
16:53:58 GiPyS - next repoID: 5318
16:54:10 GiPyS - next repoID: 5448
16:55:00 GiPyS - next repoID: 5532
16:55:16 GiPyS - next repoID: 5581
16:55:25 GiPyS - next repoID: 5608
16:55:30 GiPyS - next repoID: 5614
16:55:41 GiPyS - next repoID: 5619
16:55:46 GiPyS - next repoID: 5625
16:56:16 GiPyS - next repoID: 5633
16:56:45 GiPyS - next repoID: 5643
16:56:49 GiPyS - next repoID: 5718
16:56:51 GiPyS - next repoID: 5848
16:57:06 GiPyS - next repoID: 5970
16:57:55 GiPyS - next repoID: 6048
16:57:58 GiPyS - next repoID: 6052
16:58:30 GiPyS - next repoID: 6101
16:58:36 GiPyS - next repoID: 6172
16:58:50 GiPyS - next repoID: 6275
16:58:59 GiPyS - next repoID: 6366
16:59:09 GiPyS - next repoID: 6390
16:59:11 GiPyS - next repoID: 6408
16:59:28 GiPyS - next repoID: 6541
16:59:50 GiPyS - next repoID: 6653
17:00:37 GiPyS - next repoID: 6770
17:01:20 GiPyS - next repoID: 6780
17:01:27 GiPyS - next repoID: 6833
17:01:33 GiPyS - next repoID: 7029
17:01:41 GiPyS - next repoID: 7083
17:02:34 GiPyS - next repoID: 7171
17:02:42 GiPyS - next repoID: 7202
17:02:51 GiPyS - next repoID: 7277
17:03:13 GiPyS - next repoID: 7320
17:03:17 GiPyS - next repoID: 7327
17:03:44 GiPyS - next repoID: 7335
17:04:08 GiPyS - next repoID: 7368
17:04:19 GiPyS - next repoID: 7444
17:04:28 GiPyS - next repoID: 7610
17:04:31 GiPyS - next repoID: 7611
17:05:18 GiPyS - next repoID: 7707
17:05:44 GiPyS - next repoID: 7776
17:05:52 GiPyS - next repoID: 7928
17:06:00 GiPyS - next repoID: 7951
17:06:09 GiPyS - next repoID: 7970
17:06:11 GiPyS - next repoID: 8045
17:06:22 GiPyS - next repoID: 8049
17:07:08 GiPyS - next repoID: 8055
17:07:13 GiPyS - next repoID: 8058
17:07:20 GiPyS - next repoID: 8168
17:07:50 GiPyS - next repoID: 8227
17:08:16 GiPyS - get_json, Giving up on url https://api.github.com/repos/ELLIOTTCABLE/merb_strokedb/languages after 5 attempts
17:08:37 GiPyS - get_json, Giving up on url https://api.github.com/repos/be9/merb_strokedb/languages after 5 attempts
17:09:16 GiPyS - next repoID: 8293
17:09:28 GiPyS - next repoID: 8338
17:09:37 GiPyS - next repoID: 8354
17:09:48 GiPyS - next repoID: 8389
17:09:57 GiPyS - next repoID: 8432
17:09:58 GiPyS - next repoID: 8516
17:10:07 GiPyS - next repoID: 8622
17:10:15 GiPyS - next repoID: 8730
17:10:44 GiPyS - get_json, Giving up on url https://api.github.com/repos/mehulshah/vanilla-rb/languages after 5 attempts
17:11:16 GiPyS - next repoID: 8757
17:11:29 GiPyS - next repoID: 8779
17:11:42 GiPyS - next repoID: 8875
17:11:45 GiPyS - next repoID: 8987
17:11:54 GiPyS - next repoID: 9007
17:12:41 GiPyS - next repoID: 9065
17:12:48 GiPyS - next repoID: 9074
17:13:09 GiPyS - next repoID: 9096
17:13:15 GiPyS - next repoID: 9100
17:13:28 GiPyS - next repoID: 9130
17:13:33 GiPyS - next repoID: 9132
17:13:49 GiPyS - next repoID: 9157
17:14:40 GiPyS - next repoID: 9241
17:14:48 GiPyS - next repoID: 9272
17:15:10 GiPyS - next repoID: 9278
17:15:14 GiPyS - next repoID: 9304
17:15:16 GiPyS - next repoID: 9314
17:16:56 GiPyS - next repoID: 9331
17:16:58 GiPyS - next repoID: 9346
17:17:08 GiPyS - next repoID: 9508
17:17:18 GiPyS - next repoID: 9603
17:17:25 GiPyS - next repoID: 9623
17:17:40 GiPyS - next repoID: 9644
17:18:34 GiPyS - next repoID: 9756
17:18:46 GiPyS - next repoID: 9775
17:19:01 GiPyS - next repoID: 9830
17:19:12 GiPyS - next repoID: 9869
17:19:22 GiPyS - next repoID: 9875
17:19:26 GiPyS - next repoID: 9932
17:19:36 GiPyS - next repoID: 9937
17:19:39 GiPyS - next repoID: 9943
17:19:43 GiPyS - next repoID: 9947
17:19:46 GiPyS - next repoID: 9949
17:19:48 GiPyS - next repoID: 9993
17:19:59 GiPyS - next repoID: 10112
17:21:13 GiPyS - next repoID: 10159
17:21:21 GiPyS - next repoID: 10249
17:21:26 GiPyS - next repoID: 10314
17:21:33 GiPyS - next repoID: 10318
17:21:36 GiPyS - next repoID: 10323
17:21:39 GiPyS - next repoID: 10362
17:21:51 GiPyS - next repoID: 10401
17:22:04 GiPyS - next repoID: 10548
17:23:17 GiPyS - next repoID: 10647
17:23:36 GiPyS - next repoID: 10696
17:23:41 GiPyS - next repoID: 10720
17:23:49 GiPyS - next repoID: 10731
17:24:18 GiPyS - next repoID: 10891
17:24:49 GiPyS - next repoID: 10900
17:25:12 GiPyS - next repoID: 10908
17:25:33 GiPyS - next repoID: 10992
17:26:54 GiPyS - next repoID: 11080
17:26:58 GiPyS - next repoID: 11081
17:27:04 GiPyS - next repoID: 11203
17:27:48 GiPyS - next repoID: 11299
17:28:08 GiPyS - next repoID: 11353
17:28:25 GiPyS - next repoID: 11450
17:28:36 GiPyS - next repoID: 11477
17:29:39 GiPyS - next repoID: 11484
17:29:46 GiPyS - next repoID: 11510
17:30:09 GiPyS - next repoID: 11546
17:30:43 GiPyS - next repoID: 11553
17:31:04 GiPyS - next repoID: 11594
17:31:21 GiPyS - next repoID: 11701
17:31:52 GiPyS - next repoID: 11735
17:32:13 GiPyS - next repoID: 11822
17:32:40 GiPyS - next repoID: 11823
17:33:53 GiPyS - next repoID: 11995
17:34:47 GiPyS - next repoID: 12011
17:35:04 GiPyS - next repoID: 12077
17:35:34 GiPyS - next repoID: 12107
17:36:03 GiPyS - next repoID: 12229
17:36:46 GiPyS - next repoID: 12344
17:37:52 GiPyS - next repoID: 12385
17:38:13 GiPyS - next repoID: 12396
17:38:35 GiPyS - next repoID: 12409
17:40:10 GiPyS - next repoID: 12457
17:40:32 GiPyS - next repoID: 12473
17:41:15 GiPyS - next repoID: 12478
17:41:46 GiPyS - next repoID: 12513
17:41:51 Touri - tour, SCAN_c778v EXCEPTION:[Errno 12] Cannot allocate memory
17:41:51 Touri - tour, consecutiveExceptionCounter: 1
17:41:51 GiPyS - next repoID: 12526
17:41:52 GiPySo-getRewinder, Backing off for 0 seconds
17:41:52 GiPySo-getRewinder, Backing off for 1 seconds
17:41:54 GiPySo-getRewinder, Backing off for 2 seconds
17:41:56 GiPySo-getRewinder, Backing off for 1 seconds
17:41:58 GiPySo-getRewinder, Backing off for 11 seconds
17:42:10 GiPySo-getRewinder, Backing off for 10 seconds
17:42:20 GiPySo-getRewinder, Backing off for 5 seconds
17:42:26 GiPySo-getRewinder, Backing off for 34 seconds
17:43:01 GiPySo-getRewinder, Backing off for 2 seconds
17:43:04 GiPySo-getRewinder, Backing off for 1 seconds
17:43:05 GiPySo-getRewinder, Issue creating rewinder for repoID: 12526, could not be resolved after 10 attempts.  Returning None.
17:43:05 Touri - tour, consecutiveExceptionCounter: 1
17:43:05 GiPyS - next repoID: 12530
17:43:06 GiPySo-getRewinder, Backing off for 0 seconds
17:43:06 GiPySo-getRewinder, Backing off for 1 seconds
17:43:08 GiPySo-getRewinder, Backing off for 3 seconds
17:43:12 GiPySo-getRewinder, Backing off for 2 seconds
17:43:15 GiPySo-getRewinder, Backing off for 5 seconds
17:43:20 GiPySo-getRewinder, Backing off for 27 seconds
17:43:48 GiPySo-getRewinder, Backing off for 8 seconds
17:43:57 GiPySo-getRewinder, Backing off for 16 seconds
17:44:14 GiPySo-getRewinder, Backing off for 39 seconds
17:44:53 GiPySo-getRewinder, Backing off for 33 seconds
17:45:26 GiPySo-getRewinder, Issue creating rewinder for repoID: 12530, could not be resolved after 10 attempts.  Returning None.
17:45:26 Touri - tour, consecutiveExceptionCounter: 1
17:45:27 GiPyS - next repoID: 12557
17:45:27 GiPySo-getRewinder, Backing off for 0 seconds
17:45:28 GiPySo-getRewinder, Backing off for 1 seconds
17:45:30 GiPySo-getRewinder, Backing off for 3 seconds
17:45:33 GiPySo-getRewinder, Backing off for 1 seconds
17:45:35 GiPySo-getRewinder, Backing off for 9 seconds
17:45:45 GiPySo-getRewinder, Backing off for 20 seconds
17:46:05 GiPySo-getRewinder, Backing off for 17 seconds
17:46:23 GiPySo-getRewinder, Backing off for 5 seconds
17:46:29 GiPySo-getRewinder, Backing off for 19 seconds
17:46:48 GiPySo-getRewinder, Backing off for 17 seconds
17:47:05 GiPySo-getRewinder, Issue creating rewinder for repoID: 12557, could not be resolved after 10 attempts.  Returning None.
17:47:05 Touri - tour, consecutiveExceptionCounter: 1
17:47:05 GiPyS - next repoID: 12560
17:47:06 GiPySo-getRewinder, Backing off for 0 seconds
17:47:07 GiPySo-getRewinder, Backing off for 1 seconds
17:47:08 GiPySo-getRewinder, Backing off for 3 seconds
17:47:12 GiPySo-getRewinder, Backing off for 4 seconds
17:47:16 GiPySo-getRewinder, Backing off for 3 seconds
17:47:20 GiPySo-getRewinder, Backing off for 23 seconds
17:47:44 GiPySo-getRewinder, Backing off for 27 seconds
17:48:11 GiPySo-getRewinder, Backing off for 20 seconds
17:48:32 GiPySo-getRewinder, Backing off for 37 seconds
17:49:10 GiPySo-getRewinder, Backing off for 8 seconds
17:49:18 GiPySo-getRewinder, Issue creating rewinder for repoID: 12560, could not be resolved after 10 attempts.  Returning None.
17:49:18 Touri - tour, consecutiveExceptionCounter: 1
17:49:18 GiPyS - next repoID: 12604
17:49:19 GiPySo-getRewinder, Backing off for 0 seconds
17:49:20 GiPySo-getRewinder, Backing off for 0 seconds
17:49:21 GiPySo-getRewinder, Backing off for 1 seconds
17:49:23 GiPySo-getRewinder, Backing off for 4 seconds
17:49:28 GiPySo-getRewinder, Backing off for 6 seconds
17:49:35 GiPySo-getRewinder, Backing off for 19 seconds
17:49:55 GiPySo-getRewinder, Backing off for 38 seconds
17:50:34 GiPySo-getRewinder, Backing off for 32 seconds
17:51:07 GiPySo-getRewinder, Backing off for 4 seconds
17:51:12 GiPySo-getRewinder, Backing off for 5 seconds
17:51:17 GiPySo-getRewinder, Issue creating rewinder for repoID: 12604, could not be resolved after 10 attempts.  Returning None.
17:51:17 Touri - tour, consecutiveExceptionCounter: 1
17:51:17 GiPyS - next repoID: 12624
17:51:18 GiPySo-getRewinder, Backing off for 0 seconds
17:51:18 GiPySo-getRewinder, Backing off for 0 seconds
17:51:19 GiPySo-getRewinder, Backing off for 2 seconds
17:51:22 GiPySo-getRewinder, Backing off for 3 seconds
17:51:26 GiPySo-getRewinder, Backing off for 1 seconds
17:51:28 GiPySo-getRewinder, Backing off for 20 seconds
17:51:48 GiPySo-getRewinder, Backing off for 35 seconds
17:54:06 GiPyS - next repoID: 12663
17:55:34 GiPyS - next repoID: 12670
17:56:27 GiPyS - next repoID: 12695
17:57:00 GiPyS - next repoID: 12716
17:57:49 GiPyS - next repoID: 12741
17:58:34 GiPyS - next repoID: 12748
17:58:48 GiPyS - next repoID: 12752
17:58:59 GiPyS - next repoID: 12757
18:00:11 GiPyS - next repoID: 12781
18:00:12 GiPySo-getRewinder, Backing off for 0 seconds
18:00:12 GiPySo-getRewinder, Backing off for 1 seconds
18:00:13 GiPySo-getRewinder, Backing off for 0 seconds
18:00:14 GiPySo-getRewinder, Backing off for 4 seconds
18:00:18 GiPySo-getRewinder, Backing off for 3 seconds
18:00:22 GiPySo-getRewinder, Backing off for 19 seconds
18:00:41 GiPySo-getRewinder, Backing off for 26 seconds
18:01:07 GiPySo-getRewinder, Backing off for 27 seconds
18:01:35 GiPySo-getRewinder, Backing off for 28 seconds
18:02:03 GiPySo-getRewinder, Backing off for 35 seconds
18:02:38 GiPySo-getRewinder, Issue creating rewinder for repoID: 12781, could not be resolved after 10 attempts.  Returning None.
18:02:38 GiPyS - next repoID: 12829
18:02:39 GiPySo-getRewinder, Backing off for 0 seconds
18:02:39 GiPySo-getRewinder, Backing off for 0 seconds
18:02:40 GiPySo-getRewinder, Backing off for 1 seconds
18:02:43 GiPySo-getRewinder, Backing off for 3 seconds
18:02:46 GiPySo-getRewinder, Backing off for 2 seconds
18:02:48 GiPySo-getRewinder, Backing off for 20 seconds
18:03:09 GiPySo-getRewinder, Backing off for 6 seconds
18:03:16 GiPySo-getRewinder, Backing off for 33 seconds
18:03:49 GiPySo-getRewinder, Backing off for 22 seconds
18:04:11 GiPySo-getRewinder, Backing off for 13 seconds
18:04:24 GiPySo-getRewinder, Issue creating rewinder for repoID: 12829, could not be resolved after 10 attempts.  Returning None.
18:04:24 GiPyS - next repoID: 12890
18:04:25 GiPySo-getRewinder, Backing off for 0 seconds
18:04:25 GiPySo-getRewinder, Backing off for 1 seconds
18:04:27 GiPySo-getRewinder, Backing off for 1 seconds
18:04:28 GiPySo-getRewinder, Backing off for 2 seconds
18:04:30 GiPySo-getRewinder, Backing off for 14 seconds
18:04:45 GiPySo-getRewinder, Backing off for 31 seconds
18:05:16 GiPySo-getRewinder, Backing off for 5 seconds
18:05:22 GiPySo-getRewinder, Backing off for 23 seconds
18:05:45 GiPyS - get_json, Unexpected roblem with getting json: <urlopen error [Errno -2] Name or service not known>
18:05:46 GiPyS - get_json, Unexpected roblem with getting json: <urlopen error [Errno -2] Name or service not known>
18:05:46 GiPyS - get_json, Unexpected roblem with getting json: <urlopen error [Errno -2] Name or service not known>
18:05:53 GiPyS - get_json, Unexpected roblem with getting json: <urlopen error [Errno -2] Name or service not known>
18:06:05 GiPyS - get_json, Unexpected roblem with getting json: <urlopen error [Errno -2] Name or service not known>
18:06:05 GiPyS - get_json, Giving up on url https://api.github.com/repositories/12890 after 5 attempts
18:06:05 GiPySo-getRewinder, Backing off for 38 seconds
18:06:43 GiPyS - get_json, Unexpected roblem with getting json: <urlopen error [Errno -2] Name or service not known>
18:06:43 GiPyS - get_json, Unexpected roblem with getting json: <urlopen error [Errno -2] Name or service not known>
18:06:43 GiPyS - get_json, Unexpected roblem with getting json: <urlopen error [Errno -2] Name or service not known>
18:06:46 GiPyS - get_json, Unexpected roblem with getting json: <urlopen error [Errno -2] Name or service not known>
18:06:51 GiPyS - get_json, Unexpected roblem with getting json: <urlopen error [Errno -2] Name or service not known>
18:06:51 GiPyS - get_json, Giving up on url https://api.github.com/repositories/12890 after 5 attempts
18:06:51 GiPySo-getRewinder, Backing off for 6 seconds
18:06:57 GiPySo-getRewinder, Issue creating rewinder for repoID: 12890, could not be resolved after 10 attempts.  Returning None.
