17:45:14 Depot - ***************init Depot**********.
17:45:14 initialized GithubPythonSourcer with rewinder_type: 20Commits email: investigationbot@gmail.com first: 7864320 stop:8126463
17:45:51 GiPyS - next repoID: 7864320
17:45:52 GiPyS - next repoID: 7864357
17:45:54 GiPySo-getRewinder, Backing off for 0 seconds
17:45:57 GiPyS - next repoID: 7864366
17:46:00 GiPyS - next repoID: 7864379
17:46:01 GiPyS - next repoID: 7864405
17:46:05 GiPyS - next repoID: 7864437
17:46:07 GiPyS - next repoID: 7864471
17:47:00 GiPyS - get_json, Giving up on url https://api.github.com/repos/mtrakal/AMlogic_Meson6_030812release/languages after 5 attempts
17:47:01 GiPyS - next repoID: 7864566
17:47:01 GiPySo-getRewinder, Backing off for 0 seconds
17:47:02 GiPySo-getRewinder, Backing off for 1 seconds
17:47:04 GiPySo-getRewinder, Backing off for 1 seconds
17:47:06 GiPyS - next repoID: 7864596
17:50:30 GiPyS - next repoID: 7864621
17:50:32 GiPyS - next repoID: 7864624
17:50:52 GiPyS - next repoID: 7864631
17:50:54 GiPyS - next repoID: 7864635
17:51:21 GiPyS - get_json, Giving up on url https://api.github.com/repos/mtrakal/AMlogic_Meson6_030812release/languages after 5 attempts
17:51:55 GiPyS - next repoID: 7864662
17:51:57 GiPyS - next repoID: 7864673
17:51:59 GiPyS - next repoID: 7864674
17:52:01 GiPyS - next repoID: 7864696
17:52:03 GiPyS - next repoID: 7864713
17:52:05 GiPyS - next repoID: 7864729
17:52:07 GiPyS - next repoID: 7864766
17:52:08 GiPyS - next repoID: 7864772
17:52:48 GiPyS - next repoID: 7864806
17:52:51 GiPyS - next repoID: 7864820
17:52:52 GiPyS - next repoID: 7864825
17:52:54 GiPyS - next repoID: 7864841
17:52:56 GiPyS - next repoID: 7864885
17:52:58 GiPyS - next repoID: 7864918
17:53:01 GiPyS - next repoID: 7864940
17:53:40 GiPyS - next repoID: 7864969
17:53:49 GiPyS - next repoID: 7864985
17:53:51 GiPyS - next repoID: 7865015
17:53:53 GiPyS - next repoID: 7865034
17:54:09 GiPyS - next repoID: 7865049
17:54:12 GiPyS - next repoID: 7865060
17:54:14 GiPyS - next repoID: 7865061
17:55:00 GiPyS - next repoID: 7865109
17:55:07 GiPyS - next repoID: 7865160
17:55:09 GiPyS - next repoID: 7865189
17:55:52 GiPyS - next repoID: 7865229
17:55:53 GiPyS - next repoID: 7865247
17:55:56 GiPyS - next repoID: 7865309
17:55:59 GiPyS - next repoID: 7865356
17:57:10 GiPyS - next repoID: 7865392
17:57:34 GiPyS - next repoID: 7865399
17:57:38 GiPyS - next repoID: 7865439
17:57:43 GiPyS - next repoID: 7865460
17:57:45 GiPyS - next repoID: 7865472
17:57:49 GiPyS - next repoID: 7865479
17:57:53 GiPyS - next repoID: 7865485
17:57:56 GiPyS - next repoID: 7865501
17:58:36 GiPyS - next repoID: 7865519
17:58:41 GiPyS - next repoID: 7865537
17:58:43 GiPyS - next repoID: 7865540
17:58:46 GiPyS - next repoID: 7865549
17:58:50 GiPyS - next repoID: 7865568
17:58:52 GiPyS - next repoID: 7865604
17:58:54 GiPyS - next repoID: 7865623
18:09:20 GiPyS - next repoID: 7865650
18:09:29 GiPyS - next repoID: 7865680
18:11:02 GiPyS - next repoID: 7865703
18:11:05 GiPyS - next repoID: 7865706
18:11:12 GiPyS - next repoID: 7865740
18:11:23 GiPyS - next repoID: 7865747
18:11:40 GiPyS - next repoID: 7865827
18:11:43 GiPyS - next repoID: 7865832
18:11:50 GiPyS - next repoID: 7865833
18:12:00 GiPyS - next repoID: 7865842
18:12:49 GiPyS - next repoID: 7865901
18:13:35 GiPyS - next repoID: 7865935
18:13:38 GiPyS - next repoID: 7865964
18:13:43 GiPyS - next repoID: 7866011
18:14:27 GiPyS - next repoID: 7866113
18:14:48 GiPyS - next repoID: 7866193
18:14:55 GiPyS - next repoID: 7866194
18:15:51 GiPyS - next repoID: 7866213
18:16:00 GiPyS - next repoID: 7866268
18:16:06 GiPyS - next repoID: 7866288
18:16:08 GiPyS - next repoID: 7866302
18:16:18 GiPyS - next repoID: 7866337
18:17:08 GiPyS - next repoID: 7866398
18:17:49 GiPyS - next repoID: 7866529
18:17:54 GiPyS - next repoID: 7866541
18:17:57 GiPyS - next repoID: 7866543
18:18:48 GiPyS - next repoID: 7866627
18:19:48 GiPyS - next repoID: 7866673
18:19:54 GiPyS - next repoID: 7866696
18:19:56 GiPyS - next repoID: 7866703
18:20:04 GiPyS - next repoID: 7866712
18:20:55 GiPyS - next repoID: 7866734
18:21:05 GiPyS - next repoID: 7866739
18:21:14 GiPyS - next repoID: 7866751
18:21:19 GiPyS - next repoID: 7866758
18:21:36 GiPyS - next repoID: 7866790
18:21:48 GiPyS - next repoID: 7866815
18:22:06 GiPyS - next repoID: 7866822
18:22:11 GiPyS - next repoID: 7866825
18:22:54 GiPyS - next repoID: 7866914
18:23:09 GiPyS - next repoID: 7866923
18:23:22 GiPyS - next repoID: 7866929
18:23:24 GiPyS - next repoID: 7866935
18:24:23 GiPyS - next repoID: 7867013
18:24:29 GiPyS - next repoID: 7867018
18:24:33 GiPyS - next repoID: 7867021
18:24:38 GiPyS - next repoID: 7867047
18:24:44 GiPyS - next repoID: 7867051
18:25:31 GiPyS - next repoID: 7867174
18:28:23 GiPyS - next repoID: 7867206
18:28:37 GiPyS - next repoID: 7867215
18:28:42 GiPyS - next repoID: 7867227
18:30:30 GiPyS - next repoID: 7867247
18:30:36 GiPyS - next repoID: 7867264
18:30:52 GiPyS - next repoID: 7867276
18:31:09 GiPyS - next repoID: 7867294
18:31:43 GiPyS - next repoID: 7867309
18:31:52 GiPyS - next repoID: 7867351
18:32:05 GiPyS - next repoID: 7867356
